/projects/brma3379/anaconda2/lib/python2.7/site-packages/pymbar/utils.py:110: FutureWarning: comparison to `None` will result in an elementwise object comparison in the future.
  if N_k == None:
/projects/brma3379/anaconda2/lib/python2.7/site-packages/pymbar/mbar.py:872: FutureWarning: comparison to `None` will result in an elementwise object comparison in the future.
  if u_kn == None:
/projects/brma3379/anaconda2/lib/python2.7/site-packages/pymbar/mbar.py:240: FutureWarning: comparison to `None` will result in an elementwise object comparison in the future.
  if initial_f_k != None:
[#6X4:1]-[#6X4:2] occurs 5 times
[#8:1]-[#1:2] occurs 2 times
[#6X4:1]-[#8X2:2] occurs 2 times
[#6X4:1]-[#1:2] occurs 14 times
[#6X4:1]-[#8X2H0:2] occurs 2 times
#################################################################################
traj/AlkEthOH_c100_[#6X4:1]-[#1:2]_k200.nc
Sub-sampling...
Sub-sampling...
Sub-sampling...
Sub-sampling...
Bootstrap: 1/100
Bootstrap: 2/100
Bootstrap: 3/100
Bootstrap: 4/100
Bootstrap: 5/100
Bootstrap: 6/100
Bootstrap: 7/100
Bootstrap: 8/100
Bootstrap: 9/100
Bootstrap: 10/100
Bootstrap: 11/100
Bootstrap: 12/100
Bootstrap: 13/100
Bootstrap: 14/100
Bootstrap: 15/100
Bootstrap: 16/100
Bootstrap: 17/100
Bootstrap: 18/100
Bootstrap: 19/100
Bootstrap: 20/100
Bootstrap: 21/100
Bootstrap: 22/100
Bootstrap: 23/100
Bootstrap: 24/100
Bootstrap: 25/100
Bootstrap: 26/100
Bootstrap: 27/100
Bootstrap: 28/100
Bootstrap: 29/100
Bootstrap: 30/100
Bootstrap: 31/100
Bootstrap: 32/100
Bootstrap: 33/100
Bootstrap: 34/100
Bootstrap: 35/100
Bootstrap: 36/100
Bootstrap: 37/100
Bootstrap: 38/100
Bootstrap: 39/100
Bootstrap: 40/100
Bootstrap: 41/100
Bootstrap: 42/100
Bootstrap: 43/100
Bootstrap: 44/100
Bootstrap: 45/100
Bootstrap: 46/100
Bootstrap: 47/100
Bootstrap: 48/100
Bootstrap: 49/100
Bootstrap: 50/100
Bootstrap: 51/100
Bootstrap: 52/100
Bootstrap: 53/100
Bootstrap: 54/100
Bootstrap: 55/100
Bootstrap: 56/100
Bootstrap: 57/100
Bootstrap: 58/100
Bootstrap: 59/100
Bootstrap: 60/100
Bootstrap: 61/100
Bootstrap: 62/100
Bootstrap: 63/100
Bootstrap: 64/100
Bootstrap: 65/100
Bootstrap: 66/100
Bootstrap: 67/100
Bootstrap: 68/100
Bootstrap: 69/100
Bootstrap: 70/100
Bootstrap: 71/100
Bootstrap: 72/100
Bootstrap: 73/100
Bootstrap: 74/100
Bootstrap: 75/100
Bootstrap: 76/100
Bootstrap: 77/100
Bootstrap: 78/100
Bootstrap: 79/100
Bootstrap: 80/100
Bootstrap: 81/100
Bootstrap: 82/100
Bootstrap: 83/100
Bootstrap: 84/100
Bootstrap: 85/100
Bootstrap: 86/100
Bootstrap: 87/100
Bootstrap: 88/100
Bootstrap: 89/100
Bootstrap: 90/100
Bootstrap: 91/100
Bootstrap: 92/100
Bootstrap: 93/100
Bootstrap: 94/100
Bootstrap: 95/100
Bootstrap: 96/100
Bootstrap: 97/100
Bootstrap: 98/100
Bootstrap: 99/100
Bootstrap: 100/100
E_expect: [-11.71760878]  dE_expect: [ 0.44093577]  dE_boot: [ 0.43061729] 

E_expectnew: [-14.72982544]  dE_expectnew: [ 0.40348905]  dE_bootnew: [ 0.37648212] 

delta_E_expect: [-3.01221666]  percent_delta_E_expect: [ 25.70675222] 

A_expect: [ 4.78133502]  dA_expect: [ 0.05973048]  dA_boot: [ 0.06433143] 

A_expect_unsamp: [ 4.75485507]  dA_expect_unsamp: [ 0.05093521]  dA_boot_unsamp: [ 0.1961023] 

The mean of the sampled series = [4.7602677207003845] 

The true sampled mean of the observable we're reweighting to = [4.7387057826049706] 

The mean of the energies corresponding to the sampled series = [-11.214418492285436] 

The mean of the energies corresponding to the unsampled series = [-14.496824442411354] 

Standard deviations away from true sampled observables for E_expect: [ 0.04538375]  E_expectnew: [ 0.07319854]  A_expect: [ 0.05565679] A_expect_unsamp: [ 1.51148458]
Percent shift = 67.7419354839 

Percent of molecule that is [#6X4:1]-[#1:2] = 56.0 

###############################################################################
NEXT LOOP
traj/AlkEthOH_c100_[#6X4:1]-[#1:2]_k250.nc
Sub-sampling...
Sub-sampling...
Sub-sampling...
Sub-sampling...
Bootstrap: 1/100
Bootstrap: 2/100
Bootstrap: 3/100
Bootstrap: 4/100
Bootstrap: 5/100
Bootstrap: 6/100
Bootstrap: 7/100
Bootstrap: 8/100
Bootstrap: 9/100
Bootstrap: 10/100
Bootstrap: 11/100
Bootstrap: 12/100
Bootstrap: 13/100
Bootstrap: 14/100
Bootstrap: 15/100
Bootstrap: 16/100
Bootstrap: 17/100
Bootstrap: 18/100
Bootstrap: 19/100
Bootstrap: 20/100
Bootstrap: 21/100
Bootstrap: 22/100
Bootstrap: 23/100
Bootstrap: 24/100
Bootstrap: 25/100
Bootstrap: 26/100
Bootstrap: 27/100
Bootstrap: 28/100
Bootstrap: 29/100
Bootstrap: 30/100
Bootstrap: 31/100
Bootstrap: 32/100
Bootstrap: 33/100
Bootstrap: 34/100
Bootstrap: 35/100
Bootstrap: 36/100
Bootstrap: 37/100
Bootstrap: 38/100
Bootstrap: 39/100
Bootstrap: 40/100
Bootstrap: 41/100
Bootstrap: 42/100
Bootstrap: 43/100
Bootstrap: 44/100
Bootstrap: 45/100
Bootstrap: 46/100
Bootstrap: 47/100
Bootstrap: 48/100
Bootstrap: 49/100
Bootstrap: 50/100
Bootstrap: 51/100
Bootstrap: 52/100
Bootstrap: 53/100
Bootstrap: 54/100
Bootstrap: 55/100
Bootstrap: 56/100
Bootstrap: 57/100
Bootstrap: 58/100
Bootstrap: 59/100
Bootstrap: 60/100
Bootstrap: 61/100
Bootstrap: 62/100
Bootstrap: 63/100
Bootstrap: 64/100
Bootstrap: 65/100
Bootstrap: 66/100
Bootstrap: 67/100
Bootstrap: 68/100
Bootstrap: 69/100
Bootstrap: 70/100
Bootstrap: 71/100
Bootstrap: 72/100
Bootstrap: 73/100
Bootstrap: 74/100
Bootstrap: 75/100
Bootstrap: 76/100
Bootstrap: 77/100
Bootstrap: 78/100
Bootstrap: 79/100
Bootstrap: 80/100
Bootstrap: 81/100
Bootstrap: 82/100
Bootstrap: 83/100
Bootstrap: 84/100
Bootstrap: 85/100
Bootstrap: 86/100
Bootstrap: 87/100
Bootstrap: 88/100
Bootstrap: 89/100
Bootstrap: 90/100
Bootstrap: 91/100
Bootstrap: 92/100
Bootstrap: 93/100
Bootstrap: 94/100
Bootstrap: 95/100
Bootstrap: 96/100
Bootstrap: 97/100
Bootstrap: 98/100
Bootstrap: 99/100
Bootstrap: 100/100
E_expect: [-11.11796895]  dE_expect: [ 0.4167986]  dE_boot: [ 0.47675318] 

E_expectnew: [-13.93826664]  dE_expectnew: [ 0.3675374]  dE_bootnew: [ 0.43138231] 

delta_E_expect: [-2.82029768]  percent_delta_E_expect: [ 25.36702249] 

A_expect: [ 4.82830113]  dA_expect: [ 0.06252529]  dA_boot: [ 0.0594012] 

A_expect_unsamp: [ 4.46317727]  dA_expect_unsamp: [ 0.11596312]  dA_boot_unsamp: [ 0.19742188] 

The mean of the sampled series = [4.7602677207003845] 

The true sampled mean of the observable we're reweighting to = [4.8422993421385412] 

The mean of the energies corresponding to the sampled series = [-11.214418492285436] 

The mean of the energies corresponding to the unsampled series = [-14.10606182930113] 

Standard deviations away from true sampled observables for E_expect: [ 0.04620181]  E_expectnew: [ 0.03075961]  A_expect: [ 0.08276314] A_expect_unsamp: [ 1.64306445]
Percent shift = 59.6774193548 

Percent of molecule that is [#6X4:1]-[#1:2] = 56.0 

###############################################################################
NEXT LOOP
traj/AlkEthOH_c100_[#6X4:1]-[#1:2]_k300.nc
Sub-sampling...
Sub-sampling...
Sub-sampling...
Sub-sampling...
Bootstrap: 1/100
Bootstrap: 2/100
Bootstrap: 3/100
Bootstrap: 4/100
Bootstrap: 5/100
Bootstrap: 6/100
Bootstrap: 7/100
Bootstrap: 8/100
Bootstrap: 9/100
Bootstrap: 10/100
Bootstrap: 11/100
Bootstrap: 12/100
Bootstrap: 13/100
Bootstrap: 14/100
Bootstrap: 15/100
Bootstrap: 16/100
Bootstrap: 17/100
Bootstrap: 18/100
Bootstrap: 19/100
Bootstrap: 20/100
Bootstrap: 21/100
Bootstrap: 22/100
Bootstrap: 23/100
Bootstrap: 24/100
Bootstrap: 25/100
Bootstrap: 26/100
Bootstrap: 27/100
Bootstrap: 28/100
Bootstrap: 29/100
Bootstrap: 30/100
Bootstrap: 31/100
Bootstrap: 32/100
Bootstrap: 33/100
Bootstrap: 34/100
Bootstrap: 35/100
Bootstrap: 36/100
Bootstrap: 37/100
Bootstrap: 38/100
Bootstrap: 39/100
Bootstrap: 40/100
Bootstrap: 41/100
Bootstrap: 42/100
Bootstrap: 43/100
Bootstrap: 44/100
Bootstrap: 45/100
Bootstrap: 46/100
Bootstrap: 47/100
Bootstrap: 48/100
Bootstrap: 49/100
Bootstrap: 50/100
Bootstrap: 51/100
Bootstrap: 52/100
Bootstrap: 53/100
Bootstrap: 54/100
Bootstrap: 55/100
Bootstrap: 56/100
Bootstrap: 57/100
Bootstrap: 58/100
Bootstrap: 59/100
Bootstrap: 60/100
Bootstrap: 61/100
Bootstrap: 62/100
Bootstrap: 63/100
Bootstrap: 64/100
Bootstrap: 65/100
Bootstrap: 66/100
Bootstrap: 67/100
Bootstrap: 68/100
Bootstrap: 69/100
Bootstrap: 70/100
Bootstrap: 71/100
Bootstrap: 72/100
Bootstrap: 73/100
Bootstrap: 74/100
Bootstrap: 75/100
Bootstrap: 76/100
Bootstrap: 77/100
Bootstrap: 78/100
Bootstrap: 79/100
Bootstrap: 80/100
Bootstrap: 81/100
Bootstrap: 82/100
Bootstrap: 83/100
Bootstrap: 84/100
Bootstrap: 85/100
Bootstrap: 86/100
Bootstrap: 87/100
Bootstrap: 88/100
Bootstrap: 89/100
Bootstrap: 90/100
Bootstrap: 91/100
Bootstrap: 92/100
Bootstrap: 93/100
Bootstrap: 94/100
Bootstrap: 95/100
Bootstrap: 96/100
Bootstrap: 97/100
Bootstrap: 98/100
Bootstrap: 99/100
Bootstrap: 100/100
E_expect: [-10.47165437]  dE_expect: [ 0.45879318]  dE_boot: [ 0.4309641] 

E_expectnew: [-12.98693422]  dE_expectnew: [ 0.42840156]  dE_bootnew: [ 0.38346727] 

delta_E_expect: [-2.51527985]  percent_delta_E_expect: [ 24.01988989] 

A_expect: [ 4.74973646]  dA_expect: [ 0.05548757]  dA_boot: [ 0.06947004] 

A_expect_unsamp: [ 4.47969937]  dA_expect_unsamp: [ 0.12692649]  dA_boot_unsamp: [ 0.21241161] 

The mean of the sampled series = [4.7602677207003845] 

The true sampled mean of the observable we're reweighting to = [4.9452664249690983] 

The mean of the energies corresponding to the sampled series = [-11.214418492285436] 

The mean of the energies corresponding to the unsampled series = [-13.715299216190902] 

Standard deviations away from true sampled observables for E_expect: [ 0.15898742]  E_expectnew: [ 0.15936022]  A_expect: [ 0.17044159] A_expect_unsamp: [ 2.20643985]
Percent shift = 51.6129032258 

Percent of molecule that is [#6X4:1]-[#1:2] = 56.0 

###############################################################################
NEXT LOOP
traj/AlkEthOH_c100_[#6X4:1]-[#1:2]_k350.nc
Sub-sampling...
Sub-sampling...
Sub-sampling...
Sub-sampling...
Bootstrap: 1/100
Bootstrap: 2/100
Bootstrap: 3/100
Bootstrap: 4/100
Bootstrap: 5/100
Bootstrap: 6/100
Bootstrap: 7/100
Bootstrap: 8/100
Bootstrap: 9/100
Bootstrap: 10/100
Bootstrap: 11/100
Bootstrap: 12/100
Bootstrap: 13/100
Bootstrap: 14/100
Bootstrap: 15/100
Bootstrap: 16/100
Bootstrap: 17/100
Bootstrap: 18/100
Bootstrap: 19/100
Bootstrap: 20/100
Bootstrap: 21/100
Bootstrap: 22/100
Bootstrap: 23/100
Bootstrap: 24/100
Bootstrap: 25/100
Bootstrap: 26/100
Bootstrap: 27/100
Bootstrap: 28/100
Bootstrap: 29/100
Bootstrap: 30/100
Bootstrap: 31/100
Bootstrap: 32/100
Bootstrap: 33/100
Bootstrap: 34/100
Bootstrap: 35/100
Bootstrap: 36/100
Bootstrap: 37/100
Bootstrap: 38/100
Bootstrap: 39/100
Bootstrap: 40/100
Bootstrap: 41/100
Bootstrap: 42/100
Bootstrap: 43/100
Bootstrap: 44/100
Bootstrap: 45/100
Bootstrap: 46/100
Bootstrap: 47/100
Bootstrap: 48/100
Bootstrap: 49/100
Bootstrap: 50/100
Bootstrap: 51/100
Bootstrap: 52/100
Bootstrap: 53/100
Bootstrap: 54/100
Bootstrap: 55/100
Bootstrap: 56/100
Bootstrap: 57/100
Bootstrap: 58/100
Bootstrap: 59/100
Bootstrap: 60/100
Bootstrap: 61/100
Bootstrap: 62/100
Bootstrap: 63/100
Bootstrap: 64/100
Bootstrap: 65/100
Bootstrap: 66/100
Bootstrap: 67/100
Bootstrap: 68/100
Bootstrap: 69/100
Bootstrap: 70/100
Bootstrap: 71/100
Bootstrap: 72/100
Bootstrap: 73/100
Bootstrap: 74/100
Bootstrap: 75/100
Bootstrap: 76/100
Bootstrap: 77/100
Bootstrap: 78/100
Bootstrap: 79/100
Bootstrap: 80/100
Bootstrap: 81/100
Bootstrap: 82/100
Bootstrap: 83/100
Bootstrap: 84/100
Bootstrap: 85/100
Bootstrap: 86/100
Bootstrap: 87/100
Bootstrap: 88/100
Bootstrap: 89/100
Bootstrap: 90/100
Bootstrap: 91/100
Bootstrap: 92/100
Bootstrap: 93/100
Bootstrap: 94/100
Bootstrap: 95/100
Bootstrap: 96/100
Bootstrap: 97/100
Bootstrap: 98/100
Bootstrap: 99/100
Bootstrap: 100/100
E_expect: [-11.97164626]  dE_expect: [ 0.40009121]  dE_boot: [ 0.38900199] 

E_expectnew: [-14.03741743]  dE_expectnew: [ 0.3661296]  dE_bootnew: [ 0.35245965] 

delta_E_expect: [-2.06577117]  percent_delta_E_expect: [ 17.25553131] 

A_expect: [ 4.76071787]  dA_expect: [ 0.06265277]  dA_boot: [ 0.06432466] 

A_expect_unsamp: [ 4.98494887]  dA_expect_unsamp: [ 0.11656444]  dA_boot_unsamp: [ 0.20012022] 

The mean of the sampled series = [4.7602677207003845] 

The true sampled mean of the observable we're reweighting to = [4.8976158656052231] 

The mean of the energies corresponding to the sampled series = [-11.214418492285436] 

The mean of the energies corresponding to the unsampled series = [-13.32453660308067] 

Standard deviations away from true sampled observables for E_expect: [ 0.12486702]  E_expectnew: [ 0.1007699]  A_expect: [ 0.05298155] A_expect_unsamp: [ 1.46694194]
Percent shift = 43.5483870968 

Percent of molecule that is [#6X4:1]-[#1:2] = 56.0 

###############################################################################
NEXT LOOP
traj/AlkEthOH_c100_[#6X4:1]-[#1:2]_k400.nc
Sub-sampling...
Sub-sampling...
Sub-sampling...
Sub-sampling...
Bootstrap: 1/100
Bootstrap: 2/100
Bootstrap: 3/100
Bootstrap: 4/100
Bootstrap: 5/100
Bootstrap: 6/100
Bootstrap: 7/100
Bootstrap: 8/100
Bootstrap: 9/100
Bootstrap: 10/100
Bootstrap: 11/100
Bootstrap: 12/100
Bootstrap: 13/100
Bootstrap: 14/100
Bootstrap: 15/100
Bootstrap: 16/100
Bootstrap: 17/100
Bootstrap: 18/100
Bootstrap: 19/100
Bootstrap: 20/100
Bootstrap: 21/100
Bootstrap: 22/100
Bootstrap: 23/100
Bootstrap: 24/100
Bootstrap: 25/100
Bootstrap: 26/100
Bootstrap: 27/100
Bootstrap: 28/100
Bootstrap: 29/100
Bootstrap: 30/100
Bootstrap: 31/100
Bootstrap: 32/100
Bootstrap: 33/100
Bootstrap: 34/100
Bootstrap: 35/100
Bootstrap: 36/100
Bootstrap: 37/100
Bootstrap: 38/100
Bootstrap: 39/100
Bootstrap: 40/100
Bootstrap: 41/100
Bootstrap: 42/100
Bootstrap: 43/100
Bootstrap: 44/100
Bootstrap: 45/100
Bootstrap: 46/100
Bootstrap: 47/100
Bootstrap: 48/100
Bootstrap: 49/100
Bootstrap: 50/100
Bootstrap: 51/100
Bootstrap: 52/100
Bootstrap: 53/100
Bootstrap: 54/100
Bootstrap: 55/100
Bootstrap: 56/100
Bootstrap: 57/100
Bootstrap: 58/100
Bootstrap: 59/100
Bootstrap: 60/100
Bootstrap: 61/100
Bootstrap: 62/100
Bootstrap: 63/100
Bootstrap: 64/100
Bootstrap: 65/100
Bootstrap: 66/100
Bootstrap: 67/100
Bootstrap: 68/100
Bootstrap: 69/100
Bootstrap: 70/100
Bootstrap: 71/100
Bootstrap: 72/100
Bootstrap: 73/100
Bootstrap: 74/100
Bootstrap: 75/100
Bootstrap: 76/100
Bootstrap: 77/100
Bootstrap: 78/100
Bootstrap: 79/100
Bootstrap: 80/100
Bootstrap: 81/100
Bootstrap: 82/100
Bootstrap: 83/100
Bootstrap: 84/100
Bootstrap: 85/100
Bootstrap: 86/100
Bootstrap: 87/100
Bootstrap: 88/100
Bootstrap: 89/100
Bootstrap: 90/100
Bootstrap: 91/100
Bootstrap: 92/100
Bootstrap: 93/100
Bootstrap: 94/100
Bootstrap: 95/100
Bootstrap: 96/100
Bootstrap: 97/100
Bootstrap: 98/100
Bootstrap: 99/100
Bootstrap: 100/100
E_expect: [-11.29934281]  dE_expect: [ 0.45421886]  dE_boot: [ 0.43285464] 

E_expectnew: [-12.97554884]  dE_expectnew: [ 0.42876762]  dE_bootnew: [ 0.39755755] 

delta_E_expect: [-1.67620603]  percent_delta_E_expect: [ 14.83454443] 

A_expect: [ 4.68618288]  dA_expect: [ 0.06874553]  dA_boot: [ 0.06504492] 

A_expect_unsamp: [ 4.56059379]  dA_expect_unsamp: [ 0.13479644]  dA_boot_unsamp: [ 0.18763575] 

The mean of the sampled series = [4.7602677207003845] 

The true sampled mean of the observable we're reweighting to = [4.8207012025653651] 

The mean of the energies corresponding to the sampled series = [-11.214418492285436] 

The mean of the energies corresponding to the unsampled series = [-12.933773989970442] 

Standard deviations away from true sampled observables for E_expect: [ 0.1032901]  E_expectnew: [ 0.08961794]  A_expect: [ 0.01684107] A_expect_unsamp: [ 1.15029711]
Percent shift = 35.4838709677 

Percent of molecule that is [#6X4:1]-[#1:2] = 56.0 

###############################################################################
NEXT LOOP
traj/AlkEthOH_c100_[#6X4:1]-[#1:2]_k450.nc
Sub-sampling...
Sub-sampling...
Sub-sampling...
Sub-sampling...
Bootstrap: 1/100
Bootstrap: 2/100
Bootstrap: 3/100
Bootstrap: 4/100
Bootstrap: 5/100
Bootstrap: 6/100
Bootstrap: 7/100
Bootstrap: 8/100
Bootstrap: 9/100
Bootstrap: 10/100
Bootstrap: 11/100
Bootstrap: 12/100
Bootstrap: 13/100
Bootstrap: 14/100
Bootstrap: 15/100
Bootstrap: 16/100
Bootstrap: 17/100
Bootstrap: 18/100
Bootstrap: 19/100
Bootstrap: 20/100
Bootstrap: 21/100
Bootstrap: 22/100
Bootstrap: 23/100
Bootstrap: 24/100
Bootstrap: 25/100
Bootstrap: 26/100
Bootstrap: 27/100
Bootstrap: 28/100
Bootstrap: 29/100
Bootstrap: 30/100
Bootstrap: 31/100
Bootstrap: 32/100
Bootstrap: 33/100
Bootstrap: 34/100
Bootstrap: 35/100
Bootstrap: 36/100
Bootstrap: 37/100
Bootstrap: 38/100
Bootstrap: 39/100
Bootstrap: 40/100
Bootstrap: 41/100
Bootstrap: 42/100
Bootstrap: 43/100
Bootstrap: 44/100
Bootstrap: 45/100
Bootstrap: 46/100
Bootstrap: 47/100
Bootstrap: 48/100
Bootstrap: 49/100
Bootstrap: 50/100
Bootstrap: 51/100
Bootstrap: 52/100
Bootstrap: 53/100
Bootstrap: 54/100
Bootstrap: 55/100
Bootstrap: 56/100
Bootstrap: 57/100
Bootstrap: 58/100
Bootstrap: 59/100
Bootstrap: 60/100
Bootstrap: 61/100
Bootstrap: 62/100
Bootstrap: 63/100
Bootstrap: 64/100
Bootstrap: 65/100
Bootstrap: 66/100
Bootstrap: 67/100
Bootstrap: 68/100
Bootstrap: 69/100
Bootstrap: 70/100
Bootstrap: 71/100
Bootstrap: 72/100
Bootstrap: 73/100
Bootstrap: 74/100
Bootstrap: 75/100
Bootstrap: 76/100
Bootstrap: 77/100
Bootstrap: 78/100
Bootstrap: 79/100
Bootstrap: 80/100
Bootstrap: 81/100
Bootstrap: 82/100
Bootstrap: 83/100
Bootstrap: 84/100
Bootstrap: 85/100
Bootstrap: 86/100
Bootstrap: 87/100
Bootstrap: 88/100
Bootstrap: 89/100
Bootstrap: 90/100
Bootstrap: 91/100
Bootstrap: 92/100
Bootstrap: 93/100
Bootstrap: 94/100
Bootstrap: 95/100
Bootstrap: 96/100
Bootstrap: 97/100
Bootstrap: 98/100
Bootstrap: 99/100
Bootstrap: 100/100
E_expect: [-11.78766177]  dE_expect: [ 0.44917488]  dE_boot: [ 0.41806287] 

E_expectnew: [-13.09147464]  dE_expectnew: [ 0.42324649]  dE_bootnew: [ 0.39599441] 

delta_E_expect: [-1.30381287]  percent_delta_E_expect: [ 11.06082699] 

A_expect: [ 4.71654925]  dA_expect: [ 0.06036519]  dA_boot: [ 0.07042068] 

A_expect_unsamp: [ 4.65774907]  dA_expect_unsamp: [ 0.06907412]  dA_boot_unsamp: [ 0.14832072] 

The mean of the sampled series = [4.7602677207003845] 

The true sampled mean of the observable we're reweighting to = [4.9617409580449738] 

The mean of the energies corresponding to the sampled series = [-11.214418492285436] 

The mean of the energies corresponding to the unsampled series = [-12.543011376860212] 

Standard deviations away from true sampled observables for E_expect: [ 0.0836425]  E_expectnew: [ 0.06885953]  A_expect: [ 0.01417398] A_expect_unsamp: [ 4.10801663]
Percent shift = 27.4193548387 

Percent of molecule that is [#6X4:1]-[#1:2] = 56.0 

###############################################################################
NEXT LOOP
traj/AlkEthOH_c100_[#6X4:1]-[#1:2]_k500.nc
Sub-sampling...
Sub-sampling...
Sub-sampling...
Sub-sampling...
Bootstrap: 1/100
Bootstrap: 2/100
Bootstrap: 3/100
Bootstrap: 4/100
Bootstrap: 5/100
Bootstrap: 6/100
Bootstrap: 7/100
Bootstrap: 8/100
Bootstrap: 9/100
Bootstrap: 10/100
Bootstrap: 11/100
Bootstrap: 12/100
Bootstrap: 13/100
Bootstrap: 14/100
Bootstrap: 15/100
Bootstrap: 16/100
Bootstrap: 17/100
Bootstrap: 18/100
Bootstrap: 19/100
Bootstrap: 20/100
Bootstrap: 21/100
Bootstrap: 22/100
Bootstrap: 23/100
Bootstrap: 24/100
Bootstrap: 25/100
Bootstrap: 26/100
Bootstrap: 27/100
Bootstrap: 28/100
Bootstrap: 29/100
Bootstrap: 30/100
Bootstrap: 31/100
Bootstrap: 32/100
Bootstrap: 33/100
Bootstrap: 34/100
Bootstrap: 35/100
Bootstrap: 36/100
Bootstrap: 37/100
Bootstrap: 38/100
Bootstrap: 39/100
Bootstrap: 40/100
Bootstrap: 41/100
Bootstrap: 42/100
Bootstrap: 43/100
Bootstrap: 44/100
Bootstrap: 45/100
Bootstrap: 46/100
Bootstrap: 47/100
Bootstrap: 48/100
Bootstrap: 49/100
Bootstrap: 50/100
Bootstrap: 51/100
Bootstrap: 52/100
Bootstrap: 53/100
Bootstrap: 54/100
Bootstrap: 55/100
Bootstrap: 56/100
Bootstrap: 57/100
Bootstrap: 58/100
Bootstrap: 59/100
Bootstrap: 60/100
Bootstrap: 61/100
Bootstrap: 62/100
Bootstrap: 63/100
Bootstrap: 64/100
Bootstrap: 65/100
Bootstrap: 66/100
Bootstrap: 67/100
Bootstrap: 68/100
Bootstrap: 69/100
Bootstrap: 70/100
Bootstrap: 71/100
Bootstrap: 72/100
Bootstrap: 73/100
Bootstrap: 74/100
Bootstrap: 75/100
Bootstrap: 76/100
Bootstrap: 77/100
Bootstrap: 78/100
Bootstrap: 79/100
Bootstrap: 80/100
Bootstrap: 81/100
Bootstrap: 82/100
Bootstrap: 83/100
Bootstrap: 84/100
Bootstrap: 85/100
Bootstrap: 86/100
Bootstrap: 87/100
Bootstrap: 88/100
Bootstrap: 89/100
Bootstrap: 90/100
Bootstrap: 91/100
Bootstrap: 92/100
Bootstrap: 93/100
Bootstrap: 94/100
Bootstrap: 95/100
Bootstrap: 96/100
Bootstrap: 97/100
Bootstrap: 98/100
Bootstrap: 99/100
Bootstrap: 100/100
E_expect: [-10.66833153]  dE_expect: [ 0.42394218]  dE_boot: [ 0.44086596] 

E_expectnew: [-11.62304995]  dE_expectnew: [ 0.40824147]  dE_bootnew: [ 0.42735919] 

delta_E_expect: [-0.95471842]  percent_delta_E_expect: [ 8.94908843] 

A_expect: [ 4.75385196]  dA_expect: [ 0.06117524]  dA_boot: [ 0.06907857] 

A_expect_unsamp: [ 4.8816893]  dA_expect_unsamp: [ 0.05248779]  dA_boot_unsamp: [ 0.15123186] 

The mean of the sampled series = [4.7602677207003845] 

The true sampled mean of the observable we're reweighting to = [4.9416305001144565] 

The mean of the energies corresponding to the sampled series = [-11.214418492285436] 

The mean of the energies corresponding to the unsampled series = [-12.152248763749984] 

Standard deviations away from true sampled observables for E_expect: [ 0.13225671]  E_expectnew: [ 0.12776848]  A_expect: [ 0.17894995] A_expect_unsamp: [ 4.56547372]
Percent shift = 19.3548387097 

Percent of molecule that is [#6X4:1]-[#1:2] = 56.0 

###############################################################################
NEXT LOOP
traj/AlkEthOH_c100_[#6X4:1]-[#1:2]_k550.nc
Sub-sampling...
Sub-sampling...
Sub-sampling...
Sub-sampling...
Bootstrap: 1/100
Bootstrap: 2/100
Bootstrap: 3/100
Bootstrap: 4/100
Bootstrap: 5/100
Bootstrap: 6/100
Bootstrap: 7/100
Bootstrap: 8/100
Bootstrap: 9/100
Bootstrap: 10/100
Bootstrap: 11/100
Bootstrap: 12/100
Bootstrap: 13/100
Bootstrap: 14/100
Bootstrap: 15/100
Bootstrap: 16/100
Bootstrap: 17/100
Bootstrap: 18/100
Bootstrap: 19/100
Bootstrap: 20/100
Bootstrap: 21/100
Bootstrap: 22/100
Bootstrap: 23/100
Bootstrap: 24/100
Bootstrap: 25/100
Bootstrap: 26/100
Bootstrap: 27/100
Bootstrap: 28/100
Bootstrap: 29/100
Bootstrap: 30/100
Bootstrap: 31/100
Bootstrap: 32/100
Bootstrap: 33/100
Bootstrap: 34/100
Bootstrap: 35/100
Bootstrap: 36/100
Bootstrap: 37/100
Bootstrap: 38/100
Bootstrap: 39/100
Bootstrap: 40/100
Bootstrap: 41/100
Bootstrap: 42/100
Bootstrap: 43/100
Bootstrap: 44/100
Bootstrap: 45/100
Bootstrap: 46/100
Bootstrap: 47/100
Bootstrap: 48/100
Bootstrap: 49/100
Bootstrap: 50/100
Bootstrap: 51/100
Bootstrap: 52/100
Bootstrap: 53/100
Bootstrap: 54/100
Bootstrap: 55/100
Bootstrap: 56/100
Bootstrap: 57/100
Bootstrap: 58/100
Bootstrap: 59/100
Bootstrap: 60/100
Bootstrap: 61/100
Bootstrap: 62/100
Bootstrap: 63/100
Bootstrap: 64/100
Bootstrap: 65/100
Bootstrap: 66/100
Bootstrap: 67/100
Bootstrap: 68/100
Bootstrap: 69/100
Bootstrap: 70/100
Bootstrap: 71/100
Bootstrap: 72/100
Bootstrap: 73/100
Bootstrap: 74/100
Bootstrap: 75/100
Bootstrap: 76/100
Bootstrap: 77/100
Bootstrap: 78/100
Bootstrap: 79/100
Bootstrap: 80/100
Bootstrap: 81/100
Bootstrap: 82/100
Bootstrap: 83/100
Bootstrap: 84/100
Bootstrap: 85/100
Bootstrap: 86/100
Bootstrap: 87/100
Bootstrap: 88/100
Bootstrap: 89/100
Bootstrap: 90/100
Bootstrap: 91/100
Bootstrap: 92/100
Bootstrap: 93/100
Bootstrap: 94/100
Bootstrap: 95/100
Bootstrap: 96/100
Bootstrap: 97/100
Bootstrap: 98/100
Bootstrap: 99/100
Bootstrap: 100/100
E_expect: [-11.40458051]  dE_expect: [ 0.4469399]  dE_boot: [ 0.49313862] 

E_expectnew: [-11.92571496]  dE_expectnew: [ 0.43502198]  dE_bootnew: [ 0.47561973] 

delta_E_expect: [-0.52113445]  percent_delta_E_expect: [ 4.56951879] 

A_expect: [ 4.78244643]  dA_expect: [ 0.06933074]  dA_boot: [ 0.06439642] 

A_expect_unsamp: [ 4.49509472]  dA_expect_unsamp: [ 0.10095131]  dA_boot_unsamp: [ 0.12216028] 

The mean of the sampled series = [4.7602677207003845] 

The true sampled mean of the observable we're reweighting to = [4.9657717788803346] 

The mean of the energies corresponding to the sampled series = [-11.214418492285436] 

The mean of the energies corresponding to the unsampled series = [-11.761486150639756] 

Standard deviations away from true sampled observables for E_expect: [ 0.00745873]  E_expectnew: [ 0.00796042]  A_expect: [ 0.03493658] A_expect_unsamp: [ 2.37326259]
Percent shift = 11.2903225806 

Percent of molecule that is [#6X4:1]-[#1:2] = 56.0 

###############################################################################
NEXT LOOP
traj/AlkEthOH_c100_[#6X4:1]-[#1:2]_k600.nc
Sub-sampling...
Sub-sampling...
Sub-sampling...
Sub-sampling...
Bootstrap: 1/100
Bootstrap: 2/100
Bootstrap: 3/100
Bootstrap: 4/100
Bootstrap: 5/100
Bootstrap: 6/100
Bootstrap: 7/100
Bootstrap: 8/100
Bootstrap: 9/100
Bootstrap: 10/100
Bootstrap: 11/100
Bootstrap: 12/100
Bootstrap: 13/100
Bootstrap: 14/100
Bootstrap: 15/100
Bootstrap: 16/100
Bootstrap: 17/100
Bootstrap: 18/100
Bootstrap: 19/100
Bootstrap: 20/100
Bootstrap: 21/100
Bootstrap: 22/100
Bootstrap: 23/100
Bootstrap: 24/100
Bootstrap: 25/100
Bootstrap: 26/100
Bootstrap: 27/100
Bootstrap: 28/100
Bootstrap: 29/100
Bootstrap: 30/100
Bootstrap: 31/100
Bootstrap: 32/100
Bootstrap: 33/100
Bootstrap: 34/100
Bootstrap: 35/100
Bootstrap: 36/100
Bootstrap: 37/100
Bootstrap: 38/100
Bootstrap: 39/100
Bootstrap: 40/100
Bootstrap: 41/100
Bootstrap: 42/100
Bootstrap: 43/100
Bootstrap: 44/100
Bootstrap: 45/100
Bootstrap: 46/100
Bootstrap: 47/100
Bootstrap: 48/100
Bootstrap: 49/100
Bootstrap: 50/100
Bootstrap: 51/100
Bootstrap: 52/100
Bootstrap: 53/100
Bootstrap: 54/100
Bootstrap: 55/100
Bootstrap: 56/100
Bootstrap: 57/100
Bootstrap: 58/100
Bootstrap: 59/100
Bootstrap: 60/100
Bootstrap: 61/100
Bootstrap: 62/100
Bootstrap: 63/100
Bootstrap: 64/100
Bootstrap: 65/100
Bootstrap: 66/100
Bootstrap: 67/100
Bootstrap: 68/100
Bootstrap: 69/100
Bootstrap: 70/100
Bootstrap: 71/100
Bootstrap: 72/100
Bootstrap: 73/100
Bootstrap: 74/100
Bootstrap: 75/100
Bootstrap: 76/100
Bootstrap: 77/100
Bootstrap: 78/100
Bootstrap: 79/100
Bootstrap: 80/100
Bootstrap: 81/100
Bootstrap: 82/100
Bootstrap: 83/100
Bootstrap: 84/100
Bootstrap: 85/100
Bootstrap: 86/100
Bootstrap: 87/100
Bootstrap: 88/100
Bootstrap: 89/100
Bootstrap: 90/100
Bootstrap: 91/100
Bootstrap: 92/100
Bootstrap: 93/100
Bootstrap: 94/100
Bootstrap: 95/100
Bootstrap: 96/100
Bootstrap: 97/100
Bootstrap: 98/100
Bootstrap: 99/100
Bootstrap: 100/100
E_expect: [-11.00340442]  dE_expect: [ 0.40418014]  dE_boot: [ 0.43741409] 

E_expectnew: [-11.16590043]  dE_expectnew: [ 0.40139284]  dE_bootnew: [ 0.43383771] 

delta_E_expect: [-0.16249601]  percent_delta_E_expect: [ 1.47677937] 

A_expect: [ 4.79940909]  dA_expect: [ 0.06171922]  dA_boot: [ 0.07284785] 

A_expect_unsamp: [ 4.80920753]  dA_expect_unsamp: [ 0.02701223]  dA_boot_unsamp: [ 0.12162689] 

The mean of the sampled series = [4.7602677207003845] 

The true sampled mean of the observable we're reweighting to = [4.8422026156483557] 

The mean of the energies corresponding to the sampled series = [-11.214418492285436] 

The mean of the energies corresponding to the unsampled series = [-11.370723537529528] 

Standard deviations away from true sampled observables for E_expect: [ 0.24164498]  E_expectnew: [ 0.2393862]  A_expect: [ 0.03818159] A_expect_unsamp: [ 4.29583541]
Percent shift = 3.22580645161 

Percent of molecule that is [#6X4:1]-[#1:2] = 56.0 

###############################################################################
NEXT LOOP
traj/AlkEthOH_c100_[#6X4:1]-[#1:2]_k650.nc
Sub-sampling...
Sub-sampling...
Sub-sampling...
Sub-sampling...
Bootstrap: 1/100
Bootstrap: 2/100
Bootstrap: 3/100
Bootstrap: 4/100
Bootstrap: 5/100
Bootstrap: 6/100
Bootstrap: 7/100
Bootstrap: 8/100
Bootstrap: 9/100
Bootstrap: 10/100
Bootstrap: 11/100
Bootstrap: 12/100
Bootstrap: 13/100
Bootstrap: 14/100
Bootstrap: 15/100
Bootstrap: 16/100
Bootstrap: 17/100
Bootstrap: 18/100
Bootstrap: 19/100
Bootstrap: 20/100
Bootstrap: 21/100
Bootstrap: 22/100
Bootstrap: 23/100
Bootstrap: 24/100
Bootstrap: 25/100
Bootstrap: 26/100
Bootstrap: 27/100
Bootstrap: 28/100
Bootstrap: 29/100
Bootstrap: 30/100
Bootstrap: 31/100
Bootstrap: 32/100
Bootstrap: 33/100
Bootstrap: 34/100
Bootstrap: 35/100
Bootstrap: 36/100
Bootstrap: 37/100
Bootstrap: 38/100
Bootstrap: 39/100
Bootstrap: 40/100
Bootstrap: 41/100
Bootstrap: 42/100
Bootstrap: 43/100
Bootstrap: 44/100
Bootstrap: 45/100
Bootstrap: 46/100
Bootstrap: 47/100
Bootstrap: 48/100
Bootstrap: 49/100
Bootstrap: 50/100
Bootstrap: 51/100
Bootstrap: 52/100
Bootstrap: 53/100
Bootstrap: 54/100
Bootstrap: 55/100
Bootstrap: 56/100
Bootstrap: 57/100
Bootstrap: 58/100
Bootstrap: 59/100
Bootstrap: 60/100
Bootstrap: 61/100
Bootstrap: 62/100
Bootstrap: 63/100
Bootstrap: 64/100
Bootstrap: 65/100
Bootstrap: 66/100
Bootstrap: 67/100
Bootstrap: 68/100
Bootstrap: 69/100
Bootstrap: 70/100
Bootstrap: 71/100
Bootstrap: 72/100
Bootstrap: 73/100
Bootstrap: 74/100
Bootstrap: 75/100
Bootstrap: 76/100
Bootstrap: 77/100
Bootstrap: 78/100
Bootstrap: 79/100
Bootstrap: 80/100
Bootstrap: 81/100
Bootstrap: 82/100
Bootstrap: 83/100
Bootstrap: 84/100
Bootstrap: 85/100
Bootstrap: 86/100
Bootstrap: 87/100
Bootstrap: 88/100
Bootstrap: 89/100
Bootstrap: 90/100
Bootstrap: 91/100
Bootstrap: 92/100
Bootstrap: 93/100
Bootstrap: 94/100
Bootstrap: 95/100
Bootstrap: 96/100
Bootstrap: 97/100
Bootstrap: 98/100
Bootstrap: 99/100
Bootstrap: 100/100
E_expect: [-11.52105627]  dE_expect: [ 0.44052564]  dE_boot: [ 0.46239905] 

E_expectnew: [-11.27833538]  dE_expectnew: [ 0.44592493]  dE_bootnew: [ 0.46928156] 

delta_E_expect: [ 0.24272089]  percent_delta_E_expect: [-2.10675902] 

A_expect: [ 4.83949397]  dA_expect: [ 0.06799323]  dA_boot: [ 0.07106121] 

A_expect_unsamp: [ 4.66181452]  dA_expect_unsamp: [ 0.1130214]  dA_boot_unsamp: [ 0.10512827] 

The mean of the sampled series = [4.7602677207003845] 

The true sampled mean of the observable we're reweighting to = [4.9200929154272828] 

The mean of the energies corresponding to the sampled series = [-11.214418492285436] 

The mean of the energies corresponding to the unsampled series = [-10.979960924419299] 

Standard deviations away from true sampled observables for E_expect: [ 0.06312489]  E_expectnew: [ 0.06427236]  A_expect: [ 0.14798283] A_expect_unsamp: [ 1.58290236]
Percent shift = -4.83870967742 

Percent of molecule that is [#6X4:1]-[#1:2] = 56.0 

###############################################################################
NEXT LOOP
traj/AlkEthOH_c100_[#6X4:1]-[#1:2]_k700.nc
Sub-sampling...
Sub-sampling...
Sub-sampling...
Sub-sampling...
Bootstrap: 1/100
Bootstrap: 2/100
Bootstrap: 3/100
Bootstrap: 4/100
Bootstrap: 5/100
Bootstrap: 6/100
Bootstrap: 7/100
Bootstrap: 8/100
Bootstrap: 9/100
Bootstrap: 10/100
Bootstrap: 11/100
Bootstrap: 12/100
Bootstrap: 13/100
Bootstrap: 14/100
Bootstrap: 15/100
Bootstrap: 16/100
Bootstrap: 17/100
Bootstrap: 18/100
Bootstrap: 19/100
Bootstrap: 20/100
Bootstrap: 21/100
Bootstrap: 22/100
Bootstrap: 23/100
Bootstrap: 24/100
Bootstrap: 25/100
Bootstrap: 26/100
Bootstrap: 27/100
Bootstrap: 28/100
Bootstrap: 29/100
Bootstrap: 30/100
Bootstrap: 31/100
Bootstrap: 32/100
Bootstrap: 33/100
Bootstrap: 34/100
Bootstrap: 35/100
Bootstrap: 36/100
Bootstrap: 37/100
Bootstrap: 38/100
Bootstrap: 39/100
Bootstrap: 40/100
Bootstrap: 41/100
Bootstrap: 42/100
Bootstrap: 43/100
Bootstrap: 44/100
Bootstrap: 45/100
Bootstrap: 46/100
Bootstrap: 47/100
Bootstrap: 48/100
Bootstrap: 49/100
Bootstrap: 50/100
Bootstrap: 51/100
Bootstrap: 52/100
Bootstrap: 53/100
Bootstrap: 54/100
Bootstrap: 55/100
Bootstrap: 56/100
Bootstrap: 57/100
Bootstrap: 58/100
Bootstrap: 59/100
Bootstrap: 60/100
Bootstrap: 61/100
Bootstrap: 62/100
Bootstrap: 63/100
Bootstrap: 64/100
Bootstrap: 65/100
Bootstrap: 66/100
Bootstrap: 67/100
Bootstrap: 68/100
Bootstrap: 69/100
Bootstrap: 70/100
Bootstrap: 71/100
Bootstrap: 72/100
Bootstrap: 73/100
Bootstrap: 74/100
Bootstrap: 75/100
Bootstrap: 76/100
Bootstrap: 77/100
Bootstrap: 78/100
Bootstrap: 79/100
Bootstrap: 80/100
Bootstrap: 81/100
Bootstrap: 82/100
Bootstrap: 83/100
Bootstrap: 84/100
Bootstrap: 85/100
Bootstrap: 86/100
Bootstrap: 87/100
Bootstrap: 88/100
Bootstrap: 89/100
Bootstrap: 90/100
Bootstrap: 91/100
Bootstrap: 92/100
Bootstrap: 93/100
Bootstrap: 94/100
Bootstrap: 95/100
Bootstrap: 96/100
Bootstrap: 97/100
Bootstrap: 98/100
Bootstrap: 99/100
Bootstrap: 100/100
E_expect: [-11.99613304]  dE_expect: [ 0.42864547]  dE_boot: [ 0.43881867] 

E_expectnew: [-11.42154584]  dE_expectnew: [ 0.4412364]  dE_bootnew: [ 0.45313769] 

delta_E_expect: [ 0.5745872]  percent_delta_E_expect: [-4.78977015] 

A_expect: [ 4.82546166]  dA_expect: [ 0.07213795]  dA_boot: [ 0.06402387] 

A_expect_unsamp: [ 4.62714271]  dA_expect_unsamp: [ 0.11246145]  dA_boot_unsamp: [ 0.08396739] 

The mean of the sampled series = [4.7602677207003845] 

The true sampled mean of the observable we're reweighting to = [4.9563722713799381] 

The mean of the energies corresponding to the sampled series = [-11.214418492285436] 

The mean of the energies corresponding to the unsampled series = [-10.589198311309069] 

Standard deviations away from true sampled observables for E_expect: [ 0.10844186]  E_expectnew: [ 0.11160324]  A_expect: [ 0.16829473] A_expect_unsamp: [ 2.04119838]
Percent shift = -12.9032258065 

Percent of molecule that is [#6X4:1]-[#1:2] = 56.0 

###############################################################################
NEXT LOOP
traj/AlkEthOH_c100_[#6X4:1]-[#1:2]_k750.nc
Sub-sampling...
Sub-sampling...
Sub-sampling...
Sub-sampling...
Bootstrap: 1/100
Bootstrap: 2/100
Bootstrap: 3/100
Bootstrap: 4/100
Bootstrap: 5/100
Bootstrap: 6/100
Bootstrap: 7/100
Bootstrap: 8/100
Bootstrap: 9/100
Bootstrap: 10/100
Bootstrap: 11/100
Bootstrap: 12/100
Bootstrap: 13/100
Bootstrap: 14/100
Bootstrap: 15/100
Bootstrap: 16/100
Bootstrap: 17/100
Bootstrap: 18/100
Bootstrap: 19/100
Bootstrap: 20/100
Bootstrap: 21/100
Bootstrap: 22/100
Bootstrap: 23/100
Bootstrap: 24/100
Bootstrap: 25/100
Bootstrap: 26/100
Bootstrap: 27/100
Bootstrap: 28/100
Bootstrap: 29/100
Bootstrap: 30/100
Bootstrap: 31/100
Bootstrap: 32/100
Bootstrap: 33/100
Bootstrap: 34/100
Bootstrap: 35/100
Bootstrap: 36/100
Bootstrap: 37/100
Bootstrap: 38/100
Bootstrap: 39/100
Bootstrap: 40/100
Bootstrap: 41/100
Bootstrap: 42/100
Bootstrap: 43/100
Bootstrap: 44/100
Bootstrap: 45/100
Bootstrap: 46/100
Bootstrap: 47/100
Bootstrap: 48/100
Bootstrap: 49/100
Bootstrap: 50/100
Bootstrap: 51/100
Bootstrap: 52/100
Bootstrap: 53/100
Bootstrap: 54/100
Bootstrap: 55/100
Bootstrap: 56/100
Bootstrap: 57/100
Bootstrap: 58/100
Bootstrap: 59/100
Bootstrap: 60/100
Bootstrap: 61/100
Bootstrap: 62/100
Bootstrap: 63/100
Bootstrap: 64/100
Bootstrap: 65/100
Bootstrap: 66/100
Bootstrap: 67/100
Bootstrap: 68/100
Bootstrap: 69/100
Bootstrap: 70/100
Bootstrap: 71/100
Bootstrap: 72/100
Bootstrap: 73/100
Bootstrap: 74/100
Bootstrap: 75/100
Bootstrap: 76/100
Bootstrap: 77/100
Bootstrap: 78/100
Bootstrap: 79/100
Bootstrap: 80/100
Bootstrap: 81/100
Bootstrap: 82/100
Bootstrap: 83/100
Bootstrap: 84/100
Bootstrap: 85/100
Bootstrap: 86/100
Bootstrap: 87/100
Bootstrap: 88/100
Bootstrap: 89/100
Bootstrap: 90/100
Bootstrap: 91/100
Bootstrap: 92/100
Bootstrap: 93/100
Bootstrap: 94/100
Bootstrap: 95/100
Bootstrap: 96/100
Bootstrap: 97/100
Bootstrap: 98/100
Bootstrap: 99/100
Bootstrap: 100/100
E_expect: [-10.89216295]  dE_expect: [ 0.41100658]  dE_boot: [ 0.44513183] 

E_expectnew: [-9.83822549]  dE_expectnew: [ 0.44065635]  dE_bootnew: [ 0.47242708] 

delta_E_expect: [ 1.05393746]  percent_delta_E_expect: [-9.67610809] 

A_expect: [ 4.59618321]  dA_expect: [ 0.07358527]  dA_boot: [ 0.05813142] 

A_expect_unsamp: [ 4.74403678]  dA_expect_unsamp: [ 0.07440582]  dA_boot_unsamp: [ 0.06647687] 

The mean of the sampled series = [4.7602677207003845] 

The true sampled mean of the observable we're reweighting to = [4.8128227821531748] 

The mean of the energies corresponding to the sampled series = [-11.214418492285436] 

The mean of the energies corresponding to the unsampled series = [-10.198435698198837] 

Standard deviations away from true sampled observables for E_expect: [ 0.05876641]  E_expectnew: [ 0.07230441]  A_expect: [ 0.15201766] A_expect_unsamp: [ 0.56905954]
Percent shift = -20.9677419355 

Percent of molecule that is [#6X4:1]-[#1:2] = 56.0 

###############################################################################
NEXT LOOP
traj/AlkEthOH_c100_[#6X4:1]-[#1:2]_k800.nc
Sub-sampling...
Sub-sampling...
Sub-sampling...
Sub-sampling...
Bootstrap: 1/100
Bootstrap: 2/100
Bootstrap: 3/100
Bootstrap: 4/100
Bootstrap: 5/100
Bootstrap: 6/100
Bootstrap: 7/100
Bootstrap: 8/100
Bootstrap: 9/100
Bootstrap: 10/100
Bootstrap: 11/100
Bootstrap: 12/100
Bootstrap: 13/100
Bootstrap: 14/100
Bootstrap: 15/100
Bootstrap: 16/100
Bootstrap: 17/100
Bootstrap: 18/100
Bootstrap: 19/100
Bootstrap: 20/100
Bootstrap: 21/100
Bootstrap: 22/100
Bootstrap: 23/100
Bootstrap: 24/100
Bootstrap: 25/100
Bootstrap: 26/100
Bootstrap: 27/100
Bootstrap: 28/100
Bootstrap: 29/100
Bootstrap: 30/100
Bootstrap: 31/100
Bootstrap: 32/100
Bootstrap: 33/100
Bootstrap: 34/100
Bootstrap: 35/100
Bootstrap: 36/100
Bootstrap: 37/100
Bootstrap: 38/100
Bootstrap: 39/100
Bootstrap: 40/100
Bootstrap: 41/100
Bootstrap: 42/100
Bootstrap: 43/100
Bootstrap: 44/100
Bootstrap: 45/100
Bootstrap: 46/100
Bootstrap: 47/100
Bootstrap: 48/100
Bootstrap: 49/100
Bootstrap: 50/100
Bootstrap: 51/100
Bootstrap: 52/100
Bootstrap: 53/100
Bootstrap: 54/100
Bootstrap: 55/100
Bootstrap: 56/100
Bootstrap: 57/100
Bootstrap: 58/100
Bootstrap: 59/100
Bootstrap: 60/100
Bootstrap: 61/100
Bootstrap: 62/100
Bootstrap: 63/100
Bootstrap: 64/100
Bootstrap: 65/100
Bootstrap: 66/100
Bootstrap: 67/100
Bootstrap: 68/100
Bootstrap: 69/100
Bootstrap: 70/100
Bootstrap: 71/100
Bootstrap: 72/100
Bootstrap: 73/100
Bootstrap: 74/100
Bootstrap: 75/100
Bootstrap: 76/100
Bootstrap: 77/100
Bootstrap: 78/100
Bootstrap: 79/100
Bootstrap: 80/100
Bootstrap: 81/100
Bootstrap: 82/100
Bootstrap: 83/100
Bootstrap: 84/100
Bootstrap: 85/100
Bootstrap: 86/100
Bootstrap: 87/100
Bootstrap: 88/100
Bootstrap: 89/100
Bootstrap: 90/100
Bootstrap: 91/100
Bootstrap: 92/100
Bootstrap: 93/100
Bootstrap: 94/100
Bootstrap: 95/100
Bootstrap: 96/100
Bootstrap: 97/100
Bootstrap: 98/100
Bootstrap: 99/100
Bootstrap: 100/100
E_expect: [-11.47354006]  dE_expect: [ 0.42284151]  dE_boot: [ 0.43092585] 

E_expectnew: [-10.03313585]  dE_expectnew: [ 0.46970815]  dE_bootnew: [ 0.46581888] 

delta_E_expect: [ 1.44040422]  percent_delta_E_expect: [-12.55413942] 

A_expect: [ 4.73117712]  dA_expect: [ 0.0695947]  dA_boot: [ 0.06433444] 

A_expect_unsamp: [ 4.72582405]  dA_expect_unsamp: [ 0.10775351]  dA_boot_unsamp: [ 0.07121827] 

The mean of the sampled series = [4.7602677207003845] 

The true sampled mean of the observable we're reweighting to = [4.430126029888739] 

The mean of the energies corresponding to the sampled series = [-11.214418492285436] 

The mean of the energies corresponding to the unsampled series = [-9.8076730850886111] 

Standard deviations away from true sampled observables for E_expect: [ 0.19596489]  E_expectnew: [ 0.18069514]  A_expect: [ 0.02068206] A_expect_unsamp: [ 3.0683441]
Percent shift = -29.0322580645 

Percent of molecule that is [#6X4:1]-[#1:2] = 56.0 

###############################################################################
NEXT LOOP
traj/AlkEthOH_c100_[#6X4:1]-[#1:2]_k850.nc
Sub-sampling...
Sub-sampling...
Sub-sampling...
Sub-sampling...
Bootstrap: 1/100
Bootstrap: 2/100
Bootstrap: 3/100
Bootstrap: 4/100
Bootstrap: 5/100
Bootstrap: 6/100
Bootstrap: 7/100
Bootstrap: 8/100
Bootstrap: 9/100
Bootstrap: 10/100
Bootstrap: 11/100
Bootstrap: 12/100
Bootstrap: 13/100
Bootstrap: 14/100
Bootstrap: 15/100
Bootstrap: 16/100
Bootstrap: 17/100
Bootstrap: 18/100
Bootstrap: 19/100
Bootstrap: 20/100
Bootstrap: 21/100
Bootstrap: 22/100
Bootstrap: 23/100
Bootstrap: 24/100
Bootstrap: 25/100
Bootstrap: 26/100
Bootstrap: 27/100
Bootstrap: 28/100
Bootstrap: 29/100
Bootstrap: 30/100
Bootstrap: 31/100
Bootstrap: 32/100
Bootstrap: 33/100
Bootstrap: 34/100
Bootstrap: 35/100
Bootstrap: 36/100
Bootstrap: 37/100
Bootstrap: 38/100
Bootstrap: 39/100
Bootstrap: 40/100
Bootstrap: 41/100
Bootstrap: 42/100
Bootstrap: 43/100
Bootstrap: 44/100
Bootstrap: 45/100
Bootstrap: 46/100
Bootstrap: 47/100
Bootstrap: 48/100
Bootstrap: 49/100
Bootstrap: 50/100
Bootstrap: 51/100
Bootstrap: 52/100
Bootstrap: 53/100
Bootstrap: 54/100
Bootstrap: 55/100
Bootstrap: 56/100
Bootstrap: 57/100
Bootstrap: 58/100
Bootstrap: 59/100
Bootstrap: 60/100
Bootstrap: 61/100
Bootstrap: 62/100
Bootstrap: 63/100
Bootstrap: 64/100
Bootstrap: 65/100
Bootstrap: 66/100
Bootstrap: 67/100
Bootstrap: 68/100
Bootstrap: 69/100
Bootstrap: 70/100
Bootstrap: 71/100
Bootstrap: 72/100
Bootstrap: 73/100
Bootstrap: 74/100
Bootstrap: 75/100
Bootstrap: 76/100
Bootstrap: 77/100
Bootstrap: 78/100
Bootstrap: 79/100
Bootstrap: 80/100
Bootstrap: 81/100
Bootstrap: 82/100
Bootstrap: 83/100
Bootstrap: 84/100
Bootstrap: 85/100
Bootstrap: 86/100
Bootstrap: 87/100
Bootstrap: 88/100
Bootstrap: 89/100
Bootstrap: 90/100
Bootstrap: 91/100
Bootstrap: 92/100
Bootstrap: 93/100
Bootstrap: 94/100
Bootstrap: 95/100
Bootstrap: 96/100
Bootstrap: 97/100
Bootstrap: 98/100
Bootstrap: 99/100
Bootstrap: 100/100
E_expect: [-10.94124107]  dE_expect: [ 0.42579219]  dE_boot: [ 0.39283763] 

E_expectnew: [-9.09947263]  dE_expectnew: [ 0.46237064]  dE_bootnew: [ 0.43062948] 

delta_E_expect: [ 1.84176844]  percent_delta_E_expect: [-16.83326805] 

A_expect: [ 4.91060944]  dA_expect: [ 0.06022823]  dA_boot: [ 0.06369405] 

A_expect_unsamp: [ 4.8047353]  dA_expect_unsamp: [ 0.04175837]  dA_boot_unsamp: [ 0.04730454] 

The mean of the sampled series = [4.7602677207003845] 

The true sampled mean of the observable we're reweighting to = [4.8604882966249665] 

The mean of the energies corresponding to the sampled series = [-11.214418492285436] 

The mean of the energies corresponding to the unsampled series = [-9.4169104719783832] 

Standard deviations away from true sampled observables for E_expect: [ 0.11767199]  E_expectnew: [ 0.11077992]  A_expect: [ 0.10092485] A_expect_unsamp: [ 1.71977816]
Percent shift = -37.0967741935 

Percent of molecule that is [#6X4:1]-[#1:2] = 56.0 

###############################################################################
NEXT LOOP
traj/AlkEthOH_c100_[#6X4:1]-[#1:2]_k900.nc
Sub-sampling...
Sub-sampling...
Sub-sampling...
Sub-sampling...
Bootstrap: 1/100
Bootstrap: 2/100
Bootstrap: 3/100
Bootstrap: 4/100
Bootstrap: 5/100
Bootstrap: 6/100
Bootstrap: 7/100
Bootstrap: 8/100
Bootstrap: 9/100
Bootstrap: 10/100
Bootstrap: 11/100
Bootstrap: 12/100
Bootstrap: 13/100
Bootstrap: 14/100
Bootstrap: 15/100
Bootstrap: 16/100
Bootstrap: 17/100
Bootstrap: 18/100
Bootstrap: 19/100
Bootstrap: 20/100
Bootstrap: 21/100
Bootstrap: 22/100
Bootstrap: 23/100
Bootstrap: 24/100
Bootstrap: 25/100
Bootstrap: 26/100
Bootstrap: 27/100
Bootstrap: 28/100
Bootstrap: 29/100
Bootstrap: 30/100
Bootstrap: 31/100
Bootstrap: 32/100
Bootstrap: 33/100
Bootstrap: 34/100
Bootstrap: 35/100
Bootstrap: 36/100
Bootstrap: 37/100
Bootstrap: 38/100
Bootstrap: 39/100
Bootstrap: 40/100
Bootstrap: 41/100
Bootstrap: 42/100
Bootstrap: 43/100
Bootstrap: 44/100
Bootstrap: 45/100
Bootstrap: 46/100
Bootstrap: 47/100
Bootstrap: 48/100
Bootstrap: 49/100
Bootstrap: 50/100
Bootstrap: 51/100
Bootstrap: 52/100
Bootstrap: 53/100
Bootstrap: 54/100
Bootstrap: 55/100
Bootstrap: 56/100
Bootstrap: 57/100
Bootstrap: 58/100
Bootstrap: 59/100
Bootstrap: 60/100
Bootstrap: 61/100
Bootstrap: 62/100
Bootstrap: 63/100
Bootstrap: 64/100
Bootstrap: 65/100
Bootstrap: 66/100
Bootstrap: 67/100
Bootstrap: 68/100
Bootstrap: 69/100
Bootstrap: 70/100
Bootstrap: 71/100
Bootstrap: 72/100
Bootstrap: 73/100
Bootstrap: 74/100
Bootstrap: 75/100
Bootstrap: 76/100
Bootstrap: 77/100
Bootstrap: 78/100
Bootstrap: 79/100
Bootstrap: 80/100
Bootstrap: 81/100
Bootstrap: 82/100
Bootstrap: 83/100
Bootstrap: 84/100
Bootstrap: 85/100
Bootstrap: 86/100
Bootstrap: 87/100
Bootstrap: 88/100
Bootstrap: 89/100
Bootstrap: 90/100
Bootstrap: 91/100
Bootstrap: 92/100
Bootstrap: 93/100
Bootstrap: 94/100
Bootstrap: 95/100
Bootstrap: 96/100
Bootstrap: 97/100
Bootstrap: 98/100
Bootstrap: 99/100
Bootstrap: 100/100
E_expect: [-10.62328182]  dE_expect: [ 0.43743783]  dE_boot: [ 0.43329078] 

E_expectnew: [-8.3285316]  dE_expectnew: [ 0.48974223]  dE_bootnew: [ 0.48986689] 

delta_E_expect: [ 2.29475022]  percent_delta_E_expect: [-21.60114228] 

A_expect: [ 4.80139284]  dA_expect: [ 0.05999063]  dA_boot: [ 0.05718629] 

A_expect_unsamp: [ 4.83450093]  dA_expect_unsamp: [ 0.02357755]  dA_boot_unsamp: [ 0.06575637] 

The mean of the sampled series = [4.7602677207003845] 

The true sampled mean of the observable we're reweighting to = [4.9249480688477645] 

The mean of the energies corresponding to the sampled series = [-11.214418492285436] 

The mean of the energies corresponding to the unsampled series = [-9.0261478588681516] 

Standard deviations away from true sampled observables for E_expect: [ 0.05160748]  E_expectnew: [ 0.03107397]  A_expect: [ 0.10212674] A_expect_unsamp: [ 6.14621449]
Percent shift = -45.1612903226 

Percent of molecule that is [#6X4:1]-[#1:2] = 56.0 

###############################################################################
NEXT LOOP
traj/AlkEthOH_c100_[#6X4:1]-[#1:2]_k950.nc
Sub-sampling...
Sub-sampling...
Sub-sampling...
Sub-sampling...
Bootstrap: 1/100
Bootstrap: 2/100
Bootstrap: 3/100
Bootstrap: 4/100
Bootstrap: 5/100
Bootstrap: 6/100
Bootstrap: 7/100
Bootstrap: 8/100
Bootstrap: 9/100
Bootstrap: 10/100
Bootstrap: 11/100
Bootstrap: 12/100
Bootstrap: 13/100
Bootstrap: 14/100
Bootstrap: 15/100
Bootstrap: 16/100
Bootstrap: 17/100
Bootstrap: 18/100
Bootstrap: 19/100
Bootstrap: 20/100
Bootstrap: 21/100
Bootstrap: 22/100
Bootstrap: 23/100
Bootstrap: 24/100
Bootstrap: 25/100
Bootstrap: 26/100
Bootstrap: 27/100
Bootstrap: 28/100
Bootstrap: 29/100
Bootstrap: 30/100
Bootstrap: 31/100
Bootstrap: 32/100
Bootstrap: 33/100
Bootstrap: 34/100
Bootstrap: 35/100
Bootstrap: 36/100
Bootstrap: 37/100
Bootstrap: 38/100
Bootstrap: 39/100
Bootstrap: 40/100
Bootstrap: 41/100
Bootstrap: 42/100
Bootstrap: 43/100
Bootstrap: 44/100
Bootstrap: 45/100
Bootstrap: 46/100
Bootstrap: 47/100
Bootstrap: 48/100
Bootstrap: 49/100
Bootstrap: 50/100
Bootstrap: 51/100
Bootstrap: 52/100
Bootstrap: 53/100
Bootstrap: 54/100
Bootstrap: 55/100
Bootstrap: 56/100
Bootstrap: 57/100
Bootstrap: 58/100
Bootstrap: 59/100
Bootstrap: 60/100
Bootstrap: 61/100
Bootstrap: 62/100
Bootstrap: 63/100
Bootstrap: 64/100
Bootstrap: 65/100
Bootstrap: 66/100
Bootstrap: 67/100
Bootstrap: 68/100
Bootstrap: 69/100
Bootstrap: 70/100
Bootstrap: 71/100
Bootstrap: 72/100
Bootstrap: 73/100
Bootstrap: 74/100
Bootstrap: 75/100
Bootstrap: 76/100
Bootstrap: 77/100
Bootstrap: 78/100
Bootstrap: 79/100
Bootstrap: 80/100
Bootstrap: 81/100
Bootstrap: 82/100
Bootstrap: 83/100
Bootstrap: 84/100
Bootstrap: 85/100
Bootstrap: 86/100
Bootstrap: 87/100
Bootstrap: 88/100
Bootstrap: 89/100
Bootstrap: 90/100
Bootstrap: 91/100
Bootstrap: 92/100
Bootstrap: 93/100
Bootstrap: 94/100
Bootstrap: 95/100
Bootstrap: 96/100
Bootstrap: 97/100
Bootstrap: 98/100
Bootstrap: 99/100
Bootstrap: 100/100
E_expect: [-12.17347424]  dE_expect: [ 0.41019859]  dE_boot: [ 0.42517875] 

E_expectnew: [-9.64304211]  dE_expectnew: [ 0.47607252]  dE_bootnew: [ 0.47152412] 

delta_E_expect: [ 2.53043212]  percent_delta_E_expect: [-20.78644167] 

A_expect: [ 4.73859236]  dA_expect: [ 0.06580902]  dA_boot: [ 0.06362506] 

A_expect_unsamp: [ 4.62105985]  dA_expect_unsamp: [ 0.09267947]  dA_boot_unsamp: [ 0.05964817] 

The mean of the sampled series = [4.7602677207003845] 

The true sampled mean of the observable we're reweighting to = [4.8807429703276526] 

The mean of the energies corresponding to the sampled series = [-11.214418492285436] 

The mean of the energies corresponding to the unsampled series = [-8.6353852457579219] 

Standard deviations away from true sampled observables for E_expect: [ 0.13607677]  E_expectnew: [ 0.14273088]  A_expect: [ 0.01561885] A_expect_unsamp: [ 0.96901405]
Percent shift = -53.2258064516 

Percent of molecule that is [#6X4:1]-[#1:2] = 56.0 

###############################################################################
NEXT LOOP
traj/AlkEthOH_c100_[#6X4:1]-[#1:2]_k1000.nc
Sub-sampling...
Sub-sampling...
Sub-sampling...
Sub-sampling...
Bootstrap: 1/100
Bootstrap: 2/100
Bootstrap: 3/100
Bootstrap: 4/100
Bootstrap: 5/100
Bootstrap: 6/100
Bootstrap: 7/100
Bootstrap: 8/100
Bootstrap: 9/100
Bootstrap: 10/100
Bootstrap: 11/100
Bootstrap: 12/100
Bootstrap: 13/100
Bootstrap: 14/100
Bootstrap: 15/100
Bootstrap: 16/100
Bootstrap: 17/100
Bootstrap: 18/100
Bootstrap: 19/100
Bootstrap: 20/100
Bootstrap: 21/100
Bootstrap: 22/100
Bootstrap: 23/100
Bootstrap: 24/100
Bootstrap: 25/100
Bootstrap: 26/100
Bootstrap: 27/100
Bootstrap: 28/100
Bootstrap: 29/100
Bootstrap: 30/100
Bootstrap: 31/100
Bootstrap: 32/100
Bootstrap: 33/100
Bootstrap: 34/100
Bootstrap: 35/100
Bootstrap: 36/100
Bootstrap: 37/100
Bootstrap: 38/100
Bootstrap: 39/100
Bootstrap: 40/100
Bootstrap: 41/100
Bootstrap: 42/100
Bootstrap: 43/100
Bootstrap: 44/100
Bootstrap: 45/100
Bootstrap: 46/100
Bootstrap: 47/100
Bootstrap: 48/100
Bootstrap: 49/100
Bootstrap: 50/100
Bootstrap: 51/100
Bootstrap: 52/100
Bootstrap: 53/100
Bootstrap: 54/100
Bootstrap: 55/100
Bootstrap: 56/100
Bootstrap: 57/100
Bootstrap: 58/100
Bootstrap: 59/100
Bootstrap: 60/100
Bootstrap: 61/100
Bootstrap: 62/100
Bootstrap: 63/100
Bootstrap: 64/100
Bootstrap: 65/100
Bootstrap: 66/100
Bootstrap: 67/100
Bootstrap: 68/100
Bootstrap: 69/100
Bootstrap: 70/100
Bootstrap: 71/100
Bootstrap: 72/100
Bootstrap: 73/100
Bootstrap: 74/100
Bootstrap: 75/100
Bootstrap: 76/100
Bootstrap: 77/100
Bootstrap: 78/100
Bootstrap: 79/100
Bootstrap: 80/100
Bootstrap: 81/100
Bootstrap: 82/100
Bootstrap: 83/100
Bootstrap: 84/100
Bootstrap: 85/100
Bootstrap: 86/100
Bootstrap: 87/100
Bootstrap: 88/100
Bootstrap: 89/100
Bootstrap: 90/100
Bootstrap: 91/100
Bootstrap: 92/100
Bootstrap: 93/100
Bootstrap: 94/100
Bootstrap: 95/100
Bootstrap: 96/100
Bootstrap: 97/100
Bootstrap: 98/100
Bootstrap: 99/100
Bootstrap: 100/100
E_expect: [-11.36658375]  dE_expect: [ 0.47851611]  dE_boot: [ 0.384501] 

E_expectnew: [-8.33404278]  dE_expectnew: [ 0.56637241]  dE_bootnew: [ 0.4570806] 

delta_E_expect: [ 3.03254097]  percent_delta_E_expect: [-26.67944068] 

A_expect: [ 4.83272437]  dA_expect: [ 0.06174458]  dA_boot: [ 0.06571313] 

A_expect_unsamp: [ 4.76257396]  dA_expect_unsamp: [ 0.05764882]  dA_boot_unsamp: [ 0.05578702] 

The mean of the sampled series = [4.7602677207003845] 

The true sampled mean of the observable we're reweighting to = [4.7185101184057041] 

The mean of the energies corresponding to the sampled series = [-11.214418492285436] 

The mean of the energies corresponding to the unsampled series = [-8.2446226326476939] 

Standard deviations away from true sampled observables for E_expect: [ 0.12781016]  E_expectnew: [ 0.11369941]  A_expect: [ 0.08661937] A_expect_unsamp: [ 1.34570651]
Percent shift = -61.2903225806 

Percent of molecule that is [#6X4:1]-[#1:2] = 56.0 

###############################################################################
NEXT LOOP
traj/AlkEthOH_c100_[#6X4:1]-[#1:2]_k1050.nc
Sub-sampling...
Sub-sampling...
Sub-sampling...
Sub-sampling...
Bootstrap: 1/100
Bootstrap: 2/100
Bootstrap: 3/100
Bootstrap: 4/100
Bootstrap: 5/100
Bootstrap: 6/100
Bootstrap: 7/100
Bootstrap: 8/100
Bootstrap: 9/100
Bootstrap: 10/100
Bootstrap: 11/100
Bootstrap: 12/100
Bootstrap: 13/100
Bootstrap: 14/100
Bootstrap: 15/100
Bootstrap: 16/100
Bootstrap: 17/100
Bootstrap: 18/100
Bootstrap: 19/100
Bootstrap: 20/100
Bootstrap: 21/100
Bootstrap: 22/100
Bootstrap: 23/100
Bootstrap: 24/100
Bootstrap: 25/100
Bootstrap: 26/100
Bootstrap: 27/100
Bootstrap: 28/100
Bootstrap: 29/100
Bootstrap: 30/100
Bootstrap: 31/100
Bootstrap: 32/100
Bootstrap: 33/100
Bootstrap: 34/100
Bootstrap: 35/100
Bootstrap: 36/100
Bootstrap: 37/100
Bootstrap: 38/100
Bootstrap: 39/100
Bootstrap: 40/100
Bootstrap: 41/100
Bootstrap: 42/100
Bootstrap: 43/100
Bootstrap: 44/100
Bootstrap: 45/100
Bootstrap: 46/100
Bootstrap: 47/100
Bootstrap: 48/100
Bootstrap: 49/100
Bootstrap: 50/100
Bootstrap: 51/100
Bootstrap: 52/100
Bootstrap: 53/100
Bootstrap: 54/100
Bootstrap: 55/100
Bootstrap: 56/100
Bootstrap: 57/100
Bootstrap: 58/100
Bootstrap: 59/100
Bootstrap: 60/100
Bootstrap: 61/100
Bootstrap: 62/100
Bootstrap: 63/100
Bootstrap: 64/100
Bootstrap: 65/100
Bootstrap: 66/100
Bootstrap: 67/100
Bootstrap: 68/100
Bootstrap: 69/100
Bootstrap: 70/100
Bootstrap: 71/100
Bootstrap: 72/100
Bootstrap: 73/100
Bootstrap: 74/100
Bootstrap: 75/100
Bootstrap: 76/100
Bootstrap: 77/100
Bootstrap: 78/100
Bootstrap: 79/100
Bootstrap: 80/100
Bootstrap: 81/100
Bootstrap: 82/100
Bootstrap: 83/100
Bootstrap: 84/100
Bootstrap: 85/100
Bootstrap: 86/100
Bootstrap: 87/100
Bootstrap: 88/100
Bootstrap: 89/100
Bootstrap: 90/100
Bootstrap: 91/100
Bootstrap: 92/100
Bootstrap: 93/100
Bootstrap: 94/100
Bootstrap: 95/100
Bootstrap: 96/100
Bootstrap: 97/100
Bootstrap: 98/100
Bootstrap: 99/100
Bootstrap: 100/100
E_expect: [-11.16843825]  dE_expect: [ 0.45451665]  dE_boot: [ 0.42662794] 

E_expectnew: [-7.74298247]  dE_expectnew: [ 0.54920885]  dE_bootnew: [ 0.51298352] 

delta_E_expect: [ 3.42545577]  percent_delta_E_expect: [-30.67085745] 

A_expect: [ 4.81168165]  dA_expect: [ 0.06023117]  dA_boot: [ 0.06555317] 

A_expect_unsamp: [ 4.77550784]  dA_expect_unsamp: [ 0.05707744]  dA_boot_unsamp: [ 0.04470961] 

The mean of the sampled series = [4.7602677207003845] 

The true sampled mean of the observable we're reweighting to = [4.8635246155794034] 

The mean of the energies corresponding to the sampled series = [-11.214418492285436] 

The mean of the energies corresponding to the unsampled series = [-7.8538600195374668] 

Standard deviations away from true sampled observables for E_expect: [ 0.11526244]  E_expectnew: [ 0.1026343]  A_expect: [ 0.01247835] A_expect_unsamp: [ 1.09315027]
Percent shift = -69.3548387097 

Percent of molecule that is [#6X4:1]-[#1:2] = 56.0 

###############################################################################
NEXT LOOP
traj/AlkEthOH_c100_[#6X4:1]-[#1:2]_k1100.nc
Sub-sampling...
Sub-sampling...
Sub-sampling...
Sub-sampling...
Bootstrap: 1/100
Bootstrap: 2/100
Bootstrap: 3/100
Bootstrap: 4/100
Bootstrap: 5/100
Bootstrap: 6/100
Bootstrap: 7/100
Bootstrap: 8/100
Bootstrap: 9/100
Bootstrap: 10/100
Bootstrap: 11/100
Bootstrap: 12/100
Bootstrap: 13/100
Bootstrap: 14/100
Bootstrap: 15/100
Bootstrap: 16/100
Bootstrap: 17/100
Bootstrap: 18/100
Bootstrap: 19/100
Bootstrap: 20/100
Bootstrap: 21/100
Bootstrap: 22/100
Bootstrap: 23/100
Bootstrap: 24/100
Bootstrap: 25/100
Bootstrap: 26/100
Bootstrap: 27/100
Bootstrap: 28/100
Bootstrap: 29/100
Bootstrap: 30/100
Bootstrap: 31/100
Bootstrap: 32/100
Bootstrap: 33/100
Bootstrap: 34/100
Bootstrap: 35/100
Bootstrap: 36/100
Bootstrap: 37/100
Bootstrap: 38/100
Bootstrap: 39/100
Bootstrap: 40/100
Bootstrap: 41/100
Bootstrap: 42/100
Bootstrap: 43/100
Bootstrap: 44/100
Bootstrap: 45/100
Bootstrap: 46/100
Bootstrap: 47/100
Bootstrap: 48/100
Bootstrap: 49/100
Bootstrap: 50/100
Bootstrap: 51/100
Bootstrap: 52/100
Bootstrap: 53/100
Bootstrap: 54/100
Bootstrap: 55/100
Bootstrap: 56/100
Bootstrap: 57/100
Bootstrap: 58/100
Bootstrap: 59/100
Bootstrap: 60/100
Bootstrap: 61/100
Bootstrap: 62/100
Bootstrap: 63/100
Bootstrap: 64/100
Bootstrap: 65/100
Bootstrap: 66/100
Bootstrap: 67/100
Bootstrap: 68/100
Bootstrap: 69/100
Bootstrap: 70/100
Bootstrap: 71/100
Bootstrap: 72/100
Bootstrap: 73/100
Bootstrap: 74/100
Bootstrap: 75/100
Bootstrap: 76/100
Bootstrap: 77/100
Bootstrap: 78/100
Bootstrap: 79/100
Bootstrap: 80/100
Bootstrap: 81/100
Bootstrap: 82/100
Bootstrap: 83/100
Bootstrap: 84/100
Bootstrap: 85/100
Bootstrap: 86/100
Bootstrap: 87/100
Bootstrap: 88/100
Bootstrap: 89/100
Bootstrap: 90/100
Bootstrap: 91/100
Bootstrap: 92/100
Bootstrap: 93/100
Bootstrap: 94/100
Bootstrap: 95/100
Bootstrap: 96/100
Bootstrap: 97/100
Bootstrap: 98/100
Bootstrap: 99/100
Bootstrap: 100/100
E_expect: [-11.25072061]  dE_expect: [ 0.42665456]  dE_boot: [ 0.46771896] 

E_expectnew: [-7.41356237]  dE_expectnew: [ 0.51116207]  dE_bootnew: [ 0.55861976] 

delta_E_expect: [ 3.83715824]  percent_delta_E_expect: [-34.10588863] 

A_expect: [ 4.85817663]  dA_expect: [ 0.06112876]  dA_boot: [ 0.06191402] 

A_expect_unsamp: [ 4.86475977]  dA_expect_unsamp: [ 0.02123291]  dA_boot_unsamp: [ 0.06244037] 

The mean of the sampled series = [4.7602677207003845] 

The true sampled mean of the observable we're reweighting to = [4.9001430715699756] 

The mean of the energies corresponding to the sampled series = [-11.214418492285436] 

The mean of the energies corresponding to the unsampled series = [-7.4630974064272371] 

Standard deviations away from true sampled observables for E_expect: [ 0.00824579]  E_expectnew: [ 0.02933548]  A_expect: [ 0.01610409] A_expect_unsamp: [ 5.09097307]
Percent shift = -77.4193548387 

Percent of molecule that is [#6X4:1]-[#1:2] = 56.0 

###############################################################################
NEXT LOOP
traj/AlkEthOH_c100_[#6X4:1]-[#1:2]_k1150.nc
Sub-sampling...
Sub-sampling...
Sub-sampling...
Sub-sampling...
Bootstrap: 1/100
Bootstrap: 2/100
Bootstrap: 3/100
Bootstrap: 4/100
Bootstrap: 5/100
Bootstrap: 6/100
Bootstrap: 7/100
Bootstrap: 8/100
Bootstrap: 9/100
Bootstrap: 10/100
Bootstrap: 11/100
Bootstrap: 12/100
Bootstrap: 13/100
Bootstrap: 14/100
Bootstrap: 15/100
Bootstrap: 16/100
Bootstrap: 17/100
Bootstrap: 18/100
Bootstrap: 19/100
Bootstrap: 20/100
Bootstrap: 21/100
Bootstrap: 22/100
Bootstrap: 23/100
Bootstrap: 24/100
Bootstrap: 25/100
Bootstrap: 26/100
Bootstrap: 27/100
Bootstrap: 28/100
Bootstrap: 29/100
Bootstrap: 30/100
Bootstrap: 31/100
Bootstrap: 32/100
Bootstrap: 33/100
Bootstrap: 34/100
Bootstrap: 35/100
Bootstrap: 36/100
Bootstrap: 37/100
Bootstrap: 38/100
Bootstrap: 39/100
Bootstrap: 40/100
Bootstrap: 41/100
Bootstrap: 42/100
Bootstrap: 43/100
Bootstrap: 44/100
Bootstrap: 45/100
Bootstrap: 46/100
Bootstrap: 47/100
Bootstrap: 48/100
Bootstrap: 49/100
Bootstrap: 50/100
Bootstrap: 51/100
Bootstrap: 52/100
Bootstrap: 53/100
Bootstrap: 54/100
Bootstrap: 55/100
Bootstrap: 56/100
Bootstrap: 57/100
Bootstrap: 58/100
Bootstrap: 59/100
Bootstrap: 60/100
Bootstrap: 61/100
Bootstrap: 62/100
Bootstrap: 63/100
Bootstrap: 64/100
Bootstrap: 65/100
Bootstrap: 66/100
Bootstrap: 67/100
Bootstrap: 68/100
Bootstrap: 69/100
Bootstrap: 70/100
Bootstrap: 71/100
Bootstrap: 72/100
Bootstrap: 73/100
Bootstrap: 74/100
Bootstrap: 75/100
Bootstrap: 76/100
Bootstrap: 77/100
Bootstrap: 78/100
Bootstrap: 79/100
Bootstrap: 80/100
Bootstrap: 81/100
Bootstrap: 82/100
Bootstrap: 83/100
Bootstrap: 84/100
Bootstrap: 85/100
Bootstrap: 86/100
Bootstrap: 87/100
Bootstrap: 88/100
Bootstrap: 89/100
Bootstrap: 90/100
Bootstrap: 91/100
Bootstrap: 92/100
Bootstrap: 93/100
Bootstrap: 94/100
Bootstrap: 95/100
Bootstrap: 96/100
Bootstrap: 97/100
Bootstrap: 98/100
Bootstrap: 99/100
Bootstrap: 100/100
E_expect: [-10.93779313]  dE_expect: [ 0.46139897]  dE_boot: [ 0.40135599] 

E_expectnew: [-6.95811039]  dE_expectnew: [ 0.54829425]  dE_bootnew: [ 0.51306268] 

delta_E_expect: [ 3.97968274]  percent_delta_E_expect: [-36.38469564] 

A_expect: [ 4.68069988]  dA_expect: [ 0.05617874]  dA_boot: [ 0.06716456] 

A_expect_unsamp: [ 4.80897003]  dA_expect_unsamp: [ 0.03868849]  dA_boot_unsamp: [ 0.05051818] 

The mean of the sampled series = [4.7602677207003845] 

The true sampled mean of the observable we're reweighting to = [4.9839770758778723] 

The mean of the energies corresponding to the sampled series = [-11.214418492285436] 

The mean of the energies corresponding to the unsampled series = [-7.0723347933170073] 

Standard deviations away from true sampled observables for E_expect: [ 0.04897244]  E_expectnew: [ 0.06835769]  A_expect: [ 0.09620547] A_expect_unsamp: [ 4.85892291]
Percent shift = -85.4838709677 

Percent of molecule that is [#6X4:1]-[#1:2] = 56.0 

###############################################################################
NEXT LOOP
