/projects/brma3379/anaconda2/lib/python2.7/site-packages/pymbar/utils.py:110: FutureWarning: comparison to `None` will result in an elementwise object comparison in the future.
  if N_k == None:
/projects/brma3379/anaconda2/lib/python2.7/site-packages/pymbar/mbar.py:872: FutureWarning: comparison to `None` will result in an elementwise object comparison in the future.
  if u_kn == None:
/projects/brma3379/anaconda2/lib/python2.7/site-packages/pymbar/mbar.py:240: FutureWarning: comparison to `None` will result in an elementwise object comparison in the future.
  if initial_f_k != None:
[#6X4:1]-[#6X4:2] occurs 4 times
[#6X4:1]-[#1:2] occurs 8 times
#################################################################################
traj/AlkEthOH_r51_[#6X4:1]-[#6X4:2]_k200.nc
No sub-sampling occurred
No sub-sampling occurred
No sub-sampling occurred
Sub-sampling...
Bootstrap: 1/100
Bootstrap: 2/100
Bootstrap: 3/100
Bootstrap: 4/100
Bootstrap: 5/100
Bootstrap: 6/100
Bootstrap: 7/100
Bootstrap: 8/100
Bootstrap: 9/100
Bootstrap: 10/100
Bootstrap: 11/100
Bootstrap: 12/100
Bootstrap: 13/100
Bootstrap: 14/100
Bootstrap: 15/100
Bootstrap: 16/100
Bootstrap: 17/100
Bootstrap: 18/100
Bootstrap: 19/100
Bootstrap: 20/100
Bootstrap: 21/100
Bootstrap: 22/100
Bootstrap: 23/100
Bootstrap: 24/100
Bootstrap: 25/100
Bootstrap: 26/100
Bootstrap: 27/100
Bootstrap: 28/100
Bootstrap: 29/100
Bootstrap: 30/100
Bootstrap: 31/100
Bootstrap: 32/100
Bootstrap: 33/100
Bootstrap: 34/100
Bootstrap: 35/100
Bootstrap: 36/100
Bootstrap: 37/100
Bootstrap: 38/100
Bootstrap: 39/100
Bootstrap: 40/100
Bootstrap: 41/100
Bootstrap: 42/100
Bootstrap: 43/100
Bootstrap: 44/100
Bootstrap: 45/100
Bootstrap: 46/100
Bootstrap: 47/100
Bootstrap: 48/100
Bootstrap: 49/100
Bootstrap: 50/100
Bootstrap: 51/100
Bootstrap: 52/100
Bootstrap: 53/100
Bootstrap: 54/100
Bootstrap: 55/100
Bootstrap: 56/100
Bootstrap: 57/100
Bootstrap: 58/100
Bootstrap: 59/100
Bootstrap: 60/100
Bootstrap: 61/100
Bootstrap: 62/100
Bootstrap: 63/100
Bootstrap: 64/100
Bootstrap: 65/100
Bootstrap: 66/100
Bootstrap: 67/100
Bootstrap: 68/100
Bootstrap: 69/100
Bootstrap: 70/100
Bootstrap: 71/100
Bootstrap: 72/100
Bootstrap: 73/100
Bootstrap: 74/100
Bootstrap: 75/100
Bootstrap: 76/100
Bootstrap: 77/100
Bootstrap: 78/100
Bootstrap: 79/100
Bootstrap: 80/100
Bootstrap: 81/100
Bootstrap: 82/100
Bootstrap: 83/100
Bootstrap: 84/100
Bootstrap: 85/100
Bootstrap: 86/100
Bootstrap: 87/100
Bootstrap: 88/100
Bootstrap: 89/100
Bootstrap: 90/100
Bootstrap: 91/100
Bootstrap: 92/100
Bootstrap: 93/100
Bootstrap: 94/100
Bootstrap: 95/100
Bootstrap: 96/100
Bootstrap: 97/100
Bootstrap: 98/100
Bootstrap: 99/100
Bootstrap: 100/100
E_expect: [ 50.49212337]  dE_expect: [ 0.05952625]  dE_boot: [ 0.06897079] 

E_expectnew: [ 49.55806389]  dE_expectnew: [ 0.05592701]  dE_bootnew: [ 0.06785601] 

delta_E_expect: [-0.93405947]  percent_delta_E_expect: [-1.84991126] 

A_expect: [ 2.89600265]  dA_expect: [ 0.00211467]  dA_boot: [ 0.0019827] 

A_expect_unsamp: [ 2.88042344]  dA_expect_unsamp: [ 0.0390097]  dA_boot_unsamp: [ 0.07873782] 

The mean of the sampled series = [2.8947086961052855] 

The true sampled mean of the observable we're reweighting to = [2.9128978387924165] 

The mean of the energies corresponding to the sampled series = [50.485391242477391] 

The mean of the energies corresponding to the unsampled series = [49.539580969410068] 

Standard deviations away from true sampled observables for E_expect: [ 0.03356902]  E_expectnew: [ 0.02202137]  A_expect: [ 0.14353751] A_expect_unsamp: [ 0.49021676]
Percent shift = 70.5882352941 

Percent of molecule that is [#6X4:1]-[#6X4:2] = 33.3333333333 

###############################################################################
NEXT LOOP
traj/AlkEthOH_r51_[#6X4:1]-[#6X4:2]_k250.nc
No sub-sampling occurred
No sub-sampling occurred
No sub-sampling occurred
No sub-sampling occurred
Bootstrap: 1/100
Bootstrap: 2/100
Bootstrap: 3/100
Bootstrap: 4/100
Bootstrap: 5/100
Bootstrap: 6/100
Bootstrap: 7/100
Bootstrap: 8/100
Bootstrap: 9/100
Bootstrap: 10/100
Bootstrap: 11/100
Bootstrap: 12/100
Bootstrap: 13/100
Bootstrap: 14/100
Bootstrap: 15/100
Bootstrap: 16/100
Bootstrap: 17/100
Bootstrap: 18/100
Bootstrap: 19/100
Bootstrap: 20/100
Bootstrap: 21/100
Bootstrap: 22/100
Bootstrap: 23/100
Bootstrap: 24/100
Bootstrap: 25/100
Bootstrap: 26/100
Bootstrap: 27/100
Bootstrap: 28/100
Bootstrap: 29/100
Bootstrap: 30/100
Bootstrap: 31/100
Bootstrap: 32/100
Bootstrap: 33/100
Bootstrap: 34/100
Bootstrap: 35/100
Bootstrap: 36/100
Bootstrap: 37/100
Bootstrap: 38/100
Bootstrap: 39/100
Bootstrap: 40/100
Bootstrap: 41/100
Bootstrap: 42/100
Bootstrap: 43/100
Bootstrap: 44/100
Bootstrap: 45/100
Bootstrap: 46/100
Bootstrap: 47/100
Bootstrap: 48/100
Bootstrap: 49/100
Bootstrap: 50/100
Bootstrap: 51/100
Bootstrap: 52/100
Bootstrap: 53/100
Bootstrap: 54/100
Bootstrap: 55/100
Bootstrap: 56/100
Bootstrap: 57/100
Bootstrap: 58/100
Bootstrap: 59/100
Bootstrap: 60/100
Bootstrap: 61/100
Bootstrap: 62/100
Bootstrap: 63/100
Bootstrap: 64/100
Bootstrap: 65/100
Bootstrap: 66/100
Bootstrap: 67/100
Bootstrap: 68/100
Bootstrap: 69/100
Bootstrap: 70/100
Bootstrap: 71/100
Bootstrap: 72/100
Bootstrap: 73/100
Bootstrap: 74/100
Bootstrap: 75/100
Bootstrap: 76/100
Bootstrap: 77/100
Bootstrap: 78/100
Bootstrap: 79/100
Bootstrap: 80/100
Bootstrap: 81/100
Bootstrap: 82/100
Bootstrap: 83/100
Bootstrap: 84/100
Bootstrap: 85/100
Bootstrap: 86/100
Bootstrap: 87/100
Bootstrap: 88/100
Bootstrap: 89/100
Bootstrap: 90/100
Bootstrap: 91/100
Bootstrap: 92/100
Bootstrap: 93/100
Bootstrap: 94/100
Bootstrap: 95/100
Bootstrap: 96/100
Bootstrap: 97/100
Bootstrap: 98/100
Bootstrap: 99/100
Bootstrap: 100/100
E_expect: [ 50.60402598]  dE_expect: [ 0.06353049]  dE_boot: [ 0.05304585] 

E_expectnew: [ 49.73801508]  dE_expectnew: [ 0.05883291]  dE_bootnew: [ 0.04892771] 

delta_E_expect: [-0.8660109]  percent_delta_E_expect: [-1.71134782] 

A_expect: [ 2.89431111]  dA_expect: [ 0.00216228]  dA_boot: [ 0.00211081] 

A_expect_unsamp: [ 2.83740679]  dA_expect_unsamp: [ 0.03034826]  dA_boot_unsamp: [ 0.06703193] 

The mean of the sampled series = [2.8947086961052855] 

The true sampled mean of the observable we're reweighting to = [2.9037513887198982] 

The mean of the energies corresponding to the sampled series = [50.485391242477391] 

The mean of the energies corresponding to the unsampled series = [49.638102872854581] 

Standard deviations away from true sampled observables for E_expect: [ 0.00638345]  E_expectnew: [ 0.00197952]  A_expect: [ 0.14276149] A_expect_unsamp: [ 0.6377639]
Percent shift = 63.2352941176 

Percent of molecule that is [#6X4:1]-[#6X4:2] = 33.3333333333 

###############################################################################
NEXT LOOP
traj/AlkEthOH_r51_[#6X4:1]-[#6X4:2]_k300.nc
No sub-sampling occurred
No sub-sampling occurred
No sub-sampling occurred
No sub-sampling occurred
Bootstrap: 1/100
Bootstrap: 2/100
Bootstrap: 3/100
Bootstrap: 4/100
Bootstrap: 5/100
Bootstrap: 6/100
Bootstrap: 7/100
Bootstrap: 8/100
Bootstrap: 9/100
Bootstrap: 10/100
Bootstrap: 11/100
Bootstrap: 12/100
Bootstrap: 13/100
Bootstrap: 14/100
Bootstrap: 15/100
Bootstrap: 16/100
Bootstrap: 17/100
Bootstrap: 18/100
Bootstrap: 19/100
Bootstrap: 20/100
Bootstrap: 21/100
Bootstrap: 22/100
Bootstrap: 23/100
Bootstrap: 24/100
Bootstrap: 25/100
Bootstrap: 26/100
Bootstrap: 27/100
Bootstrap: 28/100
Bootstrap: 29/100
Bootstrap: 30/100
Bootstrap: 31/100
Bootstrap: 32/100
Bootstrap: 33/100
Bootstrap: 34/100
Bootstrap: 35/100
Bootstrap: 36/100
Bootstrap: 37/100
Bootstrap: 38/100
Bootstrap: 39/100
Bootstrap: 40/100
Bootstrap: 41/100
Bootstrap: 42/100
Bootstrap: 43/100
Bootstrap: 44/100
Bootstrap: 45/100
Bootstrap: 46/100
Bootstrap: 47/100
Bootstrap: 48/100
Bootstrap: 49/100
Bootstrap: 50/100
Bootstrap: 51/100
Bootstrap: 52/100
Bootstrap: 53/100
Bootstrap: 54/100
Bootstrap: 55/100
Bootstrap: 56/100
Bootstrap: 57/100
Bootstrap: 58/100
Bootstrap: 59/100
Bootstrap: 60/100
Bootstrap: 61/100
Bootstrap: 62/100
Bootstrap: 63/100
Bootstrap: 64/100
Bootstrap: 65/100
Bootstrap: 66/100
Bootstrap: 67/100
Bootstrap: 68/100
Bootstrap: 69/100
Bootstrap: 70/100
Bootstrap: 71/100
Bootstrap: 72/100
Bootstrap: 73/100
Bootstrap: 74/100
Bootstrap: 75/100
Bootstrap: 76/100
Bootstrap: 77/100
Bootstrap: 78/100
Bootstrap: 79/100
Bootstrap: 80/100
Bootstrap: 81/100
Bootstrap: 82/100
Bootstrap: 83/100
Bootstrap: 84/100
Bootstrap: 85/100
Bootstrap: 86/100
Bootstrap: 87/100
Bootstrap: 88/100
Bootstrap: 89/100
Bootstrap: 90/100
Bootstrap: 91/100
Bootstrap: 92/100
Bootstrap: 93/100
Bootstrap: 94/100
Bootstrap: 95/100
Bootstrap: 96/100
Bootstrap: 97/100
Bootstrap: 98/100
Bootstrap: 99/100
Bootstrap: 100/100
E_expect: [ 50.41205267]  dE_expect: [ 0.06047197]  dE_boot: [ 0.06027619] 

E_expectnew: [ 49.67609619]  dE_expectnew: [ 0.05726043]  dE_bootnew: [ 0.05617452] 

delta_E_expect: [-0.73595647]  percent_delta_E_expect: [-1.45988198] 

A_expect: [ 2.89532149]  dA_expect: [ 0.00206397]  dA_boot: [ 0.00217433] 

A_expect_unsamp: [ 2.82391817]  dA_expect_unsamp: [ 0.03156654]  dA_boot_unsamp: [ 0.06397398] 

The mean of the sampled series = [2.8947086961052855] 

The true sampled mean of the observable we're reweighting to = [2.9064984684797435] 

The mean of the energies corresponding to the sampled series = [50.485391242477391] 

The mean of the energies corresponding to the unsampled series = [49.736624776299088] 

Standard deviations away from true sampled observables for E_expect: [ 0.05524457]  E_expectnew: [ 0.04881305]  A_expect: [ 0.07236269] A_expect_unsamp: [ 0.95749971]
Percent shift = 55.8823529412 

Percent of molecule that is [#6X4:1]-[#6X4:2] = 33.3333333333 

###############################################################################
NEXT LOOP
traj/AlkEthOH_r51_[#6X4:1]-[#6X4:2]_k350.nc
No sub-sampling occurred
No sub-sampling occurred
No sub-sampling occurred
No sub-sampling occurred
Bootstrap: 1/100
Bootstrap: 2/100
Bootstrap: 3/100
Bootstrap: 4/100
Bootstrap: 5/100
Bootstrap: 6/100
Bootstrap: 7/100
Bootstrap: 8/100
Bootstrap: 9/100
Bootstrap: 10/100
Bootstrap: 11/100
Bootstrap: 12/100
Bootstrap: 13/100
Bootstrap: 14/100
Bootstrap: 15/100
Bootstrap: 16/100
Bootstrap: 17/100
Bootstrap: 18/100
Bootstrap: 19/100
Bootstrap: 20/100
Bootstrap: 21/100
Bootstrap: 22/100
Bootstrap: 23/100
Bootstrap: 24/100
Bootstrap: 25/100
Bootstrap: 26/100
Bootstrap: 27/100
Bootstrap: 28/100
Bootstrap: 29/100
Bootstrap: 30/100
Bootstrap: 31/100
Bootstrap: 32/100
Bootstrap: 33/100
Bootstrap: 34/100
Bootstrap: 35/100
Bootstrap: 36/100
Bootstrap: 37/100
Bootstrap: 38/100
Bootstrap: 39/100
Bootstrap: 40/100
Bootstrap: 41/100
Bootstrap: 42/100
Bootstrap: 43/100
Bootstrap: 44/100
Bootstrap: 45/100
Bootstrap: 46/100
Bootstrap: 47/100
Bootstrap: 48/100
Bootstrap: 49/100
Bootstrap: 50/100
Bootstrap: 51/100
Bootstrap: 52/100
Bootstrap: 53/100
Bootstrap: 54/100
Bootstrap: 55/100
Bootstrap: 56/100
Bootstrap: 57/100
Bootstrap: 58/100
Bootstrap: 59/100
Bootstrap: 60/100
Bootstrap: 61/100
Bootstrap: 62/100
Bootstrap: 63/100
Bootstrap: 64/100
Bootstrap: 65/100
Bootstrap: 66/100
Bootstrap: 67/100
Bootstrap: 68/100
Bootstrap: 69/100
Bootstrap: 70/100
Bootstrap: 71/100
Bootstrap: 72/100
Bootstrap: 73/100
Bootstrap: 74/100
Bootstrap: 75/100
Bootstrap: 76/100
Bootstrap: 77/100
Bootstrap: 78/100
Bootstrap: 79/100
Bootstrap: 80/100
Bootstrap: 81/100
Bootstrap: 82/100
Bootstrap: 83/100
Bootstrap: 84/100
Bootstrap: 85/100
Bootstrap: 86/100
Bootstrap: 87/100
Bootstrap: 88/100
Bootstrap: 89/100
Bootstrap: 90/100
Bootstrap: 91/100
Bootstrap: 92/100
Bootstrap: 93/100
Bootstrap: 94/100
Bootstrap: 95/100
Bootstrap: 96/100
Bootstrap: 97/100
Bootstrap: 98/100
Bootstrap: 99/100
Bootstrap: 100/100
E_expect: [ 50.59570288]  dE_expect: [ 0.0613285]  dE_boot: [ 0.06265605] 

E_expectnew: [ 49.93251374]  dE_expectnew: [ 0.05823176]  dE_bootnew: [ 0.05885378] 

delta_E_expect: [-0.66318914]  percent_delta_E_expect: [-1.31076179] 

A_expect: [ 2.8970218]  dA_expect: [ 0.0021642]  dA_boot: [ 0.0018957] 

A_expect_unsamp: [ 2.91209769]  dA_expect_unsamp: [ 0.03371942]  dA_boot_unsamp: [ 0.05776867] 

The mean of the sampled series = [2.8947086961052855] 

The true sampled mean of the observable we're reweighting to = [2.899012637717183] 

The mean of the energies corresponding to the sampled series = [50.485391242477391] 

The mean of the energies corresponding to the unsampled series = [49.835146679743609] 

Standard deviations away from true sampled observables for E_expect: [ 0.0724248]  E_expectnew: [ 0.06801653]  A_expect: [ 0.14563502] A_expect_unsamp: [ 0.46964616]
Percent shift = 48.5294117647 

Percent of molecule that is [#6X4:1]-[#6X4:2] = 33.3333333333 

###############################################################################
NEXT LOOP
traj/AlkEthOH_r51_[#6X4:1]-[#6X4:2]_k400.nc
No sub-sampling occurred
No sub-sampling occurred
No sub-sampling occurred
No sub-sampling occurred
Bootstrap: 1/100
Bootstrap: 2/100
Bootstrap: 3/100
Bootstrap: 4/100
Bootstrap: 5/100
Bootstrap: 6/100
Bootstrap: 7/100
Bootstrap: 8/100
Bootstrap: 9/100
Bootstrap: 10/100
Bootstrap: 11/100
Bootstrap: 12/100
Bootstrap: 13/100
Bootstrap: 14/100
Bootstrap: 15/100
Bootstrap: 16/100
Bootstrap: 17/100
Bootstrap: 18/100
Bootstrap: 19/100
Bootstrap: 20/100
Bootstrap: 21/100
Bootstrap: 22/100
Bootstrap: 23/100
Bootstrap: 24/100
Bootstrap: 25/100
Bootstrap: 26/100
Bootstrap: 27/100
Bootstrap: 28/100
Bootstrap: 29/100
Bootstrap: 30/100
Bootstrap: 31/100
Bootstrap: 32/100
Bootstrap: 33/100
Bootstrap: 34/100
Bootstrap: 35/100
Bootstrap: 36/100
Bootstrap: 37/100
Bootstrap: 38/100
Bootstrap: 39/100
Bootstrap: 40/100
Bootstrap: 41/100
Bootstrap: 42/100
Bootstrap: 43/100
Bootstrap: 44/100
Bootstrap: 45/100
Bootstrap: 46/100
Bootstrap: 47/100
Bootstrap: 48/100
Bootstrap: 49/100
Bootstrap: 50/100
Bootstrap: 51/100
Bootstrap: 52/100
Bootstrap: 53/100
Bootstrap: 54/100
Bootstrap: 55/100
Bootstrap: 56/100
Bootstrap: 57/100
Bootstrap: 58/100
Bootstrap: 59/100
Bootstrap: 60/100
Bootstrap: 61/100
Bootstrap: 62/100
Bootstrap: 63/100
Bootstrap: 64/100
Bootstrap: 65/100
Bootstrap: 66/100
Bootstrap: 67/100
Bootstrap: 68/100
Bootstrap: 69/100
Bootstrap: 70/100
Bootstrap: 71/100
Bootstrap: 72/100
Bootstrap: 73/100
Bootstrap: 74/100
Bootstrap: 75/100
Bootstrap: 76/100
Bootstrap: 77/100
Bootstrap: 78/100
Bootstrap: 79/100
Bootstrap: 80/100
Bootstrap: 81/100
Bootstrap: 82/100
Bootstrap: 83/100
Bootstrap: 84/100
Bootstrap: 85/100
Bootstrap: 86/100
Bootstrap: 87/100
Bootstrap: 88/100
Bootstrap: 89/100
Bootstrap: 90/100
Bootstrap: 91/100
Bootstrap: 92/100
Bootstrap: 93/100
Bootstrap: 94/100
Bootstrap: 95/100
Bootstrap: 96/100
Bootstrap: 97/100
Bootstrap: 98/100
Bootstrap: 99/100
Bootstrap: 100/100
E_expect: [ 50.42831676]  dE_expect: [ 0.05818061]  dE_boot: [ 0.06139756] 

E_expectnew: [ 49.87318775]  dE_expectnew: [ 0.05561092]  dE_bootnew: [ 0.06023446] 

delta_E_expect: [-0.55512901]  percent_delta_E_expect: [-1.10082796] 

A_expect: [ 2.89448745]  dA_expect: [ 0.00210284]  dA_boot: [ 0.0021922] 

A_expect_unsamp: [ 2.92131626]  dA_expect_unsamp: [ 0.02913014]  dA_boot_unsamp: [ 0.05389841] 

The mean of the sampled series = [2.8947086961052855] 

The true sampled mean of the observable we're reweighting to = [2.9029962683992054] 

The mean of the energies corresponding to the sampled series = [50.485391242477391] 

The mean of the energies corresponding to the unsampled series = [49.933668583188116] 

Standard deviations away from true sampled observables for E_expect: [ 0.08184598]  E_expectnew: [ 0.11510528]  A_expect: [ 0.06085569] A_expect_unsamp: [ 0.92958494]
Percent shift = 41.1764705882 

Percent of molecule that is [#6X4:1]-[#6X4:2] = 33.3333333333 

###############################################################################
NEXT LOOP
traj/AlkEthOH_r51_[#6X4:1]-[#6X4:2]_k450.nc
No sub-sampling occurred
No sub-sampling occurred
No sub-sampling occurred
Sub-sampling...
Bootstrap: 1/100
Bootstrap: 2/100
Bootstrap: 3/100
Bootstrap: 4/100
Bootstrap: 5/100
Bootstrap: 6/100
Bootstrap: 7/100
Bootstrap: 8/100
Bootstrap: 9/100
Bootstrap: 10/100
Bootstrap: 11/100
Bootstrap: 12/100
Bootstrap: 13/100
Bootstrap: 14/100
Bootstrap: 15/100
Bootstrap: 16/100
Bootstrap: 17/100
Bootstrap: 18/100
Bootstrap: 19/100
Bootstrap: 20/100
Bootstrap: 21/100
Bootstrap: 22/100
Bootstrap: 23/100
Bootstrap: 24/100
Bootstrap: 25/100
Bootstrap: 26/100
Bootstrap: 27/100
Bootstrap: 28/100
Bootstrap: 29/100
Bootstrap: 30/100
Bootstrap: 31/100
Bootstrap: 32/100
Bootstrap: 33/100
Bootstrap: 34/100
Bootstrap: 35/100
Bootstrap: 36/100
Bootstrap: 37/100
Bootstrap: 38/100
Bootstrap: 39/100
Bootstrap: 40/100
Bootstrap: 41/100
Bootstrap: 42/100
Bootstrap: 43/100
Bootstrap: 44/100
Bootstrap: 45/100
Bootstrap: 46/100
Bootstrap: 47/100
Bootstrap: 48/100
Bootstrap: 49/100
Bootstrap: 50/100
Bootstrap: 51/100
Bootstrap: 52/100
Bootstrap: 53/100
Bootstrap: 54/100
Bootstrap: 55/100
Bootstrap: 56/100
Bootstrap: 57/100
Bootstrap: 58/100
Bootstrap: 59/100
Bootstrap: 60/100
Bootstrap: 61/100
Bootstrap: 62/100
Bootstrap: 63/100
Bootstrap: 64/100
Bootstrap: 65/100
Bootstrap: 66/100
Bootstrap: 67/100
Bootstrap: 68/100
Bootstrap: 69/100
Bootstrap: 70/100
Bootstrap: 71/100
Bootstrap: 72/100
Bootstrap: 73/100
Bootstrap: 74/100
Bootstrap: 75/100
Bootstrap: 76/100
Bootstrap: 77/100
Bootstrap: 78/100
Bootstrap: 79/100
Bootstrap: 80/100
Bootstrap: 81/100
Bootstrap: 82/100
Bootstrap: 83/100
Bootstrap: 84/100
Bootstrap: 85/100
Bootstrap: 86/100
Bootstrap: 87/100
Bootstrap: 88/100
Bootstrap: 89/100
Bootstrap: 90/100
Bootstrap: 91/100
Bootstrap: 92/100
Bootstrap: 93/100
Bootstrap: 94/100
Bootstrap: 95/100
Bootstrap: 96/100
Bootstrap: 97/100
Bootstrap: 98/100
Bootstrap: 99/100
Bootstrap: 100/100
E_expect: [ 50.42862986]  dE_expect: [ 0.06074944]  dE_boot: [ 0.06367919] 

E_expectnew: [ 49.98495883]  dE_expectnew: [ 0.05838931]  dE_bootnew: [ 0.06019249] 

delta_E_expect: [-0.44367102]  percent_delta_E_expect: [-0.87979988] 

A_expect: [ 2.89152557]  dA_expect: [ 0.00209992]  dA_boot: [ 0.00198405] 

A_expect_unsamp: [ 2.8905877]  dA_expect_unsamp: [ 0.03816958]  dA_boot_unsamp: [ 0.04724899] 

The mean of the sampled series = [2.8947086961052855] 

The true sampled mean of the observable we're reweighting to = [2.9011076276595995] 

The mean of the energies corresponding to the sampled series = [50.485391242477391] 

The mean of the energies corresponding to the unsampled series = [50.032190486632636] 

Standard deviations away from true sampled observables for E_expect: [ 0.01440825]  E_expectnew: [ 0.00471708]  A_expect: [ 0.14015] A_expect_unsamp: [ 0.48502131]
Percent shift = 33.8235294118 

Percent of molecule that is [#6X4:1]-[#6X4:2] = 33.3333333333 

###############################################################################
NEXT LOOP
traj/AlkEthOH_r51_[#6X4:1]-[#6X4:2]_k500.nc
No sub-sampling occurred
No sub-sampling occurred
No sub-sampling occurred
No sub-sampling occurred
Bootstrap: 1/100
Bootstrap: 2/100
Bootstrap: 3/100
Bootstrap: 4/100
Bootstrap: 5/100
Bootstrap: 6/100
Bootstrap: 7/100
Bootstrap: 8/100
Bootstrap: 9/100
Bootstrap: 10/100
Bootstrap: 11/100
Bootstrap: 12/100
Bootstrap: 13/100
Bootstrap: 14/100
Bootstrap: 15/100
Bootstrap: 16/100
Bootstrap: 17/100
Bootstrap: 18/100
Bootstrap: 19/100
Bootstrap: 20/100
Bootstrap: 21/100
Bootstrap: 22/100
Bootstrap: 23/100
Bootstrap: 24/100
Bootstrap: 25/100
Bootstrap: 26/100
Bootstrap: 27/100
Bootstrap: 28/100
Bootstrap: 29/100
Bootstrap: 30/100
Bootstrap: 31/100
Bootstrap: 32/100
Bootstrap: 33/100
Bootstrap: 34/100
Bootstrap: 35/100
Bootstrap: 36/100
Bootstrap: 37/100
Bootstrap: 38/100
Bootstrap: 39/100
Bootstrap: 40/100
Bootstrap: 41/100
Bootstrap: 42/100
Bootstrap: 43/100
Bootstrap: 44/100
Bootstrap: 45/100
Bootstrap: 46/100
Bootstrap: 47/100
Bootstrap: 48/100
Bootstrap: 49/100
Bootstrap: 50/100
Bootstrap: 51/100
Bootstrap: 52/100
Bootstrap: 53/100
Bootstrap: 54/100
Bootstrap: 55/100
Bootstrap: 56/100
Bootstrap: 57/100
Bootstrap: 58/100
Bootstrap: 59/100
Bootstrap: 60/100
Bootstrap: 61/100
Bootstrap: 62/100
Bootstrap: 63/100
Bootstrap: 64/100
Bootstrap: 65/100
Bootstrap: 66/100
Bootstrap: 67/100
Bootstrap: 68/100
Bootstrap: 69/100
Bootstrap: 70/100
Bootstrap: 71/100
Bootstrap: 72/100
Bootstrap: 73/100
Bootstrap: 74/100
Bootstrap: 75/100
Bootstrap: 76/100
Bootstrap: 77/100
Bootstrap: 78/100
Bootstrap: 79/100
Bootstrap: 80/100
Bootstrap: 81/100
Bootstrap: 82/100
Bootstrap: 83/100
Bootstrap: 84/100
Bootstrap: 85/100
Bootstrap: 86/100
Bootstrap: 87/100
Bootstrap: 88/100
Bootstrap: 89/100
Bootstrap: 90/100
Bootstrap: 91/100
Bootstrap: 92/100
Bootstrap: 93/100
Bootstrap: 94/100
Bootstrap: 95/100
Bootstrap: 96/100
Bootstrap: 97/100
Bootstrap: 98/100
Bootstrap: 99/100
Bootstrap: 100/100
E_expect: [ 50.52537874]  dE_expect: [ 0.06233474]  dE_boot: [ 0.05781316] 

E_expectnew: [ 50.17193523]  dE_expectnew: [ 0.06052084]  dE_bootnew: [ 0.05705784] 

delta_E_expect: [-0.35344351]  percent_delta_E_expect: [-0.69953659] 

A_expect: [ 2.89512302]  dA_expect: [ 0.00211488]  dA_boot: [ 0.00224818] 

A_expect_unsamp: [ 2.88304589]  dA_expect_unsamp: [ 0.03858196]  dA_boot_unsamp: [ 0.04211918] 

The mean of the sampled series = [2.8947086961052855] 

The true sampled mean of the observable we're reweighting to = [2.8938429454748507] 

The mean of the energies corresponding to the sampled series = [50.485391242477391] 

The mean of the energies corresponding to the unsampled series = [50.130712390077143] 

Standard deviations away from true sampled observables for E_expect: [ 0.07813768]  E_expectnew: [ 0.07082128]  A_expect: [ 0.01240088] A_expect_unsamp: [ 0.06505474]
Percent shift = 26.4705882353 

Percent of molecule that is [#6X4:1]-[#6X4:2] = 33.3333333333 

###############################################################################
NEXT LOOP
traj/AlkEthOH_r51_[#6X4:1]-[#6X4:2]_k550.nc
No sub-sampling occurred
No sub-sampling occurred
No sub-sampling occurred
Sub-sampling...
Bootstrap: 1/100
Bootstrap: 2/100
Bootstrap: 3/100
Bootstrap: 4/100
Bootstrap: 5/100
Bootstrap: 6/100
Bootstrap: 7/100
Bootstrap: 8/100
Bootstrap: 9/100
Bootstrap: 10/100
Bootstrap: 11/100
Bootstrap: 12/100
Bootstrap: 13/100
Bootstrap: 14/100
Bootstrap: 15/100
Bootstrap: 16/100
Bootstrap: 17/100
Bootstrap: 18/100
Bootstrap: 19/100
Bootstrap: 20/100
Bootstrap: 21/100
Bootstrap: 22/100
Bootstrap: 23/100
Bootstrap: 24/100
Bootstrap: 25/100
Bootstrap: 26/100
Bootstrap: 27/100
Bootstrap: 28/100
Bootstrap: 29/100
Bootstrap: 30/100
Bootstrap: 31/100
Bootstrap: 32/100
Bootstrap: 33/100
Bootstrap: 34/100
Bootstrap: 35/100
Bootstrap: 36/100
Bootstrap: 37/100
Bootstrap: 38/100
Bootstrap: 39/100
Bootstrap: 40/100
Bootstrap: 41/100
Bootstrap: 42/100
Bootstrap: 43/100
Bootstrap: 44/100
Bootstrap: 45/100
Bootstrap: 46/100
Bootstrap: 47/100
Bootstrap: 48/100
Bootstrap: 49/100
Bootstrap: 50/100
Bootstrap: 51/100
Bootstrap: 52/100
Bootstrap: 53/100
Bootstrap: 54/100
Bootstrap: 55/100
Bootstrap: 56/100
Bootstrap: 57/100
Bootstrap: 58/100
Bootstrap: 59/100
Bootstrap: 60/100
Bootstrap: 61/100
Bootstrap: 62/100
Bootstrap: 63/100
Bootstrap: 64/100
Bootstrap: 65/100
Bootstrap: 66/100
Bootstrap: 67/100
Bootstrap: 68/100
Bootstrap: 69/100
Bootstrap: 70/100
Bootstrap: 71/100
Bootstrap: 72/100
Bootstrap: 73/100
Bootstrap: 74/100
Bootstrap: 75/100
Bootstrap: 76/100
Bootstrap: 77/100
Bootstrap: 78/100
Bootstrap: 79/100
Bootstrap: 80/100
Bootstrap: 81/100
Bootstrap: 82/100
Bootstrap: 83/100
Bootstrap: 84/100
Bootstrap: 85/100
Bootstrap: 86/100
Bootstrap: 87/100
Bootstrap: 88/100
Bootstrap: 89/100
Bootstrap: 90/100
Bootstrap: 91/100
Bootstrap: 92/100
Bootstrap: 93/100
Bootstrap: 94/100
Bootstrap: 95/100
Bootstrap: 96/100
Bootstrap: 97/100
Bootstrap: 98/100
Bootstrap: 99/100
Bootstrap: 100/100
E_expect: [ 50.44045619]  dE_expect: [ 0.06056031]  dE_boot: [ 0.06117357] 

E_expectnew: [ 50.18473784]  dE_expectnew: [ 0.05909257]  dE_bootnew: [ 0.05913073] 

delta_E_expect: [-0.25571835]  percent_delta_E_expect: [-0.50697072] 

A_expect: [ 2.89281446]  dA_expect: [ 0.00207972]  dA_boot: [ 0.00203006] 

A_expect_unsamp: [ 2.8834375]  dA_expect_unsamp: [ 0.03939373]  dA_boot_unsamp: [ 0.04172738] 

The mean of the sampled series = [2.8947086961052855] 

The true sampled mean of the observable we're reweighting to = [2.8959296395879943] 

The mean of the energies corresponding to the sampled series = [50.485391242477391] 

The mean of the energies corresponding to the unsampled series = [50.229234293521657] 

Standard deviations away from true sampled observables for E_expect: [ 0.01756796]  E_expectnew: [ 0.02695624]  A_expect: [ 0.03533909] A_expect_unsamp: [ 0.31618949]
Percent shift = 19.1176470588 

Percent of molecule that is [#6X4:1]-[#6X4:2] = 33.3333333333 

###############################################################################
NEXT LOOP
traj/AlkEthOH_r51_[#6X4:1]-[#6X4:2]_k600.nc
No sub-sampling occurred
No sub-sampling occurred
No sub-sampling occurred
No sub-sampling occurred
Bootstrap: 1/100
Bootstrap: 2/100
Bootstrap: 3/100
Bootstrap: 4/100
Bootstrap: 5/100
Bootstrap: 6/100
Bootstrap: 7/100
Bootstrap: 8/100
Bootstrap: 9/100
Bootstrap: 10/100
Bootstrap: 11/100
Bootstrap: 12/100
Bootstrap: 13/100
Bootstrap: 14/100
Bootstrap: 15/100
Bootstrap: 16/100
Bootstrap: 17/100
Bootstrap: 18/100
Bootstrap: 19/100
Bootstrap: 20/100
Bootstrap: 21/100
Bootstrap: 22/100
Bootstrap: 23/100
Bootstrap: 24/100
Bootstrap: 25/100
Bootstrap: 26/100
Bootstrap: 27/100
Bootstrap: 28/100
Bootstrap: 29/100
Bootstrap: 30/100
Bootstrap: 31/100
Bootstrap: 32/100
Bootstrap: 33/100
Bootstrap: 34/100
Bootstrap: 35/100
Bootstrap: 36/100
Bootstrap: 37/100
Bootstrap: 38/100
Bootstrap: 39/100
Bootstrap: 40/100
Bootstrap: 41/100
Bootstrap: 42/100
Bootstrap: 43/100
Bootstrap: 44/100
Bootstrap: 45/100
Bootstrap: 46/100
Bootstrap: 47/100
Bootstrap: 48/100
Bootstrap: 49/100
Bootstrap: 50/100
Bootstrap: 51/100
Bootstrap: 52/100
Bootstrap: 53/100
Bootstrap: 54/100
Bootstrap: 55/100
Bootstrap: 56/100
Bootstrap: 57/100
Bootstrap: 58/100
Bootstrap: 59/100
Bootstrap: 60/100
Bootstrap: 61/100
Bootstrap: 62/100
Bootstrap: 63/100
Bootstrap: 64/100
Bootstrap: 65/100
Bootstrap: 66/100
Bootstrap: 67/100
Bootstrap: 68/100
Bootstrap: 69/100
Bootstrap: 70/100
Bootstrap: 71/100
Bootstrap: 72/100
Bootstrap: 73/100
Bootstrap: 74/100
Bootstrap: 75/100
Bootstrap: 76/100
Bootstrap: 77/100
Bootstrap: 78/100
Bootstrap: 79/100
Bootstrap: 80/100
Bootstrap: 81/100
Bootstrap: 82/100
Bootstrap: 83/100
Bootstrap: 84/100
Bootstrap: 85/100
Bootstrap: 86/100
Bootstrap: 87/100
Bootstrap: 88/100
Bootstrap: 89/100
Bootstrap: 90/100
Bootstrap: 91/100
Bootstrap: 92/100
Bootstrap: 93/100
Bootstrap: 94/100
Bootstrap: 95/100
Bootstrap: 96/100
Bootstrap: 97/100
Bootstrap: 98/100
Bootstrap: 99/100
Bootstrap: 100/100
E_expect: [ 50.42385632]  dE_expect: [ 0.06300656]  dE_boot: [ 0.06399258] 

E_expectnew: [ 50.26607921]  dE_expectnew: [ 0.06209882]  dE_bootnew: [ 0.06292017] 

delta_E_expect: [-0.15777711]  percent_delta_E_expect: [-0.31290172] 

A_expect: [ 2.89620093]  dA_expect: [ 0.00211421]  dA_boot: [ 0.00206758] 

A_expect_unsamp: [ 2.97506958]  dA_expect_unsamp: [ 0.01919709]  dA_boot_unsamp: [ 0.03423824] 

The mean of the sampled series = [2.8947086961052855] 

The true sampled mean of the observable we're reweighting to = [2.8961479395526428] 

The mean of the energies corresponding to the sampled series = [50.485391242477391] 

The mean of the energies corresponding to the unsampled series = [50.327756196966178] 

Standard deviations away from true sampled observables for E_expect: [ 0.10108621]  E_expectnew: [ 0.10494937]  A_expect: [ 0.16632665] A_expect_unsamp: [ 0.15853773]
Percent shift = 11.7647058824 

Percent of molecule that is [#6X4:1]-[#6X4:2] = 33.3333333333 

###############################################################################
NEXT LOOP
traj/AlkEthOH_r51_[#6X4:1]-[#6X4:2]_k650.nc
No sub-sampling occurred
No sub-sampling occurred
No sub-sampling occurred
No sub-sampling occurred
Bootstrap: 1/100
Bootstrap: 2/100
Bootstrap: 3/100
Bootstrap: 4/100
Bootstrap: 5/100
Bootstrap: 6/100
Bootstrap: 7/100
Bootstrap: 8/100
Bootstrap: 9/100
Bootstrap: 10/100
Bootstrap: 11/100
Bootstrap: 12/100
Bootstrap: 13/100
Bootstrap: 14/100
Bootstrap: 15/100
Bootstrap: 16/100
Bootstrap: 17/100
Bootstrap: 18/100
Bootstrap: 19/100
Bootstrap: 20/100
Bootstrap: 21/100
Bootstrap: 22/100
Bootstrap: 23/100
Bootstrap: 24/100
Bootstrap: 25/100
Bootstrap: 26/100
Bootstrap: 27/100
Bootstrap: 28/100
Bootstrap: 29/100
Bootstrap: 30/100
Bootstrap: 31/100
Bootstrap: 32/100
Bootstrap: 33/100
Bootstrap: 34/100
Bootstrap: 35/100
Bootstrap: 36/100
Bootstrap: 37/100
Bootstrap: 38/100
Bootstrap: 39/100
Bootstrap: 40/100
Bootstrap: 41/100
Bootstrap: 42/100
Bootstrap: 43/100
Bootstrap: 44/100
Bootstrap: 45/100
Bootstrap: 46/100
Bootstrap: 47/100
Bootstrap: 48/100
Bootstrap: 49/100
Bootstrap: 50/100
Bootstrap: 51/100
Bootstrap: 52/100
Bootstrap: 53/100
Bootstrap: 54/100
Bootstrap: 55/100
Bootstrap: 56/100
Bootstrap: 57/100
Bootstrap: 58/100
Bootstrap: 59/100
Bootstrap: 60/100
Bootstrap: 61/100
Bootstrap: 62/100
Bootstrap: 63/100
Bootstrap: 64/100
Bootstrap: 65/100
Bootstrap: 66/100
Bootstrap: 67/100
Bootstrap: 68/100
Bootstrap: 69/100
Bootstrap: 70/100
Bootstrap: 71/100
Bootstrap: 72/100
Bootstrap: 73/100
Bootstrap: 74/100
Bootstrap: 75/100
Bootstrap: 76/100
Bootstrap: 77/100
Bootstrap: 78/100
Bootstrap: 79/100
Bootstrap: 80/100
Bootstrap: 81/100
Bootstrap: 82/100
Bootstrap: 83/100
Bootstrap: 84/100
Bootstrap: 85/100
Bootstrap: 86/100
Bootstrap: 87/100
Bootstrap: 88/100
Bootstrap: 89/100
Bootstrap: 90/100
Bootstrap: 91/100
Bootstrap: 92/100
Bootstrap: 93/100
Bootstrap: 94/100
Bootstrap: 95/100
Bootstrap: 96/100
Bootstrap: 97/100
Bootstrap: 98/100
Bootstrap: 99/100
Bootstrap: 100/100
E_expect: [ 50.64974234]  dE_expect: [ 0.06177333]  dE_boot: [ 0.05922591] 

E_expectnew: [ 50.58987921]  dE_expectnew: [ 0.06141857]  dE_bootnew: [ 0.05873223] 

delta_E_expect: [-0.05986313]  percent_delta_E_expect: [-0.11819039] 

A_expect: [ 2.89475705]  dA_expect: [ 0.00214025]  dA_boot: [ 0.00224845] 

A_expect_unsamp: [ 2.86347212]  dA_expect_unsamp: [ 0.02884693]  dA_boot_unsamp: [ 0.03648856] 

The mean of the sampled series = [2.8947086961052855] 

The true sampled mean of the observable we're reweighting to = [2.8971576741265799] 

The mean of the energies corresponding to the sampled series = [50.485391242477391] 

The mean of the energies corresponding to the unsampled series = [50.426278100410677] 

Standard deviations away from true sampled observables for E_expect: [ 0.10207977]  E_expectnew: [ 0.10115248]  A_expect: [ 0.09901587] A_expect_unsamp: [ 0.57066857]
Percent shift = 4.41176470588 

Percent of molecule that is [#6X4:1]-[#6X4:2] = 33.3333333333 

###############################################################################
NEXT LOOP
traj/AlkEthOH_r51_[#6X4:1]-[#6X4:2]_k700.nc
No sub-sampling occurred
No sub-sampling occurred
No sub-sampling occurred
No sub-sampling occurred
Bootstrap: 1/100
Bootstrap: 2/100
Bootstrap: 3/100
Bootstrap: 4/100
Bootstrap: 5/100
Bootstrap: 6/100
Bootstrap: 7/100
Bootstrap: 8/100
Bootstrap: 9/100
Bootstrap: 10/100
Bootstrap: 11/100
Bootstrap: 12/100
Bootstrap: 13/100
Bootstrap: 14/100
Bootstrap: 15/100
Bootstrap: 16/100
Bootstrap: 17/100
Bootstrap: 18/100
Bootstrap: 19/100
Bootstrap: 20/100
Bootstrap: 21/100
Bootstrap: 22/100
Bootstrap: 23/100
Bootstrap: 24/100
Bootstrap: 25/100
Bootstrap: 26/100
Bootstrap: 27/100
Bootstrap: 28/100
Bootstrap: 29/100
Bootstrap: 30/100
Bootstrap: 31/100
Bootstrap: 32/100
Bootstrap: 33/100
Bootstrap: 34/100
Bootstrap: 35/100
Bootstrap: 36/100
Bootstrap: 37/100
Bootstrap: 38/100
Bootstrap: 39/100
Bootstrap: 40/100
Bootstrap: 41/100
Bootstrap: 42/100
Bootstrap: 43/100
Bootstrap: 44/100
Bootstrap: 45/100
Bootstrap: 46/100
Bootstrap: 47/100
Bootstrap: 48/100
Bootstrap: 49/100
Bootstrap: 50/100
Bootstrap: 51/100
Bootstrap: 52/100
Bootstrap: 53/100
Bootstrap: 54/100
Bootstrap: 55/100
Bootstrap: 56/100
Bootstrap: 57/100
Bootstrap: 58/100
Bootstrap: 59/100
Bootstrap: 60/100
Bootstrap: 61/100
Bootstrap: 62/100
Bootstrap: 63/100
Bootstrap: 64/100
Bootstrap: 65/100
Bootstrap: 66/100
Bootstrap: 67/100
Bootstrap: 68/100
Bootstrap: 69/100
Bootstrap: 70/100
Bootstrap: 71/100
Bootstrap: 72/100
Bootstrap: 73/100
Bootstrap: 74/100
Bootstrap: 75/100
Bootstrap: 76/100
Bootstrap: 77/100
Bootstrap: 78/100
Bootstrap: 79/100
Bootstrap: 80/100
Bootstrap: 81/100
Bootstrap: 82/100
Bootstrap: 83/100
Bootstrap: 84/100
Bootstrap: 85/100
Bootstrap: 86/100
Bootstrap: 87/100
Bootstrap: 88/100
Bootstrap: 89/100
Bootstrap: 90/100
Bootstrap: 91/100
Bootstrap: 92/100
Bootstrap: 93/100
Bootstrap: 94/100
Bootstrap: 95/100
Bootstrap: 96/100
Bootstrap: 97/100
Bootstrap: 98/100
Bootstrap: 99/100
Bootstrap: 100/100
E_expect: [ 50.51508761]  dE_expect: [ 0.06149578]  dE_boot: [ 0.0584939] 

E_expectnew: [ 50.5545967]  dE_expectnew: [ 0.0617327]  dE_bootnew: [ 0.05876587] 

delta_E_expect: [ 0.03950909]  percent_delta_E_expect: [ 0.07821246] 

A_expect: [ 2.89554401]  dA_expect: [ 0.00209119]  dA_boot: [ 0.00213896] 

A_expect_unsamp: [ 2.89611439]  dA_expect_unsamp: [ 0.03560712]  dA_boot_unsamp: [ 0.03319821] 

The mean of the sampled series = [2.8947086961052855] 

The true sampled mean of the observable we're reweighting to = [2.8950785503102296] 

The mean of the energies corresponding to the sampled series = [50.485391242477391] 

The mean of the energies corresponding to the unsampled series = [50.524800003855198] 

Standard deviations away from true sampled observables for E_expect: [ 0.24439735]  E_expectnew: [ 0.24662594]  A_expect: [ 0.06239611] A_expect_unsamp: [ 0.51555747]
Percent shift = -2.94117647059 

Percent of molecule that is [#6X4:1]-[#6X4:2] = 33.3333333333 

###############################################################################
NEXT LOOP
traj/AlkEthOH_r51_[#6X4:1]-[#6X4:2]_k750.nc
No sub-sampling occurred
No sub-sampling occurred
No sub-sampling occurred
Sub-sampling...
Bootstrap: 1/100
Bootstrap: 2/100
Bootstrap: 3/100
Bootstrap: 4/100
Bootstrap: 5/100
Bootstrap: 6/100
Bootstrap: 7/100
Bootstrap: 8/100
Bootstrap: 9/100
Bootstrap: 10/100
Bootstrap: 11/100
Bootstrap: 12/100
Bootstrap: 13/100
Bootstrap: 14/100
Bootstrap: 15/100
Bootstrap: 16/100
Bootstrap: 17/100
Bootstrap: 18/100
Bootstrap: 19/100
Bootstrap: 20/100
Bootstrap: 21/100
Bootstrap: 22/100
Bootstrap: 23/100
Bootstrap: 24/100
Bootstrap: 25/100
Bootstrap: 26/100
Bootstrap: 27/100
Bootstrap: 28/100
Bootstrap: 29/100
Bootstrap: 30/100
Bootstrap: 31/100
Bootstrap: 32/100
Bootstrap: 33/100
Bootstrap: 34/100
Bootstrap: 35/100
Bootstrap: 36/100
Bootstrap: 37/100
Bootstrap: 38/100
Bootstrap: 39/100
Bootstrap: 40/100
Bootstrap: 41/100
Bootstrap: 42/100
Bootstrap: 43/100
Bootstrap: 44/100
Bootstrap: 45/100
Bootstrap: 46/100
Bootstrap: 47/100
Bootstrap: 48/100
Bootstrap: 49/100
Bootstrap: 50/100
Bootstrap: 51/100
Bootstrap: 52/100
Bootstrap: 53/100
Bootstrap: 54/100
Bootstrap: 55/100
Bootstrap: 56/100
Bootstrap: 57/100
Bootstrap: 58/100
Bootstrap: 59/100
Bootstrap: 60/100
Bootstrap: 61/100
Bootstrap: 62/100
Bootstrap: 63/100
Bootstrap: 64/100
Bootstrap: 65/100
Bootstrap: 66/100
Bootstrap: 67/100
Bootstrap: 68/100
Bootstrap: 69/100
Bootstrap: 70/100
Bootstrap: 71/100
Bootstrap: 72/100
Bootstrap: 73/100
Bootstrap: 74/100
Bootstrap: 75/100
Bootstrap: 76/100
Bootstrap: 77/100
Bootstrap: 78/100
Bootstrap: 79/100
Bootstrap: 80/100
Bootstrap: 81/100
Bootstrap: 82/100
Bootstrap: 83/100
Bootstrap: 84/100
Bootstrap: 85/100
Bootstrap: 86/100
Bootstrap: 87/100
Bootstrap: 88/100
Bootstrap: 89/100
Bootstrap: 90/100
Bootstrap: 91/100
Bootstrap: 92/100
Bootstrap: 93/100
Bootstrap: 94/100
Bootstrap: 95/100
Bootstrap: 96/100
Bootstrap: 97/100
Bootstrap: 98/100
Bootstrap: 99/100
Bootstrap: 100/100
E_expect: [ 50.37210293]  dE_expect: [ 0.06138518]  dE_boot: [ 0.05399345] 

E_expectnew: [ 50.50731376]  dE_expectnew: [ 0.06225992]  dE_bootnew: [ 0.05536236] 

delta_E_expect: [ 0.13521082]  percent_delta_E_expect: [ 0.26842402] 

A_expect: [ 2.89342803]  dA_expect: [ 0.00207316]  dA_boot: [ 0.00192665] 

A_expect_unsamp: [ 2.84314136]  dA_expect_unsamp: [ 0.02813775]  dA_boot_unsamp: [ 0.03265657] 

The mean of the sampled series = [2.8947086961052855] 

The true sampled mean of the observable we're reweighting to = [2.8937360301794874] 

The mean of the energies corresponding to the sampled series = [50.485391242477391] 

The mean of the energies corresponding to the unsampled series = [50.623321907299712] 

Standard deviations away from true sampled observables for E_expect: [ 0.09842551]  E_expectnew: [ 0.0918299]  A_expect: [ 0.05639934] A_expect_unsamp: [ 0.52413243]
Percent shift = -10.2941176471 

Percent of molecule that is [#6X4:1]-[#6X4:2] = 33.3333333333 

###############################################################################
NEXT LOOP
traj/AlkEthOH_r51_[#6X4:1]-[#6X4:2]_k800.nc
No sub-sampling occurred
No sub-sampling occurred
No sub-sampling occurred
No sub-sampling occurred
Bootstrap: 1/100
Bootstrap: 2/100
Bootstrap: 3/100
Bootstrap: 4/100
Bootstrap: 5/100
Bootstrap: 6/100
Bootstrap: 7/100
Bootstrap: 8/100
Bootstrap: 9/100
Bootstrap: 10/100
Bootstrap: 11/100
Bootstrap: 12/100
Bootstrap: 13/100
Bootstrap: 14/100
Bootstrap: 15/100
Bootstrap: 16/100
Bootstrap: 17/100
Bootstrap: 18/100
Bootstrap: 19/100
Bootstrap: 20/100
Bootstrap: 21/100
Bootstrap: 22/100
Bootstrap: 23/100
Bootstrap: 24/100
Bootstrap: 25/100
Bootstrap: 26/100
Bootstrap: 27/100
Bootstrap: 28/100
Bootstrap: 29/100
Bootstrap: 30/100
Bootstrap: 31/100
Bootstrap: 32/100
Bootstrap: 33/100
Bootstrap: 34/100
Bootstrap: 35/100
Bootstrap: 36/100
Bootstrap: 37/100
Bootstrap: 38/100
Bootstrap: 39/100
Bootstrap: 40/100
Bootstrap: 41/100
Bootstrap: 42/100
Bootstrap: 43/100
Bootstrap: 44/100
Bootstrap: 45/100
Bootstrap: 46/100
Bootstrap: 47/100
Bootstrap: 48/100
Bootstrap: 49/100
Bootstrap: 50/100
Bootstrap: 51/100
Bootstrap: 52/100
Bootstrap: 53/100
Bootstrap: 54/100
Bootstrap: 55/100
Bootstrap: 56/100
Bootstrap: 57/100
Bootstrap: 58/100
Bootstrap: 59/100
Bootstrap: 60/100
Bootstrap: 61/100
Bootstrap: 62/100
Bootstrap: 63/100
Bootstrap: 64/100
Bootstrap: 65/100
Bootstrap: 66/100
Bootstrap: 67/100
Bootstrap: 68/100
Bootstrap: 69/100
Bootstrap: 70/100
Bootstrap: 71/100
Bootstrap: 72/100
Bootstrap: 73/100
Bootstrap: 74/100
Bootstrap: 75/100
Bootstrap: 76/100
Bootstrap: 77/100
Bootstrap: 78/100
Bootstrap: 79/100
Bootstrap: 80/100
Bootstrap: 81/100
Bootstrap: 82/100
Bootstrap: 83/100
Bootstrap: 84/100
Bootstrap: 85/100
Bootstrap: 86/100
Bootstrap: 87/100
Bootstrap: 88/100
Bootstrap: 89/100
Bootstrap: 90/100
Bootstrap: 91/100
Bootstrap: 92/100
Bootstrap: 93/100
Bootstrap: 94/100
Bootstrap: 95/100
Bootstrap: 96/100
Bootstrap: 97/100
Bootstrap: 98/100
Bootstrap: 99/100
Bootstrap: 100/100
E_expect: [ 50.39157651]  dE_expect: [ 0.06222876]  dE_boot: [ 0.0638734] 

E_expectnew: [ 50.62851377]  dE_expectnew: [ 0.06385479]  dE_bootnew: [ 0.06503466] 

delta_E_expect: [ 0.23693726]  percent_delta_E_expect: [ 0.4701922] 

A_expect: [ 2.89144538]  dA_expect: [ 0.00214445]  dA_boot: [ 0.00204981] 

A_expect_unsamp: [ 2.83278421]  dA_expect_unsamp: [ 0.02826589]  dA_boot_unsamp: [ 0.03096177] 

The mean of the sampled series = [2.8947086961052855] 

The true sampled mean of the observable we're reweighting to = [2.89198886808876] 

The mean of the energies corresponding to the sampled series = [50.485391242477391] 

The mean of the energies corresponding to the unsampled series = [50.721843810744218] 

Standard deviations away from true sampled observables for E_expect: [ 0.09660316]  E_expectnew: [ 0.09447784]  A_expect: [ 0.18867376] A_expect_unsamp: [ 0.42516244]
Percent shift = -17.6470588235 

Percent of molecule that is [#6X4:1]-[#6X4:2] = 33.3333333333 

###############################################################################
NEXT LOOP
traj/AlkEthOH_r51_[#6X4:1]-[#6X4:2]_k850.nc
No sub-sampling occurred
No sub-sampling occurred
No sub-sampling occurred
No sub-sampling occurred
Bootstrap: 1/100
Bootstrap: 2/100
Bootstrap: 3/100
Bootstrap: 4/100
Bootstrap: 5/100
Bootstrap: 6/100
Bootstrap: 7/100
Bootstrap: 8/100
Bootstrap: 9/100
Bootstrap: 10/100
Bootstrap: 11/100
Bootstrap: 12/100
Bootstrap: 13/100
Bootstrap: 14/100
Bootstrap: 15/100
Bootstrap: 16/100
Bootstrap: 17/100
Bootstrap: 18/100
Bootstrap: 19/100
Bootstrap: 20/100
Bootstrap: 21/100
Bootstrap: 22/100
Bootstrap: 23/100
Bootstrap: 24/100
Bootstrap: 25/100
Bootstrap: 26/100
Bootstrap: 27/100
Bootstrap: 28/100
Bootstrap: 29/100
Bootstrap: 30/100
Bootstrap: 31/100
Bootstrap: 32/100
Bootstrap: 33/100
Bootstrap: 34/100
Bootstrap: 35/100
Bootstrap: 36/100
Bootstrap: 37/100
Bootstrap: 38/100
Bootstrap: 39/100
Bootstrap: 40/100
Bootstrap: 41/100
Bootstrap: 42/100
Bootstrap: 43/100
Bootstrap: 44/100
Bootstrap: 45/100
Bootstrap: 46/100
Bootstrap: 47/100
Bootstrap: 48/100
Bootstrap: 49/100
Bootstrap: 50/100
Bootstrap: 51/100
Bootstrap: 52/100
Bootstrap: 53/100
Bootstrap: 54/100
Bootstrap: 55/100
Bootstrap: 56/100
Bootstrap: 57/100
Bootstrap: 58/100
Bootstrap: 59/100
Bootstrap: 60/100
Bootstrap: 61/100
Bootstrap: 62/100
Bootstrap: 63/100
Bootstrap: 64/100
Bootstrap: 65/100
Bootstrap: 66/100
Bootstrap: 67/100
Bootstrap: 68/100
Bootstrap: 69/100
Bootstrap: 70/100
Bootstrap: 71/100
Bootstrap: 72/100
Bootstrap: 73/100
Bootstrap: 74/100
Bootstrap: 75/100
Bootstrap: 76/100
Bootstrap: 77/100
Bootstrap: 78/100
Bootstrap: 79/100
Bootstrap: 80/100
Bootstrap: 81/100
Bootstrap: 82/100
Bootstrap: 83/100
Bootstrap: 84/100
Bootstrap: 85/100
Bootstrap: 86/100
Bootstrap: 87/100
Bootstrap: 88/100
Bootstrap: 89/100
Bootstrap: 90/100
Bootstrap: 91/100
Bootstrap: 92/100
Bootstrap: 93/100
Bootstrap: 94/100
Bootstrap: 95/100
Bootstrap: 96/100
Bootstrap: 97/100
Bootstrap: 98/100
Bootstrap: 99/100
Bootstrap: 100/100
E_expect: [ 50.57071765]  dE_expect: [ 0.06130212]  dE_boot: [ 0.06553413] 

E_expectnew: [ 50.91239638]  dE_expectnew: [ 0.06346275]  dE_bootnew: [ 0.06777904] 

delta_E_expect: [ 0.34167873]  percent_delta_E_expect: [ 0.67564541] 

A_expect: [ 2.89826045]  dA_expect: [ 0.00215233]  dA_boot: [ 0.00193617] 

A_expect_unsamp: [ 2.84539157]  dA_expect_unsamp: [ 0.03041322]  dA_boot_unsamp: [ 0.03020858] 

The mean of the sampled series = [2.8947086961052855] 

The true sampled mean of the observable we're reweighting to = [2.8922850401939932] 

The mean of the energies corresponding to the sampled series = [50.485391242477391] 

The mean of the energies corresponding to the unsampled series = [50.820365714188732] 

Standard deviations away from true sampled observables for E_expect: [ 0.04333979]  E_expectnew: [ 0.05251454]  A_expect: [ 0.06284551] A_expect_unsamp: [ 0.72533048]
Percent shift = -25.0 

Percent of molecule that is [#6X4:1]-[#6X4:2] = 33.3333333333 

###############################################################################
NEXT LOOP
traj/AlkEthOH_r51_[#6X4:1]-[#6X4:2]_k900.nc
No sub-sampling occurred
No sub-sampling occurred
No sub-sampling occurred
Sub-sampling...
Bootstrap: 1/100
Bootstrap: 2/100
Bootstrap: 3/100
Bootstrap: 4/100
Bootstrap: 5/100
Bootstrap: 6/100
Bootstrap: 7/100
Bootstrap: 8/100
Bootstrap: 9/100
Bootstrap: 10/100
Bootstrap: 11/100
Bootstrap: 12/100
Bootstrap: 13/100
Bootstrap: 14/100
Bootstrap: 15/100
Bootstrap: 16/100
Bootstrap: 17/100
Bootstrap: 18/100
Bootstrap: 19/100
Bootstrap: 20/100
Bootstrap: 21/100
Bootstrap: 22/100
Bootstrap: 23/100
Bootstrap: 24/100
Bootstrap: 25/100
Bootstrap: 26/100
Bootstrap: 27/100
Bootstrap: 28/100
Bootstrap: 29/100
Bootstrap: 30/100
Bootstrap: 31/100
Bootstrap: 32/100
Bootstrap: 33/100
Bootstrap: 34/100
Bootstrap: 35/100
Bootstrap: 36/100
Bootstrap: 37/100
Bootstrap: 38/100
Bootstrap: 39/100
Bootstrap: 40/100
Bootstrap: 41/100
Bootstrap: 42/100
Bootstrap: 43/100
Bootstrap: 44/100
Bootstrap: 45/100
Bootstrap: 46/100
Bootstrap: 47/100
Bootstrap: 48/100
Bootstrap: 49/100
Bootstrap: 50/100
Bootstrap: 51/100
Bootstrap: 52/100
Bootstrap: 53/100
Bootstrap: 54/100
Bootstrap: 55/100
Bootstrap: 56/100
Bootstrap: 57/100
Bootstrap: 58/100
Bootstrap: 59/100
Bootstrap: 60/100
Bootstrap: 61/100
Bootstrap: 62/100
Bootstrap: 63/100
Bootstrap: 64/100
Bootstrap: 65/100
Bootstrap: 66/100
Bootstrap: 67/100
Bootstrap: 68/100
Bootstrap: 69/100
Bootstrap: 70/100
Bootstrap: 71/100
Bootstrap: 72/100
Bootstrap: 73/100
Bootstrap: 74/100
Bootstrap: 75/100
Bootstrap: 76/100
Bootstrap: 77/100
Bootstrap: 78/100
Bootstrap: 79/100
Bootstrap: 80/100
Bootstrap: 81/100
Bootstrap: 82/100
Bootstrap: 83/100
Bootstrap: 84/100
Bootstrap: 85/100
Bootstrap: 86/100
Bootstrap: 87/100
Bootstrap: 88/100
Bootstrap: 89/100
Bootstrap: 90/100
Bootstrap: 91/100
Bootstrap: 92/100
Bootstrap: 93/100
Bootstrap: 94/100
Bootstrap: 95/100
Bootstrap: 96/100
Bootstrap: 97/100
Bootstrap: 98/100
Bootstrap: 99/100
Bootstrap: 100/100
E_expect: [ 50.56733277]  dE_expect: [ 0.06127301]  dE_boot: [ 0.0609468] 

E_expectnew: [ 51.00552689]  dE_expectnew: [ 0.06407617]  dE_bootnew: [ 0.06397893] 

delta_E_expect: [ 0.43819412]  percent_delta_E_expect: [ 0.86655573] 

A_expect: [ 2.89695033]  dA_expect: [ 0.0021105]  dA_boot: [ 0.00202379] 

A_expect_unsamp: [ 2.88682575]  dA_expect_unsamp: [ 0.01570388]  dA_boot_unsamp: [ 0.03328483] 

The mean of the sampled series = [2.8947086961052855] 

The true sampled mean of the observable we're reweighting to = [2.8910129984167927] 

The mean of the energies corresponding to the sampled series = [50.485391242477391] 

The mean of the energies corresponding to the unsampled series = [50.918887617633239] 

Standard deviations away from true sampled observables for E_expect: [ 0.19496209]  E_expectnew: [ 0.21657419]  A_expect: [ 0.05662183] A_expect_unsamp: [ 0.74574389]
Percent shift = -32.3529411765 

Percent of molecule that is [#6X4:1]-[#6X4:2] = 33.3333333333 

###############################################################################
NEXT LOOP
traj/AlkEthOH_r51_[#6X4:1]-[#6X4:2]_k950.nc
No sub-sampling occurred
No sub-sampling occurred
No sub-sampling occurred
No sub-sampling occurred
Bootstrap: 1/100
Bootstrap: 2/100
Bootstrap: 3/100
Bootstrap: 4/100
Bootstrap: 5/100
Bootstrap: 6/100
Bootstrap: 7/100
Bootstrap: 8/100
Bootstrap: 9/100
Bootstrap: 10/100
Bootstrap: 11/100
Bootstrap: 12/100
Bootstrap: 13/100
Bootstrap: 14/100
Bootstrap: 15/100
Bootstrap: 16/100
Bootstrap: 17/100
Bootstrap: 18/100
Bootstrap: 19/100
Bootstrap: 20/100
Bootstrap: 21/100
Bootstrap: 22/100
Bootstrap: 23/100
Bootstrap: 24/100
Bootstrap: 25/100
Bootstrap: 26/100
Bootstrap: 27/100
Bootstrap: 28/100
Bootstrap: 29/100
Bootstrap: 30/100
Bootstrap: 31/100
Bootstrap: 32/100
Bootstrap: 33/100
Bootstrap: 34/100
Bootstrap: 35/100
Bootstrap: 36/100
Bootstrap: 37/100
Bootstrap: 38/100
Bootstrap: 39/100
Bootstrap: 40/100
Bootstrap: 41/100
Bootstrap: 42/100
Bootstrap: 43/100
Bootstrap: 44/100
Bootstrap: 45/100
Bootstrap: 46/100
Bootstrap: 47/100
Bootstrap: 48/100
Bootstrap: 49/100
Bootstrap: 50/100
Bootstrap: 51/100
Bootstrap: 52/100
Bootstrap: 53/100
Bootstrap: 54/100
Bootstrap: 55/100
Bootstrap: 56/100
Bootstrap: 57/100
Bootstrap: 58/100
Bootstrap: 59/100
Bootstrap: 60/100
Bootstrap: 61/100
Bootstrap: 62/100
Bootstrap: 63/100
Bootstrap: 64/100
Bootstrap: 65/100
Bootstrap: 66/100
Bootstrap: 67/100
Bootstrap: 68/100
Bootstrap: 69/100
Bootstrap: 70/100
Bootstrap: 71/100
Bootstrap: 72/100
Bootstrap: 73/100
Bootstrap: 74/100
Bootstrap: 75/100
Bootstrap: 76/100
Bootstrap: 77/100
Bootstrap: 78/100
Bootstrap: 79/100
Bootstrap: 80/100
Bootstrap: 81/100
Bootstrap: 82/100
Bootstrap: 83/100
Bootstrap: 84/100
Bootstrap: 85/100
Bootstrap: 86/100
Bootstrap: 87/100
Bootstrap: 88/100
Bootstrap: 89/100
Bootstrap: 90/100
Bootstrap: 91/100
Bootstrap: 92/100
Bootstrap: 93/100
Bootstrap: 94/100
Bootstrap: 95/100
Bootstrap: 96/100
Bootstrap: 97/100
Bootstrap: 98/100
Bootstrap: 99/100
Bootstrap: 100/100
E_expect: [ 50.38590792]  dE_expect: [ 0.05952546]  dE_boot: [ 0.05962646] 

E_expectnew: [ 50.92314525]  dE_expectnew: [ 0.06325681]  dE_bootnew: [ 0.06237393] 

delta_E_expect: [ 0.53723734]  percent_delta_E_expect: [ 1.06624522] 

A_expect: [ 2.89339451]  dA_expect: [ 0.00216336]  dA_boot: [ 0.00211418] 

A_expect_unsamp: [ 2.87489973]  dA_expect_unsamp: [ 0.01688335]  dA_boot_unsamp: [ 0.03083887] 

The mean of the sampled series = [2.8947086961052855] 

The true sampled mean of the observable we're reweighting to = [2.8934908577971954] 

The mean of the energies corresponding to the sampled series = [50.485391242477391] 

The mean of the energies corresponding to the unsampled series = [51.017409521077759] 

Standard deviations away from true sampled observables for E_expect: [ 0.20231768]  E_expectnew: [ 0.20855283]  A_expect: [ 0.09533214] A_expect_unsamp: [ 1.17924478]
Percent shift = -39.7058823529 

Percent of molecule that is [#6X4:1]-[#6X4:2] = 33.3333333333 

###############################################################################
NEXT LOOP
traj/AlkEthOH_r51_[#6X4:1]-[#6X4:2]_k1000.nc
No sub-sampling occurred
No sub-sampling occurred
No sub-sampling occurred
No sub-sampling occurred
Bootstrap: 1/100
Bootstrap: 2/100
Bootstrap: 3/100
Bootstrap: 4/100
Bootstrap: 5/100
Bootstrap: 6/100
Bootstrap: 7/100
Bootstrap: 8/100
Bootstrap: 9/100
Bootstrap: 10/100
Bootstrap: 11/100
Bootstrap: 12/100
Bootstrap: 13/100
Bootstrap: 14/100
Bootstrap: 15/100
Bootstrap: 16/100
Bootstrap: 17/100
Bootstrap: 18/100
Bootstrap: 19/100
Bootstrap: 20/100
Bootstrap: 21/100
Bootstrap: 22/100
Bootstrap: 23/100
Bootstrap: 24/100
Bootstrap: 25/100
Bootstrap: 26/100
Bootstrap: 27/100
Bootstrap: 28/100
Bootstrap: 29/100
Bootstrap: 30/100
Bootstrap: 31/100
Bootstrap: 32/100
Bootstrap: 33/100
Bootstrap: 34/100
Bootstrap: 35/100
Bootstrap: 36/100
Bootstrap: 37/100
Bootstrap: 38/100
Bootstrap: 39/100
Bootstrap: 40/100
Bootstrap: 41/100
Bootstrap: 42/100
Bootstrap: 43/100
Bootstrap: 44/100
Bootstrap: 45/100
Bootstrap: 46/100
Bootstrap: 47/100
Bootstrap: 48/100
Bootstrap: 49/100
Bootstrap: 50/100
Bootstrap: 51/100
Bootstrap: 52/100
Bootstrap: 53/100
Bootstrap: 54/100
Bootstrap: 55/100
Bootstrap: 56/100
Bootstrap: 57/100
Bootstrap: 58/100
Bootstrap: 59/100
Bootstrap: 60/100
Bootstrap: 61/100
Bootstrap: 62/100
Bootstrap: 63/100
Bootstrap: 64/100
Bootstrap: 65/100
Bootstrap: 66/100
Bootstrap: 67/100
Bootstrap: 68/100
Bootstrap: 69/100
Bootstrap: 70/100
Bootstrap: 71/100
Bootstrap: 72/100
Bootstrap: 73/100
Bootstrap: 74/100
Bootstrap: 75/100
Bootstrap: 76/100
Bootstrap: 77/100
Bootstrap: 78/100
Bootstrap: 79/100
Bootstrap: 80/100
Bootstrap: 81/100
Bootstrap: 82/100
Bootstrap: 83/100
Bootstrap: 84/100
Bootstrap: 85/100
Bootstrap: 86/100
Bootstrap: 87/100
Bootstrap: 88/100
Bootstrap: 89/100
Bootstrap: 90/100
Bootstrap: 91/100
Bootstrap: 92/100
Bootstrap: 93/100
Bootstrap: 94/100
Bootstrap: 95/100
Bootstrap: 96/100
Bootstrap: 97/100
Bootstrap: 98/100
Bootstrap: 99/100
Bootstrap: 100/100
E_expect: [ 50.51018541]  dE_expect: [ 0.06037026]  dE_boot: [ 0.06053491] 

E_expectnew: [ 51.13106934]  dE_expectnew: [ 0.0645183]  dE_bootnew: [ 0.06489519] 

delta_E_expect: [ 0.62088393]  percent_delta_E_expect: [ 1.2292252] 

A_expect: [ 2.89724833]  dA_expect: [ 0.00210324]  dA_boot: [ 0.00204691] 

A_expect_unsamp: [ 2.87014475]  dA_expect_unsamp: [ 0.03351379]  dA_boot_unsamp: [ 0.02690853] 

The mean of the sampled series = [2.8947086961052855] 

The true sampled mean of the observable we're reweighting to = [2.8930975637044263] 

The mean of the energies corresponding to the sampled series = [50.485391242477391] 

The mean of the energies corresponding to the unsampled series = [51.115931424522273] 

Standard deviations away from true sampled observables for E_expect: [ 0.11382911]  E_expectnew: [ 0.12168242]  A_expect: [ 0.00893699] A_expect_unsamp: [ 0.69737257]
Percent shift = -47.0588235294 

Percent of molecule that is [#6X4:1]-[#6X4:2] = 33.3333333333 

###############################################################################
NEXT LOOP
traj/AlkEthOH_r51_[#6X4:1]-[#6X4:2]_k1050.nc
No sub-sampling occurred
No sub-sampling occurred
No sub-sampling occurred
No sub-sampling occurred
Bootstrap: 1/100
Bootstrap: 2/100
Bootstrap: 3/100
Bootstrap: 4/100
Bootstrap: 5/100
Bootstrap: 6/100
Bootstrap: 7/100
Bootstrap: 8/100
Bootstrap: 9/100
Bootstrap: 10/100
Bootstrap: 11/100
Bootstrap: 12/100
Bootstrap: 13/100
Bootstrap: 14/100
Bootstrap: 15/100
Bootstrap: 16/100
Bootstrap: 17/100
Bootstrap: 18/100
Bootstrap: 19/100
Bootstrap: 20/100
Bootstrap: 21/100
Bootstrap: 22/100
Bootstrap: 23/100
Bootstrap: 24/100
Bootstrap: 25/100
Bootstrap: 26/100
Bootstrap: 27/100
Bootstrap: 28/100
Bootstrap: 29/100
Bootstrap: 30/100
Bootstrap: 31/100
Bootstrap: 32/100
Bootstrap: 33/100
Bootstrap: 34/100
Bootstrap: 35/100
Bootstrap: 36/100
Bootstrap: 37/100
Bootstrap: 38/100
Bootstrap: 39/100
Bootstrap: 40/100
Bootstrap: 41/100
Bootstrap: 42/100
Bootstrap: 43/100
Bootstrap: 44/100
Bootstrap: 45/100
Bootstrap: 46/100
Bootstrap: 47/100
Bootstrap: 48/100
Bootstrap: 49/100
Bootstrap: 50/100
Bootstrap: 51/100
Bootstrap: 52/100
Bootstrap: 53/100
Bootstrap: 54/100
Bootstrap: 55/100
Bootstrap: 56/100
Bootstrap: 57/100
Bootstrap: 58/100
Bootstrap: 59/100
Bootstrap: 60/100
Bootstrap: 61/100
Bootstrap: 62/100
Bootstrap: 63/100
Bootstrap: 64/100
Bootstrap: 65/100
Bootstrap: 66/100
Bootstrap: 67/100
Bootstrap: 68/100
Bootstrap: 69/100
Bootstrap: 70/100
Bootstrap: 71/100
Bootstrap: 72/100
Bootstrap: 73/100
Bootstrap: 74/100
Bootstrap: 75/100
Bootstrap: 76/100
Bootstrap: 77/100
Bootstrap: 78/100
Bootstrap: 79/100
Bootstrap: 80/100
Bootstrap: 81/100
Bootstrap: 82/100
Bootstrap: 83/100
Bootstrap: 84/100
Bootstrap: 85/100
Bootstrap: 86/100
Bootstrap: 87/100
Bootstrap: 88/100
Bootstrap: 89/100
Bootstrap: 90/100
Bootstrap: 91/100
Bootstrap: 92/100
Bootstrap: 93/100
Bootstrap: 94/100
Bootstrap: 95/100
Bootstrap: 96/100
Bootstrap: 97/100
Bootstrap: 98/100
Bootstrap: 99/100
Bootstrap: 100/100
E_expect: [ 50.39133008]  dE_expect: [ 0.06131588]  dE_boot: [ 0.06230029] 

E_expectnew: [ 51.10739495]  dE_expectnew: [ 0.06609809]  dE_bootnew: [ 0.06878364] 

delta_E_expect: [ 0.71606487]  percent_delta_E_expect: [ 1.42100807] 

A_expect: [ 2.89424948]  dA_expect: [ 0.00206607]  dA_boot: [ 0.00219133] 

A_expect_unsamp: [ 2.87678816]  dA_expect_unsamp: [ 0.03345462]  dA_boot_unsamp: [ 0.03016691] 

The mean of the sampled series = [2.8947086961052855] 

The true sampled mean of the observable we're reweighting to = [2.8896875519098724] 

The mean of the energies corresponding to the sampled series = [50.485391242477391] 

The mean of the energies corresponding to the unsampled series = [51.21445332796678] 

Standard deviations away from true sampled observables for E_expect: [ 0.03808829]  E_expectnew: [ 0.06382277]  A_expect: [ 0.01386582] A_expect_unsamp: [ 0.46526157]
Percent shift = -54.4117647059 

Percent of molecule that is [#6X4:1]-[#6X4:2] = 33.3333333333 

###############################################################################
NEXT LOOP
traj/AlkEthOH_r51_[#6X4:1]-[#6X4:2]_k1100.nc
No sub-sampling occurred
No sub-sampling occurred
No sub-sampling occurred
No sub-sampling occurred
Bootstrap: 1/100
Bootstrap: 2/100
Bootstrap: 3/100
Bootstrap: 4/100
Bootstrap: 5/100
Bootstrap: 6/100
Bootstrap: 7/100
Bootstrap: 8/100
Bootstrap: 9/100
Bootstrap: 10/100
Bootstrap: 11/100
Bootstrap: 12/100
Bootstrap: 13/100
Bootstrap: 14/100
Bootstrap: 15/100
Bootstrap: 16/100
Bootstrap: 17/100
Bootstrap: 18/100
Bootstrap: 19/100
Bootstrap: 20/100
Bootstrap: 21/100
Bootstrap: 22/100
Bootstrap: 23/100
Bootstrap: 24/100
Bootstrap: 25/100
Bootstrap: 26/100
Bootstrap: 27/100
Bootstrap: 28/100
Bootstrap: 29/100
Bootstrap: 30/100
Bootstrap: 31/100
Bootstrap: 32/100
Bootstrap: 33/100
Bootstrap: 34/100
Bootstrap: 35/100
Bootstrap: 36/100
Bootstrap: 37/100
Bootstrap: 38/100
Bootstrap: 39/100
Bootstrap: 40/100
Bootstrap: 41/100
Bootstrap: 42/100
Bootstrap: 43/100
Bootstrap: 44/100
Bootstrap: 45/100
Bootstrap: 46/100
Bootstrap: 47/100
Bootstrap: 48/100
Bootstrap: 49/100
Bootstrap: 50/100
Bootstrap: 51/100
Bootstrap: 52/100
Bootstrap: 53/100
Bootstrap: 54/100
Bootstrap: 55/100
Bootstrap: 56/100
Bootstrap: 57/100
Bootstrap: 58/100
Bootstrap: 59/100
Bootstrap: 60/100
Bootstrap: 61/100
Bootstrap: 62/100
Bootstrap: 63/100
Bootstrap: 64/100
Bootstrap: 65/100
Bootstrap: 66/100
Bootstrap: 67/100
Bootstrap: 68/100
Bootstrap: 69/100
Bootstrap: 70/100
Bootstrap: 71/100
Bootstrap: 72/100
Bootstrap: 73/100
Bootstrap: 74/100
Bootstrap: 75/100
Bootstrap: 76/100
Bootstrap: 77/100
Bootstrap: 78/100
Bootstrap: 79/100
Bootstrap: 80/100
Bootstrap: 81/100
Bootstrap: 82/100
Bootstrap: 83/100
Bootstrap: 84/100
Bootstrap: 85/100
Bootstrap: 86/100
Bootstrap: 87/100
Bootstrap: 88/100
Bootstrap: 89/100
Bootstrap: 90/100
Bootstrap: 91/100
Bootstrap: 92/100
Bootstrap: 93/100
Bootstrap: 94/100
Bootstrap: 95/100
Bootstrap: 96/100
Bootstrap: 97/100
Bootstrap: 98/100
Bootstrap: 99/100
Bootstrap: 100/100
E_expect: [ 50.49661768]  dE_expect: [ 0.06247736]  dE_boot: [ 0.06453033] 

E_expectnew: [ 51.31414221]  dE_expectnew: [ 0.06880504]  dE_bootnew: [ 0.06976769] 

delta_E_expect: [ 0.81752453]  percent_delta_E_expect: [ 1.61896889] 

A_expect: [ 2.89469671]  dA_expect: [ 0.00210602]  dA_boot: [ 0.00215743] 

A_expect_unsamp: [ 2.86037519]  dA_expect_unsamp: [ 0.02887809]  dA_boot_unsamp: [ 0.03044679] 

The mean of the sampled series = [2.8947086961052855] 

The true sampled mean of the observable we're reweighting to = [2.8910383858728501] 

The mean of the energies corresponding to the sampled series = [50.485391242477391] 

The mean of the energies corresponding to the unsampled series = [51.312975231411301] 

Standard deviations away from true sampled observables for E_expect: [ 0.11934637]  E_expectnew: [ 0.09344634]  A_expect: [ 0.05964567] A_expect_unsamp: [ 0.6257719]
Percent shift = -61.7647058824 

Percent of molecule that is [#6X4:1]-[#6X4:2] = 33.3333333333 

###############################################################################
NEXT LOOP
traj/AlkEthOH_r51_[#6X4:1]-[#6X4:2]_k1150.nc
No sub-sampling occurred
No sub-sampling occurred
No sub-sampling occurred
Sub-sampling...
Bootstrap: 1/100
Bootstrap: 2/100
Bootstrap: 3/100
Bootstrap: 4/100
Bootstrap: 5/100
Bootstrap: 6/100
Bootstrap: 7/100
Bootstrap: 8/100
Bootstrap: 9/100
Bootstrap: 10/100
Bootstrap: 11/100
Bootstrap: 12/100
Bootstrap: 13/100
Bootstrap: 14/100
Bootstrap: 15/100
Bootstrap: 16/100
Bootstrap: 17/100
Bootstrap: 18/100
Bootstrap: 19/100
Bootstrap: 20/100
Bootstrap: 21/100
Bootstrap: 22/100
Bootstrap: 23/100
Bootstrap: 24/100
Bootstrap: 25/100
Bootstrap: 26/100
Bootstrap: 27/100
Bootstrap: 28/100
Bootstrap: 29/100
Bootstrap: 30/100
Bootstrap: 31/100
Bootstrap: 32/100
Bootstrap: 33/100
Bootstrap: 34/100
Bootstrap: 35/100
Bootstrap: 36/100
Bootstrap: 37/100
Bootstrap: 38/100
Bootstrap: 39/100
Bootstrap: 40/100
Bootstrap: 41/100
Bootstrap: 42/100
Bootstrap: 43/100
Bootstrap: 44/100
Bootstrap: 45/100
Bootstrap: 46/100
Bootstrap: 47/100
Bootstrap: 48/100
Bootstrap: 49/100
Bootstrap: 50/100
Bootstrap: 51/100
Bootstrap: 52/100
Bootstrap: 53/100
Bootstrap: 54/100
Bootstrap: 55/100
Bootstrap: 56/100
Bootstrap: 57/100
Bootstrap: 58/100
Bootstrap: 59/100
Bootstrap: 60/100
Bootstrap: 61/100
Bootstrap: 62/100
Bootstrap: 63/100
Bootstrap: 64/100
Bootstrap: 65/100
Bootstrap: 66/100
Bootstrap: 67/100
Bootstrap: 68/100
Bootstrap: 69/100
Bootstrap: 70/100
Bootstrap: 71/100
Bootstrap: 72/100
Bootstrap: 73/100
Bootstrap: 74/100
Bootstrap: 75/100
Bootstrap: 76/100
Bootstrap: 77/100
Bootstrap: 78/100
Bootstrap: 79/100
Bootstrap: 80/100
Bootstrap: 81/100
Bootstrap: 82/100
Bootstrap: 83/100
Bootstrap: 84/100
Bootstrap: 85/100
Bootstrap: 86/100
Bootstrap: 87/100
Bootstrap: 88/100
Bootstrap: 89/100
Bootstrap: 90/100
Bootstrap: 91/100
Bootstrap: 92/100
Bootstrap: 93/100
Bootstrap: 94/100
Bootstrap: 95/100
Bootstrap: 96/100
Bootstrap: 97/100
Bootstrap: 98/100
Bootstrap: 99/100
Bootstrap: 100/100
E_expect: [ 50.46008424]  dE_expect: [ 0.06136854]  dE_boot: [ 0.06303365] 

E_expectnew: [ 51.382667]  dE_expectnew: [ 0.06827696]  dE_bootnew: [ 0.07129788] 

delta_E_expect: [ 0.92258276]  percent_delta_E_expect: [ 1.8283417] 

A_expect: [ 2.89699486]  dA_expect: [ 0.00209318]  dA_boot: [ 0.00228278] 

A_expect_unsamp: [ 2.85788004]  dA_expect_unsamp: [ 0.03038044]  dA_boot_unsamp: [ 0.02989679] 

The mean of the sampled series = [2.8947086961052855] 

The true sampled mean of the observable we're reweighting to = [2.8953281907673771] 

The mean of the energies corresponding to the sampled series = [50.485391242477391] 

The mean of the energies corresponding to the unsampled series = [51.4114971348558] 

Standard deviations away from true sampled observables for E_expect: [ 0.01050473]  E_expectnew: [ 0.02303595]  A_expect: [ 0.14862401] A_expect_unsamp: [ 0.72983366]
Percent shift = -69.1176470588 

Percent of molecule that is [#6X4:1]-[#6X4:2] = 33.3333333333 

###############################################################################
NEXT LOOP
