/projects/brma3379/anaconda2/lib/python2.7/site-packages/pymbar/utils.py:110: FutureWarning: comparison to `None` will result in an elementwise object comparison in the future.
  if N_k == None:
/projects/brma3379/anaconda2/lib/python2.7/site-packages/pymbar/mbar.py:872: FutureWarning: comparison to `None` will result in an elementwise object comparison in the future.
  if u_kn == None:
/projects/brma3379/anaconda2/lib/python2.7/site-packages/pymbar/mbar.py:240: FutureWarning: comparison to `None` will result in an elementwise object comparison in the future.
  if initial_f_k != None:
[#6X4:1]-[#6X4:2] occurs 5 times
[#8:1]-[#1:2] occurs 1 times
[#6X4:1]-[#8X2:2] occurs 1 times
[#6X4:1]-[#1:2] occurs 15 times
[#6X4:1]-[#8X2H0:2] occurs 2 times
#################################################################################
traj/AlkEthOH_c581_[#6X4:1]-[#1:2]_k200.nc
Sub-sampling...
No sub-sampling occurred
No sub-sampling occurred
Sub-sampling...
Bootstrap: 1/100
Bootstrap: 2/100
Bootstrap: 3/100
Bootstrap: 4/100
Bootstrap: 5/100
Bootstrap: 6/100
Bootstrap: 7/100
Bootstrap: 8/100
Bootstrap: 9/100
Bootstrap: 10/100
Bootstrap: 11/100
Bootstrap: 12/100
Bootstrap: 13/100
Bootstrap: 14/100
Bootstrap: 15/100
Bootstrap: 16/100
Bootstrap: 17/100
Bootstrap: 18/100
Bootstrap: 19/100
Bootstrap: 20/100
Bootstrap: 21/100
Bootstrap: 22/100
Bootstrap: 23/100
Bootstrap: 24/100
Bootstrap: 25/100
Bootstrap: 26/100
Bootstrap: 27/100
Bootstrap: 28/100
Bootstrap: 29/100
Bootstrap: 30/100
Bootstrap: 31/100
Bootstrap: 32/100
Bootstrap: 33/100
Bootstrap: 34/100
Bootstrap: 35/100
Bootstrap: 36/100
Bootstrap: 37/100
Bootstrap: 38/100
Bootstrap: 39/100
Bootstrap: 40/100
Bootstrap: 41/100
Bootstrap: 42/100
Bootstrap: 43/100
Bootstrap: 44/100
Bootstrap: 45/100
Bootstrap: 46/100
Bootstrap: 47/100
Bootstrap: 48/100
Bootstrap: 49/100
Bootstrap: 50/100
Bootstrap: 51/100
Bootstrap: 52/100
Bootstrap: 53/100
Bootstrap: 54/100
Bootstrap: 55/100
Bootstrap: 56/100
Bootstrap: 57/100
Bootstrap: 58/100
Bootstrap: 59/100
Bootstrap: 60/100
Bootstrap: 61/100
Bootstrap: 62/100
Bootstrap: 63/100
Bootstrap: 64/100
Bootstrap: 65/100
Bootstrap: 66/100
Bootstrap: 67/100
Bootstrap: 68/100
Bootstrap: 69/100
Bootstrap: 70/100
Bootstrap: 71/100
Bootstrap: 72/100
Bootstrap: 73/100
Bootstrap: 74/100
Bootstrap: 75/100
Bootstrap: 76/100
Bootstrap: 77/100
Bootstrap: 78/100
Bootstrap: 79/100
Bootstrap: 80/100
Bootstrap: 81/100
Bootstrap: 82/100
Bootstrap: 83/100
Bootstrap: 84/100
Bootstrap: 85/100
Bootstrap: 86/100
Bootstrap: 87/100
Bootstrap: 88/100
Bootstrap: 89/100
Bootstrap: 90/100
Bootstrap: 91/100
Bootstrap: 92/100
Bootstrap: 93/100
Bootstrap: 94/100
Bootstrap: 95/100
Bootstrap: 96/100
Bootstrap: 97/100
Bootstrap: 98/100
Bootstrap: 99/100
Bootstrap: 100/100
E_expect: [ 20.55935899]  dE_expect: [ 0.32279536]  dE_boot: [ 0.35131454] 

E_expectnew: [ 16.5488801]  dE_expectnew: [ 0.27755254]  dE_bootnew: [ 0.30030578] 

delta_E_expect: [-4.01047889]  percent_delta_E_expect: [-19.50682844] 

A_expect: [ 3.02966337]  dA_expect: [ 0.02870652]  dA_boot: [ 0.02714836] 

A_expect_unsamp: [ 3.37466382]  dA_expect_unsamp: [ 0.0552523]  dA_boot_unsamp: [ 0.19274713] 

The mean of the sampled series = [3.0239171543364471] 

The true sampled mean of the observable we're reweighting to = [2.9354179166018142] 

The mean of the energies corresponding to the sampled series = [20.357413427511613] 

The mean of the energies corresponding to the unsampled series = [16.554141077475634] 

Standard deviations away from true sampled observables for E_expect: [ 0.0193819]  E_expectnew: [ 0.02088891]  A_expect: [ 0.01023959] A_expect_unsamp: [ 5.18388744]
Percent shift = 67.7419354839 

Percent of molecule that is [#6X4:1]-[#1:2] = 62.5 

###############################################################################
NEXT LOOP
traj/AlkEthOH_c581_[#6X4:1]-[#1:2]_k250.nc
Sub-sampling...
No sub-sampling occurred
No sub-sampling occurred
Sub-sampling...
Bootstrap: 1/100
Bootstrap: 2/100
Bootstrap: 3/100
Bootstrap: 4/100
Bootstrap: 5/100
Bootstrap: 6/100
Bootstrap: 7/100
Bootstrap: 8/100
Bootstrap: 9/100
Bootstrap: 10/100
Bootstrap: 11/100
Bootstrap: 12/100
Bootstrap: 13/100
Bootstrap: 14/100
Bootstrap: 15/100
Bootstrap: 16/100
Bootstrap: 17/100
Bootstrap: 18/100
Bootstrap: 19/100
Bootstrap: 20/100
Bootstrap: 21/100
Bootstrap: 22/100
Bootstrap: 23/100
Bootstrap: 24/100
Bootstrap: 25/100
Bootstrap: 26/100
Bootstrap: 27/100
Bootstrap: 28/100
Bootstrap: 29/100
Bootstrap: 30/100
Bootstrap: 31/100
Bootstrap: 32/100
Bootstrap: 33/100
Bootstrap: 34/100
Bootstrap: 35/100
Bootstrap: 36/100
Bootstrap: 37/100
Bootstrap: 38/100
Bootstrap: 39/100
Bootstrap: 40/100
Bootstrap: 41/100
Bootstrap: 42/100
Bootstrap: 43/100
Bootstrap: 44/100
Bootstrap: 45/100
Bootstrap: 46/100
Bootstrap: 47/100
Bootstrap: 48/100
Bootstrap: 49/100
Bootstrap: 50/100
Bootstrap: 51/100
Bootstrap: 52/100
Bootstrap: 53/100
Bootstrap: 54/100
Bootstrap: 55/100
Bootstrap: 56/100
Bootstrap: 57/100
Bootstrap: 58/100
Bootstrap: 59/100
Bootstrap: 60/100
Bootstrap: 61/100
Bootstrap: 62/100
Bootstrap: 63/100
Bootstrap: 64/100
Bootstrap: 65/100
Bootstrap: 66/100
Bootstrap: 67/100
Bootstrap: 68/100
Bootstrap: 69/100
Bootstrap: 70/100
Bootstrap: 71/100
Bootstrap: 72/100
Bootstrap: 73/100
Bootstrap: 74/100
Bootstrap: 75/100
Bootstrap: 76/100
Bootstrap: 77/100
Bootstrap: 78/100
Bootstrap: 79/100
Bootstrap: 80/100
Bootstrap: 81/100
Bootstrap: 82/100
Bootstrap: 83/100
Bootstrap: 84/100
Bootstrap: 85/100
Bootstrap: 86/100
Bootstrap: 87/100
Bootstrap: 88/100
Bootstrap: 89/100
Bootstrap: 90/100
Bootstrap: 91/100
Bootstrap: 92/100
Bootstrap: 93/100
Bootstrap: 94/100
Bootstrap: 95/100
Bootstrap: 96/100
Bootstrap: 97/100
Bootstrap: 98/100
Bootstrap: 99/100
Bootstrap: 100/100
E_expect: [ 20.43373912]  dE_expect: [ 0.32397328]  dE_boot: [ 0.3320891] 

E_expectnew: [ 17.2157157]  dE_expectnew: [ 0.29568988]  dE_bootnew: [ 0.28869839] 

delta_E_expect: [-3.21802342]  percent_delta_E_expect: [-15.74857839] 

A_expect: [ 2.99422694]  dA_expect: [ 0.0287298]  dA_boot: [ 0.02846804] 

A_expect_unsamp: [ 3.07163075]  dA_expect_unsamp: [ 0.01576285]  dA_boot_unsamp: [ 0.1870114] 

The mean of the sampled series = [3.0239171543364471] 

The true sampled mean of the observable we're reweighting to = [3.0176643077962102] 

The mean of the energies corresponding to the sampled series = [20.357413427511613] 

The mean of the energies corresponding to the unsampled series = [17.006911595337058] 

Standard deviations away from true sampled observables for E_expect: [ 0.05387731]  E_expectnew: [ 0.07516281]  A_expect: [ 0.01991154] A_expect_unsamp: [ 15.20787045]
Percent shift = 59.6774193548 

Percent of molecule that is [#6X4:1]-[#1:2] = 62.5 

###############################################################################
NEXT LOOP
traj/AlkEthOH_c581_[#6X4:1]-[#1:2]_k300.nc
Sub-sampling...
No sub-sampling occurred
No sub-sampling occurred
Sub-sampling...
Bootstrap: 1/100
Bootstrap: 2/100
Bootstrap: 3/100
Bootstrap: 4/100
Bootstrap: 5/100
Bootstrap: 6/100
Bootstrap: 7/100
Bootstrap: 8/100
Bootstrap: 9/100
Bootstrap: 10/100
Bootstrap: 11/100
Bootstrap: 12/100
Bootstrap: 13/100
Bootstrap: 14/100
Bootstrap: 15/100
Bootstrap: 16/100
Bootstrap: 17/100
Bootstrap: 18/100
Bootstrap: 19/100
Bootstrap: 20/100
Bootstrap: 21/100
Bootstrap: 22/100
Bootstrap: 23/100
Bootstrap: 24/100
Bootstrap: 25/100
Bootstrap: 26/100
Bootstrap: 27/100
Bootstrap: 28/100
Bootstrap: 29/100
Bootstrap: 30/100
Bootstrap: 31/100
Bootstrap: 32/100
Bootstrap: 33/100
Bootstrap: 34/100
Bootstrap: 35/100
Bootstrap: 36/100
Bootstrap: 37/100
Bootstrap: 38/100
Bootstrap: 39/100
Bootstrap: 40/100
Bootstrap: 41/100
Bootstrap: 42/100
Bootstrap: 43/100
Bootstrap: 44/100
Bootstrap: 45/100
Bootstrap: 46/100
Bootstrap: 47/100
Bootstrap: 48/100
Bootstrap: 49/100
Bootstrap: 50/100
Bootstrap: 51/100
Bootstrap: 52/100
Bootstrap: 53/100
Bootstrap: 54/100
Bootstrap: 55/100
Bootstrap: 56/100
Bootstrap: 57/100
Bootstrap: 58/100
Bootstrap: 59/100
Bootstrap: 60/100
Bootstrap: 61/100
Bootstrap: 62/100
Bootstrap: 63/100
Bootstrap: 64/100
Bootstrap: 65/100
Bootstrap: 66/100
Bootstrap: 67/100
Bootstrap: 68/100
Bootstrap: 69/100
Bootstrap: 70/100
Bootstrap: 71/100
Bootstrap: 72/100
Bootstrap: 73/100
Bootstrap: 74/100
Bootstrap: 75/100
Bootstrap: 76/100
Bootstrap: 77/100
Bootstrap: 78/100
Bootstrap: 79/100
Bootstrap: 80/100
Bootstrap: 81/100
Bootstrap: 82/100
Bootstrap: 83/100
Bootstrap: 84/100
Bootstrap: 85/100
Bootstrap: 86/100
Bootstrap: 87/100
Bootstrap: 88/100
Bootstrap: 89/100
Bootstrap: 90/100
Bootstrap: 91/100
Bootstrap: 92/100
Bootstrap: 93/100
Bootstrap: 94/100
Bootstrap: 95/100
Bootstrap: 96/100
Bootstrap: 97/100
Bootstrap: 98/100
Bootstrap: 99/100
Bootstrap: 100/100
E_expect: [ 20.31303268]  dE_expect: [ 0.32130126]  dE_boot: [ 0.29941039] 

E_expectnew: [ 17.34294332]  dE_expectnew: [ 0.28064213]  dE_bootnew: [ 0.27600125] 

delta_E_expect: [-2.97008936]  percent_delta_E_expect: [-14.62159494] 

A_expect: [ 3.00530746]  dA_expect: [ 0.02976506]  dA_boot: [ 0.02786208] 

A_expect_unsamp: [ 3.36162028]  dA_expect_unsamp: [ 0.06323752]  dA_boot_unsamp: [ 0.17924346] 

The mean of the sampled series = [3.0239171543364471] 

The true sampled mean of the observable we're reweighting to = [3.0550808430629601] 

The mean of the energies corresponding to the sampled series = [20.357413427511613] 

The mean of the energies corresponding to the unsampled series = [17.459682113198486] 

Standard deviations away from true sampled observables for E_expect: [ 0.19235759]  E_expectnew: [ 0.20577154]  A_expect: [ 0.39211386] A_expect_unsamp: [ 2.91912179]
Percent shift = 51.6129032258 

Percent of molecule that is [#6X4:1]-[#1:2] = 62.5 

###############################################################################
NEXT LOOP
traj/AlkEthOH_c581_[#6X4:1]-[#1:2]_k350.nc
Sub-sampling...
No sub-sampling occurred
No sub-sampling occurred
Sub-sampling...
Bootstrap: 1/100
Bootstrap: 2/100
Bootstrap: 3/100
Bootstrap: 4/100
Bootstrap: 5/100
Bootstrap: 6/100
Bootstrap: 7/100
Bootstrap: 8/100
Bootstrap: 9/100
Bootstrap: 10/100
Bootstrap: 11/100
Bootstrap: 12/100
Bootstrap: 13/100
Bootstrap: 14/100
Bootstrap: 15/100
Bootstrap: 16/100
Bootstrap: 17/100
Bootstrap: 18/100
Bootstrap: 19/100
Bootstrap: 20/100
Bootstrap: 21/100
Bootstrap: 22/100
Bootstrap: 23/100
Bootstrap: 24/100
Bootstrap: 25/100
Bootstrap: 26/100
Bootstrap: 27/100
Bootstrap: 28/100
Bootstrap: 29/100
Bootstrap: 30/100
Bootstrap: 31/100
Bootstrap: 32/100
Bootstrap: 33/100
Bootstrap: 34/100
Bootstrap: 35/100
Bootstrap: 36/100
Bootstrap: 37/100
Bootstrap: 38/100
Bootstrap: 39/100
Bootstrap: 40/100
Bootstrap: 41/100
Bootstrap: 42/100
Bootstrap: 43/100
Bootstrap: 44/100
Bootstrap: 45/100
Bootstrap: 46/100
Bootstrap: 47/100
Bootstrap: 48/100
Bootstrap: 49/100
Bootstrap: 50/100
Bootstrap: 51/100
Bootstrap: 52/100
Bootstrap: 53/100
Bootstrap: 54/100
Bootstrap: 55/100
Bootstrap: 56/100
Bootstrap: 57/100
Bootstrap: 58/100
Bootstrap: 59/100
Bootstrap: 60/100
Bootstrap: 61/100
Bootstrap: 62/100
Bootstrap: 63/100
Bootstrap: 64/100
Bootstrap: 65/100
Bootstrap: 66/100
Bootstrap: 67/100
Bootstrap: 68/100
Bootstrap: 69/100
Bootstrap: 70/100
Bootstrap: 71/100
Bootstrap: 72/100
Bootstrap: 73/100
Bootstrap: 74/100
Bootstrap: 75/100
Bootstrap: 76/100
Bootstrap: 77/100
Bootstrap: 78/100
Bootstrap: 79/100
Bootstrap: 80/100
Bootstrap: 81/100
Bootstrap: 82/100
Bootstrap: 83/100
Bootstrap: 84/100
Bootstrap: 85/100
Bootstrap: 86/100
Bootstrap: 87/100
Bootstrap: 88/100
Bootstrap: 89/100
Bootstrap: 90/100
Bootstrap: 91/100
Bootstrap: 92/100
Bootstrap: 93/100
Bootstrap: 94/100
Bootstrap: 95/100
Bootstrap: 96/100
Bootstrap: 97/100
Bootstrap: 98/100
Bootstrap: 99/100
Bootstrap: 100/100
E_expect: [ 20.60087271]  dE_expect: [ 0.3101178]  dE_boot: [ 0.26611396] 

E_expectnew: [ 18.18624761]  dE_expectnew: [ 0.27808364]  dE_bootnew: [ 0.24869495] 

delta_E_expect: [-2.41462511]  percent_delta_E_expect: [-11.72098454] 

A_expect: [ 3.05387475]  dA_expect: [ 0.02824004]  dA_boot: [ 0.02810737] 

A_expect_unsamp: [ 3.36182446]  dA_expect_unsamp: [ 0.0586672]  dA_boot_unsamp: [ 0.17708939] 

The mean of the sampled series = [3.0239171543364471] 

The true sampled mean of the observable we're reweighting to = [2.9614660012136915] 

The mean of the energies corresponding to the sampled series = [20.357413427511613] 

The mean of the energies corresponding to the unsampled series = [17.91245263105991] 

Standard deviations away from true sampled observables for E_expect: [ 0.18531428]  E_expectnew: [ 0.19775896]  A_expect: [ 0.03727997] A_expect_unsamp: [ 4.81601416]
Percent shift = 43.5483870968 

Percent of molecule that is [#6X4:1]-[#1:2] = 62.5 

###############################################################################
NEXT LOOP
traj/AlkEthOH_c581_[#6X4:1]-[#1:2]_k400.nc
Sub-sampling...
No sub-sampling occurred
No sub-sampling occurred
Sub-sampling...
Bootstrap: 1/100
Bootstrap: 2/100
Bootstrap: 3/100
Bootstrap: 4/100
Bootstrap: 5/100
Bootstrap: 6/100
Bootstrap: 7/100
Bootstrap: 8/100
Bootstrap: 9/100
Bootstrap: 10/100
Bootstrap: 11/100
Bootstrap: 12/100
Bootstrap: 13/100
Bootstrap: 14/100
Bootstrap: 15/100
Bootstrap: 16/100
Bootstrap: 17/100
Bootstrap: 18/100
Bootstrap: 19/100
Bootstrap: 20/100
Bootstrap: 21/100
Bootstrap: 22/100
Bootstrap: 23/100
Bootstrap: 24/100
Bootstrap: 25/100
Bootstrap: 26/100
Bootstrap: 27/100
Bootstrap: 28/100
Bootstrap: 29/100
Bootstrap: 30/100
Bootstrap: 31/100
Bootstrap: 32/100
Bootstrap: 33/100
Bootstrap: 34/100
Bootstrap: 35/100
Bootstrap: 36/100
Bootstrap: 37/100
Bootstrap: 38/100
Bootstrap: 39/100
Bootstrap: 40/100
Bootstrap: 41/100
Bootstrap: 42/100
Bootstrap: 43/100
Bootstrap: 44/100
Bootstrap: 45/100
Bootstrap: 46/100
Bootstrap: 47/100
Bootstrap: 48/100
Bootstrap: 49/100
Bootstrap: 50/100
Bootstrap: 51/100
Bootstrap: 52/100
Bootstrap: 53/100
Bootstrap: 54/100
Bootstrap: 55/100
Bootstrap: 56/100
Bootstrap: 57/100
Bootstrap: 58/100
Bootstrap: 59/100
Bootstrap: 60/100
Bootstrap: 61/100
Bootstrap: 62/100
Bootstrap: 63/100
Bootstrap: 64/100
Bootstrap: 65/100
Bootstrap: 66/100
Bootstrap: 67/100
Bootstrap: 68/100
Bootstrap: 69/100
Bootstrap: 70/100
Bootstrap: 71/100
Bootstrap: 72/100
Bootstrap: 73/100
Bootstrap: 74/100
Bootstrap: 75/100
Bootstrap: 76/100
Bootstrap: 77/100
Bootstrap: 78/100
Bootstrap: 79/100
Bootstrap: 80/100
Bootstrap: 81/100
Bootstrap: 82/100
Bootstrap: 83/100
Bootstrap: 84/100
Bootstrap: 85/100
Bootstrap: 86/100
Bootstrap: 87/100
Bootstrap: 88/100
Bootstrap: 89/100
Bootstrap: 90/100
Bootstrap: 91/100
Bootstrap: 92/100
Bootstrap: 93/100
Bootstrap: 94/100
Bootstrap: 95/100
Bootstrap: 96/100
Bootstrap: 97/100
Bootstrap: 98/100
Bootstrap: 99/100
Bootstrap: 100/100
E_expect: [ 19.86242688]  dE_expect: [ 0.30055472]  dE_boot: [ 0.3137292] 

E_expectnew: [ 17.94300407]  dE_expectnew: [ 0.27548529]  dE_bootnew: [ 0.29361395] 

delta_E_expect: [-1.91942281]  percent_delta_E_expect: [-9.66358653] 

A_expect: [ 3.03650982]  dA_expect: [ 0.02955389]  dA_boot: [ 0.02815626] 

A_expect_unsamp: [ 3.35228274]  dA_expect_unsamp: [ 0.06868488]  dA_boot_unsamp: [ 0.18114441] 

The mean of the sampled series = [3.0239171543364471] 

The true sampled mean of the observable we're reweighting to = [2.9465459862205607] 

The mean of the energies corresponding to the sampled series = [20.357413427511613] 

The mean of the energies corresponding to the unsampled series = [18.365223148921341] 

Standard deviations away from true sampled observables for E_expect: [ 0.0752286]  E_expectnew: [ 0.05970308]  A_expect: [ 0.05052616] A_expect_unsamp: [ 3.68850707]
Percent shift = 35.4838709677 

Percent of molecule that is [#6X4:1]-[#1:2] = 62.5 

###############################################################################
NEXT LOOP
traj/AlkEthOH_c581_[#6X4:1]-[#1:2]_k450.nc
Sub-sampling...
No sub-sampling occurred
No sub-sampling occurred
Sub-sampling...
Bootstrap: 1/100
Bootstrap: 2/100
Bootstrap: 3/100
Bootstrap: 4/100
Bootstrap: 5/100
Bootstrap: 6/100
Bootstrap: 7/100
Bootstrap: 8/100
Bootstrap: 9/100
Bootstrap: 10/100
Bootstrap: 11/100
Bootstrap: 12/100
Bootstrap: 13/100
Bootstrap: 14/100
Bootstrap: 15/100
Bootstrap: 16/100
Bootstrap: 17/100
Bootstrap: 18/100
Bootstrap: 19/100
Bootstrap: 20/100
Bootstrap: 21/100
Bootstrap: 22/100
Bootstrap: 23/100
Bootstrap: 24/100
Bootstrap: 25/100
Bootstrap: 26/100
Bootstrap: 27/100
Bootstrap: 28/100
Bootstrap: 29/100
Bootstrap: 30/100
Bootstrap: 31/100
Bootstrap: 32/100
Bootstrap: 33/100
Bootstrap: 34/100
Bootstrap: 35/100
Bootstrap: 36/100
Bootstrap: 37/100
Bootstrap: 38/100
Bootstrap: 39/100
Bootstrap: 40/100
Bootstrap: 41/100
Bootstrap: 42/100
Bootstrap: 43/100
Bootstrap: 44/100
Bootstrap: 45/100
Bootstrap: 46/100
Bootstrap: 47/100
Bootstrap: 48/100
Bootstrap: 49/100
Bootstrap: 50/100
Bootstrap: 51/100
Bootstrap: 52/100
Bootstrap: 53/100
Bootstrap: 54/100
Bootstrap: 55/100
Bootstrap: 56/100
Bootstrap: 57/100
Bootstrap: 58/100
Bootstrap: 59/100
Bootstrap: 60/100
Bootstrap: 61/100
Bootstrap: 62/100
Bootstrap: 63/100
Bootstrap: 64/100
Bootstrap: 65/100
Bootstrap: 66/100
Bootstrap: 67/100
Bootstrap: 68/100
Bootstrap: 69/100
Bootstrap: 70/100
Bootstrap: 71/100
Bootstrap: 72/100
Bootstrap: 73/100
Bootstrap: 74/100
Bootstrap: 75/100
Bootstrap: 76/100
Bootstrap: 77/100
Bootstrap: 78/100
Bootstrap: 79/100
Bootstrap: 80/100
Bootstrap: 81/100
Bootstrap: 82/100
Bootstrap: 83/100
Bootstrap: 84/100
Bootstrap: 85/100
Bootstrap: 86/100
Bootstrap: 87/100
Bootstrap: 88/100
Bootstrap: 89/100
Bootstrap: 90/100
Bootstrap: 91/100
Bootstrap: 92/100
Bootstrap: 93/100
Bootstrap: 94/100
Bootstrap: 95/100
Bootstrap: 96/100
Bootstrap: 97/100
Bootstrap: 98/100
Bootstrap: 99/100
Bootstrap: 100/100
E_expect: [ 19.56076233]  dE_expect: [ 0.29277965]  dE_boot: [ 0.30908284] 

E_expectnew: [ 18.09130487]  dE_expectnew: [ 0.26618206]  dE_bootnew: [ 0.28599395] 

delta_E_expect: [-1.46945746]  percent_delta_E_expect: [-7.51227089] 

A_expect: [ 3.03043931]  dA_expect: [ 0.02778278]  dA_boot: [ 0.0301142] 

A_expect_unsamp: [ 3.01674379]  dA_expect_unsamp: [ 0.03778039]  dA_boot_unsamp: [ 0.1569805] 

The mean of the sampled series = [3.0239171543364471] 

The true sampled mean of the observable we're reweighting to = [3.0555667033229983] 

The mean of the energies corresponding to the sampled series = [20.357413427511613] 

The mean of the energies corresponding to the unsampled series = [18.817993666782762] 

Standard deviations away from true sampled observables for E_expect: [ 0.04052705]  E_expectnew: [ 0.06140599]  A_expect: [ 0.17976913] A_expect_unsamp: [ 4.06422269]
Percent shift = 27.4193548387 

Percent of molecule that is [#6X4:1]-[#1:2] = 62.5 

###############################################################################
NEXT LOOP
traj/AlkEthOH_c581_[#6X4:1]-[#1:2]_k500.nc
Sub-sampling...
No sub-sampling occurred
No sub-sampling occurred
Sub-sampling...
Bootstrap: 1/100
Bootstrap: 2/100
Bootstrap: 3/100
Bootstrap: 4/100
Bootstrap: 5/100
Bootstrap: 6/100
Bootstrap: 7/100
Bootstrap: 8/100
Bootstrap: 9/100
Bootstrap: 10/100
Bootstrap: 11/100
Bootstrap: 12/100
Bootstrap: 13/100
Bootstrap: 14/100
Bootstrap: 15/100
Bootstrap: 16/100
Bootstrap: 17/100
Bootstrap: 18/100
Bootstrap: 19/100
Bootstrap: 20/100
Bootstrap: 21/100
Bootstrap: 22/100
Bootstrap: 23/100
Bootstrap: 24/100
Bootstrap: 25/100
Bootstrap: 26/100
Bootstrap: 27/100
Bootstrap: 28/100
Bootstrap: 29/100
Bootstrap: 30/100
Bootstrap: 31/100
Bootstrap: 32/100
Bootstrap: 33/100
Bootstrap: 34/100
Bootstrap: 35/100
Bootstrap: 36/100
Bootstrap: 37/100
Bootstrap: 38/100
Bootstrap: 39/100
Bootstrap: 40/100
Bootstrap: 41/100
Bootstrap: 42/100
Bootstrap: 43/100
Bootstrap: 44/100
Bootstrap: 45/100
Bootstrap: 46/100
Bootstrap: 47/100
Bootstrap: 48/100
Bootstrap: 49/100
Bootstrap: 50/100
Bootstrap: 51/100
Bootstrap: 52/100
Bootstrap: 53/100
Bootstrap: 54/100
Bootstrap: 55/100
Bootstrap: 56/100
Bootstrap: 57/100
Bootstrap: 58/100
Bootstrap: 59/100
Bootstrap: 60/100
Bootstrap: 61/100
Bootstrap: 62/100
Bootstrap: 63/100
Bootstrap: 64/100
Bootstrap: 65/100
Bootstrap: 66/100
Bootstrap: 67/100
Bootstrap: 68/100
Bootstrap: 69/100
Bootstrap: 70/100
Bootstrap: 71/100
Bootstrap: 72/100
Bootstrap: 73/100
Bootstrap: 74/100
Bootstrap: 75/100
Bootstrap: 76/100
Bootstrap: 77/100
Bootstrap: 78/100
Bootstrap: 79/100
Bootstrap: 80/100
Bootstrap: 81/100
Bootstrap: 82/100
Bootstrap: 83/100
Bootstrap: 84/100
Bootstrap: 85/100
Bootstrap: 86/100
Bootstrap: 87/100
Bootstrap: 88/100
Bootstrap: 89/100
Bootstrap: 90/100
Bootstrap: 91/100
Bootstrap: 92/100
Bootstrap: 93/100
Bootstrap: 94/100
Bootstrap: 95/100
Bootstrap: 96/100
Bootstrap: 97/100
Bootstrap: 98/100
Bootstrap: 99/100
Bootstrap: 100/100
E_expect: [ 20.72737342]  dE_expect: [ 0.32772479]  dE_boot: [ 0.34354096] 

E_expectnew: [ 19.60659153]  dE_expectnew: [ 0.30973583]  dE_bootnew: [ 0.32453537] 

delta_E_expect: [-1.1207819]  percent_delta_E_expect: [-5.40725482] 

A_expect: [ 3.04582108]  dA_expect: [ 0.02979831]  dA_boot: [ 0.02759952] 

A_expect_unsamp: [ 3.26040144]  dA_expect_unsamp: [ 0.09042797]  dA_boot_unsamp: [ 0.14884323] 

The mean of the sampled series = [3.0239171543364471] 

The true sampled mean of the observable we're reweighting to = [2.9628285481642971] 

The mean of the energies corresponding to the sampled series = [20.357413427511613] 

The mean of the energies corresponding to the unsampled series = [19.270764184644189] 

Standard deviations away from true sampled observables for E_expect: [ 0.01367635]  E_expectnew: [ 0.00064551]  A_expect: [ 0.17107633] A_expect_unsamp: [ 2.41947617]
Percent shift = 19.3548387097 

Percent of molecule that is [#6X4:1]-[#1:2] = 62.5 

###############################################################################
NEXT LOOP
traj/AlkEthOH_c581_[#6X4:1]-[#1:2]_k550.nc
Sub-sampling...
No sub-sampling occurred
No sub-sampling occurred
Sub-sampling...
Bootstrap: 1/100
Bootstrap: 2/100
Bootstrap: 3/100
Bootstrap: 4/100
Bootstrap: 5/100
Bootstrap: 6/100
Bootstrap: 7/100
Bootstrap: 8/100
Bootstrap: 9/100
Bootstrap: 10/100
Bootstrap: 11/100
Bootstrap: 12/100
Bootstrap: 13/100
Bootstrap: 14/100
Bootstrap: 15/100
Bootstrap: 16/100
Bootstrap: 17/100
Bootstrap: 18/100
Bootstrap: 19/100
Bootstrap: 20/100
Bootstrap: 21/100
Bootstrap: 22/100
Bootstrap: 23/100
Bootstrap: 24/100
Bootstrap: 25/100
Bootstrap: 26/100
Bootstrap: 27/100
Bootstrap: 28/100
Bootstrap: 29/100
Bootstrap: 30/100
Bootstrap: 31/100
Bootstrap: 32/100
Bootstrap: 33/100
Bootstrap: 34/100
Bootstrap: 35/100
Bootstrap: 36/100
Bootstrap: 37/100
Bootstrap: 38/100
Bootstrap: 39/100
Bootstrap: 40/100
Bootstrap: 41/100
Bootstrap: 42/100
Bootstrap: 43/100
Bootstrap: 44/100
Bootstrap: 45/100
Bootstrap: 46/100
Bootstrap: 47/100
Bootstrap: 48/100
Bootstrap: 49/100
Bootstrap: 50/100
Bootstrap: 51/100
Bootstrap: 52/100
Bootstrap: 53/100
Bootstrap: 54/100
Bootstrap: 55/100
Bootstrap: 56/100
Bootstrap: 57/100
Bootstrap: 58/100
Bootstrap: 59/100
Bootstrap: 60/100
Bootstrap: 61/100
Bootstrap: 62/100
Bootstrap: 63/100
Bootstrap: 64/100
Bootstrap: 65/100
Bootstrap: 66/100
Bootstrap: 67/100
Bootstrap: 68/100
Bootstrap: 69/100
Bootstrap: 70/100
Bootstrap: 71/100
Bootstrap: 72/100
Bootstrap: 73/100
Bootstrap: 74/100
Bootstrap: 75/100
Bootstrap: 76/100
Bootstrap: 77/100
Bootstrap: 78/100
Bootstrap: 79/100
Bootstrap: 80/100
Bootstrap: 81/100
Bootstrap: 82/100
Bootstrap: 83/100
Bootstrap: 84/100
Bootstrap: 85/100
Bootstrap: 86/100
Bootstrap: 87/100
Bootstrap: 88/100
Bootstrap: 89/100
Bootstrap: 90/100
Bootstrap: 91/100
Bootstrap: 92/100
Bootstrap: 93/100
Bootstrap: 94/100
Bootstrap: 95/100
Bootstrap: 96/100
Bootstrap: 97/100
Bootstrap: 98/100
Bootstrap: 99/100
Bootstrap: 100/100
E_expect: [ 20.41311524]  dE_expect: [ 0.33303959]  dE_boot: [ 0.26513595] 

E_expectnew: [ 19.77742299]  dE_expectnew: [ 0.31978395]  dE_bootnew: [ 0.25597839] 

delta_E_expect: [-0.63569225]  percent_delta_E_expect: [-3.1141364] 

A_expect: [ 2.99968352]  dA_expect: [ 0.02855132]  dA_boot: [ 0.03219432] 

A_expect_unsamp: [ 3.35343564]  dA_expect_unsamp: [ 0.04042879]  dA_boot_unsamp: [ 0.1455246] 

The mean of the sampled series = [3.0239171543364471] 

The true sampled mean of the observable we're reweighting to = [2.9691384898965443] 

The mean of the energies corresponding to the sampled series = [20.357413427511613] 

The mean of the energies corresponding to the unsampled series = [19.723534702505617] 

Standard deviations away from true sampled observables for E_expect: [ 0.14585063]  E_expectnew: [ 0.14858273]  A_expect: [ 0.02790723] A_expect_unsamp: [ 5.06323806]
Percent shift = 11.2903225806 

Percent of molecule that is [#6X4:1]-[#1:2] = 62.5 

###############################################################################
NEXT LOOP
traj/AlkEthOH_c581_[#6X4:1]-[#1:2]_k600.nc
Sub-sampling...
No sub-sampling occurred
No sub-sampling occurred
Sub-sampling...
Bootstrap: 1/100
Bootstrap: 2/100
Bootstrap: 3/100
Bootstrap: 4/100
Bootstrap: 5/100
Bootstrap: 6/100
Bootstrap: 7/100
Bootstrap: 8/100
Bootstrap: 9/100
Bootstrap: 10/100
Bootstrap: 11/100
Bootstrap: 12/100
Bootstrap: 13/100
Bootstrap: 14/100
Bootstrap: 15/100
Bootstrap: 16/100
Bootstrap: 17/100
Bootstrap: 18/100
Bootstrap: 19/100
Bootstrap: 20/100
Bootstrap: 21/100
Bootstrap: 22/100
Bootstrap: 23/100
Bootstrap: 24/100
Bootstrap: 25/100
Bootstrap: 26/100
Bootstrap: 27/100
Bootstrap: 28/100
Bootstrap: 29/100
Bootstrap: 30/100
Bootstrap: 31/100
Bootstrap: 32/100
Bootstrap: 33/100
Bootstrap: 34/100
Bootstrap: 35/100
Bootstrap: 36/100
Bootstrap: 37/100
Bootstrap: 38/100
Bootstrap: 39/100
Bootstrap: 40/100
Bootstrap: 41/100
Bootstrap: 42/100
Bootstrap: 43/100
Bootstrap: 44/100
Bootstrap: 45/100
Bootstrap: 46/100
Bootstrap: 47/100
Bootstrap: 48/100
Bootstrap: 49/100
Bootstrap: 50/100
Bootstrap: 51/100
Bootstrap: 52/100
Bootstrap: 53/100
Bootstrap: 54/100
Bootstrap: 55/100
Bootstrap: 56/100
Bootstrap: 57/100
Bootstrap: 58/100
Bootstrap: 59/100
Bootstrap: 60/100
Bootstrap: 61/100
Bootstrap: 62/100
Bootstrap: 63/100
Bootstrap: 64/100
Bootstrap: 65/100
Bootstrap: 66/100
Bootstrap: 67/100
Bootstrap: 68/100
Bootstrap: 69/100
Bootstrap: 70/100
Bootstrap: 71/100
Bootstrap: 72/100
Bootstrap: 73/100
Bootstrap: 74/100
Bootstrap: 75/100
Bootstrap: 76/100
Bootstrap: 77/100
Bootstrap: 78/100
Bootstrap: 79/100
Bootstrap: 80/100
Bootstrap: 81/100
Bootstrap: 82/100
Bootstrap: 83/100
Bootstrap: 84/100
Bootstrap: 85/100
Bootstrap: 86/100
Bootstrap: 87/100
Bootstrap: 88/100
Bootstrap: 89/100
Bootstrap: 90/100
Bootstrap: 91/100
Bootstrap: 92/100
Bootstrap: 93/100
Bootstrap: 94/100
Bootstrap: 95/100
Bootstrap: 96/100
Bootstrap: 97/100
Bootstrap: 98/100
Bootstrap: 99/100
Bootstrap: 100/100
E_expect: [ 20.25957089]  dE_expect: [ 0.29558493]  dE_boot: [ 0.29359651] 

E_expectnew: [ 20.08451361]  dE_expectnew: [ 0.29308387]  dE_bootnew: [ 0.29071558] 

delta_E_expect: [-0.17505728]  percent_delta_E_expect: [-0.86407202] 

A_expect: [ 3.08503301]  dA_expect: [ 0.02864426]  dA_boot: [ 0.0306398] 

A_expect_unsamp: [ 3.14116592]  dA_expect_unsamp: [ 0.12141759]  dA_boot_unsamp: [ 0.13389432] 

The mean of the sampled series = [3.0239171543364471] 

The true sampled mean of the observable we're reweighting to = [2.9656720292099501] 

The mean of the energies corresponding to the sampled series = [20.357413427511613] 

The mean of the energies corresponding to the unsampled series = [20.176305220367041] 

Standard deviations away from true sampled observables for E_expect: [ 0.03422077]  E_expectnew: [ 0.03347209]  A_expect: [ 0.04086147] A_expect_unsamp: [ 1.30088812]
Percent shift = 3.22580645161 

Percent of molecule that is [#6X4:1]-[#1:2] = 62.5 

###############################################################################
NEXT LOOP
traj/AlkEthOH_c581_[#6X4:1]-[#1:2]_k650.nc
Sub-sampling...
No sub-sampling occurred
No sub-sampling occurred
Sub-sampling...
Bootstrap: 1/100
Bootstrap: 2/100
Bootstrap: 3/100
Bootstrap: 4/100
Bootstrap: 5/100
Bootstrap: 6/100
Bootstrap: 7/100
Bootstrap: 8/100
Bootstrap: 9/100
Bootstrap: 10/100
Bootstrap: 11/100
Bootstrap: 12/100
Bootstrap: 13/100
Bootstrap: 14/100
Bootstrap: 15/100
Bootstrap: 16/100
Bootstrap: 17/100
Bootstrap: 18/100
Bootstrap: 19/100
Bootstrap: 20/100
Bootstrap: 21/100
Bootstrap: 22/100
Bootstrap: 23/100
Bootstrap: 24/100
Bootstrap: 25/100
Bootstrap: 26/100
Bootstrap: 27/100
Bootstrap: 28/100
Bootstrap: 29/100
Bootstrap: 30/100
Bootstrap: 31/100
Bootstrap: 32/100
Bootstrap: 33/100
Bootstrap: 34/100
Bootstrap: 35/100
Bootstrap: 36/100
Bootstrap: 37/100
Bootstrap: 38/100
Bootstrap: 39/100
Bootstrap: 40/100
Bootstrap: 41/100
Bootstrap: 42/100
Bootstrap: 43/100
Bootstrap: 44/100
Bootstrap: 45/100
Bootstrap: 46/100
Bootstrap: 47/100
Bootstrap: 48/100
Bootstrap: 49/100
Bootstrap: 50/100
Bootstrap: 51/100
Bootstrap: 52/100
Bootstrap: 53/100
Bootstrap: 54/100
Bootstrap: 55/100
Bootstrap: 56/100
Bootstrap: 57/100
Bootstrap: 58/100
Bootstrap: 59/100
Bootstrap: 60/100
Bootstrap: 61/100
Bootstrap: 62/100
Bootstrap: 63/100
Bootstrap: 64/100
Bootstrap: 65/100
Bootstrap: 66/100
Bootstrap: 67/100
Bootstrap: 68/100
Bootstrap: 69/100
Bootstrap: 70/100
Bootstrap: 71/100
Bootstrap: 72/100
Bootstrap: 73/100
Bootstrap: 74/100
Bootstrap: 75/100
Bootstrap: 76/100
Bootstrap: 77/100
Bootstrap: 78/100
Bootstrap: 79/100
Bootstrap: 80/100
Bootstrap: 81/100
Bootstrap: 82/100
Bootstrap: 83/100
Bootstrap: 84/100
Bootstrap: 85/100
Bootstrap: 86/100
Bootstrap: 87/100
Bootstrap: 88/100
Bootstrap: 89/100
Bootstrap: 90/100
Bootstrap: 91/100
Bootstrap: 92/100
Bootstrap: 93/100
Bootstrap: 94/100
Bootstrap: 95/100
Bootstrap: 96/100
Bootstrap: 97/100
Bootstrap: 98/100
Bootstrap: 99/100
Bootstrap: 100/100
E_expect: [ 20.51546505]  dE_expect: [ 0.29305089]  dE_boot: [ 0.30646247] 

E_expectnew: [ 20.79296423]  dE_expectnew: [ 0.29746018]  dE_bootnew: [ 0.31124178] 

delta_E_expect: [ 0.27749917]  percent_delta_E_expect: [ 1.35263409] 

A_expect: [ 3.00446019]  dA_expect: [ 0.02951597]  dA_boot: [ 0.02586515] 

A_expect_unsamp: [ 3.13489683]  dA_expect_unsamp: [ 0.10460897]  dA_boot_unsamp: [ 0.12273713] 

The mean of the sampled series = [3.0239171543364471] 

The true sampled mean of the observable we're reweighting to = [3.0405207880489113] 

The mean of the energies corresponding to the sampled series = [20.357413427511613] 

The mean of the energies corresponding to the unsampled series = [20.629075738228472] 

Standard deviations away from true sampled observables for E_expect: [ 0.33129373]  E_expectnew: [ 0.33325084]  A_expect: [ 0.10230741] A_expect_unsamp: [ 0.60297943]
Percent shift = -4.83870967742 

Percent of molecule that is [#6X4:1]-[#1:2] = 62.5 

###############################################################################
NEXT LOOP
traj/AlkEthOH_c581_[#6X4:1]-[#1:2]_k700.nc
Sub-sampling...
No sub-sampling occurred
No sub-sampling occurred
Sub-sampling...
Bootstrap: 1/100
Bootstrap: 2/100
Bootstrap: 3/100
Bootstrap: 4/100
Bootstrap: 5/100
Bootstrap: 6/100
Bootstrap: 7/100
Bootstrap: 8/100
Bootstrap: 9/100
Bootstrap: 10/100
Bootstrap: 11/100
Bootstrap: 12/100
Bootstrap: 13/100
Bootstrap: 14/100
Bootstrap: 15/100
Bootstrap: 16/100
Bootstrap: 17/100
Bootstrap: 18/100
Bootstrap: 19/100
Bootstrap: 20/100
Bootstrap: 21/100
Bootstrap: 22/100
Bootstrap: 23/100
Bootstrap: 24/100
Bootstrap: 25/100
Bootstrap: 26/100
Bootstrap: 27/100
Bootstrap: 28/100
Bootstrap: 29/100
Bootstrap: 30/100
Bootstrap: 31/100
Bootstrap: 32/100
Bootstrap: 33/100
Bootstrap: 34/100
Bootstrap: 35/100
Bootstrap: 36/100
Bootstrap: 37/100
Bootstrap: 38/100
Bootstrap: 39/100
Bootstrap: 40/100
Bootstrap: 41/100
Bootstrap: 42/100
Bootstrap: 43/100
Bootstrap: 44/100
Bootstrap: 45/100
Bootstrap: 46/100
Bootstrap: 47/100
Bootstrap: 48/100
Bootstrap: 49/100
Bootstrap: 50/100
Bootstrap: 51/100
Bootstrap: 52/100
Bootstrap: 53/100
Bootstrap: 54/100
Bootstrap: 55/100
Bootstrap: 56/100
Bootstrap: 57/100
Bootstrap: 58/100
Bootstrap: 59/100
Bootstrap: 60/100
Bootstrap: 61/100
Bootstrap: 62/100
Bootstrap: 63/100
Bootstrap: 64/100
Bootstrap: 65/100
Bootstrap: 66/100
Bootstrap: 67/100
Bootstrap: 68/100
Bootstrap: 69/100
Bootstrap: 70/100
Bootstrap: 71/100
Bootstrap: 72/100
Bootstrap: 73/100
Bootstrap: 74/100
Bootstrap: 75/100
Bootstrap: 76/100
Bootstrap: 77/100
Bootstrap: 78/100
Bootstrap: 79/100
Bootstrap: 80/100
Bootstrap: 81/100
Bootstrap: 82/100
Bootstrap: 83/100
Bootstrap: 84/100
Bootstrap: 85/100
Bootstrap: 86/100
Bootstrap: 87/100
Bootstrap: 88/100
Bootstrap: 89/100
Bootstrap: 90/100
Bootstrap: 91/100
Bootstrap: 92/100
Bootstrap: 93/100
Bootstrap: 94/100
Bootstrap: 95/100
Bootstrap: 96/100
Bootstrap: 97/100
Bootstrap: 98/100
Bootstrap: 99/100
Bootstrap: 100/100
E_expect: [ 20.82439601]  dE_expect: [ 0.31447506]  dE_boot: [ 0.32307844] 

E_expectnew: [ 21.56104377]  dE_expectnew: [ 0.32577416]  dE_bootnew: [ 0.33493672] 

delta_E_expect: [ 0.73664776]  percent_delta_E_expect: [ 3.53742678] 

A_expect: [ 3.03263739]  dA_expect: [ 0.02968623]  dA_boot: [ 0.03025818] 

A_expect_unsamp: [ 2.9181755]  dA_expect_unsamp: [ 0.0672182]  dA_boot_unsamp: [ 0.10050825] 

The mean of the sampled series = [3.0239171543364471] 

The true sampled mean of the observable we're reweighting to = [2.9867880072372119] 

The mean of the energies corresponding to the sampled series = [20.357413427511613] 

The mean of the energies corresponding to the unsampled series = [21.081846256089896] 

Standard deviations away from true sampled observables for E_expect: [ 0.09753296]  E_expectnew: [ 0.10193144]  A_expect: [ 0.00237988] A_expect_unsamp: [ 0.83725368]
Percent shift = -12.9032258065 

Percent of molecule that is [#6X4:1]-[#1:2] = 62.5 

###############################################################################
NEXT LOOP
traj/AlkEthOH_c581_[#6X4:1]-[#1:2]_k750.nc
Sub-sampling...
No sub-sampling occurred
No sub-sampling occurred
Sub-sampling...
Bootstrap: 1/100
Bootstrap: 2/100
Bootstrap: 3/100
Bootstrap: 4/100
Bootstrap: 5/100
Bootstrap: 6/100
Bootstrap: 7/100
Bootstrap: 8/100
Bootstrap: 9/100
Bootstrap: 10/100
Bootstrap: 11/100
Bootstrap: 12/100
Bootstrap: 13/100
Bootstrap: 14/100
Bootstrap: 15/100
Bootstrap: 16/100
Bootstrap: 17/100
Bootstrap: 18/100
Bootstrap: 19/100
Bootstrap: 20/100
Bootstrap: 21/100
Bootstrap: 22/100
Bootstrap: 23/100
Bootstrap: 24/100
Bootstrap: 25/100
Bootstrap: 26/100
Bootstrap: 27/100
Bootstrap: 28/100
Bootstrap: 29/100
Bootstrap: 30/100
Bootstrap: 31/100
Bootstrap: 32/100
Bootstrap: 33/100
Bootstrap: 34/100
Bootstrap: 35/100
Bootstrap: 36/100
Bootstrap: 37/100
Bootstrap: 38/100
Bootstrap: 39/100
Bootstrap: 40/100
Bootstrap: 41/100
Bootstrap: 42/100
Bootstrap: 43/100
Bootstrap: 44/100
Bootstrap: 45/100
Bootstrap: 46/100
Bootstrap: 47/100
Bootstrap: 48/100
Bootstrap: 49/100
Bootstrap: 50/100
Bootstrap: 51/100
Bootstrap: 52/100
Bootstrap: 53/100
Bootstrap: 54/100
Bootstrap: 55/100
Bootstrap: 56/100
Bootstrap: 57/100
Bootstrap: 58/100
Bootstrap: 59/100
Bootstrap: 60/100
Bootstrap: 61/100
Bootstrap: 62/100
Bootstrap: 63/100
Bootstrap: 64/100
Bootstrap: 65/100
Bootstrap: 66/100
Bootstrap: 67/100
Bootstrap: 68/100
Bootstrap: 69/100
Bootstrap: 70/100
Bootstrap: 71/100
Bootstrap: 72/100
Bootstrap: 73/100
Bootstrap: 74/100
Bootstrap: 75/100
Bootstrap: 76/100
Bootstrap: 77/100
Bootstrap: 78/100
Bootstrap: 79/100
Bootstrap: 80/100
Bootstrap: 81/100
Bootstrap: 82/100
Bootstrap: 83/100
Bootstrap: 84/100
Bootstrap: 85/100
Bootstrap: 86/100
Bootstrap: 87/100
Bootstrap: 88/100
Bootstrap: 89/100
Bootstrap: 90/100
Bootstrap: 91/100
Bootstrap: 92/100
Bootstrap: 93/100
Bootstrap: 94/100
Bootstrap: 95/100
Bootstrap: 96/100
Bootstrap: 97/100
Bootstrap: 98/100
Bootstrap: 99/100
Bootstrap: 100/100
E_expect: [ 20.46672987]  dE_expect: [ 0.27231322]  dE_boot: [ 0.29471475] 

E_expectnew: [ 21.64587741]  dE_expectnew: [ 0.28625128]  dE_bootnew: [ 0.31154838] 

delta_E_expect: [ 1.17914754]  percent_delta_E_expect: [ 5.76128938] 

A_expect: [ 3.00170045]  dA_expect: [ 0.02850848]  dA_boot: [ 0.02692473] 

A_expect_unsamp: [ 3.06705548]  dA_expect_unsamp: [ 0.11613954]  dA_boot_unsamp: [ 0.0808072] 

The mean of the sampled series = [3.0239171543364471] 

The true sampled mean of the observable we're reweighting to = [3.0115468208232539] 

The mean of the energies corresponding to the sampled series = [20.357413427511613] 

The mean of the energies corresponding to the unsampled series = [21.534616773951321] 

Standard deviations away from true sampled observables for E_expect: [ 0.03837586]  E_expectnew: [ 0.03973305]  A_expect: [ 0.00426486] A_expect_unsamp: [ 0.09634506]
Percent shift = -20.9677419355 

Percent of molecule that is [#6X4:1]-[#1:2] = 62.5 

###############################################################################
NEXT LOOP
traj/AlkEthOH_c581_[#6X4:1]-[#1:2]_k800.nc
Sub-sampling...
No sub-sampling occurred
No sub-sampling occurred
Sub-sampling...
Bootstrap: 1/100
Bootstrap: 2/100
Bootstrap: 3/100
Bootstrap: 4/100
Bootstrap: 5/100
Bootstrap: 6/100
Bootstrap: 7/100
Bootstrap: 8/100
Bootstrap: 9/100
Bootstrap: 10/100
Bootstrap: 11/100
Bootstrap: 12/100
Bootstrap: 13/100
Bootstrap: 14/100
Bootstrap: 15/100
Bootstrap: 16/100
Bootstrap: 17/100
Bootstrap: 18/100
Bootstrap: 19/100
Bootstrap: 20/100
Bootstrap: 21/100
Bootstrap: 22/100
Bootstrap: 23/100
Bootstrap: 24/100
Bootstrap: 25/100
Bootstrap: 26/100
Bootstrap: 27/100
Bootstrap: 28/100
Bootstrap: 29/100
Bootstrap: 30/100
Bootstrap: 31/100
Bootstrap: 32/100
Bootstrap: 33/100
Bootstrap: 34/100
Bootstrap: 35/100
Bootstrap: 36/100
Bootstrap: 37/100
Bootstrap: 38/100
Bootstrap: 39/100
Bootstrap: 40/100
Bootstrap: 41/100
Bootstrap: 42/100
Bootstrap: 43/100
Bootstrap: 44/100
Bootstrap: 45/100
Bootstrap: 46/100
Bootstrap: 47/100
Bootstrap: 48/100
Bootstrap: 49/100
Bootstrap: 50/100
Bootstrap: 51/100
Bootstrap: 52/100
Bootstrap: 53/100
Bootstrap: 54/100
Bootstrap: 55/100
Bootstrap: 56/100
Bootstrap: 57/100
Bootstrap: 58/100
Bootstrap: 59/100
Bootstrap: 60/100
Bootstrap: 61/100
Bootstrap: 62/100
Bootstrap: 63/100
Bootstrap: 64/100
Bootstrap: 65/100
Bootstrap: 66/100
Bootstrap: 67/100
Bootstrap: 68/100
Bootstrap: 69/100
Bootstrap: 70/100
Bootstrap: 71/100
Bootstrap: 72/100
Bootstrap: 73/100
Bootstrap: 74/100
Bootstrap: 75/100
Bootstrap: 76/100
Bootstrap: 77/100
Bootstrap: 78/100
Bootstrap: 79/100
Bootstrap: 80/100
Bootstrap: 81/100
Bootstrap: 82/100
Bootstrap: 83/100
Bootstrap: 84/100
Bootstrap: 85/100
Bootstrap: 86/100
Bootstrap: 87/100
Bootstrap: 88/100
Bootstrap: 89/100
Bootstrap: 90/100
Bootstrap: 91/100
Bootstrap: 92/100
Bootstrap: 93/100
Bootstrap: 94/100
Bootstrap: 95/100
Bootstrap: 96/100
Bootstrap: 97/100
Bootstrap: 98/100
Bootstrap: 99/100
Bootstrap: 100/100
E_expect: [ 20.28480245]  dE_expect: [ 0.33188254]  dE_boot: [ 0.29525935] 

E_expectnew: [ 21.8663219]  dE_expectnew: [ 0.35363035]  dE_bootnew: [ 0.32428718] 

delta_E_expect: [ 1.58151945]  percent_delta_E_expect: [ 7.79657312] 

A_expect: [ 3.0540238]  dA_expect: [ 0.02774407]  dA_boot: [ 0.02721061] 

A_expect_unsamp: [ 2.98254482]  dA_expect_unsamp: [ 0.06616787]  dA_boot_unsamp: [ 0.07463352] 

The mean of the sampled series = [3.0239171543364471] 

The true sampled mean of the observable we're reweighting to = [3.0124382170555988] 

The mean of the energies corresponding to the sampled series = [20.357413427511613] 

The mean of the energies corresponding to the unsampled series = [21.987387291812741] 

Standard deviations away from true sampled observables for E_expect: [ 0.11997928]  E_expectnew: [ 0.11352644]  A_expect: [ 0.02714621] A_expect_unsamp: [ 0.471817]
Percent shift = -29.0322580645 

Percent of molecule that is [#6X4:1]-[#1:2] = 62.5 

###############################################################################
NEXT LOOP
traj/AlkEthOH_c581_[#6X4:1]-[#1:2]_k850.nc
Sub-sampling...
No sub-sampling occurred
No sub-sampling occurred
Sub-sampling...
Bootstrap: 1/100
Bootstrap: 2/100
Bootstrap: 3/100
Bootstrap: 4/100
Bootstrap: 5/100
Bootstrap: 6/100
Bootstrap: 7/100
Bootstrap: 8/100
Bootstrap: 9/100
Bootstrap: 10/100
Bootstrap: 11/100
Bootstrap: 12/100
Bootstrap: 13/100
Bootstrap: 14/100
Bootstrap: 15/100
Bootstrap: 16/100
Bootstrap: 17/100
Bootstrap: 18/100
Bootstrap: 19/100
Bootstrap: 20/100
Bootstrap: 21/100
Bootstrap: 22/100
Bootstrap: 23/100
Bootstrap: 24/100
Bootstrap: 25/100
Bootstrap: 26/100
Bootstrap: 27/100
Bootstrap: 28/100
Bootstrap: 29/100
Bootstrap: 30/100
Bootstrap: 31/100
Bootstrap: 32/100
Bootstrap: 33/100
Bootstrap: 34/100
Bootstrap: 35/100
Bootstrap: 36/100
Bootstrap: 37/100
Bootstrap: 38/100
Bootstrap: 39/100
Bootstrap: 40/100
Bootstrap: 41/100
Bootstrap: 42/100
Bootstrap: 43/100
Bootstrap: 44/100
Bootstrap: 45/100
Bootstrap: 46/100
Bootstrap: 47/100
Bootstrap: 48/100
Bootstrap: 49/100
Bootstrap: 50/100
Bootstrap: 51/100
Bootstrap: 52/100
Bootstrap: 53/100
Bootstrap: 54/100
Bootstrap: 55/100
Bootstrap: 56/100
Bootstrap: 57/100
Bootstrap: 58/100
Bootstrap: 59/100
Bootstrap: 60/100
Bootstrap: 61/100
Bootstrap: 62/100
Bootstrap: 63/100
Bootstrap: 64/100
Bootstrap: 65/100
Bootstrap: 66/100
Bootstrap: 67/100
Bootstrap: 68/100
Bootstrap: 69/100
Bootstrap: 70/100
Bootstrap: 71/100
Bootstrap: 72/100
Bootstrap: 73/100
Bootstrap: 74/100
Bootstrap: 75/100
Bootstrap: 76/100
Bootstrap: 77/100
Bootstrap: 78/100
Bootstrap: 79/100
Bootstrap: 80/100
Bootstrap: 81/100
Bootstrap: 82/100
Bootstrap: 83/100
Bootstrap: 84/100
Bootstrap: 85/100
Bootstrap: 86/100
Bootstrap: 87/100
Bootstrap: 88/100
Bootstrap: 89/100
Bootstrap: 90/100
Bootstrap: 91/100
Bootstrap: 92/100
Bootstrap: 93/100
Bootstrap: 94/100
Bootstrap: 95/100
Bootstrap: 96/100
Bootstrap: 97/100
Bootstrap: 98/100
Bootstrap: 99/100
Bootstrap: 100/100
E_expect: [ 20.3510578]  dE_expect: [ 0.33120955]  dE_boot: [ 0.28113253] 

E_expectnew: [ 22.55006402]  dE_expectnew: [ 0.37677813]  dE_bootnew: [ 0.30494818] 

delta_E_expect: [ 2.19900621]  percent_delta_E_expect: [ 10.80536567] 

A_expect: [ 3.02988252]  dA_expect: [ 0.0280386]  dA_boot: [ 0.0268535] 

A_expect_unsamp: [ 3.04965538]  dA_expect_unsamp: [ 0.06568268]  dA_boot_unsamp: [ 0.07271355] 

The mean of the sampled series = [3.0239171543364471] 

The true sampled mean of the observable we're reweighting to = [2.9554755625128522] 

The mean of the energies corresponding to the sampled series = [20.357413427511613] 

The mean of the energies corresponding to the unsampled series = [22.440157809674169] 

Standard deviations away from true sampled observables for E_expect: [ 0.10664309]  E_expectnew: [ 0.08786627]  A_expect: [ 0.12447454] A_expect_unsamp: [ 0.04319748]
Percent shift = -37.0967741935 

Percent of molecule that is [#6X4:1]-[#1:2] = 62.5 

###############################################################################
NEXT LOOP
traj/AlkEthOH_c581_[#6X4:1]-[#1:2]_k900.nc
Sub-sampling...
No sub-sampling occurred
No sub-sampling occurred
Sub-sampling...
Bootstrap: 1/100
Bootstrap: 2/100
Bootstrap: 3/100
Bootstrap: 4/100
Bootstrap: 5/100
Bootstrap: 6/100
Bootstrap: 7/100
Bootstrap: 8/100
Bootstrap: 9/100
Bootstrap: 10/100
Bootstrap: 11/100
Bootstrap: 12/100
Bootstrap: 13/100
Bootstrap: 14/100
Bootstrap: 15/100
Bootstrap: 16/100
Bootstrap: 17/100
Bootstrap: 18/100
Bootstrap: 19/100
Bootstrap: 20/100
Bootstrap: 21/100
Bootstrap: 22/100
Bootstrap: 23/100
Bootstrap: 24/100
Bootstrap: 25/100
Bootstrap: 26/100
Bootstrap: 27/100
Bootstrap: 28/100
Bootstrap: 29/100
Bootstrap: 30/100
Bootstrap: 31/100
Bootstrap: 32/100
Bootstrap: 33/100
Bootstrap: 34/100
Bootstrap: 35/100
Bootstrap: 36/100
Bootstrap: 37/100
Bootstrap: 38/100
Bootstrap: 39/100
Bootstrap: 40/100
Bootstrap: 41/100
Bootstrap: 42/100
Bootstrap: 43/100
Bootstrap: 44/100
Bootstrap: 45/100
Bootstrap: 46/100
Bootstrap: 47/100
Bootstrap: 48/100
Bootstrap: 49/100
Bootstrap: 50/100
Bootstrap: 51/100
Bootstrap: 52/100
Bootstrap: 53/100
Bootstrap: 54/100
Bootstrap: 55/100
Bootstrap: 56/100
Bootstrap: 57/100
Bootstrap: 58/100
Bootstrap: 59/100
Bootstrap: 60/100
Bootstrap: 61/100
Bootstrap: 62/100
Bootstrap: 63/100
Bootstrap: 64/100
Bootstrap: 65/100
Bootstrap: 66/100
Bootstrap: 67/100
Bootstrap: 68/100
Bootstrap: 69/100
Bootstrap: 70/100
Bootstrap: 71/100
Bootstrap: 72/100
Bootstrap: 73/100
Bootstrap: 74/100
Bootstrap: 75/100
Bootstrap: 76/100
Bootstrap: 77/100
Bootstrap: 78/100
Bootstrap: 79/100
Bootstrap: 80/100
Bootstrap: 81/100
Bootstrap: 82/100
Bootstrap: 83/100
Bootstrap: 84/100
Bootstrap: 85/100
Bootstrap: 86/100
Bootstrap: 87/100
Bootstrap: 88/100
Bootstrap: 89/100
Bootstrap: 90/100
Bootstrap: 91/100
Bootstrap: 92/100
Bootstrap: 93/100
Bootstrap: 94/100
Bootstrap: 95/100
Bootstrap: 96/100
Bootstrap: 97/100
Bootstrap: 98/100
Bootstrap: 99/100
Bootstrap: 100/100
E_expect: [ 20.34962469]  dE_expect: [ 0.31429429]  dE_boot: [ 0.30904405] 

E_expectnew: [ 22.95714925]  dE_expectnew: [ 0.35901027]  dE_bootnew: [ 0.35852236] 

delta_E_expect: [ 2.60752456]  percent_delta_E_expect: [ 12.81362485] 

A_expect: [ 3.03690383]  dA_expect: [ 0.02789298]  dA_boot: [ 0.03270466] 

A_expect_unsamp: [ 2.96097554]  dA_expect_unsamp: [ 0.1109119]  dA_boot_unsamp: [ 0.08276323] 

The mean of the sampled series = [3.0239171543364471] 

The true sampled mean of the observable we're reweighting to = [3.0128947044744652] 

The mean of the energies corresponding to the sampled series = [20.357413427511613] 

The mean of the energies corresponding to the unsampled series = [22.892928327535596] 

Standard deviations away from true sampled observables for E_expect: [ 0.04339426]  E_expectnew: [ 0.04614099]  A_expect: [ 0.07857433] A_expect_unsamp: [ 0.59609034]
Percent shift = -45.1612903226 

Percent of molecule that is [#6X4:1]-[#1:2] = 62.5 

###############################################################################
NEXT LOOP
traj/AlkEthOH_c581_[#6X4:1]-[#1:2]_k950.nc
Sub-sampling...
No sub-sampling occurred
No sub-sampling occurred
Sub-sampling...
Bootstrap: 1/100
Bootstrap: 2/100
Bootstrap: 3/100
Bootstrap: 4/100
Bootstrap: 5/100
Bootstrap: 6/100
Bootstrap: 7/100
Bootstrap: 8/100
Bootstrap: 9/100
Bootstrap: 10/100
Bootstrap: 11/100
Bootstrap: 12/100
Bootstrap: 13/100
Bootstrap: 14/100
Bootstrap: 15/100
Bootstrap: 16/100
Bootstrap: 17/100
Bootstrap: 18/100
Bootstrap: 19/100
Bootstrap: 20/100
Bootstrap: 21/100
Bootstrap: 22/100
Bootstrap: 23/100
Bootstrap: 24/100
Bootstrap: 25/100
Bootstrap: 26/100
Bootstrap: 27/100
Bootstrap: 28/100
Bootstrap: 29/100
Bootstrap: 30/100
Bootstrap: 31/100
Bootstrap: 32/100
Bootstrap: 33/100
Bootstrap: 34/100
Bootstrap: 35/100
Bootstrap: 36/100
Bootstrap: 37/100
Bootstrap: 38/100
Bootstrap: 39/100
Bootstrap: 40/100
Bootstrap: 41/100
Bootstrap: 42/100
Bootstrap: 43/100
Bootstrap: 44/100
Bootstrap: 45/100
Bootstrap: 46/100
Bootstrap: 47/100
Bootstrap: 48/100
Bootstrap: 49/100
Bootstrap: 50/100
Bootstrap: 51/100
Bootstrap: 52/100
Bootstrap: 53/100
Bootstrap: 54/100
Bootstrap: 55/100
Bootstrap: 56/100
Bootstrap: 57/100
Bootstrap: 58/100
Bootstrap: 59/100
Bootstrap: 60/100
Bootstrap: 61/100
Bootstrap: 62/100
Bootstrap: 63/100
Bootstrap: 64/100
Bootstrap: 65/100
Bootstrap: 66/100
Bootstrap: 67/100
Bootstrap: 68/100
Bootstrap: 69/100
Bootstrap: 70/100
Bootstrap: 71/100
Bootstrap: 72/100
Bootstrap: 73/100
Bootstrap: 74/100
Bootstrap: 75/100
Bootstrap: 76/100
Bootstrap: 77/100
Bootstrap: 78/100
Bootstrap: 79/100
Bootstrap: 80/100
Bootstrap: 81/100
Bootstrap: 82/100
Bootstrap: 83/100
Bootstrap: 84/100
Bootstrap: 85/100
Bootstrap: 86/100
Bootstrap: 87/100
Bootstrap: 88/100
Bootstrap: 89/100
Bootstrap: 90/100
Bootstrap: 91/100
Bootstrap: 92/100
Bootstrap: 93/100
Bootstrap: 94/100
Bootstrap: 95/100
Bootstrap: 96/100
Bootstrap: 97/100
Bootstrap: 98/100
Bootstrap: 99/100
Bootstrap: 100/100
E_expect: [ 20.45973928]  dE_expect: [ 0.32150101]  dE_boot: [ 0.31172207] 

E_expectnew: [ 23.48610671]  dE_expectnew: [ 0.3780649]  dE_bootnew: [ 0.35551463] 

delta_E_expect: [ 3.02636744]  percent_delta_E_expect: [ 14.79181821] 

A_expect: [ 3.00188365]  dA_expect: [ 0.028707]  dA_boot: [ 0.02900179] 

A_expect_unsamp: [ 2.91078833]  dA_expect_unsamp: [ 0.07447911]  dA_boot_unsamp: [ 0.08335855] 

The mean of the sampled series = [3.0239171543364471] 

The true sampled mean of the observable we're reweighting to = [3.0013767659882831] 

The mean of the energies corresponding to the sampled series = [20.357413427511613] 

The mean of the energies corresponding to the unsampled series = [23.345698845397024] 

Standard deviations away from true sampled observables for E_expect: [ 0.0463579]  E_expectnew: [ 0.00601227]  A_expect: [ 0.03834696] A_expect_unsamp: [ 1.11763573]
Percent shift = -53.2258064516 

Percent of molecule that is [#6X4:1]-[#1:2] = 62.5 

###############################################################################
NEXT LOOP
traj/AlkEthOH_c581_[#6X4:1]-[#1:2]_k1000.nc
Sub-sampling...
No sub-sampling occurred
No sub-sampling occurred
Sub-sampling...
Bootstrap: 1/100
Bootstrap: 2/100
Bootstrap: 3/100
Bootstrap: 4/100
Bootstrap: 5/100
Bootstrap: 6/100
Bootstrap: 7/100
Bootstrap: 8/100
Bootstrap: 9/100
Bootstrap: 10/100
Bootstrap: 11/100
Bootstrap: 12/100
Bootstrap: 13/100
Bootstrap: 14/100
Bootstrap: 15/100
Bootstrap: 16/100
Bootstrap: 17/100
Bootstrap: 18/100
Bootstrap: 19/100
Bootstrap: 20/100
Bootstrap: 21/100
Bootstrap: 22/100
Bootstrap: 23/100
Bootstrap: 24/100
Bootstrap: 25/100
Bootstrap: 26/100
Bootstrap: 27/100
Bootstrap: 28/100
Bootstrap: 29/100
Bootstrap: 30/100
Bootstrap: 31/100
Bootstrap: 32/100
Bootstrap: 33/100
Bootstrap: 34/100
Bootstrap: 35/100
Bootstrap: 36/100
Bootstrap: 37/100
Bootstrap: 38/100
Bootstrap: 39/100
Bootstrap: 40/100
Bootstrap: 41/100
Bootstrap: 42/100
Bootstrap: 43/100
Bootstrap: 44/100
Bootstrap: 45/100
Bootstrap: 46/100
Bootstrap: 47/100
Bootstrap: 48/100
Bootstrap: 49/100
Bootstrap: 50/100
Bootstrap: 51/100
Bootstrap: 52/100
Bootstrap: 53/100
Bootstrap: 54/100
Bootstrap: 55/100
Bootstrap: 56/100
Bootstrap: 57/100
Bootstrap: 58/100
Bootstrap: 59/100
Bootstrap: 60/100
Bootstrap: 61/100
Bootstrap: 62/100
Bootstrap: 63/100
Bootstrap: 64/100
Bootstrap: 65/100
Bootstrap: 66/100
Bootstrap: 67/100
Bootstrap: 68/100
Bootstrap: 69/100
Bootstrap: 70/100
Bootstrap: 71/100
Bootstrap: 72/100
Bootstrap: 73/100
Bootstrap: 74/100
Bootstrap: 75/100
Bootstrap: 76/100
Bootstrap: 77/100
Bootstrap: 78/100
Bootstrap: 79/100
Bootstrap: 80/100
Bootstrap: 81/100
Bootstrap: 82/100
Bootstrap: 83/100
Bootstrap: 84/100
Bootstrap: 85/100
Bootstrap: 86/100
Bootstrap: 87/100
Bootstrap: 88/100
Bootstrap: 89/100
Bootstrap: 90/100
Bootstrap: 91/100
Bootstrap: 92/100
Bootstrap: 93/100
Bootstrap: 94/100
Bootstrap: 95/100
Bootstrap: 96/100
Bootstrap: 97/100
Bootstrap: 98/100
Bootstrap: 99/100
Bootstrap: 100/100
E_expect: [ 20.45187101]  dE_expect: [ 0.29358619]  dE_boot: [ 0.34898053] 

E_expectnew: [ 23.93763058]  dE_expectnew: [ 0.34471554]  dE_bootnew: [ 0.41631282] 

delta_E_expect: [ 3.48575957]  percent_delta_E_expect: [ 17.04371973] 

A_expect: [ 2.98961225]  dA_expect: [ 0.02832824]  dA_boot: [ 0.02939615] 

A_expect_unsamp: [ 2.88494465]  dA_expect_unsamp: [ 0.08312141]  dA_boot_unsamp: [ 0.0749581] 

The mean of the sampled series = [3.0239171543364471] 

The true sampled mean of the observable we're reweighting to = [2.9632118175820561] 

The mean of the energies corresponding to the sampled series = [20.357413427511613] 

The mean of the energies corresponding to the unsampled series = [23.798469363258452] 

Standard deviations away from true sampled observables for E_expect: [ 0.03696702]  E_expectnew: [ 0.01257128]  A_expect: [ 0.03670775] A_expect_unsamp: [ 0.73589691]
Percent shift = -61.2903225806 

Percent of molecule that is [#6X4:1]-[#1:2] = 62.5 

###############################################################################
NEXT LOOP
traj/AlkEthOH_c581_[#6X4:1]-[#1:2]_k1050.nc
Sub-sampling...
No sub-sampling occurred
No sub-sampling occurred
Sub-sampling...
Bootstrap: 1/100
Bootstrap: 2/100
Bootstrap: 3/100
Bootstrap: 4/100
Bootstrap: 5/100
Bootstrap: 6/100
Bootstrap: 7/100
Bootstrap: 8/100
Bootstrap: 9/100
Bootstrap: 10/100
Bootstrap: 11/100
Bootstrap: 12/100
Bootstrap: 13/100
Bootstrap: 14/100
Bootstrap: 15/100
Bootstrap: 16/100
Bootstrap: 17/100
Bootstrap: 18/100
Bootstrap: 19/100
Bootstrap: 20/100
Bootstrap: 21/100
Bootstrap: 22/100
Bootstrap: 23/100
Bootstrap: 24/100
Bootstrap: 25/100
Bootstrap: 26/100
Bootstrap: 27/100
Bootstrap: 28/100
Bootstrap: 29/100
Bootstrap: 30/100
Bootstrap: 31/100
Bootstrap: 32/100
Bootstrap: 33/100
Bootstrap: 34/100
Bootstrap: 35/100
Bootstrap: 36/100
Bootstrap: 37/100
Bootstrap: 38/100
Bootstrap: 39/100
Bootstrap: 40/100
Bootstrap: 41/100
Bootstrap: 42/100
Bootstrap: 43/100
Bootstrap: 44/100
Bootstrap: 45/100
Bootstrap: 46/100
Bootstrap: 47/100
Bootstrap: 48/100
Bootstrap: 49/100
Bootstrap: 50/100
Bootstrap: 51/100
Bootstrap: 52/100
Bootstrap: 53/100
Bootstrap: 54/100
Bootstrap: 55/100
Bootstrap: 56/100
Bootstrap: 57/100
Bootstrap: 58/100
Bootstrap: 59/100
Bootstrap: 60/100
Bootstrap: 61/100
Bootstrap: 62/100
Bootstrap: 63/100
Bootstrap: 64/100
Bootstrap: 65/100
Bootstrap: 66/100
Bootstrap: 67/100
Bootstrap: 68/100
Bootstrap: 69/100
Bootstrap: 70/100
Bootstrap: 71/100
Bootstrap: 72/100
Bootstrap: 73/100
Bootstrap: 74/100
Bootstrap: 75/100
Bootstrap: 76/100
Bootstrap: 77/100
Bootstrap: 78/100
Bootstrap: 79/100
Bootstrap: 80/100
Bootstrap: 81/100
Bootstrap: 82/100
Bootstrap: 83/100
Bootstrap: 84/100
Bootstrap: 85/100
Bootstrap: 86/100
Bootstrap: 87/100
Bootstrap: 88/100
Bootstrap: 89/100
Bootstrap: 90/100
Bootstrap: 91/100
Bootstrap: 92/100
Bootstrap: 93/100
Bootstrap: 94/100
Bootstrap: 95/100
Bootstrap: 96/100
Bootstrap: 97/100
Bootstrap: 98/100
Bootstrap: 99/100
Bootstrap: 100/100
E_expect: [ 20.24023232]  dE_expect: [ 0.33523172]  dE_boot: [ 0.28650346] 

E_expectnew: [ 24.22686831]  dE_expectnew: [ 0.41945858]  dE_bootnew: [ 0.34893331] 

delta_E_expect: [ 3.98663599]  percent_delta_E_expect: [ 19.69659205] 

A_expect: [ 2.96221744]  dA_expect: [ 0.0281979]  dA_boot: [ 0.02803335] 

A_expect_unsamp: [ 2.80716075]  dA_expect_unsamp: [ 0.06707411]  dA_boot_unsamp: [ 0.08573778] 

The mean of the sampled series = [3.0239171543364471] 

The true sampled mean of the observable we're reweighting to = [2.981149772763283] 

The mean of the energies corresponding to the sampled series = [20.357413427511613] 

The mean of the energies corresponding to the unsampled series = [24.251239881119876] 

Standard deviations away from true sampled observables for E_expect: [ 0.04444805]  E_expectnew: [ 0.04935384]  A_expect: [ 0.04988883] A_expect_unsamp: [ 1.29399342]
Percent shift = -69.3548387097 

Percent of molecule that is [#6X4:1]-[#1:2] = 62.5 

###############################################################################
NEXT LOOP
traj/AlkEthOH_c581_[#6X4:1]-[#1:2]_k1100.nc
Sub-sampling...
No sub-sampling occurred
No sub-sampling occurred
Sub-sampling...
Bootstrap: 1/100
Bootstrap: 2/100
Bootstrap: 3/100
Bootstrap: 4/100
Bootstrap: 5/100
Bootstrap: 6/100
Bootstrap: 7/100
Bootstrap: 8/100
Bootstrap: 9/100
Bootstrap: 10/100
Bootstrap: 11/100
Bootstrap: 12/100
Bootstrap: 13/100
Bootstrap: 14/100
Bootstrap: 15/100
Bootstrap: 16/100
Bootstrap: 17/100
Bootstrap: 18/100
Bootstrap: 19/100
Bootstrap: 20/100
Bootstrap: 21/100
Bootstrap: 22/100
Bootstrap: 23/100
Bootstrap: 24/100
Bootstrap: 25/100
Bootstrap: 26/100
Bootstrap: 27/100
Bootstrap: 28/100
Bootstrap: 29/100
Bootstrap: 30/100
Bootstrap: 31/100
Bootstrap: 32/100
Bootstrap: 33/100
Bootstrap: 34/100
Bootstrap: 35/100
Bootstrap: 36/100
Bootstrap: 37/100
Bootstrap: 38/100
Bootstrap: 39/100
Bootstrap: 40/100
Bootstrap: 41/100
Bootstrap: 42/100
Bootstrap: 43/100
Bootstrap: 44/100
Bootstrap: 45/100
Bootstrap: 46/100
Bootstrap: 47/100
Bootstrap: 48/100
Bootstrap: 49/100
Bootstrap: 50/100
Bootstrap: 51/100
Bootstrap: 52/100
Bootstrap: 53/100
Bootstrap: 54/100
Bootstrap: 55/100
Bootstrap: 56/100
Bootstrap: 57/100
Bootstrap: 58/100
Bootstrap: 59/100
Bootstrap: 60/100
Bootstrap: 61/100
Bootstrap: 62/100
Bootstrap: 63/100
Bootstrap: 64/100
Bootstrap: 65/100
Bootstrap: 66/100
Bootstrap: 67/100
Bootstrap: 68/100
Bootstrap: 69/100
Bootstrap: 70/100
Bootstrap: 71/100
Bootstrap: 72/100
Bootstrap: 73/100
Bootstrap: 74/100
Bootstrap: 75/100
Bootstrap: 76/100
Bootstrap: 77/100
Bootstrap: 78/100
Bootstrap: 79/100
Bootstrap: 80/100
Bootstrap: 81/100
Bootstrap: 82/100
Bootstrap: 83/100
Bootstrap: 84/100
Bootstrap: 85/100
Bootstrap: 86/100
Bootstrap: 87/100
Bootstrap: 88/100
Bootstrap: 89/100
Bootstrap: 90/100
Bootstrap: 91/100
Bootstrap: 92/100
Bootstrap: 93/100
Bootstrap: 94/100
Bootstrap: 95/100
Bootstrap: 96/100
Bootstrap: 97/100
Bootstrap: 98/100
Bootstrap: 99/100
Bootstrap: 100/100
E_expect: [ 20.07440264]  dE_expect: [ 0.29123184]  dE_boot: [ 0.31963307] 

E_expectnew: [ 24.22177344]  dE_expectnew: [ 0.3554463]  dE_bootnew: [ 0.41473827] 

delta_E_expect: [ 4.1473708]  percent_delta_E_expect: [ 20.65999607] 

A_expect: [ 3.02304133]  dA_expect: [ 0.03019236]  dA_boot: [ 0.02584441] 

A_expect_unsamp: [ 2.7439288]  dA_expect_unsamp: [ 0.03985547]  dA_boot_unsamp: [ 0.07629852] 

The mean of the sampled series = [3.0239171543364471] 

The true sampled mean of the observable we're reweighting to = [3.0612126837378617] 

The mean of the energies corresponding to the sampled series = [20.357413427511613] 

The mean of the energies corresponding to the unsampled series = [24.704010398981307] 

Standard deviations away from true sampled observables for E_expect: [ 0.03638545]  E_expectnew: [ 0.11510532]  A_expect: [ 0.11806801] A_expect_unsamp: [ 4.89783296]
Percent shift = -77.4193548387 

Percent of molecule that is [#6X4:1]-[#1:2] = 62.5 

###############################################################################
NEXT LOOP
traj/AlkEthOH_c581_[#6X4:1]-[#1:2]_k1150.nc
Sub-sampling...
No sub-sampling occurred
No sub-sampling occurred
Sub-sampling...
Bootstrap: 1/100
Bootstrap: 2/100
Bootstrap: 3/100
Bootstrap: 4/100
Bootstrap: 5/100
Bootstrap: 6/100
Bootstrap: 7/100
Bootstrap: 8/100
Bootstrap: 9/100
Bootstrap: 10/100
Bootstrap: 11/100
Bootstrap: 12/100
Bootstrap: 13/100
Bootstrap: 14/100
Bootstrap: 15/100
Bootstrap: 16/100
Bootstrap: 17/100
Bootstrap: 18/100
Bootstrap: 19/100
Bootstrap: 20/100
Bootstrap: 21/100
Bootstrap: 22/100
Bootstrap: 23/100
Bootstrap: 24/100
Bootstrap: 25/100
Bootstrap: 26/100
Bootstrap: 27/100
Bootstrap: 28/100
Bootstrap: 29/100
Bootstrap: 30/100
Bootstrap: 31/100
Bootstrap: 32/100
Bootstrap: 33/100
Bootstrap: 34/100
Bootstrap: 35/100
Bootstrap: 36/100
Bootstrap: 37/100
Bootstrap: 38/100
Bootstrap: 39/100
Bootstrap: 40/100
Bootstrap: 41/100
Bootstrap: 42/100
Bootstrap: 43/100
Bootstrap: 44/100
Bootstrap: 45/100
Bootstrap: 46/100
Bootstrap: 47/100
Bootstrap: 48/100
Bootstrap: 49/100
Bootstrap: 50/100
Bootstrap: 51/100
Bootstrap: 52/100
Bootstrap: 53/100
Bootstrap: 54/100
Bootstrap: 55/100
Bootstrap: 56/100
Bootstrap: 57/100
Bootstrap: 58/100
Bootstrap: 59/100
Bootstrap: 60/100
Bootstrap: 61/100
Bootstrap: 62/100
Bootstrap: 63/100
Bootstrap: 64/100
Bootstrap: 65/100
Bootstrap: 66/100
Bootstrap: 67/100
Bootstrap: 68/100
Bootstrap: 69/100
Bootstrap: 70/100
Bootstrap: 71/100
Bootstrap: 72/100
Bootstrap: 73/100
Bootstrap: 74/100
Bootstrap: 75/100
Bootstrap: 76/100
Bootstrap: 77/100
Bootstrap: 78/100
Bootstrap: 79/100
Bootstrap: 80/100
Bootstrap: 81/100
Bootstrap: 82/100
Bootstrap: 83/100
Bootstrap: 84/100
Bootstrap: 85/100
Bootstrap: 86/100
Bootstrap: 87/100
Bootstrap: 88/100
Bootstrap: 89/100
Bootstrap: 90/100
Bootstrap: 91/100
Bootstrap: 92/100
Bootstrap: 93/100
Bootstrap: 94/100
Bootstrap: 95/100
Bootstrap: 96/100
Bootstrap: 97/100
Bootstrap: 98/100
Bootstrap: 99/100
Bootstrap: 100/100
E_expect: [ 19.92781603]  dE_expect: [ 0.31730438]  dE_boot: [ 0.30175873] 

E_expectnew: [ 24.71870588]  dE_expectnew: [ 0.40619273]  dE_bootnew: [ 0.40603722] 

delta_E_expect: [ 4.79088984]  percent_delta_E_expect: [ 24.04121875] 

A_expect: [ 3.01966753]  dA_expect: [ 0.02892058]  dA_boot: [ 0.02963177] 

A_expect_unsamp: [ 2.79033256]  dA_expect_unsamp: [ 0.07804541]  dA_boot_unsamp: [ 0.07501915] 

The mean of the sampled series = [3.0239171543364471] 

The true sampled mean of the observable we're reweighting to = [3.0305964042415221] 

The mean of the energies corresponding to the sampled series = [20.357413427511613] 

The mean of the energies corresponding to the unsampled series = [25.156780916842724] 

Standard deviations away from true sampled observables for E_expect: [ 0.03004833]  E_expectnew: [ 0.01186487]  A_expect: [ 0.00812341] A_expect_unsamp: [ 2.3799129]
Percent shift = -85.4838709677 

Percent of molecule that is [#6X4:1]-[#1:2] = 62.5 

###############################################################################
NEXT LOOP
