/projects/brma3379/anaconda2/lib/python2.7/site-packages/pymbar/utils.py:110: FutureWarning: comparison to `None` will result in an elementwise object comparison in the future.
  if N_k == None:
/projects/brma3379/anaconda2/lib/python2.7/site-packages/pymbar/mbar.py:872: FutureWarning: comparison to `None` will result in an elementwise object comparison in the future.
  if u_kn == None:
/projects/brma3379/anaconda2/lib/python2.7/site-packages/pymbar/mbar.py:240: FutureWarning: comparison to `None` will result in an elementwise object comparison in the future.
  if initial_f_k != None:
[#6X4:1]-[#6X4:2] occurs 5 times
[#8:1]-[#1:2] occurs 2 times
[#6X4:1]-[#8X2:2] occurs 2 times
[#6X4:1]-[#1:2] occurs 12 times
[#6X4:1]-[#8X2H0:2] occurs 4 times
#################################################################################
traj/AlkEthOH_r48_[#6X4:1]-[#6X4:2]_k200.nc
No sub-sampling occurred
No sub-sampling occurred
No sub-sampling occurred
Sub-sampling...
Bootstrap: 1/100
Bootstrap: 2/100
Bootstrap: 3/100
Bootstrap: 4/100
Bootstrap: 5/100
Bootstrap: 6/100
Bootstrap: 7/100
Bootstrap: 8/100
Bootstrap: 9/100
Bootstrap: 10/100
Bootstrap: 11/100
Bootstrap: 12/100
Bootstrap: 13/100
Bootstrap: 14/100
Bootstrap: 15/100
Bootstrap: 16/100
Bootstrap: 17/100
Bootstrap: 18/100
Bootstrap: 19/100
Bootstrap: 20/100
Bootstrap: 21/100
Bootstrap: 22/100
Bootstrap: 23/100
Bootstrap: 24/100
Bootstrap: 25/100
Bootstrap: 26/100
Bootstrap: 27/100
Bootstrap: 28/100
Bootstrap: 29/100
Bootstrap: 30/100
Bootstrap: 31/100
Bootstrap: 32/100
Bootstrap: 33/100
Bootstrap: 34/100
Bootstrap: 35/100
Bootstrap: 36/100
Bootstrap: 37/100
Bootstrap: 38/100
Bootstrap: 39/100
Bootstrap: 40/100
Bootstrap: 41/100
Bootstrap: 42/100
Bootstrap: 43/100
Bootstrap: 44/100
Bootstrap: 45/100
Bootstrap: 46/100
Bootstrap: 47/100
Bootstrap: 48/100
Bootstrap: 49/100
Bootstrap: 50/100
Bootstrap: 51/100
Bootstrap: 52/100
Bootstrap: 53/100
Bootstrap: 54/100
Bootstrap: 55/100
Bootstrap: 56/100
Bootstrap: 57/100
Bootstrap: 58/100
Bootstrap: 59/100
Bootstrap: 60/100
Bootstrap: 61/100
Bootstrap: 62/100
Bootstrap: 63/100
Bootstrap: 64/100
Bootstrap: 65/100
Bootstrap: 66/100
Bootstrap: 67/100
Bootstrap: 68/100
Bootstrap: 69/100
Bootstrap: 70/100
Bootstrap: 71/100
Bootstrap: 72/100
Bootstrap: 73/100
Bootstrap: 74/100
Bootstrap: 75/100
Bootstrap: 76/100
Bootstrap: 77/100
Bootstrap: 78/100
Bootstrap: 79/100
Bootstrap: 80/100
Bootstrap: 81/100
Bootstrap: 82/100
Bootstrap: 83/100
Bootstrap: 84/100
Bootstrap: 85/100
Bootstrap: 86/100
Bootstrap: 87/100
Bootstrap: 88/100
Bootstrap: 89/100
Bootstrap: 90/100
Bootstrap: 91/100
Bootstrap: 92/100
Bootstrap: 93/100
Bootstrap: 94/100
Bootstrap: 95/100
Bootstrap: 96/100
Bootstrap: 97/100
Bootstrap: 98/100
Bootstrap: 99/100
Bootstrap: 100/100
E_expect: [-41.47768931]  dE_expect: [ 0.09220656]  dE_boot: [ 0.0916328] 

E_expectnew: [-43.01519207]  dE_expectnew: [ 0.08895868]  dE_bootnew: [ 0.08853881] 

delta_E_expect: [-1.53750276]  percent_delta_E_expect: [ 3.70681874] 

A_expect: [ 1.54509324]  dA_expect: [ 0.00070412]  dA_boot: [ 0.00070487] 

A_expect_unsamp: [ 1.62199992]  dA_expect_unsamp: [ 0.01624547]  dA_boot_unsamp: [ 0.03931429] 

The mean of the sampled series = [1.5461670993049863] 

The true sampled mean of the observable we're reweighting to = [1.5782974391748621] 

The mean of the energies corresponding to the sampled series = [-41.566744595157097] 

The mean of the energies corresponding to the unsampled series = [-43.109512698887613] 

Standard deviations away from true sampled observables for E_expect: [ 0.00073669]  E_expectnew: [ 0.00085115]  A_expect: [ 0.13951677] A_expect_unsamp: [ 1.26077351]
Percent shift = 70.5882352941 

Percent of molecule that is [#6X4:1]-[#6X4:2] = 20.0 

###############################################################################
NEXT LOOP
traj/AlkEthOH_r48_[#6X4:1]-[#6X4:2]_k250.nc
No sub-sampling occurred
No sub-sampling occurred
No sub-sampling occurred
Sub-sampling...
Bootstrap: 1/100
Bootstrap: 2/100
Bootstrap: 3/100
Bootstrap: 4/100
Bootstrap: 5/100
Bootstrap: 6/100
Bootstrap: 7/100
Bootstrap: 8/100
Bootstrap: 9/100
Bootstrap: 10/100
Bootstrap: 11/100
Bootstrap: 12/100
Bootstrap: 13/100
Bootstrap: 14/100
Bootstrap: 15/100
Bootstrap: 16/100
Bootstrap: 17/100
Bootstrap: 18/100
Bootstrap: 19/100
Bootstrap: 20/100
Bootstrap: 21/100
Bootstrap: 22/100
Bootstrap: 23/100
Bootstrap: 24/100
Bootstrap: 25/100
Bootstrap: 26/100
Bootstrap: 27/100
Bootstrap: 28/100
Bootstrap: 29/100
Bootstrap: 30/100
Bootstrap: 31/100
Bootstrap: 32/100
Bootstrap: 33/100
Bootstrap: 34/100
Bootstrap: 35/100
Bootstrap: 36/100
Bootstrap: 37/100
Bootstrap: 38/100
Bootstrap: 39/100
Bootstrap: 40/100
Bootstrap: 41/100
Bootstrap: 42/100
Bootstrap: 43/100
Bootstrap: 44/100
Bootstrap: 45/100
Bootstrap: 46/100
Bootstrap: 47/100
Bootstrap: 48/100
Bootstrap: 49/100
Bootstrap: 50/100
Bootstrap: 51/100
Bootstrap: 52/100
Bootstrap: 53/100
Bootstrap: 54/100
Bootstrap: 55/100
Bootstrap: 56/100
Bootstrap: 57/100
Bootstrap: 58/100
Bootstrap: 59/100
Bootstrap: 60/100
Bootstrap: 61/100
Bootstrap: 62/100
Bootstrap: 63/100
Bootstrap: 64/100
Bootstrap: 65/100
Bootstrap: 66/100
Bootstrap: 67/100
Bootstrap: 68/100
Bootstrap: 69/100
Bootstrap: 70/100
Bootstrap: 71/100
Bootstrap: 72/100
Bootstrap: 73/100
Bootstrap: 74/100
Bootstrap: 75/100
Bootstrap: 76/100
Bootstrap: 77/100
Bootstrap: 78/100
Bootstrap: 79/100
Bootstrap: 80/100
Bootstrap: 81/100
Bootstrap: 82/100
Bootstrap: 83/100
Bootstrap: 84/100
Bootstrap: 85/100
Bootstrap: 86/100
Bootstrap: 87/100
Bootstrap: 88/100
Bootstrap: 89/100
Bootstrap: 90/100
Bootstrap: 91/100
Bootstrap: 92/100
Bootstrap: 93/100
Bootstrap: 94/100
Bootstrap: 95/100
Bootstrap: 96/100
Bootstrap: 97/100
Bootstrap: 98/100
Bootstrap: 99/100
Bootstrap: 100/100
E_expect: [-41.59261189]  dE_expect: [ 0.0893014]  dE_boot: [ 0.08868638] 

E_expectnew: [-42.96314787]  dE_expectnew: [ 0.08681902]  dE_bootnew: [ 0.08610425] 

delta_E_expect: [-1.37053598]  percent_delta_E_expect: [ 3.29514285] 

A_expect: [ 1.54583254]  dA_expect: [ 0.00070765]  dA_boot: [ 0.00072693] 

A_expect_unsamp: [ 1.53729696]  dA_expect_unsamp: [ 0.00537326]  dA_boot_unsamp: [ 0.03879017] 

The mean of the sampled series = [1.5461670993049863] 

The true sampled mean of the observable we're reweighting to = [1.5692131409286527] 

The mean of the energies corresponding to the sampled series = [-41.566744595157097] 

The mean of the energies corresponding to the unsampled series = [-42.948807688082347] 

Standard deviations away from true sampled observables for E_expect: [ 0.07915561]  E_expectnew: [ 0.03204187]  A_expect: [ 0.14418843] A_expect_unsamp: [ 2.54077077]
Percent shift = 63.2352941176 

Percent of molecule that is [#6X4:1]-[#6X4:2] = 20.0 

###############################################################################
NEXT LOOP
traj/AlkEthOH_r48_[#6X4:1]-[#6X4:2]_k300.nc
No sub-sampling occurred
No sub-sampling occurred
No sub-sampling occurred
No sub-sampling occurred
Bootstrap: 1/100
Bootstrap: 2/100
Bootstrap: 3/100
Bootstrap: 4/100
Bootstrap: 5/100
Bootstrap: 6/100
Bootstrap: 7/100
Bootstrap: 8/100
Bootstrap: 9/100
Bootstrap: 10/100
Bootstrap: 11/100
Bootstrap: 12/100
Bootstrap: 13/100
Bootstrap: 14/100
Bootstrap: 15/100
Bootstrap: 16/100
Bootstrap: 17/100
Bootstrap: 18/100
Bootstrap: 19/100
Bootstrap: 20/100
Bootstrap: 21/100
Bootstrap: 22/100
Bootstrap: 23/100
Bootstrap: 24/100
Bootstrap: 25/100
Bootstrap: 26/100
Bootstrap: 27/100
Bootstrap: 28/100
Bootstrap: 29/100
Bootstrap: 30/100
Bootstrap: 31/100
Bootstrap: 32/100
Bootstrap: 33/100
Bootstrap: 34/100
Bootstrap: 35/100
Bootstrap: 36/100
Bootstrap: 37/100
Bootstrap: 38/100
Bootstrap: 39/100
Bootstrap: 40/100
Bootstrap: 41/100
Bootstrap: 42/100
Bootstrap: 43/100
Bootstrap: 44/100
Bootstrap: 45/100
Bootstrap: 46/100
Bootstrap: 47/100
Bootstrap: 48/100
Bootstrap: 49/100
Bootstrap: 50/100
Bootstrap: 51/100
Bootstrap: 52/100
Bootstrap: 53/100
Bootstrap: 54/100
Bootstrap: 55/100
Bootstrap: 56/100
Bootstrap: 57/100
Bootstrap: 58/100
Bootstrap: 59/100
Bootstrap: 60/100
Bootstrap: 61/100
Bootstrap: 62/100
Bootstrap: 63/100
Bootstrap: 64/100
Bootstrap: 65/100
Bootstrap: 66/100
Bootstrap: 67/100
Bootstrap: 68/100
Bootstrap: 69/100
Bootstrap: 70/100
Bootstrap: 71/100
Bootstrap: 72/100
Bootstrap: 73/100
Bootstrap: 74/100
Bootstrap: 75/100
Bootstrap: 76/100
Bootstrap: 77/100
Bootstrap: 78/100
Bootstrap: 79/100
Bootstrap: 80/100
Bootstrap: 81/100
Bootstrap: 82/100
Bootstrap: 83/100
Bootstrap: 84/100
Bootstrap: 85/100
Bootstrap: 86/100
Bootstrap: 87/100
Bootstrap: 88/100
Bootstrap: 89/100
Bootstrap: 90/100
Bootstrap: 91/100
Bootstrap: 92/100
Bootstrap: 93/100
Bootstrap: 94/100
Bootstrap: 95/100
Bootstrap: 96/100
Bootstrap: 97/100
Bootstrap: 98/100
Bootstrap: 99/100
Bootstrap: 100/100
E_expect: [-41.64676815]  dE_expect: [ 0.08910332]  dE_boot: [ 0.07072734] 

E_expectnew: [-42.86105612]  dE_expectnew: [ 0.08630114]  dE_bootnew: [ 0.06794517] 

delta_E_expect: [-1.21428797]  percent_delta_E_expect: [ 2.91568356] 

A_expect: [ 1.54624924]  dA_expect: [ 0.00071336]  dA_boot: [ 0.00078324] 

A_expect_unsamp: [ 1.63192161]  dA_expect_unsamp: [ 0.01252584]  dA_boot_unsamp: [ 0.03470995] 

The mean of the sampled series = [1.5461670993049863] 

The true sampled mean of the observable we're reweighting to = [1.5639843305240042] 

The mean of the energies corresponding to the sampled series = [-41.566744595157097] 

The mean of the energies corresponding to the unsampled series = [-42.788102677277088] 

Standard deviations away from true sampled observables for E_expect: [ 0.04153295]  E_expectnew: [ 0.05531501]  A_expect: [ 0.01968336] A_expect_unsamp: [ 1.71104799]
Percent shift = 55.8823529412 

Percent of molecule that is [#6X4:1]-[#6X4:2] = 20.0 

###############################################################################
NEXT LOOP
traj/AlkEthOH_r48_[#6X4:1]-[#6X4:2]_k350.nc
No sub-sampling occurred
No sub-sampling occurred
No sub-sampling occurred
No sub-sampling occurred
Bootstrap: 1/100
Bootstrap: 2/100
Bootstrap: 3/100
Bootstrap: 4/100
Bootstrap: 5/100
Bootstrap: 6/100
Bootstrap: 7/100
Bootstrap: 8/100
Bootstrap: 9/100
Bootstrap: 10/100
Bootstrap: 11/100
Bootstrap: 12/100
Bootstrap: 13/100
Bootstrap: 14/100
Bootstrap: 15/100
Bootstrap: 16/100
Bootstrap: 17/100
Bootstrap: 18/100
Bootstrap: 19/100
Bootstrap: 20/100
Bootstrap: 21/100
Bootstrap: 22/100
Bootstrap: 23/100
Bootstrap: 24/100
Bootstrap: 25/100
Bootstrap: 26/100
Bootstrap: 27/100
Bootstrap: 28/100
Bootstrap: 29/100
Bootstrap: 30/100
Bootstrap: 31/100
Bootstrap: 32/100
Bootstrap: 33/100
Bootstrap: 34/100
Bootstrap: 35/100
Bootstrap: 36/100
Bootstrap: 37/100
Bootstrap: 38/100
Bootstrap: 39/100
Bootstrap: 40/100
Bootstrap: 41/100
Bootstrap: 42/100
Bootstrap: 43/100
Bootstrap: 44/100
Bootstrap: 45/100
Bootstrap: 46/100
Bootstrap: 47/100
Bootstrap: 48/100
Bootstrap: 49/100
Bootstrap: 50/100
Bootstrap: 51/100
Bootstrap: 52/100
Bootstrap: 53/100
Bootstrap: 54/100
Bootstrap: 55/100
Bootstrap: 56/100
Bootstrap: 57/100
Bootstrap: 58/100
Bootstrap: 59/100
Bootstrap: 60/100
Bootstrap: 61/100
Bootstrap: 62/100
Bootstrap: 63/100
Bootstrap: 64/100
Bootstrap: 65/100
Bootstrap: 66/100
Bootstrap: 67/100
Bootstrap: 68/100
Bootstrap: 69/100
Bootstrap: 70/100
Bootstrap: 71/100
Bootstrap: 72/100
Bootstrap: 73/100
Bootstrap: 74/100
Bootstrap: 75/100
Bootstrap: 76/100
Bootstrap: 77/100
Bootstrap: 78/100
Bootstrap: 79/100
Bootstrap: 80/100
Bootstrap: 81/100
Bootstrap: 82/100
Bootstrap: 83/100
Bootstrap: 84/100
Bootstrap: 85/100
Bootstrap: 86/100
Bootstrap: 87/100
Bootstrap: 88/100
Bootstrap: 89/100
Bootstrap: 90/100
Bootstrap: 91/100
Bootstrap: 92/100
Bootstrap: 93/100
Bootstrap: 94/100
Bootstrap: 95/100
Bootstrap: 96/100
Bootstrap: 97/100
Bootstrap: 98/100
Bootstrap: 99/100
Bootstrap: 100/100
E_expect: [-41.54980358]  dE_expect: [ 0.09308652]  dE_boot: [ 0.09516642] 

E_expectnew: [-42.57808314]  dE_expectnew: [ 0.09094861]  dE_bootnew: [ 0.09178379] 

delta_E_expect: [-1.02827956]  percent_delta_E_expect: [ 2.47481209] 

A_expect: [ 1.54603134]  dA_expect: [ 0.00069139]  dA_boot: [ 0.00069991] 

A_expect_unsamp: [ 1.53479924]  dA_expect_unsamp: [ 0.00357619]  dA_boot_unsamp: [ 0.0268385] 

The mean of the sampled series = [1.5461670993049863] 

The true sampled mean of the observable we're reweighting to = [1.5554514204862928] 

The mean of the energies corresponding to the sampled series = [-41.566744595157097] 

The mean of the energies corresponding to the unsampled series = [-42.627397666471829] 

Standard deviations away from true sampled observables for E_expect: [ 0.11234567]  E_expectnew: [ 0.12285159]  A_expect: [ 0.02172214] A_expect_unsamp: [ 3.20186332]
Percent shift = 48.5294117647 

Percent of molecule that is [#6X4:1]-[#6X4:2] = 20.0 

###############################################################################
NEXT LOOP
traj/AlkEthOH_r48_[#6X4:1]-[#6X4:2]_k400.nc
No sub-sampling occurred
No sub-sampling occurred
No sub-sampling occurred
No sub-sampling occurred
Bootstrap: 1/100
Bootstrap: 2/100
Bootstrap: 3/100
Bootstrap: 4/100
Bootstrap: 5/100
Bootstrap: 6/100
Bootstrap: 7/100
Bootstrap: 8/100
Bootstrap: 9/100
Bootstrap: 10/100
Bootstrap: 11/100
Bootstrap: 12/100
Bootstrap: 13/100
Bootstrap: 14/100
Bootstrap: 15/100
Bootstrap: 16/100
Bootstrap: 17/100
Bootstrap: 18/100
Bootstrap: 19/100
Bootstrap: 20/100
Bootstrap: 21/100
Bootstrap: 22/100
Bootstrap: 23/100
Bootstrap: 24/100
Bootstrap: 25/100
Bootstrap: 26/100
Bootstrap: 27/100
Bootstrap: 28/100
Bootstrap: 29/100
Bootstrap: 30/100
Bootstrap: 31/100
Bootstrap: 32/100
Bootstrap: 33/100
Bootstrap: 34/100
Bootstrap: 35/100
Bootstrap: 36/100
Bootstrap: 37/100
Bootstrap: 38/100
Bootstrap: 39/100
Bootstrap: 40/100
Bootstrap: 41/100
Bootstrap: 42/100
Bootstrap: 43/100
Bootstrap: 44/100
Bootstrap: 45/100
Bootstrap: 46/100
Bootstrap: 47/100
Bootstrap: 48/100
Bootstrap: 49/100
Bootstrap: 50/100
Bootstrap: 51/100
Bootstrap: 52/100
Bootstrap: 53/100
Bootstrap: 54/100
Bootstrap: 55/100
Bootstrap: 56/100
Bootstrap: 57/100
Bootstrap: 58/100
Bootstrap: 59/100
Bootstrap: 60/100
Bootstrap: 61/100
Bootstrap: 62/100
Bootstrap: 63/100
Bootstrap: 64/100
Bootstrap: 65/100
Bootstrap: 66/100
Bootstrap: 67/100
Bootstrap: 68/100
Bootstrap: 69/100
Bootstrap: 70/100
Bootstrap: 71/100
Bootstrap: 72/100
Bootstrap: 73/100
Bootstrap: 74/100
Bootstrap: 75/100
Bootstrap: 76/100
Bootstrap: 77/100
Bootstrap: 78/100
Bootstrap: 79/100
Bootstrap: 80/100
Bootstrap: 81/100
Bootstrap: 82/100
Bootstrap: 83/100
Bootstrap: 84/100
Bootstrap: 85/100
Bootstrap: 86/100
Bootstrap: 87/100
Bootstrap: 88/100
Bootstrap: 89/100
Bootstrap: 90/100
Bootstrap: 91/100
Bootstrap: 92/100
Bootstrap: 93/100
Bootstrap: 94/100
Bootstrap: 95/100
Bootstrap: 96/100
Bootstrap: 97/100
Bootstrap: 98/100
Bootstrap: 99/100
Bootstrap: 100/100
E_expect: [-41.62580701]  dE_expect: [ 0.0888596]  dE_boot: [ 0.09260831] 

E_expectnew: [-42.51690374]  dE_expectnew: [ 0.08681821]  dE_bootnew: [ 0.08917019] 

delta_E_expect: [-0.89109673]  percent_delta_E_expect: [ 2.14073141] 

A_expect: [ 1.54595573]  dA_expect: [ 0.00071322]  dA_boot: [ 0.0006764] 

A_expect_unsamp: [ 1.61947412]  dA_expect_unsamp: [ 0.01864792]  dA_boot_unsamp: [ 0.02622576] 

The mean of the sampled series = [1.5461670993049863] 

The true sampled mean of the observable we're reweighting to = [1.5546639676009313] 

The mean of the energies corresponding to the sampled series = [-41.566744595157097] 

The mean of the energies corresponding to the unsampled series = [-42.466692655666563] 

Standard deviations away from true sampled observables for E_expect: [ 0.01004158]  E_expectnew: [ 0.02139489]  A_expect: [ 0.002867] A_expect_unsamp: [ 0.74667059]
Percent shift = 41.1764705882 

Percent of molecule that is [#6X4:1]-[#6X4:2] = 20.0 

###############################################################################
NEXT LOOP
traj/AlkEthOH_r48_[#6X4:1]-[#6X4:2]_k450.nc
No sub-sampling occurred
No sub-sampling occurred
No sub-sampling occurred
Sub-sampling...
Bootstrap: 1/100
Bootstrap: 2/100
Bootstrap: 3/100
Bootstrap: 4/100
Bootstrap: 5/100
Bootstrap: 6/100
Bootstrap: 7/100
Bootstrap: 8/100
Bootstrap: 9/100
Bootstrap: 10/100
Bootstrap: 11/100
Bootstrap: 12/100
Bootstrap: 13/100
Bootstrap: 14/100
Bootstrap: 15/100
Bootstrap: 16/100
Bootstrap: 17/100
Bootstrap: 18/100
Bootstrap: 19/100
Bootstrap: 20/100
Bootstrap: 21/100
Bootstrap: 22/100
Bootstrap: 23/100
Bootstrap: 24/100
Bootstrap: 25/100
Bootstrap: 26/100
Bootstrap: 27/100
Bootstrap: 28/100
Bootstrap: 29/100
Bootstrap: 30/100
Bootstrap: 31/100
Bootstrap: 32/100
Bootstrap: 33/100
Bootstrap: 34/100
Bootstrap: 35/100
Bootstrap: 36/100
Bootstrap: 37/100
Bootstrap: 38/100
Bootstrap: 39/100
Bootstrap: 40/100
Bootstrap: 41/100
Bootstrap: 42/100
Bootstrap: 43/100
Bootstrap: 44/100
Bootstrap: 45/100
Bootstrap: 46/100
Bootstrap: 47/100
Bootstrap: 48/100
Bootstrap: 49/100
Bootstrap: 50/100
Bootstrap: 51/100
Bootstrap: 52/100
Bootstrap: 53/100
Bootstrap: 54/100
Bootstrap: 55/100
Bootstrap: 56/100
Bootstrap: 57/100
Bootstrap: 58/100
Bootstrap: 59/100
Bootstrap: 60/100
Bootstrap: 61/100
Bootstrap: 62/100
Bootstrap: 63/100
Bootstrap: 64/100
Bootstrap: 65/100
Bootstrap: 66/100
Bootstrap: 67/100
Bootstrap: 68/100
Bootstrap: 69/100
Bootstrap: 70/100
Bootstrap: 71/100
Bootstrap: 72/100
Bootstrap: 73/100
Bootstrap: 74/100
Bootstrap: 75/100
Bootstrap: 76/100
Bootstrap: 77/100
Bootstrap: 78/100
Bootstrap: 79/100
Bootstrap: 80/100
Bootstrap: 81/100
Bootstrap: 82/100
Bootstrap: 83/100
Bootstrap: 84/100
Bootstrap: 85/100
Bootstrap: 86/100
Bootstrap: 87/100
Bootstrap: 88/100
Bootstrap: 89/100
Bootstrap: 90/100
Bootstrap: 91/100
Bootstrap: 92/100
Bootstrap: 93/100
Bootstrap: 94/100
Bootstrap: 95/100
Bootstrap: 96/100
Bootstrap: 97/100
Bootstrap: 98/100
Bootstrap: 99/100
Bootstrap: 100/100
E_expect: [-41.57491045]  dE_expect: [ 0.08978808]  dE_boot: [ 0.08557313] 

E_expectnew: [-42.31956484]  dE_expectnew: [ 0.08770946]  dE_bootnew: [ 0.08337925] 

delta_E_expect: [-0.74465438]  percent_delta_E_expect: [ 1.79111482] 

A_expect: [ 1.54558869]  dA_expect: [ 0.00071038]  dA_boot: [ 0.00071984] 

A_expect_unsamp: [ 1.57512838]  dA_expect_unsamp: [ 0.02127638]  dA_boot_unsamp: [ 0.02532306] 

The mean of the sampled series = [1.5461670993049863] 

The true sampled mean of the observable we're reweighting to = [1.5509817394706376] 

The mean of the energies corresponding to the sampled series = [-41.566744595157097] 

The mean of the energies corresponding to the unsampled series = [-42.305987644861304] 

Standard deviations away from true sampled observables for E_expect: [ 0.08207062]  E_expectnew: [ 0.09605896]  A_expect: [ 0.10079379] A_expect_unsamp: [ 0.57857734]
Percent shift = 33.8235294118 

Percent of molecule that is [#6X4:1]-[#6X4:2] = 20.0 

###############################################################################
NEXT LOOP
traj/AlkEthOH_r48_[#6X4:1]-[#6X4:2]_k500.nc
No sub-sampling occurred
No sub-sampling occurred
No sub-sampling occurred
Sub-sampling...
Bootstrap: 1/100
Bootstrap: 2/100
Bootstrap: 3/100
Bootstrap: 4/100
Bootstrap: 5/100
Bootstrap: 6/100
Bootstrap: 7/100
Bootstrap: 8/100
Bootstrap: 9/100
Bootstrap: 10/100
Bootstrap: 11/100
Bootstrap: 12/100
Bootstrap: 13/100
Bootstrap: 14/100
Bootstrap: 15/100
Bootstrap: 16/100
Bootstrap: 17/100
Bootstrap: 18/100
Bootstrap: 19/100
Bootstrap: 20/100
Bootstrap: 21/100
Bootstrap: 22/100
Bootstrap: 23/100
Bootstrap: 24/100
Bootstrap: 25/100
Bootstrap: 26/100
Bootstrap: 27/100
Bootstrap: 28/100
Bootstrap: 29/100
Bootstrap: 30/100
Bootstrap: 31/100
Bootstrap: 32/100
Bootstrap: 33/100
Bootstrap: 34/100
Bootstrap: 35/100
Bootstrap: 36/100
Bootstrap: 37/100
Bootstrap: 38/100
Bootstrap: 39/100
Bootstrap: 40/100
Bootstrap: 41/100
Bootstrap: 42/100
Bootstrap: 43/100
Bootstrap: 44/100
Bootstrap: 45/100
Bootstrap: 46/100
Bootstrap: 47/100
Bootstrap: 48/100
Bootstrap: 49/100
Bootstrap: 50/100
Bootstrap: 51/100
Bootstrap: 52/100
Bootstrap: 53/100
Bootstrap: 54/100
Bootstrap: 55/100
Bootstrap: 56/100
Bootstrap: 57/100
Bootstrap: 58/100
Bootstrap: 59/100
Bootstrap: 60/100
Bootstrap: 61/100
Bootstrap: 62/100
Bootstrap: 63/100
Bootstrap: 64/100
Bootstrap: 65/100
Bootstrap: 66/100
Bootstrap: 67/100
Bootstrap: 68/100
Bootstrap: 69/100
Bootstrap: 70/100
Bootstrap: 71/100
Bootstrap: 72/100
Bootstrap: 73/100
Bootstrap: 74/100
Bootstrap: 75/100
Bootstrap: 76/100
Bootstrap: 77/100
Bootstrap: 78/100
Bootstrap: 79/100
Bootstrap: 80/100
Bootstrap: 81/100
Bootstrap: 82/100
Bootstrap: 83/100
Bootstrap: 84/100
Bootstrap: 85/100
Bootstrap: 86/100
Bootstrap: 87/100
Bootstrap: 88/100
Bootstrap: 89/100
Bootstrap: 90/100
Bootstrap: 91/100
Bootstrap: 92/100
Bootstrap: 93/100
Bootstrap: 94/100
Bootstrap: 95/100
Bootstrap: 96/100
Bootstrap: 97/100
Bootstrap: 98/100
Bootstrap: 99/100
Bootstrap: 100/100
E_expect: [-41.60193891]  dE_expect: [ 0.08991993]  dE_boot: [ 0.09407404] 

E_expectnew: [-42.18930735]  dE_expectnew: [ 0.08803918]  dE_bootnew: [ 0.09264496] 

delta_E_expect: [-0.58736844]  percent_delta_E_expect: [ 1.41187757] 

A_expect: [ 1.54539359]  dA_expect: [ 0.00070352]  dA_boot: [ 0.0006405] 

A_expect_unsamp: [ 1.57182805]  dA_expect_unsamp: [ 0.02328188]  dA_boot_unsamp: [ 0.02267855] 

The mean of the sampled series = [1.5461670993049863] 

The true sampled mean of the observable we're reweighting to = [1.5485010039066294] 

The mean of the energies corresponding to the sampled series = [-41.566744595157097] 

The mean of the energies corresponding to the unsampled series = [-42.145282634056038] 

Standard deviations away from true sampled observables for E_expect: [ 0.05827582]  E_expectnew: [ 0.05785156]  A_expect: [ 0.07374363] A_expect_unsamp: [ 0.41054896]
Percent shift = 26.4705882353 

Percent of molecule that is [#6X4:1]-[#6X4:2] = 20.0 

###############################################################################
NEXT LOOP
traj/AlkEthOH_r48_[#6X4:1]-[#6X4:2]_k550.nc
No sub-sampling occurred
No sub-sampling occurred
No sub-sampling occurred
Sub-sampling...
Bootstrap: 1/100
Bootstrap: 2/100
Bootstrap: 3/100
Bootstrap: 4/100
Bootstrap: 5/100
Bootstrap: 6/100
Bootstrap: 7/100
Bootstrap: 8/100
Bootstrap: 9/100
Bootstrap: 10/100
Bootstrap: 11/100
Bootstrap: 12/100
Bootstrap: 13/100
Bootstrap: 14/100
Bootstrap: 15/100
Bootstrap: 16/100
Bootstrap: 17/100
Bootstrap: 18/100
Bootstrap: 19/100
Bootstrap: 20/100
Bootstrap: 21/100
Bootstrap: 22/100
Bootstrap: 23/100
Bootstrap: 24/100
Bootstrap: 25/100
Bootstrap: 26/100
Bootstrap: 27/100
Bootstrap: 28/100
Bootstrap: 29/100
Bootstrap: 30/100
Bootstrap: 31/100
Bootstrap: 32/100
Bootstrap: 33/100
Bootstrap: 34/100
Bootstrap: 35/100
Bootstrap: 36/100
Bootstrap: 37/100
Bootstrap: 38/100
Bootstrap: 39/100
Bootstrap: 40/100
Bootstrap: 41/100
Bootstrap: 42/100
Bootstrap: 43/100
Bootstrap: 44/100
Bootstrap: 45/100
Bootstrap: 46/100
Bootstrap: 47/100
Bootstrap: 48/100
Bootstrap: 49/100
Bootstrap: 50/100
Bootstrap: 51/100
Bootstrap: 52/100
Bootstrap: 53/100
Bootstrap: 54/100
Bootstrap: 55/100
Bootstrap: 56/100
Bootstrap: 57/100
Bootstrap: 58/100
Bootstrap: 59/100
Bootstrap: 60/100
Bootstrap: 61/100
Bootstrap: 62/100
Bootstrap: 63/100
Bootstrap: 64/100
Bootstrap: 65/100
Bootstrap: 66/100
Bootstrap: 67/100
Bootstrap: 68/100
Bootstrap: 69/100
Bootstrap: 70/100
Bootstrap: 71/100
Bootstrap: 72/100
Bootstrap: 73/100
Bootstrap: 74/100
Bootstrap: 75/100
Bootstrap: 76/100
Bootstrap: 77/100
Bootstrap: 78/100
Bootstrap: 79/100
Bootstrap: 80/100
Bootstrap: 81/100
Bootstrap: 82/100
Bootstrap: 83/100
Bootstrap: 84/100
Bootstrap: 85/100
Bootstrap: 86/100
Bootstrap: 87/100
Bootstrap: 88/100
Bootstrap: 89/100
Bootstrap: 90/100
Bootstrap: 91/100
Bootstrap: 92/100
Bootstrap: 93/100
Bootstrap: 94/100
Bootstrap: 95/100
Bootstrap: 96/100
Bootstrap: 97/100
Bootstrap: 98/100
Bootstrap: 99/100
Bootstrap: 100/100
E_expect: [-41.62335109]  dE_expect: [ 0.08701392]  dE_boot: [ 0.08628312] 

E_expectnew: [-42.04355347]  dE_expectnew: [ 0.08576607]  dE_bootnew: [ 0.08403577] 

delta_E_expect: [-0.42020238]  percent_delta_E_expect: [ 1.0095352] 

A_expect: [ 1.54575782]  dA_expect: [ 0.00071471]  dA_boot: [ 0.00072321] 

A_expect_unsamp: [ 1.54754532]  dA_expect_unsamp: [ 0.00917049]  dA_boot_unsamp: [ 0.01696903] 

The mean of the sampled series = [1.5461670993049863] 

The true sampled mean of the observable we're reweighting to = [1.5471308277480902] 

The mean of the energies corresponding to the sampled series = [-41.566744595157097] 

The mean of the energies corresponding to the unsampled series = [-41.984577623250779] 

Standard deviations away from true sampled observables for E_expect: [ 0.06269759]  E_expectnew: [ 0.05982263]  A_expect: [ 0.06037377] A_expect_unsamp: [ 0.32340405]
Percent shift = 19.1176470588 

Percent of molecule that is [#6X4:1]-[#6X4:2] = 20.0 

###############################################################################
NEXT LOOP
traj/AlkEthOH_r48_[#6X4:1]-[#6X4:2]_k600.nc
No sub-sampling occurred
No sub-sampling occurred
No sub-sampling occurred
Sub-sampling...
Bootstrap: 1/100
Bootstrap: 2/100
Bootstrap: 3/100
Bootstrap: 4/100
Bootstrap: 5/100
Bootstrap: 6/100
Bootstrap: 7/100
Bootstrap: 8/100
Bootstrap: 9/100
Bootstrap: 10/100
Bootstrap: 11/100
Bootstrap: 12/100
Bootstrap: 13/100
Bootstrap: 14/100
Bootstrap: 15/100
Bootstrap: 16/100
Bootstrap: 17/100
Bootstrap: 18/100
Bootstrap: 19/100
Bootstrap: 20/100
Bootstrap: 21/100
Bootstrap: 22/100
Bootstrap: 23/100
Bootstrap: 24/100
Bootstrap: 25/100
Bootstrap: 26/100
Bootstrap: 27/100
Bootstrap: 28/100
Bootstrap: 29/100
Bootstrap: 30/100
Bootstrap: 31/100
Bootstrap: 32/100
Bootstrap: 33/100
Bootstrap: 34/100
Bootstrap: 35/100
Bootstrap: 36/100
Bootstrap: 37/100
Bootstrap: 38/100
Bootstrap: 39/100
Bootstrap: 40/100
Bootstrap: 41/100
Bootstrap: 42/100
Bootstrap: 43/100
Bootstrap: 44/100
Bootstrap: 45/100
Bootstrap: 46/100
Bootstrap: 47/100
Bootstrap: 48/100
Bootstrap: 49/100
Bootstrap: 50/100
Bootstrap: 51/100
Bootstrap: 52/100
Bootstrap: 53/100
Bootstrap: 54/100
Bootstrap: 55/100
Bootstrap: 56/100
Bootstrap: 57/100
Bootstrap: 58/100
Bootstrap: 59/100
Bootstrap: 60/100
Bootstrap: 61/100
Bootstrap: 62/100
Bootstrap: 63/100
Bootstrap: 64/100
Bootstrap: 65/100
Bootstrap: 66/100
Bootstrap: 67/100
Bootstrap: 68/100
Bootstrap: 69/100
Bootstrap: 70/100
Bootstrap: 71/100
Bootstrap: 72/100
Bootstrap: 73/100
Bootstrap: 74/100
Bootstrap: 75/100
Bootstrap: 76/100
Bootstrap: 77/100
Bootstrap: 78/100
Bootstrap: 79/100
Bootstrap: 80/100
Bootstrap: 81/100
Bootstrap: 82/100
Bootstrap: 83/100
Bootstrap: 84/100
Bootstrap: 85/100
Bootstrap: 86/100
Bootstrap: 87/100
Bootstrap: 88/100
Bootstrap: 89/100
Bootstrap: 90/100
Bootstrap: 91/100
Bootstrap: 92/100
Bootstrap: 93/100
Bootstrap: 94/100
Bootstrap: 95/100
Bootstrap: 96/100
Bootstrap: 97/100
Bootstrap: 98/100
Bootstrap: 99/100
Bootstrap: 100/100
E_expect: [-41.58036869]  dE_expect: [ 0.08905777]  dE_boot: [ 0.07974511] 

E_expectnew: [-41.83254109]  dE_expectnew: [ 0.0882172]  dE_bootnew: [ 0.07894806] 

delta_E_expect: [-0.2521724]  percent_delta_E_expect: [ 0.60646986] 

A_expect: [ 1.54608003]  dA_expect: [ 0.00069192]  dA_boot: [ 0.00070046] 

A_expect_unsamp: [ 1.54193765]  dA_expect_unsamp: [ 0.00830764]  dA_boot_unsamp: [ 0.01578478] 

The mean of the sampled series = [1.5461670993049863] 

The true sampled mean of the observable we're reweighting to = [1.5469652625643944] 

The mean of the energies corresponding to the sampled series = [-41.566744595157097] 

The mean of the energies corresponding to the unsampled series = [-41.823872612445513] 

Standard deviations away from true sampled observables for E_expect: [ 0.05644014]  E_expectnew: [ 0.05802741]  A_expect: [ 0.04014024] A_expect_unsamp: [ 0.4059517]
Percent shift = 11.7647058824 

Percent of molecule that is [#6X4:1]-[#6X4:2] = 20.0 

###############################################################################
NEXT LOOP
traj/AlkEthOH_r48_[#6X4:1]-[#6X4:2]_k650.nc
No sub-sampling occurred
No sub-sampling occurred
No sub-sampling occurred
Sub-sampling...
Bootstrap: 1/100
Bootstrap: 2/100
Bootstrap: 3/100
Bootstrap: 4/100
Bootstrap: 5/100
Bootstrap: 6/100
Bootstrap: 7/100
Bootstrap: 8/100
Bootstrap: 9/100
Bootstrap: 10/100
Bootstrap: 11/100
Bootstrap: 12/100
Bootstrap: 13/100
Bootstrap: 14/100
Bootstrap: 15/100
Bootstrap: 16/100
Bootstrap: 17/100
Bootstrap: 18/100
Bootstrap: 19/100
Bootstrap: 20/100
Bootstrap: 21/100
Bootstrap: 22/100
Bootstrap: 23/100
Bootstrap: 24/100
Bootstrap: 25/100
Bootstrap: 26/100
Bootstrap: 27/100
Bootstrap: 28/100
Bootstrap: 29/100
Bootstrap: 30/100
Bootstrap: 31/100
Bootstrap: 32/100
Bootstrap: 33/100
Bootstrap: 34/100
Bootstrap: 35/100
Bootstrap: 36/100
Bootstrap: 37/100
Bootstrap: 38/100
Bootstrap: 39/100
Bootstrap: 40/100
Bootstrap: 41/100
Bootstrap: 42/100
Bootstrap: 43/100
Bootstrap: 44/100
Bootstrap: 45/100
Bootstrap: 46/100
Bootstrap: 47/100
Bootstrap: 48/100
Bootstrap: 49/100
Bootstrap: 50/100
Bootstrap: 51/100
Bootstrap: 52/100
Bootstrap: 53/100
Bootstrap: 54/100
Bootstrap: 55/100
Bootstrap: 56/100
Bootstrap: 57/100
Bootstrap: 58/100
Bootstrap: 59/100
Bootstrap: 60/100
Bootstrap: 61/100
Bootstrap: 62/100
Bootstrap: 63/100
Bootstrap: 64/100
Bootstrap: 65/100
Bootstrap: 66/100
Bootstrap: 67/100
Bootstrap: 68/100
Bootstrap: 69/100
Bootstrap: 70/100
Bootstrap: 71/100
Bootstrap: 72/100
Bootstrap: 73/100
Bootstrap: 74/100
Bootstrap: 75/100
Bootstrap: 76/100
Bootstrap: 77/100
Bootstrap: 78/100
Bootstrap: 79/100
Bootstrap: 80/100
Bootstrap: 81/100
Bootstrap: 82/100
Bootstrap: 83/100
Bootstrap: 84/100
Bootstrap: 85/100
Bootstrap: 86/100
Bootstrap: 87/100
Bootstrap: 88/100
Bootstrap: 89/100
Bootstrap: 90/100
Bootstrap: 91/100
Bootstrap: 92/100
Bootstrap: 93/100
Bootstrap: 94/100
Bootstrap: 95/100
Bootstrap: 96/100
Bootstrap: 97/100
Bootstrap: 98/100
Bootstrap: 99/100
Bootstrap: 100/100
E_expect: [-41.61676899]  dE_expect: [ 0.08816646]  dE_boot: [ 0.09108844] 

E_expectnew: [-41.71531826]  dE_expectnew: [ 0.08785261]  dE_bootnew: [ 0.09082139] 

delta_E_expect: [-0.09854926]  percent_delta_E_expect: [ 0.23680182] 

A_expect: [ 1.54666702]  dA_expect: [ 0.00071044]  dA_boot: [ 0.00074168] 

A_expect_unsamp: [ 1.53710395]  dA_expect_unsamp: [ 0.00618393]  dA_boot_unsamp: [ 0.01380651] 

The mean of the sampled series = [1.5461670993049863] 

The true sampled mean of the observable we're reweighting to = [1.5451142545303127] 

The mean of the energies corresponding to the sampled series = [-41.566744595157097] 

The mean of the energies corresponding to the unsampled series = [-41.663167601640254] 

Standard deviations away from true sampled observables for E_expect: [ 0.01924939]  E_expectnew: [ 0.01843673]  A_expect: [ 0.00674053] A_expect_unsamp: [ 0.08378457]
Percent shift = 4.41176470588 

Percent of molecule that is [#6X4:1]-[#6X4:2] = 20.0 

###############################################################################
NEXT LOOP
traj/AlkEthOH_r48_[#6X4:1]-[#6X4:2]_k700.nc
No sub-sampling occurred
No sub-sampling occurred
No sub-sampling occurred
Sub-sampling...
Bootstrap: 1/100
Bootstrap: 2/100
Bootstrap: 3/100
Bootstrap: 4/100
Bootstrap: 5/100
Bootstrap: 6/100
Bootstrap: 7/100
Bootstrap: 8/100
Bootstrap: 9/100
Bootstrap: 10/100
Bootstrap: 11/100
Bootstrap: 12/100
Bootstrap: 13/100
Bootstrap: 14/100
Bootstrap: 15/100
Bootstrap: 16/100
Bootstrap: 17/100
Bootstrap: 18/100
Bootstrap: 19/100
Bootstrap: 20/100
Bootstrap: 21/100
Bootstrap: 22/100
Bootstrap: 23/100
Bootstrap: 24/100
Bootstrap: 25/100
Bootstrap: 26/100
Bootstrap: 27/100
Bootstrap: 28/100
Bootstrap: 29/100
Bootstrap: 30/100
Bootstrap: 31/100
Bootstrap: 32/100
Bootstrap: 33/100
Bootstrap: 34/100
Bootstrap: 35/100
Bootstrap: 36/100
Bootstrap: 37/100
Bootstrap: 38/100
Bootstrap: 39/100
Bootstrap: 40/100
Bootstrap: 41/100
Bootstrap: 42/100
Bootstrap: 43/100
Bootstrap: 44/100
Bootstrap: 45/100
Bootstrap: 46/100
Bootstrap: 47/100
Bootstrap: 48/100
Bootstrap: 49/100
Bootstrap: 50/100
Bootstrap: 51/100
Bootstrap: 52/100
Bootstrap: 53/100
Bootstrap: 54/100
Bootstrap: 55/100
Bootstrap: 56/100
Bootstrap: 57/100
Bootstrap: 58/100
Bootstrap: 59/100
Bootstrap: 60/100
Bootstrap: 61/100
Bootstrap: 62/100
Bootstrap: 63/100
Bootstrap: 64/100
Bootstrap: 65/100
Bootstrap: 66/100
Bootstrap: 67/100
Bootstrap: 68/100
Bootstrap: 69/100
Bootstrap: 70/100
Bootstrap: 71/100
Bootstrap: 72/100
Bootstrap: 73/100
Bootstrap: 74/100
Bootstrap: 75/100
Bootstrap: 76/100
Bootstrap: 77/100
Bootstrap: 78/100
Bootstrap: 79/100
Bootstrap: 80/100
Bootstrap: 81/100
Bootstrap: 82/100
Bootstrap: 83/100
Bootstrap: 84/100
Bootstrap: 85/100
Bootstrap: 86/100
Bootstrap: 87/100
Bootstrap: 88/100
Bootstrap: 89/100
Bootstrap: 90/100
Bootstrap: 91/100
Bootstrap: 92/100
Bootstrap: 93/100
Bootstrap: 94/100
Bootstrap: 95/100
Bootstrap: 96/100
Bootstrap: 97/100
Bootstrap: 98/100
Bootstrap: 99/100
Bootstrap: 100/100
E_expect: [-41.47017234]  dE_expect: [ 0.0880036]  dE_boot: [ 0.09076819] 

E_expectnew: [-41.40430709]  dE_expectnew: [ 0.08827295]  dE_bootnew: [ 0.09104595] 

delta_E_expect: [ 0.06586525]  percent_delta_E_expect: [-0.1588256] 

A_expect: [ 1.54681116]  dA_expect: [ 0.00069912]  dA_boot: [ 0.00069553] 

A_expect_unsamp: [ 1.53972728]  dA_expect_unsamp: [ 0.00757568]  dA_boot_unsamp: [ 0.01259806] 

The mean of the sampled series = [1.5461670993049863] 

The true sampled mean of the observable we're reweighting to = [1.5436860784347488] 

The mean of the energies corresponding to the sampled series = [-41.566744595157097] 

The mean of the energies corresponding to the unsampled series = [-41.502462590834995] 

Standard deviations away from true sampled observables for E_expect: [ 0.10909258]  E_expectnew: [ 0.10847242]  A_expect: [ 0.01422773] A_expect_unsamp: [ 0.18530461]
Percent shift = -2.94117647059 

Percent of molecule that is [#6X4:1]-[#6X4:2] = 20.0 

###############################################################################
NEXT LOOP
traj/AlkEthOH_r48_[#6X4:1]-[#6X4:2]_k750.nc
No sub-sampling occurred
No sub-sampling occurred
No sub-sampling occurred
Sub-sampling...
Bootstrap: 1/100
Bootstrap: 2/100
Bootstrap: 3/100
Bootstrap: 4/100
Bootstrap: 5/100
Bootstrap: 6/100
Bootstrap: 7/100
Bootstrap: 8/100
Bootstrap: 9/100
Bootstrap: 10/100
Bootstrap: 11/100
Bootstrap: 12/100
Bootstrap: 13/100
Bootstrap: 14/100
Bootstrap: 15/100
Bootstrap: 16/100
Bootstrap: 17/100
Bootstrap: 18/100
Bootstrap: 19/100
Bootstrap: 20/100
Bootstrap: 21/100
Bootstrap: 22/100
Bootstrap: 23/100
Bootstrap: 24/100
Bootstrap: 25/100
Bootstrap: 26/100
Bootstrap: 27/100
Bootstrap: 28/100
Bootstrap: 29/100
Bootstrap: 30/100
Bootstrap: 31/100
Bootstrap: 32/100
Bootstrap: 33/100
Bootstrap: 34/100
Bootstrap: 35/100
Bootstrap: 36/100
Bootstrap: 37/100
Bootstrap: 38/100
Bootstrap: 39/100
Bootstrap: 40/100
Bootstrap: 41/100
Bootstrap: 42/100
Bootstrap: 43/100
Bootstrap: 44/100
Bootstrap: 45/100
Bootstrap: 46/100
Bootstrap: 47/100
Bootstrap: 48/100
Bootstrap: 49/100
Bootstrap: 50/100
Bootstrap: 51/100
Bootstrap: 52/100
Bootstrap: 53/100
Bootstrap: 54/100
Bootstrap: 55/100
Bootstrap: 56/100
Bootstrap: 57/100
Bootstrap: 58/100
Bootstrap: 59/100
Bootstrap: 60/100
Bootstrap: 61/100
Bootstrap: 62/100
Bootstrap: 63/100
Bootstrap: 64/100
Bootstrap: 65/100
Bootstrap: 66/100
Bootstrap: 67/100
Bootstrap: 68/100
Bootstrap: 69/100
Bootstrap: 70/100
Bootstrap: 71/100
Bootstrap: 72/100
Bootstrap: 73/100
Bootstrap: 74/100
Bootstrap: 75/100
Bootstrap: 76/100
Bootstrap: 77/100
Bootstrap: 78/100
Bootstrap: 79/100
Bootstrap: 80/100
Bootstrap: 81/100
Bootstrap: 82/100
Bootstrap: 83/100
Bootstrap: 84/100
Bootstrap: 85/100
Bootstrap: 86/100
Bootstrap: 87/100
Bootstrap: 88/100
Bootstrap: 89/100
Bootstrap: 90/100
Bootstrap: 91/100
Bootstrap: 92/100
Bootstrap: 93/100
Bootstrap: 94/100
Bootstrap: 95/100
Bootstrap: 96/100
Bootstrap: 97/100
Bootstrap: 98/100
Bootstrap: 99/100
Bootstrap: 100/100
E_expect: [-41.56729566]  dE_expect: [ 0.08919713]  dE_boot: [ 0.076322] 

E_expectnew: [-41.34046643]  dE_expectnew: [ 0.09006265]  dE_bootnew: [ 0.07670172] 

delta_E_expect: [ 0.22682923]  percent_delta_E_expect: [-0.54569157] 

A_expect: [ 1.54632758]  dA_expect: [ 0.00069478]  dA_boot: [ 0.00067542] 

A_expect_unsamp: [ 1.53771509]  dA_expect_unsamp: [ 0.00582848]  dA_boot_unsamp: [ 0.009918] 

The mean of the sampled series = [1.5461670993049863] 

The true sampled mean of the observable we're reweighting to = [1.5416003401282612] 

The mean of the energies corresponding to the sampled series = [-41.566744595157097] 

The mean of the energies corresponding to the unsampled series = [-41.341757580029736] 

Standard deviations away from true sampled observables for E_expect: [ 0.00897022]  E_expectnew: [ 0.01221297]  A_expect: [ 0.09823974] A_expect_unsamp: [ 0.01808349]
Percent shift = -10.2941176471 

Percent of molecule that is [#6X4:1]-[#6X4:2] = 20.0 

###############################################################################
NEXT LOOP
traj/AlkEthOH_r48_[#6X4:1]-[#6X4:2]_k800.nc
No sub-sampling occurred
No sub-sampling occurred
No sub-sampling occurred
Sub-sampling...
Bootstrap: 1/100
Bootstrap: 2/100
Bootstrap: 3/100
Bootstrap: 4/100
Bootstrap: 5/100
Bootstrap: 6/100
Bootstrap: 7/100
Bootstrap: 8/100
Bootstrap: 9/100
Bootstrap: 10/100
Bootstrap: 11/100
Bootstrap: 12/100
Bootstrap: 13/100
Bootstrap: 14/100
Bootstrap: 15/100
Bootstrap: 16/100
Bootstrap: 17/100
Bootstrap: 18/100
Bootstrap: 19/100
Bootstrap: 20/100
Bootstrap: 21/100
Bootstrap: 22/100
Bootstrap: 23/100
Bootstrap: 24/100
Bootstrap: 25/100
Bootstrap: 26/100
Bootstrap: 27/100
Bootstrap: 28/100
Bootstrap: 29/100
Bootstrap: 30/100
Bootstrap: 31/100
Bootstrap: 32/100
Bootstrap: 33/100
Bootstrap: 34/100
Bootstrap: 35/100
Bootstrap: 36/100
Bootstrap: 37/100
Bootstrap: 38/100
Bootstrap: 39/100
Bootstrap: 40/100
Bootstrap: 41/100
Bootstrap: 42/100
Bootstrap: 43/100
Bootstrap: 44/100
Bootstrap: 45/100
Bootstrap: 46/100
Bootstrap: 47/100
Bootstrap: 48/100
Bootstrap: 49/100
Bootstrap: 50/100
Bootstrap: 51/100
Bootstrap: 52/100
Bootstrap: 53/100
Bootstrap: 54/100
Bootstrap: 55/100
Bootstrap: 56/100
Bootstrap: 57/100
Bootstrap: 58/100
Bootstrap: 59/100
Bootstrap: 60/100
Bootstrap: 61/100
Bootstrap: 62/100
Bootstrap: 63/100
Bootstrap: 64/100
Bootstrap: 65/100
Bootstrap: 66/100
Bootstrap: 67/100
Bootstrap: 68/100
Bootstrap: 69/100
Bootstrap: 70/100
Bootstrap: 71/100
Bootstrap: 72/100
Bootstrap: 73/100
Bootstrap: 74/100
Bootstrap: 75/100
Bootstrap: 76/100
Bootstrap: 77/100
Bootstrap: 78/100
Bootstrap: 79/100
Bootstrap: 80/100
Bootstrap: 81/100
Bootstrap: 82/100
Bootstrap: 83/100
Bootstrap: 84/100
Bootstrap: 85/100
Bootstrap: 86/100
Bootstrap: 87/100
Bootstrap: 88/100
Bootstrap: 89/100
Bootstrap: 90/100
Bootstrap: 91/100
Bootstrap: 92/100
Bootstrap: 93/100
Bootstrap: 94/100
Bootstrap: 95/100
Bootstrap: 96/100
Bootstrap: 97/100
Bootstrap: 98/100
Bootstrap: 99/100
Bootstrap: 100/100
E_expect: [-41.68912536]  dE_expect: [ 0.09086974]  dE_boot: [ 0.08873181] 

E_expectnew: [-41.30595294]  dE_expectnew: [ 0.09242497]  dE_bootnew: [ 0.09020472] 

delta_E_expect: [ 0.38317243]  percent_delta_E_expect: [-0.91911841] 

A_expect: [ 1.54553689]  dA_expect: [ 0.00070449]  dA_boot: [ 0.00061362] 

A_expect_unsamp: [ 1.53861202]  dA_expect_unsamp: [ 0.00646449]  dA_boot_unsamp: [ 0.00962654] 

The mean of the sampled series = [1.5461670993049863] 

The true sampled mean of the observable we're reweighting to = [1.5421778647383779] 

The mean of the energies corresponding to the sampled series = [-41.566744595157097] 

The mean of the energies corresponding to the unsampled series = [-41.181052569224462] 

Standard deviations away from true sampled observables for E_expect: [ 0.05683519]  E_expectnew: [ 0.05942367]  A_expect: [ 0.05975388] A_expect_unsamp: [ 0.16743368]
Percent shift = -17.6470588235 

Percent of molecule that is [#6X4:1]-[#6X4:2] = 20.0 

###############################################################################
NEXT LOOP
traj/AlkEthOH_r48_[#6X4:1]-[#6X4:2]_k850.nc
No sub-sampling occurred
No sub-sampling occurred
No sub-sampling occurred
No sub-sampling occurred
Bootstrap: 1/100
Bootstrap: 2/100
Bootstrap: 3/100
Bootstrap: 4/100
Bootstrap: 5/100
Bootstrap: 6/100
Bootstrap: 7/100
Bootstrap: 8/100
Bootstrap: 9/100
Bootstrap: 10/100
Bootstrap: 11/100
Bootstrap: 12/100
Bootstrap: 13/100
Bootstrap: 14/100
Bootstrap: 15/100
Bootstrap: 16/100
Bootstrap: 17/100
Bootstrap: 18/100
Bootstrap: 19/100
Bootstrap: 20/100
Bootstrap: 21/100
Bootstrap: 22/100
Bootstrap: 23/100
Bootstrap: 24/100
Bootstrap: 25/100
Bootstrap: 26/100
Bootstrap: 27/100
Bootstrap: 28/100
Bootstrap: 29/100
Bootstrap: 30/100
Bootstrap: 31/100
Bootstrap: 32/100
Bootstrap: 33/100
Bootstrap: 34/100
Bootstrap: 35/100
Bootstrap: 36/100
Bootstrap: 37/100
Bootstrap: 38/100
Bootstrap: 39/100
Bootstrap: 40/100
Bootstrap: 41/100
Bootstrap: 42/100
Bootstrap: 43/100
Bootstrap: 44/100
Bootstrap: 45/100
Bootstrap: 46/100
Bootstrap: 47/100
Bootstrap: 48/100
Bootstrap: 49/100
Bootstrap: 50/100
Bootstrap: 51/100
Bootstrap: 52/100
Bootstrap: 53/100
Bootstrap: 54/100
Bootstrap: 55/100
Bootstrap: 56/100
Bootstrap: 57/100
Bootstrap: 58/100
Bootstrap: 59/100
Bootstrap: 60/100
Bootstrap: 61/100
Bootstrap: 62/100
Bootstrap: 63/100
Bootstrap: 64/100
Bootstrap: 65/100
Bootstrap: 66/100
Bootstrap: 67/100
Bootstrap: 68/100
Bootstrap: 69/100
Bootstrap: 70/100
Bootstrap: 71/100
Bootstrap: 72/100
Bootstrap: 73/100
Bootstrap: 74/100
Bootstrap: 75/100
Bootstrap: 76/100
Bootstrap: 77/100
Bootstrap: 78/100
Bootstrap: 79/100
Bootstrap: 80/100
Bootstrap: 81/100
Bootstrap: 82/100
Bootstrap: 83/100
Bootstrap: 84/100
Bootstrap: 85/100
Bootstrap: 86/100
Bootstrap: 87/100
Bootstrap: 88/100
Bootstrap: 89/100
Bootstrap: 90/100
Bootstrap: 91/100
Bootstrap: 92/100
Bootstrap: 93/100
Bootstrap: 94/100
Bootstrap: 95/100
Bootstrap: 96/100
Bootstrap: 97/100
Bootstrap: 98/100
Bootstrap: 99/100
Bootstrap: 100/100
E_expect: [-41.59181035]  dE_expect: [ 0.08868935]  dE_boot: [ 0.08670947] 

E_expectnew: [-41.02810171]  dE_expectnew: [ 0.09120163]  dE_bootnew: [ 0.08957896] 

delta_E_expect: [ 0.56370864]  percent_delta_E_expect: [-1.35533566] 

A_expect: [ 1.54697054]  dA_expect: [ 0.00070259]  dA_boot: [ 0.00073579] 

A_expect_unsamp: [ 1.54555101]  dA_expect_unsamp: [ 0.00324518]  dA_boot_unsamp: [ 0.00881525] 

The mean of the sampled series = [1.5461670993049863] 

The true sampled mean of the observable we're reweighting to = [1.5405616490349636] 

The mean of the energies corresponding to the sampled series = [-41.566744595157097] 

The mean of the energies corresponding to the unsampled series = [-41.020347558419203] 

Standard deviations away from true sampled observables for E_expect: [ 0.08256118]  E_expectnew: [ 0.08053711]  A_expect: [ 0.13167466] A_expect_unsamp: [ 0.2008016]
Percent shift = -25.0 

Percent of molecule that is [#6X4:1]-[#6X4:2] = 20.0 

###############################################################################
NEXT LOOP
traj/AlkEthOH_r48_[#6X4:1]-[#6X4:2]_k900.nc
No sub-sampling occurred
No sub-sampling occurred
No sub-sampling occurred
Sub-sampling...
Bootstrap: 1/100
Bootstrap: 2/100
Bootstrap: 3/100
Bootstrap: 4/100
Bootstrap: 5/100
Bootstrap: 6/100
Bootstrap: 7/100
Bootstrap: 8/100
Bootstrap: 9/100
Bootstrap: 10/100
Bootstrap: 11/100
Bootstrap: 12/100
Bootstrap: 13/100
Bootstrap: 14/100
Bootstrap: 15/100
Bootstrap: 16/100
Bootstrap: 17/100
Bootstrap: 18/100
Bootstrap: 19/100
Bootstrap: 20/100
Bootstrap: 21/100
Bootstrap: 22/100
Bootstrap: 23/100
Bootstrap: 24/100
Bootstrap: 25/100
Bootstrap: 26/100
Bootstrap: 27/100
Bootstrap: 28/100
Bootstrap: 29/100
Bootstrap: 30/100
Bootstrap: 31/100
Bootstrap: 32/100
Bootstrap: 33/100
Bootstrap: 34/100
Bootstrap: 35/100
Bootstrap: 36/100
Bootstrap: 37/100
Bootstrap: 38/100
Bootstrap: 39/100
Bootstrap: 40/100
Bootstrap: 41/100
Bootstrap: 42/100
Bootstrap: 43/100
Bootstrap: 44/100
Bootstrap: 45/100
Bootstrap: 46/100
Bootstrap: 47/100
Bootstrap: 48/100
Bootstrap: 49/100
Bootstrap: 50/100
Bootstrap: 51/100
Bootstrap: 52/100
Bootstrap: 53/100
Bootstrap: 54/100
Bootstrap: 55/100
Bootstrap: 56/100
Bootstrap: 57/100
Bootstrap: 58/100
Bootstrap: 59/100
Bootstrap: 60/100
Bootstrap: 61/100
Bootstrap: 62/100
Bootstrap: 63/100
Bootstrap: 64/100
Bootstrap: 65/100
Bootstrap: 66/100
Bootstrap: 67/100
Bootstrap: 68/100
Bootstrap: 69/100
Bootstrap: 70/100
Bootstrap: 71/100
Bootstrap: 72/100
Bootstrap: 73/100
Bootstrap: 74/100
Bootstrap: 75/100
Bootstrap: 76/100
Bootstrap: 77/100
Bootstrap: 78/100
Bootstrap: 79/100
Bootstrap: 80/100
Bootstrap: 81/100
Bootstrap: 82/100
Bootstrap: 83/100
Bootstrap: 84/100
Bootstrap: 85/100
Bootstrap: 86/100
Bootstrap: 87/100
Bootstrap: 88/100
Bootstrap: 89/100
Bootstrap: 90/100
Bootstrap: 91/100
Bootstrap: 92/100
Bootstrap: 93/100
Bootstrap: 94/100
Bootstrap: 95/100
Bootstrap: 96/100
Bootstrap: 97/100
Bootstrap: 98/100
Bootstrap: 99/100
Bootstrap: 100/100
E_expect: [-41.54047698]  dE_expect: [ 0.08942755]  dE_boot: [ 0.08270834] 

E_expectnew: [-40.85047054]  dE_expectnew: [ 0.09201128]  dE_bootnew: [ 0.08489855] 

delta_E_expect: [ 0.69000643]  percent_delta_E_expect: [-1.66104601] 

A_expect: [ 1.5453034]  dA_expect: [ 0.00070253]  dA_boot: [ 0.00073674] 

A_expect_unsamp: [ 1.53412574]  dA_expect_unsamp: [ 0.00401155]  dA_boot_unsamp: [ 0.00875692] 

The mean of the sampled series = [1.5461670993049863] 

The true sampled mean of the observable we're reweighting to = [1.5394259305540019] 

The mean of the energies corresponding to the sampled series = [-41.566744595157097] 

The mean of the energies corresponding to the unsampled series = [-40.859642547613944] 

Standard deviations away from true sampled observables for E_expect: [ 0.01446824]  E_expectnew: [ 0.02042551]  A_expect: [ 0.04571081] A_expect_unsamp: [ 0.01635474]
Percent shift = -32.3529411765 

Percent of molecule that is [#6X4:1]-[#6X4:2] = 20.0 

###############################################################################
NEXT LOOP
traj/AlkEthOH_r48_[#6X4:1]-[#6X4:2]_k950.nc
No sub-sampling occurred
No sub-sampling occurred
No sub-sampling occurred
Sub-sampling...
Bootstrap: 1/100
Bootstrap: 2/100
Bootstrap: 3/100
Bootstrap: 4/100
Bootstrap: 5/100
Bootstrap: 6/100
Bootstrap: 7/100
Bootstrap: 8/100
Bootstrap: 9/100
Bootstrap: 10/100
Bootstrap: 11/100
Bootstrap: 12/100
Bootstrap: 13/100
Bootstrap: 14/100
Bootstrap: 15/100
Bootstrap: 16/100
Bootstrap: 17/100
Bootstrap: 18/100
Bootstrap: 19/100
Bootstrap: 20/100
Bootstrap: 21/100
Bootstrap: 22/100
Bootstrap: 23/100
Bootstrap: 24/100
Bootstrap: 25/100
Bootstrap: 26/100
Bootstrap: 27/100
Bootstrap: 28/100
Bootstrap: 29/100
Bootstrap: 30/100
Bootstrap: 31/100
Bootstrap: 32/100
Bootstrap: 33/100
Bootstrap: 34/100
Bootstrap: 35/100
Bootstrap: 36/100
Bootstrap: 37/100
Bootstrap: 38/100
Bootstrap: 39/100
Bootstrap: 40/100
Bootstrap: 41/100
Bootstrap: 42/100
Bootstrap: 43/100
Bootstrap: 44/100
Bootstrap: 45/100
Bootstrap: 46/100
Bootstrap: 47/100
Bootstrap: 48/100
Bootstrap: 49/100
Bootstrap: 50/100
Bootstrap: 51/100
Bootstrap: 52/100
Bootstrap: 53/100
Bootstrap: 54/100
Bootstrap: 55/100
Bootstrap: 56/100
Bootstrap: 57/100
Bootstrap: 58/100
Bootstrap: 59/100
Bootstrap: 60/100
Bootstrap: 61/100
Bootstrap: 62/100
Bootstrap: 63/100
Bootstrap: 64/100
Bootstrap: 65/100
Bootstrap: 66/100
Bootstrap: 67/100
Bootstrap: 68/100
Bootstrap: 69/100
Bootstrap: 70/100
Bootstrap: 71/100
Bootstrap: 72/100
Bootstrap: 73/100
Bootstrap: 74/100
Bootstrap: 75/100
Bootstrap: 76/100
Bootstrap: 77/100
Bootstrap: 78/100
Bootstrap: 79/100
Bootstrap: 80/100
Bootstrap: 81/100
Bootstrap: 82/100
Bootstrap: 83/100
Bootstrap: 84/100
Bootstrap: 85/100
Bootstrap: 86/100
Bootstrap: 87/100
Bootstrap: 88/100
Bootstrap: 89/100
Bootstrap: 90/100
Bootstrap: 91/100
Bootstrap: 92/100
Bootstrap: 93/100
Bootstrap: 94/100
Bootstrap: 95/100
Bootstrap: 96/100
Bootstrap: 97/100
Bootstrap: 98/100
Bootstrap: 99/100
Bootstrap: 100/100
E_expect: [-41.46409622]  dE_expect: [ 0.08853339]  dE_boot: [ 0.08855052] 

E_expectnew: [-40.59108687]  dE_expectnew: [ 0.09193559]  dE_bootnew: [ 0.09392579] 

delta_E_expect: [ 0.87300935]  percent_delta_E_expect: [-2.10545852] 

A_expect: [ 1.54566044]  dA_expect: [ 0.00070795]  dA_boot: [ 0.00072734] 

A_expect_unsamp: [ 1.53359947]  dA_expect_unsamp: [ 0.00400534]  dA_boot_unsamp: [ 0.00804361] 

The mean of the sampled series = [1.5461670993049863] 

The true sampled mean of the observable we're reweighting to = [1.5395753929813367] 

The mean of the energies corresponding to the sampled series = [-41.566744595157097] 

The mean of the energies corresponding to the unsampled series = [-40.698937536808685] 

Standard deviations away from true sampled observables for E_expect: [ 0.04519806]  E_expectnew: [ 0.02036637]  A_expect: [ 0.07856767] A_expect_unsamp: [ 0.47010508]
Percent shift = -39.7058823529 

Percent of molecule that is [#6X4:1]-[#6X4:2] = 20.0 

###############################################################################
NEXT LOOP
traj/AlkEthOH_r48_[#6X4:1]-[#6X4:2]_k1000.nc
No sub-sampling occurred
No sub-sampling occurred
No sub-sampling occurred
Sub-sampling...
Bootstrap: 1/100
Bootstrap: 2/100
Bootstrap: 3/100
Bootstrap: 4/100
Bootstrap: 5/100
Bootstrap: 6/100
Bootstrap: 7/100
Bootstrap: 8/100
Bootstrap: 9/100
Bootstrap: 10/100
Bootstrap: 11/100
Bootstrap: 12/100
Bootstrap: 13/100
Bootstrap: 14/100
Bootstrap: 15/100
Bootstrap: 16/100
Bootstrap: 17/100
Bootstrap: 18/100
Bootstrap: 19/100
Bootstrap: 20/100
Bootstrap: 21/100
Bootstrap: 22/100
Bootstrap: 23/100
Bootstrap: 24/100
Bootstrap: 25/100
Bootstrap: 26/100
Bootstrap: 27/100
Bootstrap: 28/100
Bootstrap: 29/100
Bootstrap: 30/100
Bootstrap: 31/100
Bootstrap: 32/100
Bootstrap: 33/100
Bootstrap: 34/100
Bootstrap: 35/100
Bootstrap: 36/100
Bootstrap: 37/100
Bootstrap: 38/100
Bootstrap: 39/100
Bootstrap: 40/100
Bootstrap: 41/100
Bootstrap: 42/100
Bootstrap: 43/100
Bootstrap: 44/100
Bootstrap: 45/100
Bootstrap: 46/100
Bootstrap: 47/100
Bootstrap: 48/100
Bootstrap: 49/100
Bootstrap: 50/100
Bootstrap: 51/100
Bootstrap: 52/100
Bootstrap: 53/100
Bootstrap: 54/100
Bootstrap: 55/100
Bootstrap: 56/100
Bootstrap: 57/100
Bootstrap: 58/100
Bootstrap: 59/100
Bootstrap: 60/100
Bootstrap: 61/100
Bootstrap: 62/100
Bootstrap: 63/100
Bootstrap: 64/100
Bootstrap: 65/100
Bootstrap: 66/100
Bootstrap: 67/100
Bootstrap: 68/100
Bootstrap: 69/100
Bootstrap: 70/100
Bootstrap: 71/100
Bootstrap: 72/100
Bootstrap: 73/100
Bootstrap: 74/100
Bootstrap: 75/100
Bootstrap: 76/100
Bootstrap: 77/100
Bootstrap: 78/100
Bootstrap: 79/100
Bootstrap: 80/100
Bootstrap: 81/100
Bootstrap: 82/100
Bootstrap: 83/100
Bootstrap: 84/100
Bootstrap: 85/100
Bootstrap: 86/100
Bootstrap: 87/100
Bootstrap: 88/100
Bootstrap: 89/100
Bootstrap: 90/100
Bootstrap: 91/100
Bootstrap: 92/100
Bootstrap: 93/100
Bootstrap: 94/100
Bootstrap: 95/100
Bootstrap: 96/100
Bootstrap: 97/100
Bootstrap: 98/100
Bootstrap: 99/100
Bootstrap: 100/100
E_expect: [-41.41759245]  dE_expect: [ 0.08846339]  dE_boot: [ 0.09820224] 

E_expectnew: [-40.38374999]  dE_expectnew: [ 0.09330437]  dE_bootnew: [ 0.10250459] 

delta_E_expect: [ 1.03384246]  percent_delta_E_expect: [-2.49614331] 

A_expect: [ 1.5471986]  dA_expect: [ 0.00071141]  dA_boot: [ 0.00062491] 

A_expect_unsamp: [ 1.5539874]  dA_expect_unsamp: [ 0.00430076]  dA_boot_unsamp: [ 0.00965637] 

The mean of the sampled series = [1.5461670993049863] 

The true sampled mean of the observable we're reweighting to = [1.5373464776209886] 

The mean of the energies corresponding to the sampled series = [-41.566744595157097] 

The mean of the energies corresponding to the unsampled series = [-40.538232526003412] 

Standard deviations away from true sampled observables for E_expect: [ 0.04118067]  E_expectnew: [ 0.05983909]  A_expect: [ 0.02380897] A_expect_unsamp: [ 0.50507869]
Percent shift = -47.0588235294 

Percent of molecule that is [#6X4:1]-[#6X4:2] = 20.0 

###############################################################################
NEXT LOOP
traj/AlkEthOH_r48_[#6X4:1]-[#6X4:2]_k1050.nc
No sub-sampling occurred
No sub-sampling occurred
No sub-sampling occurred
Sub-sampling...
Bootstrap: 1/100
Bootstrap: 2/100
Bootstrap: 3/100
Bootstrap: 4/100
Bootstrap: 5/100
Bootstrap: 6/100
Bootstrap: 7/100
Bootstrap: 8/100
Bootstrap: 9/100
Bootstrap: 10/100
Bootstrap: 11/100
Bootstrap: 12/100
Bootstrap: 13/100
Bootstrap: 14/100
Bootstrap: 15/100
Bootstrap: 16/100
Bootstrap: 17/100
Bootstrap: 18/100
Bootstrap: 19/100
Bootstrap: 20/100
Bootstrap: 21/100
Bootstrap: 22/100
Bootstrap: 23/100
Bootstrap: 24/100
Bootstrap: 25/100
Bootstrap: 26/100
Bootstrap: 27/100
Bootstrap: 28/100
Bootstrap: 29/100
Bootstrap: 30/100
Bootstrap: 31/100
Bootstrap: 32/100
Bootstrap: 33/100
Bootstrap: 34/100
Bootstrap: 35/100
Bootstrap: 36/100
Bootstrap: 37/100
Bootstrap: 38/100
Bootstrap: 39/100
Bootstrap: 40/100
Bootstrap: 41/100
Bootstrap: 42/100
Bootstrap: 43/100
Bootstrap: 44/100
Bootstrap: 45/100
Bootstrap: 46/100
Bootstrap: 47/100
Bootstrap: 48/100
Bootstrap: 49/100
Bootstrap: 50/100
Bootstrap: 51/100
Bootstrap: 52/100
Bootstrap: 53/100
Bootstrap: 54/100
Bootstrap: 55/100
Bootstrap: 56/100
Bootstrap: 57/100
Bootstrap: 58/100
Bootstrap: 59/100
Bootstrap: 60/100
Bootstrap: 61/100
Bootstrap: 62/100
Bootstrap: 63/100
Bootstrap: 64/100
Bootstrap: 65/100
Bootstrap: 66/100
Bootstrap: 67/100
Bootstrap: 68/100
Bootstrap: 69/100
Bootstrap: 70/100
Bootstrap: 71/100
Bootstrap: 72/100
Bootstrap: 73/100
Bootstrap: 74/100
Bootstrap: 75/100
Bootstrap: 76/100
Bootstrap: 77/100
Bootstrap: 78/100
Bootstrap: 79/100
Bootstrap: 80/100
Bootstrap: 81/100
Bootstrap: 82/100
Bootstrap: 83/100
Bootstrap: 84/100
Bootstrap: 85/100
Bootstrap: 86/100
Bootstrap: 87/100
Bootstrap: 88/100
Bootstrap: 89/100
Bootstrap: 90/100
Bootstrap: 91/100
Bootstrap: 92/100
Bootstrap: 93/100
Bootstrap: 94/100
Bootstrap: 95/100
Bootstrap: 96/100
Bootstrap: 97/100
Bootstrap: 98/100
Bootstrap: 99/100
Bootstrap: 100/100
E_expect: [-41.61606809]  dE_expect: [ 0.08882519]  dE_boot: [ 0.08288143] 

E_expectnew: [-40.38884645]  dE_expectnew: [ 0.09454981]  dE_bootnew: [ 0.08847542] 

delta_E_expect: [ 1.22722164]  percent_delta_E_expect: [-2.948913] 

A_expect: [ 1.54898674]  dA_expect: [ 0.0006943]  dA_boot: [ 0.0007001] 

A_expect_unsamp: [ 1.53800859]  dA_expect_unsamp: [ 0.0064422]  dA_boot_unsamp: [ 0.00967465] 

The mean of the sampled series = [1.5461670993049863] 

The true sampled mean of the observable we're reweighting to = [1.5380038715990378] 

The mean of the energies corresponding to the sampled series = [-41.566744595157097] 

The mean of the energies corresponding to the unsampled series = [-40.377527515198153] 

Standard deviations away from true sampled observables for E_expect: [ 0.06402534]  E_expectnew: [ 0.04898591]  A_expect: [ 0.02368079] A_expect_unsamp: [ 0.20530034]
Percent shift = -54.4117647059 

Percent of molecule that is [#6X4:1]-[#6X4:2] = 20.0 

###############################################################################
NEXT LOOP
traj/AlkEthOH_r48_[#6X4:1]-[#6X4:2]_k1100.nc
No sub-sampling occurred
No sub-sampling occurred
No sub-sampling occurred
Sub-sampling...
Bootstrap: 1/100
Bootstrap: 2/100
Bootstrap: 3/100
Bootstrap: 4/100
Bootstrap: 5/100
Bootstrap: 6/100
Bootstrap: 7/100
Bootstrap: 8/100
Bootstrap: 9/100
Bootstrap: 10/100
Bootstrap: 11/100
Bootstrap: 12/100
Bootstrap: 13/100
Bootstrap: 14/100
Bootstrap: 15/100
Bootstrap: 16/100
Bootstrap: 17/100
Bootstrap: 18/100
Bootstrap: 19/100
Bootstrap: 20/100
Bootstrap: 21/100
Bootstrap: 22/100
Bootstrap: 23/100
Bootstrap: 24/100
Bootstrap: 25/100
Bootstrap: 26/100
Bootstrap: 27/100
Bootstrap: 28/100
Bootstrap: 29/100
Bootstrap: 30/100
Bootstrap: 31/100
Bootstrap: 32/100
Bootstrap: 33/100
Bootstrap: 34/100
Bootstrap: 35/100
Bootstrap: 36/100
Bootstrap: 37/100
Bootstrap: 38/100
Bootstrap: 39/100
Bootstrap: 40/100
Bootstrap: 41/100
Bootstrap: 42/100
Bootstrap: 43/100
Bootstrap: 44/100
Bootstrap: 45/100
Bootstrap: 46/100
Bootstrap: 47/100
Bootstrap: 48/100
Bootstrap: 49/100
Bootstrap: 50/100
Bootstrap: 51/100
Bootstrap: 52/100
Bootstrap: 53/100
Bootstrap: 54/100
Bootstrap: 55/100
Bootstrap: 56/100
Bootstrap: 57/100
Bootstrap: 58/100
Bootstrap: 59/100
Bootstrap: 60/100
Bootstrap: 61/100
Bootstrap: 62/100
Bootstrap: 63/100
Bootstrap: 64/100
Bootstrap: 65/100
Bootstrap: 66/100
Bootstrap: 67/100
Bootstrap: 68/100
Bootstrap: 69/100
Bootstrap: 70/100
Bootstrap: 71/100
Bootstrap: 72/100
Bootstrap: 73/100
Bootstrap: 74/100
Bootstrap: 75/100
Bootstrap: 76/100
Bootstrap: 77/100
Bootstrap: 78/100
Bootstrap: 79/100
Bootstrap: 80/100
Bootstrap: 81/100
Bootstrap: 82/100
Bootstrap: 83/100
Bootstrap: 84/100
Bootstrap: 85/100
Bootstrap: 86/100
Bootstrap: 87/100
Bootstrap: 88/100
Bootstrap: 89/100
Bootstrap: 90/100
Bootstrap: 91/100
Bootstrap: 92/100
Bootstrap: 93/100
Bootstrap: 94/100
Bootstrap: 95/100
Bootstrap: 96/100
Bootstrap: 97/100
Bootstrap: 98/100
Bootstrap: 99/100
Bootstrap: 100/100
E_expect: [-41.51105484]  dE_expect: [ 0.09140984]  dE_boot: [ 0.09551749] 

E_expectnew: [-40.14015202]  dE_expectnew: [ 0.09785487]  dE_bootnew: [ 0.10671197] 

delta_E_expect: [ 1.37090282]  percent_delta_E_expect: [-3.30250056] 

A_expect: [ 1.54521599]  dA_expect: [ 0.00069747]  dA_boot: [ 0.00069754] 

A_expect_unsamp: [ 1.53318386]  dA_expect_unsamp: [ 0.00631322]  dA_boot_unsamp: [ 0.00904916] 

The mean of the sampled series = [1.5461670993049863] 

The true sampled mean of the observable we're reweighting to = [1.5382439427592491] 

The mean of the energies corresponding to the sampled series = [-41.566744595157097] 

The mean of the energies corresponding to the unsampled series = [-40.216822504392887] 

Standard deviations away from true sampled observables for E_expect: [ 0.1609862]  E_expectnew: [ 0.17053216]  A_expect: [ 0.15561576] A_expect_unsamp: [ 0.10739658]
Percent shift = -61.7647058824 

Percent of molecule that is [#6X4:1]-[#6X4:2] = 20.0 

###############################################################################
NEXT LOOP
traj/AlkEthOH_r48_[#6X4:1]-[#6X4:2]_k1150.nc
No sub-sampling occurred
No sub-sampling occurred
No sub-sampling occurred
No sub-sampling occurred
Bootstrap: 1/100
Bootstrap: 2/100
Bootstrap: 3/100
Bootstrap: 4/100
Bootstrap: 5/100
Bootstrap: 6/100
Bootstrap: 7/100
Bootstrap: 8/100
Bootstrap: 9/100
Bootstrap: 10/100
Bootstrap: 11/100
Bootstrap: 12/100
Bootstrap: 13/100
Bootstrap: 14/100
Bootstrap: 15/100
Bootstrap: 16/100
Bootstrap: 17/100
Bootstrap: 18/100
Bootstrap: 19/100
Bootstrap: 20/100
Bootstrap: 21/100
Bootstrap: 22/100
Bootstrap: 23/100
Bootstrap: 24/100
Bootstrap: 25/100
Bootstrap: 26/100
Bootstrap: 27/100
Bootstrap: 28/100
Bootstrap: 29/100
Bootstrap: 30/100
Bootstrap: 31/100
Bootstrap: 32/100
Bootstrap: 33/100
Bootstrap: 34/100
Bootstrap: 35/100
Bootstrap: 36/100
Bootstrap: 37/100
Bootstrap: 38/100
Bootstrap: 39/100
Bootstrap: 40/100
Bootstrap: 41/100
Bootstrap: 42/100
Bootstrap: 43/100
Bootstrap: 44/100
Bootstrap: 45/100
Bootstrap: 46/100
Bootstrap: 47/100
Bootstrap: 48/100
Bootstrap: 49/100
Bootstrap: 50/100
Bootstrap: 51/100
Bootstrap: 52/100
Bootstrap: 53/100
Bootstrap: 54/100
Bootstrap: 55/100
Bootstrap: 56/100
Bootstrap: 57/100
Bootstrap: 58/100
Bootstrap: 59/100
Bootstrap: 60/100
Bootstrap: 61/100
Bootstrap: 62/100
Bootstrap: 63/100
Bootstrap: 64/100
Bootstrap: 65/100
Bootstrap: 66/100
Bootstrap: 67/100
Bootstrap: 68/100
Bootstrap: 69/100
Bootstrap: 70/100
Bootstrap: 71/100
Bootstrap: 72/100
Bootstrap: 73/100
Bootstrap: 74/100
Bootstrap: 75/100
Bootstrap: 76/100
Bootstrap: 77/100
Bootstrap: 78/100
Bootstrap: 79/100
Bootstrap: 80/100
Bootstrap: 81/100
Bootstrap: 82/100
Bootstrap: 83/100
Bootstrap: 84/100
Bootstrap: 85/100
Bootstrap: 86/100
Bootstrap: 87/100
Bootstrap: 88/100
Bootstrap: 89/100
Bootstrap: 90/100
Bootstrap: 91/100
Bootstrap: 92/100
Bootstrap: 93/100
Bootstrap: 94/100
Bootstrap: 95/100
Bootstrap: 96/100
Bootstrap: 97/100
Bootstrap: 98/100
Bootstrap: 99/100
Bootstrap: 100/100
E_expect: [-41.54201474]  dE_expect: [ 0.08862346]  dE_boot: [ 0.09402047] 

E_expectnew: [-40.05195312]  dE_expectnew: [ 0.09518542]  dE_bootnew: [ 0.10441097] 

delta_E_expect: [ 1.49006162]  percent_delta_E_expect: [-3.58687856] 

A_expect: [ 1.54605908]  dA_expect: [ 0.00067967]  dA_boot: [ 0.00077571] 

A_expect_unsamp: [ 1.53127869]  dA_expect_unsamp: [ 0.00095337]  dA_boot_unsamp: [ 0.00973427] 

The mean of the sampled series = [1.5461670993049863] 

The true sampled mean of the observable we're reweighting to = [1.5366480760162609] 

The mean of the energies corresponding to the sampled series = [-41.566744595157097] 

The mean of the energies corresponding to the unsampled series = [-40.056117493587635] 

Standard deviations away from true sampled observables for E_expect: [ 0.03316554]  E_expectnew: [ 0.041798]  A_expect: [ 0.07317692] A_expect_unsamp: [ 1.86046939]
Percent shift = -69.1176470588 

Percent of molecule that is [#6X4:1]-[#6X4:2] = 20.0 

###############################################################################
NEXT LOOP
