/projects/brma3379/anaconda2/lib/python2.7/site-packages/pymbar/utils.py:110: FutureWarning: comparison to `None` will result in an elementwise object comparison in the future.
  if N_k == None:
/projects/brma3379/anaconda2/lib/python2.7/site-packages/pymbar/mbar.py:872: FutureWarning: comparison to `None` will result in an elementwise object comparison in the future.
  if u_kn == None:
/projects/brma3379/anaconda2/lib/python2.7/site-packages/pymbar/mbar.py:240: FutureWarning: comparison to `None` will result in an elementwise object comparison in the future.
  if initial_f_k != None:
[#6X4:1]-[#6X4:2] occurs 2 times
[#6X4:1]-[#1:2] occurs 10 times
[#6X4:1]-[#8X2H0:2] occurs 2 times
#################################################################################
traj/AlkEthOH_c1266_[#6X4:1]-[#1:2]_k200.nc
No sub-sampling occurred
Sub-sampling...
Sub-sampling...
Sub-sampling...
Bootstrap: 1/100
Bootstrap: 2/100
Bootstrap: 3/100
Bootstrap: 4/100
Bootstrap: 5/100
Bootstrap: 6/100
Bootstrap: 7/100
Bootstrap: 8/100
Bootstrap: 9/100
Bootstrap: 10/100
Bootstrap: 11/100
Bootstrap: 12/100
Bootstrap: 13/100
Bootstrap: 14/100
Bootstrap: 15/100
Bootstrap: 16/100
Bootstrap: 17/100
Bootstrap: 18/100
Bootstrap: 19/100
Bootstrap: 20/100
Bootstrap: 21/100
Bootstrap: 22/100
Bootstrap: 23/100
Bootstrap: 24/100
Bootstrap: 25/100
Bootstrap: 26/100
Bootstrap: 27/100
Bootstrap: 28/100
Bootstrap: 29/100
Bootstrap: 30/100
Bootstrap: 31/100
Bootstrap: 32/100
Bootstrap: 33/100
Bootstrap: 34/100
Bootstrap: 35/100
Bootstrap: 36/100
Bootstrap: 37/100
Bootstrap: 38/100
Bootstrap: 39/100
Bootstrap: 40/100
Bootstrap: 41/100
Bootstrap: 42/100
Bootstrap: 43/100
Bootstrap: 44/100
Bootstrap: 45/100
Bootstrap: 46/100
Bootstrap: 47/100
Bootstrap: 48/100
Bootstrap: 49/100
Bootstrap: 50/100
Bootstrap: 51/100
Bootstrap: 52/100
Bootstrap: 53/100
Bootstrap: 54/100
Bootstrap: 55/100
Bootstrap: 56/100
Bootstrap: 57/100
Bootstrap: 58/100
Bootstrap: 59/100
Bootstrap: 60/100
Bootstrap: 61/100
Bootstrap: 62/100
Bootstrap: 63/100
Bootstrap: 64/100
Bootstrap: 65/100
Bootstrap: 66/100
Bootstrap: 67/100
Bootstrap: 68/100
Bootstrap: 69/100
Bootstrap: 70/100
Bootstrap: 71/100
Bootstrap: 72/100
Bootstrap: 73/100
Bootstrap: 74/100
Bootstrap: 75/100
Bootstrap: 76/100
Bootstrap: 77/100
Bootstrap: 78/100
Bootstrap: 79/100
Bootstrap: 80/100
Bootstrap: 81/100
Bootstrap: 82/100
Bootstrap: 83/100
Bootstrap: 84/100
Bootstrap: 85/100
Bootstrap: 86/100
Bootstrap: 87/100
Bootstrap: 88/100
Bootstrap: 89/100
Bootstrap: 90/100
Bootstrap: 91/100
Bootstrap: 92/100
Bootstrap: 93/100
Bootstrap: 94/100
Bootstrap: 95/100
Bootstrap: 96/100
Bootstrap: 97/100
Bootstrap: 98/100
Bootstrap: 99/100
Bootstrap: 100/100
E_expect: [ 12.47910803]  dE_expect: [ 0.06590664]  dE_boot: [ 0.0680501] 

E_expectnew: [ 9.92920853]  dE_expectnew: [ 0.05542178]  dE_bootnew: [ 0.05983686] 

delta_E_expect: [-2.54989951]  percent_delta_E_expect: [-20.43334747] 

A_expect: [ 1.09302765]  dA_expect: [ 0.00074804]  dA_boot: [ 0.00078275] 

A_expect_unsamp: [ 1.16453226]  dA_expect_unsamp: [ 0.01091006]  dA_boot_unsamp: [ 0.02155245] 

The mean of the sampled series = [1.0928103401273455] 

The true sampled mean of the observable we're reweighting to = [1.1006980214667885] 

The mean of the energies corresponding to the sampled series = [12.419450353147473] 

The mean of the energies corresponding to the unsampled series = [9.8849871210077112] 

Standard deviations away from true sampled observables for E_expect: [ 0.08027758]  E_expectnew: [ 0.08440906]  A_expect: [ 0.18275112] A_expect_unsamp: [ 4.54836716]
Percent shift = 67.7419354839 

Percent of molecule that is [#6X4:1]-[#1:2] = 71.4285714286 

###############################################################################
NEXT LOOP
traj/AlkEthOH_c1266_[#6X4:1]-[#1:2]_k250.nc
No sub-sampling occurred
Sub-sampling...
Sub-sampling...
No sub-sampling occurred
Bootstrap: 1/100
Bootstrap: 2/100
Bootstrap: 3/100
Bootstrap: 4/100
Bootstrap: 5/100
Bootstrap: 6/100
Bootstrap: 7/100
Bootstrap: 8/100
Bootstrap: 9/100
Bootstrap: 10/100
Bootstrap: 11/100
Bootstrap: 12/100
Bootstrap: 13/100
Bootstrap: 14/100
Bootstrap: 15/100
Bootstrap: 16/100
Bootstrap: 17/100
Bootstrap: 18/100
Bootstrap: 19/100
Bootstrap: 20/100
Bootstrap: 21/100
Bootstrap: 22/100
Bootstrap: 23/100
Bootstrap: 24/100
Bootstrap: 25/100
Bootstrap: 26/100
Bootstrap: 27/100
Bootstrap: 28/100
Bootstrap: 29/100
Bootstrap: 30/100
Bootstrap: 31/100
Bootstrap: 32/100
Bootstrap: 33/100
Bootstrap: 34/100
Bootstrap: 35/100
Bootstrap: 36/100
Bootstrap: 37/100
Bootstrap: 38/100
Bootstrap: 39/100
Bootstrap: 40/100
Bootstrap: 41/100
Bootstrap: 42/100
Bootstrap: 43/100
Bootstrap: 44/100
Bootstrap: 45/100
Bootstrap: 46/100
Bootstrap: 47/100
Bootstrap: 48/100
Bootstrap: 49/100
Bootstrap: 50/100
Bootstrap: 51/100
Bootstrap: 52/100
Bootstrap: 53/100
Bootstrap: 54/100
Bootstrap: 55/100
Bootstrap: 56/100
Bootstrap: 57/100
Bootstrap: 58/100
Bootstrap: 59/100
Bootstrap: 60/100
Bootstrap: 61/100
Bootstrap: 62/100
Bootstrap: 63/100
Bootstrap: 64/100
Bootstrap: 65/100
Bootstrap: 66/100
Bootstrap: 67/100
Bootstrap: 68/100
Bootstrap: 69/100
Bootstrap: 70/100
Bootstrap: 71/100
Bootstrap: 72/100
Bootstrap: 73/100
Bootstrap: 74/100
Bootstrap: 75/100
Bootstrap: 76/100
Bootstrap: 77/100
Bootstrap: 78/100
Bootstrap: 79/100
Bootstrap: 80/100
Bootstrap: 81/100
Bootstrap: 82/100
Bootstrap: 83/100
Bootstrap: 84/100
Bootstrap: 85/100
Bootstrap: 86/100
Bootstrap: 87/100
Bootstrap: 88/100
Bootstrap: 89/100
Bootstrap: 90/100
Bootstrap: 91/100
Bootstrap: 92/100
Bootstrap: 93/100
Bootstrap: 94/100
Bootstrap: 95/100
Bootstrap: 96/100
Bootstrap: 97/100
Bootstrap: 98/100
Bootstrap: 99/100
Bootstrap: 100/100
E_expect: [ 12.41401895]  dE_expect: [ 0.06270241]  dE_boot: [ 0.06130848] 

E_expectnew: [ 10.18345113]  dE_expectnew: [ 0.05447133]  dE_bootnew: [ 0.05359943] 

delta_E_expect: [-2.23056782]  percent_delta_E_expect: [-17.96813609] 

A_expect: [ 1.09446552]  dA_expect: [ 0.00077033]  dA_boot: [ 0.00074817] 

A_expect_unsamp: [ 1.16458024]  dA_expect_unsamp: [ 0.01301033]  dA_boot_unsamp: [ 0.0236382] 

The mean of the sampled series = [1.0928103401273455] 

The true sampled mean of the observable we're reweighting to = [1.097645942790795] 

The mean of the energies corresponding to the sampled series = [12.419450353147473] 

The mean of the energies corresponding to the unsampled series = [10.186708934357682] 

Standard deviations away from true sampled observables for E_expect: [ 0.1250541]  E_expectnew: [ 0.1157681]  A_expect: [ 0.01554827] A_expect_unsamp: [ 3.54128519]
Percent shift = 59.6774193548 

Percent of molecule that is [#6X4:1]-[#1:2] = 71.4285714286 

###############################################################################
NEXT LOOP
traj/AlkEthOH_c1266_[#6X4:1]-[#1:2]_k300.nc
No sub-sampling occurred
Sub-sampling...
Sub-sampling...
Sub-sampling...
Bootstrap: 1/100
Bootstrap: 2/100
Bootstrap: 3/100
Bootstrap: 4/100
Bootstrap: 5/100
Bootstrap: 6/100
Bootstrap: 7/100
Bootstrap: 8/100
Bootstrap: 9/100
Bootstrap: 10/100
Bootstrap: 11/100
Bootstrap: 12/100
Bootstrap: 13/100
Bootstrap: 14/100
Bootstrap: 15/100
Bootstrap: 16/100
Bootstrap: 17/100
Bootstrap: 18/100
Bootstrap: 19/100
Bootstrap: 20/100
Bootstrap: 21/100
Bootstrap: 22/100
Bootstrap: 23/100
Bootstrap: 24/100
Bootstrap: 25/100
Bootstrap: 26/100
Bootstrap: 27/100
Bootstrap: 28/100
Bootstrap: 29/100
Bootstrap: 30/100
Bootstrap: 31/100
Bootstrap: 32/100
Bootstrap: 33/100
Bootstrap: 34/100
Bootstrap: 35/100
Bootstrap: 36/100
Bootstrap: 37/100
Bootstrap: 38/100
Bootstrap: 39/100
Bootstrap: 40/100
Bootstrap: 41/100
Bootstrap: 42/100
Bootstrap: 43/100
Bootstrap: 44/100
Bootstrap: 45/100
Bootstrap: 46/100
Bootstrap: 47/100
Bootstrap: 48/100
Bootstrap: 49/100
Bootstrap: 50/100
Bootstrap: 51/100
Bootstrap: 52/100
Bootstrap: 53/100
Bootstrap: 54/100
Bootstrap: 55/100
Bootstrap: 56/100
Bootstrap: 57/100
Bootstrap: 58/100
Bootstrap: 59/100
Bootstrap: 60/100
Bootstrap: 61/100
Bootstrap: 62/100
Bootstrap: 63/100
Bootstrap: 64/100
Bootstrap: 65/100
Bootstrap: 66/100
Bootstrap: 67/100
Bootstrap: 68/100
Bootstrap: 69/100
Bootstrap: 70/100
Bootstrap: 71/100
Bootstrap: 72/100
Bootstrap: 73/100
Bootstrap: 74/100
Bootstrap: 75/100
Bootstrap: 76/100
Bootstrap: 77/100
Bootstrap: 78/100
Bootstrap: 79/100
Bootstrap: 80/100
Bootstrap: 81/100
Bootstrap: 82/100
Bootstrap: 83/100
Bootstrap: 84/100
Bootstrap: 85/100
Bootstrap: 86/100
Bootstrap: 87/100
Bootstrap: 88/100
Bootstrap: 89/100
Bootstrap: 90/100
Bootstrap: 91/100
Bootstrap: 92/100
Bootstrap: 93/100
Bootstrap: 94/100
Bootstrap: 95/100
Bootstrap: 96/100
Bootstrap: 97/100
Bootstrap: 98/100
Bootstrap: 99/100
Bootstrap: 100/100
E_expect: [ 12.43551148]  dE_expect: [ 0.06699221]  dE_boot: [ 0.06135528] 

E_expectnew: [ 10.50454512]  dE_expectnew: [ 0.05835593]  dE_bootnew: [ 0.05596183] 

delta_E_expect: [-1.93096635]  percent_delta_E_expect: [-15.52784023] 

A_expect: [ 1.09238709]  dA_expect: [ 0.00075075]  dA_boot: [ 0.00065633] 

A_expect_unsamp: [ 1.14945693]  dA_expect_unsamp: [ 0.01727999]  dA_boot_unsamp: [ 0.02115722] 

The mean of the sampled series = [1.0928103401273455] 

The true sampled mean of the observable we're reweighting to = [1.0959422800960903] 

The mean of the energies corresponding to the sampled series = [12.419450353147473] 

The mean of the energies corresponding to the unsampled series = [10.488430747707655] 

Standard deviations away from true sampled observables for E_expect: [ 0.01090983]  E_expectnew: [ 0.01460979]  A_expect: [ 0.13004356] A_expect_unsamp: [ 2.77145176]
Percent shift = 51.6129032258 

Percent of molecule that is [#6X4:1]-[#1:2] = 71.4285714286 

###############################################################################
NEXT LOOP
traj/AlkEthOH_c1266_[#6X4:1]-[#1:2]_k350.nc
No sub-sampling occurred
Sub-sampling...
Sub-sampling...
No sub-sampling occurred
Bootstrap: 1/100
Bootstrap: 2/100
Bootstrap: 3/100
Bootstrap: 4/100
Bootstrap: 5/100
Bootstrap: 6/100
Bootstrap: 7/100
Bootstrap: 8/100
Bootstrap: 9/100
Bootstrap: 10/100
Bootstrap: 11/100
Bootstrap: 12/100
Bootstrap: 13/100
Bootstrap: 14/100
Bootstrap: 15/100
Bootstrap: 16/100
Bootstrap: 17/100
Bootstrap: 18/100
Bootstrap: 19/100
Bootstrap: 20/100
Bootstrap: 21/100
Bootstrap: 22/100
Bootstrap: 23/100
Bootstrap: 24/100
Bootstrap: 25/100
Bootstrap: 26/100
Bootstrap: 27/100
Bootstrap: 28/100
Bootstrap: 29/100
Bootstrap: 30/100
Bootstrap: 31/100
Bootstrap: 32/100
Bootstrap: 33/100
Bootstrap: 34/100
Bootstrap: 35/100
Bootstrap: 36/100
Bootstrap: 37/100
Bootstrap: 38/100
Bootstrap: 39/100
Bootstrap: 40/100
Bootstrap: 41/100
Bootstrap: 42/100
Bootstrap: 43/100
Bootstrap: 44/100
Bootstrap: 45/100
Bootstrap: 46/100
Bootstrap: 47/100
Bootstrap: 48/100
Bootstrap: 49/100
Bootstrap: 50/100
Bootstrap: 51/100
Bootstrap: 52/100
Bootstrap: 53/100
Bootstrap: 54/100
Bootstrap: 55/100
Bootstrap: 56/100
Bootstrap: 57/100
Bootstrap: 58/100
Bootstrap: 59/100
Bootstrap: 60/100
Bootstrap: 61/100
Bootstrap: 62/100
Bootstrap: 63/100
Bootstrap: 64/100
Bootstrap: 65/100
Bootstrap: 66/100
Bootstrap: 67/100
Bootstrap: 68/100
Bootstrap: 69/100
Bootstrap: 70/100
Bootstrap: 71/100
Bootstrap: 72/100
Bootstrap: 73/100
Bootstrap: 74/100
Bootstrap: 75/100
Bootstrap: 76/100
Bootstrap: 77/100
Bootstrap: 78/100
Bootstrap: 79/100
Bootstrap: 80/100
Bootstrap: 81/100
Bootstrap: 82/100
Bootstrap: 83/100
Bootstrap: 84/100
Bootstrap: 85/100
Bootstrap: 86/100
Bootstrap: 87/100
Bootstrap: 88/100
Bootstrap: 89/100
Bootstrap: 90/100
Bootstrap: 91/100
Bootstrap: 92/100
Bootstrap: 93/100
Bootstrap: 94/100
Bootstrap: 95/100
Bootstrap: 96/100
Bootstrap: 97/100
Bootstrap: 98/100
Bootstrap: 99/100
Bootstrap: 100/100
E_expect: [ 12.39525052]  dE_expect: [ 0.0644147]  dE_boot: [ 0.05999903] 

E_expectnew: [ 10.76769691]  dE_expectnew: [ 0.05746598]  dE_bootnew: [ 0.05070324] 

delta_E_expect: [-1.62755361]  percent_delta_E_expect: [-13.13046162] 

A_expect: [ 1.09176264]  dA_expect: [ 0.00076596]  dA_boot: [ 0.00072112] 

A_expect_unsamp: [ 1.10870578]  dA_expect_unsamp: [ 0.00462007]  dA_boot_unsamp: [ 0.02207142] 

The mean of the sampled series = [1.0928103401273455] 

The true sampled mean of the observable we're reweighting to = [1.0961407158760343] 

The mean of the energies corresponding to the sampled series = [12.419450353147473] 

The mean of the energies corresponding to the unsampled series = [10.790152561057624] 

Standard deviations away from true sampled observables for E_expect: [ 0.07597687]  E_expectnew: [ 0.04747552]  A_expect: [ 0.18236635] A_expect_unsamp: [ 8.58648856]
Percent shift = 43.5483870968 

Percent of molecule that is [#6X4:1]-[#1:2] = 71.4285714286 

###############################################################################
NEXT LOOP
traj/AlkEthOH_c1266_[#6X4:1]-[#1:2]_k400.nc
No sub-sampling occurred
Sub-sampling...
Sub-sampling...
Sub-sampling...
Bootstrap: 1/100
Bootstrap: 2/100
Bootstrap: 3/100
Bootstrap: 4/100
Bootstrap: 5/100
Bootstrap: 6/100
Bootstrap: 7/100
Bootstrap: 8/100
Bootstrap: 9/100
Bootstrap: 10/100
Bootstrap: 11/100
Bootstrap: 12/100
Bootstrap: 13/100
Bootstrap: 14/100
Bootstrap: 15/100
Bootstrap: 16/100
Bootstrap: 17/100
Bootstrap: 18/100
Bootstrap: 19/100
Bootstrap: 20/100
Bootstrap: 21/100
Bootstrap: 22/100
Bootstrap: 23/100
Bootstrap: 24/100
Bootstrap: 25/100
Bootstrap: 26/100
Bootstrap: 27/100
Bootstrap: 28/100
Bootstrap: 29/100
Bootstrap: 30/100
Bootstrap: 31/100
Bootstrap: 32/100
Bootstrap: 33/100
Bootstrap: 34/100
Bootstrap: 35/100
Bootstrap: 36/100
Bootstrap: 37/100
Bootstrap: 38/100
Bootstrap: 39/100
Bootstrap: 40/100
Bootstrap: 41/100
Bootstrap: 42/100
Bootstrap: 43/100
Bootstrap: 44/100
Bootstrap: 45/100
Bootstrap: 46/100
Bootstrap: 47/100
Bootstrap: 48/100
Bootstrap: 49/100
Bootstrap: 50/100
Bootstrap: 51/100
Bootstrap: 52/100
Bootstrap: 53/100
Bootstrap: 54/100
Bootstrap: 55/100
Bootstrap: 56/100
Bootstrap: 57/100
Bootstrap: 58/100
Bootstrap: 59/100
Bootstrap: 60/100
Bootstrap: 61/100
Bootstrap: 62/100
Bootstrap: 63/100
Bootstrap: 64/100
Bootstrap: 65/100
Bootstrap: 66/100
Bootstrap: 67/100
Bootstrap: 68/100
Bootstrap: 69/100
Bootstrap: 70/100
Bootstrap: 71/100
Bootstrap: 72/100
Bootstrap: 73/100
Bootstrap: 74/100
Bootstrap: 75/100
Bootstrap: 76/100
Bootstrap: 77/100
Bootstrap: 78/100
Bootstrap: 79/100
Bootstrap: 80/100
Bootstrap: 81/100
Bootstrap: 82/100
Bootstrap: 83/100
Bootstrap: 84/100
Bootstrap: 85/100
Bootstrap: 86/100
Bootstrap: 87/100
Bootstrap: 88/100
Bootstrap: 89/100
Bootstrap: 90/100
Bootstrap: 91/100
Bootstrap: 92/100
Bootstrap: 93/100
Bootstrap: 94/100
Bootstrap: 95/100
Bootstrap: 96/100
Bootstrap: 97/100
Bootstrap: 98/100
Bootstrap: 99/100
Bootstrap: 100/100
E_expect: [ 12.44007679]  dE_expect: [ 0.06703562]  dE_boot: [ 0.06337015] 

E_expectnew: [ 11.1153601]  dE_expectnew: [ 0.06055712]  dE_bootnew: [ 0.05708223] 

delta_E_expect: [-1.32471669]  percent_delta_E_expect: [-10.64878224] 

A_expect: [ 1.09289439]  dA_expect: [ 0.00076249]  dA_boot: [ 0.00075916] 

A_expect_unsamp: [ 1.13890634]  dA_expect_unsamp: [ 0.01879465]  dA_boot_unsamp: [ 0.021467] 

The mean of the sampled series = [1.0928103401273455] 

The true sampled mean of the observable we're reweighting to = [1.0933635928199179] 

The mean of the energies corresponding to the sampled series = [12.419450353147473] 

The mean of the energies corresponding to the unsampled series = [11.091874374407599] 

Standard deviations away from true sampled observables for E_expect: [ 0.00925737]  E_expectnew: [ 0.02533531]  A_expect: [ 0.01995724] A_expect_unsamp: [ 2.22205661]
Percent shift = 35.4838709677 

Percent of molecule that is [#6X4:1]-[#1:2] = 71.4285714286 

###############################################################################
NEXT LOOP
traj/AlkEthOH_c1266_[#6X4:1]-[#1:2]_k450.nc
No sub-sampling occurred
Sub-sampling...
Sub-sampling...
Sub-sampling...
Bootstrap: 1/100
Bootstrap: 2/100
Bootstrap: 3/100
Bootstrap: 4/100
Bootstrap: 5/100
Bootstrap: 6/100
Bootstrap: 7/100
Bootstrap: 8/100
Bootstrap: 9/100
Bootstrap: 10/100
Bootstrap: 11/100
Bootstrap: 12/100
Bootstrap: 13/100
Bootstrap: 14/100
Bootstrap: 15/100
Bootstrap: 16/100
Bootstrap: 17/100
Bootstrap: 18/100
Bootstrap: 19/100
Bootstrap: 20/100
Bootstrap: 21/100
Bootstrap: 22/100
Bootstrap: 23/100
Bootstrap: 24/100
Bootstrap: 25/100
Bootstrap: 26/100
Bootstrap: 27/100
Bootstrap: 28/100
Bootstrap: 29/100
Bootstrap: 30/100
Bootstrap: 31/100
Bootstrap: 32/100
Bootstrap: 33/100
Bootstrap: 34/100
Bootstrap: 35/100
Bootstrap: 36/100
Bootstrap: 37/100
Bootstrap: 38/100
Bootstrap: 39/100
Bootstrap: 40/100
Bootstrap: 41/100
Bootstrap: 42/100
Bootstrap: 43/100
Bootstrap: 44/100
Bootstrap: 45/100
Bootstrap: 46/100
Bootstrap: 47/100
Bootstrap: 48/100
Bootstrap: 49/100
Bootstrap: 50/100
Bootstrap: 51/100
Bootstrap: 52/100
Bootstrap: 53/100
Bootstrap: 54/100
Bootstrap: 55/100
Bootstrap: 56/100
Bootstrap: 57/100
Bootstrap: 58/100
Bootstrap: 59/100
Bootstrap: 60/100
Bootstrap: 61/100
Bootstrap: 62/100
Bootstrap: 63/100
Bootstrap: 64/100
Bootstrap: 65/100
Bootstrap: 66/100
Bootstrap: 67/100
Bootstrap: 68/100
Bootstrap: 69/100
Bootstrap: 70/100
Bootstrap: 71/100
Bootstrap: 72/100
Bootstrap: 73/100
Bootstrap: 74/100
Bootstrap: 75/100
Bootstrap: 76/100
Bootstrap: 77/100
Bootstrap: 78/100
Bootstrap: 79/100
Bootstrap: 80/100
Bootstrap: 81/100
Bootstrap: 82/100
Bootstrap: 83/100
Bootstrap: 84/100
Bootstrap: 85/100
Bootstrap: 86/100
Bootstrap: 87/100
Bootstrap: 88/100
Bootstrap: 89/100
Bootstrap: 90/100
Bootstrap: 91/100
Bootstrap: 92/100
Bootstrap: 93/100
Bootstrap: 94/100
Bootstrap: 95/100
Bootstrap: 96/100
Bootstrap: 97/100
Bootstrap: 98/100
Bootstrap: 99/100
Bootstrap: 100/100
E_expect: [ 12.39669985]  dE_expect: [ 0.06636191]  dE_boot: [ 0.07294507] 

E_expectnew: [ 11.36517785]  dE_expectnew: [ 0.06094625]  dE_bootnew: [ 0.06761249] 

delta_E_expect: [-1.031522]  percent_delta_E_expect: [-8.32094038] 

A_expect: [ 1.09192957]  dA_expect: [ 0.00075421]  dA_boot: [ 0.00078126] 

A_expect_unsamp: [ 1.128297]  dA_expect_unsamp: [ 0.02097972]  dA_boot_unsamp: [ 0.01912263] 

The mean of the sampled series = [1.0928103401273455] 

The true sampled mean of the observable we're reweighting to = [1.0943819199547997] 

The mean of the energies corresponding to the sampled series = [12.419450353147473] 

The mean of the energies corresponding to the unsampled series = [11.393596187757568] 

Standard deviations away from true sampled observables for E_expect: [ 0.05018467]  E_expectnew: [ 0.06983516]  A_expect: [ 0.13278917] A_expect_unsamp: [ 1.80738067]
Percent shift = 27.4193548387 

Percent of molecule that is [#6X4:1]-[#1:2] = 71.4285714286 

###############################################################################
NEXT LOOP
traj/AlkEthOH_c1266_[#6X4:1]-[#1:2]_k500.nc
No sub-sampling occurred
Sub-sampling...
Sub-sampling...
No sub-sampling occurred
Bootstrap: 1/100
Bootstrap: 2/100
Bootstrap: 3/100
Bootstrap: 4/100
Bootstrap: 5/100
Bootstrap: 6/100
Bootstrap: 7/100
Bootstrap: 8/100
Bootstrap: 9/100
Bootstrap: 10/100
Bootstrap: 11/100
Bootstrap: 12/100
Bootstrap: 13/100
Bootstrap: 14/100
Bootstrap: 15/100
Bootstrap: 16/100
Bootstrap: 17/100
Bootstrap: 18/100
Bootstrap: 19/100
Bootstrap: 20/100
Bootstrap: 21/100
Bootstrap: 22/100
Bootstrap: 23/100
Bootstrap: 24/100
Bootstrap: 25/100
Bootstrap: 26/100
Bootstrap: 27/100
Bootstrap: 28/100
Bootstrap: 29/100
Bootstrap: 30/100
Bootstrap: 31/100
Bootstrap: 32/100
Bootstrap: 33/100
Bootstrap: 34/100
Bootstrap: 35/100
Bootstrap: 36/100
Bootstrap: 37/100
Bootstrap: 38/100
Bootstrap: 39/100
Bootstrap: 40/100
Bootstrap: 41/100
Bootstrap: 42/100
Bootstrap: 43/100
Bootstrap: 44/100
Bootstrap: 45/100
Bootstrap: 46/100
Bootstrap: 47/100
Bootstrap: 48/100
Bootstrap: 49/100
Bootstrap: 50/100
Bootstrap: 51/100
Bootstrap: 52/100
Bootstrap: 53/100
Bootstrap: 54/100
Bootstrap: 55/100
Bootstrap: 56/100
Bootstrap: 57/100
Bootstrap: 58/100
Bootstrap: 59/100
Bootstrap: 60/100
Bootstrap: 61/100
Bootstrap: 62/100
Bootstrap: 63/100
Bootstrap: 64/100
Bootstrap: 65/100
Bootstrap: 66/100
Bootstrap: 67/100
Bootstrap: 68/100
Bootstrap: 69/100
Bootstrap: 70/100
Bootstrap: 71/100
Bootstrap: 72/100
Bootstrap: 73/100
Bootstrap: 74/100
Bootstrap: 75/100
Bootstrap: 76/100
Bootstrap: 77/100
Bootstrap: 78/100
Bootstrap: 79/100
Bootstrap: 80/100
Bootstrap: 81/100
Bootstrap: 82/100
Bootstrap: 83/100
Bootstrap: 84/100
Bootstrap: 85/100
Bootstrap: 86/100
Bootstrap: 87/100
Bootstrap: 88/100
Bootstrap: 89/100
Bootstrap: 90/100
Bootstrap: 91/100
Bootstrap: 92/100
Bootstrap: 93/100
Bootstrap: 94/100
Bootstrap: 95/100
Bootstrap: 96/100
Bootstrap: 97/100
Bootstrap: 98/100
Bootstrap: 99/100
Bootstrap: 100/100
E_expect: [ 12.40746277]  dE_expect: [ 0.06673586]  dE_boot: [ 0.06107328] 

E_expectnew: [ 11.68449869]  dE_expectnew: [ 0.0629332]  dE_bootnew: [ 0.05773128] 

delta_E_expect: [-0.72296408]  percent_delta_E_expect: [-5.82684865] 

A_expect: [ 1.09301943]  dA_expect: [ 0.00075997]  dA_boot: [ 0.0007436] 

A_expect_unsamp: [ 1.13247883]  dA_expect_unsamp: [ 0.01644288]  dA_boot_unsamp: [ 0.01736547] 

The mean of the sampled series = [1.0928103401273455] 

The true sampled mean of the observable we're reweighting to = [1.0942485717111277] 

The mean of the energies corresponding to the sampled series = [12.419450353147473] 

The mean of the energies corresponding to the unsampled series = [11.695318001107541] 

Standard deviations away from true sampled observables for E_expect: [ 0.05849828]  E_expectnew: [ 0.04719655]  A_expect: [ 0.05973712] A_expect_unsamp: [ 1.90864787]
Percent shift = 19.3548387097 

Percent of molecule that is [#6X4:1]-[#1:2] = 71.4285714286 

###############################################################################
NEXT LOOP
traj/AlkEthOH_c1266_[#6X4:1]-[#1:2]_k550.nc
No sub-sampling occurred
Sub-sampling...
Sub-sampling...
Sub-sampling...
Bootstrap: 1/100
Bootstrap: 2/100
Bootstrap: 3/100
Bootstrap: 4/100
Bootstrap: 5/100
Bootstrap: 6/100
Bootstrap: 7/100
Bootstrap: 8/100
Bootstrap: 9/100
Bootstrap: 10/100
Bootstrap: 11/100
Bootstrap: 12/100
Bootstrap: 13/100
Bootstrap: 14/100
Bootstrap: 15/100
Bootstrap: 16/100
Bootstrap: 17/100
Bootstrap: 18/100
Bootstrap: 19/100
Bootstrap: 20/100
Bootstrap: 21/100
Bootstrap: 22/100
Bootstrap: 23/100
Bootstrap: 24/100
Bootstrap: 25/100
Bootstrap: 26/100
Bootstrap: 27/100
Bootstrap: 28/100
Bootstrap: 29/100
Bootstrap: 30/100
Bootstrap: 31/100
Bootstrap: 32/100
Bootstrap: 33/100
Bootstrap: 34/100
Bootstrap: 35/100
Bootstrap: 36/100
Bootstrap: 37/100
Bootstrap: 38/100
Bootstrap: 39/100
Bootstrap: 40/100
Bootstrap: 41/100
Bootstrap: 42/100
Bootstrap: 43/100
Bootstrap: 44/100
Bootstrap: 45/100
Bootstrap: 46/100
Bootstrap: 47/100
Bootstrap: 48/100
Bootstrap: 49/100
Bootstrap: 50/100
Bootstrap: 51/100
Bootstrap: 52/100
Bootstrap: 53/100
Bootstrap: 54/100
Bootstrap: 55/100
Bootstrap: 56/100
Bootstrap: 57/100
Bootstrap: 58/100
Bootstrap: 59/100
Bootstrap: 60/100
Bootstrap: 61/100
Bootstrap: 62/100
Bootstrap: 63/100
Bootstrap: 64/100
Bootstrap: 65/100
Bootstrap: 66/100
Bootstrap: 67/100
Bootstrap: 68/100
Bootstrap: 69/100
Bootstrap: 70/100
Bootstrap: 71/100
Bootstrap: 72/100
Bootstrap: 73/100
Bootstrap: 74/100
Bootstrap: 75/100
Bootstrap: 76/100
Bootstrap: 77/100
Bootstrap: 78/100
Bootstrap: 79/100
Bootstrap: 80/100
Bootstrap: 81/100
Bootstrap: 82/100
Bootstrap: 83/100
Bootstrap: 84/100
Bootstrap: 85/100
Bootstrap: 86/100
Bootstrap: 87/100
Bootstrap: 88/100
Bootstrap: 89/100
Bootstrap: 90/100
Bootstrap: 91/100
Bootstrap: 92/100
Bootstrap: 93/100
Bootstrap: 94/100
Bootstrap: 95/100
Bootstrap: 96/100
Bootstrap: 97/100
Bootstrap: 98/100
Bootstrap: 99/100
Bootstrap: 100/100
E_expect: [ 12.36599612]  dE_expect: [ 0.06441299]  dE_boot: [ 0.06288243] 

E_expectnew: [ 11.94560869]  dE_expectnew: [ 0.062261]  dE_bootnew: [ 0.06034204] 

delta_E_expect: [-0.42038743]  percent_delta_E_expect: [-3.39954364] 

A_expect: [ 1.09246414]  dA_expect: [ 0.00074724]  dA_boot: [ 0.00076764] 

A_expect_unsamp: [ 1.10389]  dA_expect_unsamp: [ 0.00440629]  dA_boot_unsamp: [ 0.01377143] 

The mean of the sampled series = [1.0928103401273455] 

The true sampled mean of the observable we're reweighting to = [1.0951514828268698] 

The mean of the energies corresponding to the sampled series = [12.419450353147473] 

The mean of the energies corresponding to the unsampled series = [11.997039814457512] 

Standard deviations away from true sampled observables for E_expect: [ 0.13111531]  E_expectnew: [ 0.12567667]  A_expect: [ 0.13033494] A_expect_unsamp: [ 5.61152013]
Percent shift = 11.2903225806 

Percent of molecule that is [#6X4:1]-[#1:2] = 71.4285714286 

###############################################################################
NEXT LOOP
traj/AlkEthOH_c1266_[#6X4:1]-[#1:2]_k600.nc
No sub-sampling occurred
Sub-sampling...
Sub-sampling...
No sub-sampling occurred
Bootstrap: 1/100
Bootstrap: 2/100
Bootstrap: 3/100
Bootstrap: 4/100
Bootstrap: 5/100
Bootstrap: 6/100
Bootstrap: 7/100
Bootstrap: 8/100
Bootstrap: 9/100
Bootstrap: 10/100
Bootstrap: 11/100
Bootstrap: 12/100
Bootstrap: 13/100
Bootstrap: 14/100
Bootstrap: 15/100
Bootstrap: 16/100
Bootstrap: 17/100
Bootstrap: 18/100
Bootstrap: 19/100
Bootstrap: 20/100
Bootstrap: 21/100
Bootstrap: 22/100
Bootstrap: 23/100
Bootstrap: 24/100
Bootstrap: 25/100
Bootstrap: 26/100
Bootstrap: 27/100
Bootstrap: 28/100
Bootstrap: 29/100
Bootstrap: 30/100
Bootstrap: 31/100
Bootstrap: 32/100
Bootstrap: 33/100
Bootstrap: 34/100
Bootstrap: 35/100
Bootstrap: 36/100
Bootstrap: 37/100
Bootstrap: 38/100
Bootstrap: 39/100
Bootstrap: 40/100
Bootstrap: 41/100
Bootstrap: 42/100
Bootstrap: 43/100
Bootstrap: 44/100
Bootstrap: 45/100
Bootstrap: 46/100
Bootstrap: 47/100
Bootstrap: 48/100
Bootstrap: 49/100
Bootstrap: 50/100
Bootstrap: 51/100
Bootstrap: 52/100
Bootstrap: 53/100
Bootstrap: 54/100
Bootstrap: 55/100
Bootstrap: 56/100
Bootstrap: 57/100
Bootstrap: 58/100
Bootstrap: 59/100
Bootstrap: 60/100
Bootstrap: 61/100
Bootstrap: 62/100
Bootstrap: 63/100
Bootstrap: 64/100
Bootstrap: 65/100
Bootstrap: 66/100
Bootstrap: 67/100
Bootstrap: 68/100
Bootstrap: 69/100
Bootstrap: 70/100
Bootstrap: 71/100
Bootstrap: 72/100
Bootstrap: 73/100
Bootstrap: 74/100
Bootstrap: 75/100
Bootstrap: 76/100
Bootstrap: 77/100
Bootstrap: 78/100
Bootstrap: 79/100
Bootstrap: 80/100
Bootstrap: 81/100
Bootstrap: 82/100
Bootstrap: 83/100
Bootstrap: 84/100
Bootstrap: 85/100
Bootstrap: 86/100
Bootstrap: 87/100
Bootstrap: 88/100
Bootstrap: 89/100
Bootstrap: 90/100
Bootstrap: 91/100
Bootstrap: 92/100
Bootstrap: 93/100
Bootstrap: 94/100
Bootstrap: 95/100
Bootstrap: 96/100
Bootstrap: 97/100
Bootstrap: 98/100
Bootstrap: 99/100
Bootstrap: 100/100
E_expect: [ 12.43514996]  dE_expect: [ 0.06473537]  dE_boot: [ 0.06424724] 

E_expectnew: [ 12.31469177]  dE_expectnew: [ 0.06408279]  dE_bootnew: [ 0.06369437] 

delta_E_expect: [-0.12045819]  percent_delta_E_expect: [-0.96869109] 

A_expect: [ 1.09361878]  dA_expect: [ 0.00074857]  dA_boot: [ 0.00074675] 

A_expect_unsamp: [ 1.10751975]  dA_expect_unsamp: [ 0.00557581]  dA_boot_unsamp: [ 0.01223878] 

The mean of the sampled series = [1.0928103401273455] 

The true sampled mean of the observable we're reweighting to = [1.0939127623319427] 

The mean of the energies corresponding to the sampled series = [12.419450353147473] 

The mean of the energies corresponding to the unsampled series = [12.298761627807483] 

Standard deviations away from true sampled observables for E_expect: [ 0.08900409]  E_expectnew: [ 0.08735687]  A_expect: [ 0.10763309] A_expect_unsamp: [ 4.21460056]
Percent shift = 3.22580645161 

Percent of molecule that is [#6X4:1]-[#1:2] = 71.4285714286 

###############################################################################
NEXT LOOP
traj/AlkEthOH_c1266_[#6X4:1]-[#1:2]_k650.nc
No sub-sampling occurred
Sub-sampling...
Sub-sampling...
No sub-sampling occurred
Bootstrap: 1/100
Bootstrap: 2/100
Bootstrap: 3/100
Bootstrap: 4/100
Bootstrap: 5/100
Bootstrap: 6/100
Bootstrap: 7/100
Bootstrap: 8/100
Bootstrap: 9/100
Bootstrap: 10/100
Bootstrap: 11/100
Bootstrap: 12/100
Bootstrap: 13/100
Bootstrap: 14/100
Bootstrap: 15/100
Bootstrap: 16/100
Bootstrap: 17/100
Bootstrap: 18/100
Bootstrap: 19/100
Bootstrap: 20/100
Bootstrap: 21/100
Bootstrap: 22/100
Bootstrap: 23/100
Bootstrap: 24/100
Bootstrap: 25/100
Bootstrap: 26/100
Bootstrap: 27/100
Bootstrap: 28/100
Bootstrap: 29/100
Bootstrap: 30/100
Bootstrap: 31/100
Bootstrap: 32/100
Bootstrap: 33/100
Bootstrap: 34/100
Bootstrap: 35/100
Bootstrap: 36/100
Bootstrap: 37/100
Bootstrap: 38/100
Bootstrap: 39/100
Bootstrap: 40/100
Bootstrap: 41/100
Bootstrap: 42/100
Bootstrap: 43/100
Bootstrap: 44/100
Bootstrap: 45/100
Bootstrap: 46/100
Bootstrap: 47/100
Bootstrap: 48/100
Bootstrap: 49/100
Bootstrap: 50/100
Bootstrap: 51/100
Bootstrap: 52/100
Bootstrap: 53/100
Bootstrap: 54/100
Bootstrap: 55/100
Bootstrap: 56/100
Bootstrap: 57/100
Bootstrap: 58/100
Bootstrap: 59/100
Bootstrap: 60/100
Bootstrap: 61/100
Bootstrap: 62/100
Bootstrap: 63/100
Bootstrap: 64/100
Bootstrap: 65/100
Bootstrap: 66/100
Bootstrap: 67/100
Bootstrap: 68/100
Bootstrap: 69/100
Bootstrap: 70/100
Bootstrap: 71/100
Bootstrap: 72/100
Bootstrap: 73/100
Bootstrap: 74/100
Bootstrap: 75/100
Bootstrap: 76/100
Bootstrap: 77/100
Bootstrap: 78/100
Bootstrap: 79/100
Bootstrap: 80/100
Bootstrap: 81/100
Bootstrap: 82/100
Bootstrap: 83/100
Bootstrap: 84/100
Bootstrap: 85/100
Bootstrap: 86/100
Bootstrap: 87/100
Bootstrap: 88/100
Bootstrap: 89/100
Bootstrap: 90/100
Bootstrap: 91/100
Bootstrap: 92/100
Bootstrap: 93/100
Bootstrap: 94/100
Bootstrap: 95/100
Bootstrap: 96/100
Bootstrap: 97/100
Bootstrap: 98/100
Bootstrap: 99/100
Bootstrap: 100/100
E_expect: [ 12.43993811]  dE_expect: [ 0.0672913]  dE_boot: [ 0.07016001] 

E_expectnew: [ 12.62096804]  dE_expectnew: [ 0.06834253]  dE_bootnew: [ 0.07111244] 

delta_E_expect: [ 0.18102994]  percent_delta_E_expect: [ 1.45523182] 

A_expect: [ 1.09335389]  dA_expect: [ 0.00073416]  dA_boot: [ 0.00075065] 

A_expect_unsamp: [ 1.12261561]  dA_expect_unsamp: [ 0.01007138]  dA_boot_unsamp: [ 0.01056703] 

The mean of the sampled series = [1.0928103401273455] 

The true sampled mean of the observable we're reweighting to = [1.0930349878029293] 

The mean of the energies corresponding to the sampled series = [12.419450353147473] 

The mean of the energies corresponding to the unsampled series = [12.600483441157456] 

Standard deviations away from true sampled observables for E_expect: [ 0.08251814]  E_expectnew: [ 0.08355174]  A_expect: [ 0.10966319] A_expect_unsamp: [ 2.36919901]
Percent shift = -4.83870967742 

Percent of molecule that is [#6X4:1]-[#1:2] = 71.4285714286 

###############################################################################
NEXT LOOP
traj/AlkEthOH_c1266_[#6X4:1]-[#1:2]_k700.nc
No sub-sampling occurred
Sub-sampling...
Sub-sampling...
Sub-sampling...
Bootstrap: 1/100
Bootstrap: 2/100
Bootstrap: 3/100
Bootstrap: 4/100
Bootstrap: 5/100
Bootstrap: 6/100
Bootstrap: 7/100
Bootstrap: 8/100
Bootstrap: 9/100
Bootstrap: 10/100
Bootstrap: 11/100
Bootstrap: 12/100
Bootstrap: 13/100
Bootstrap: 14/100
Bootstrap: 15/100
Bootstrap: 16/100
Bootstrap: 17/100
Bootstrap: 18/100
Bootstrap: 19/100
Bootstrap: 20/100
Bootstrap: 21/100
Bootstrap: 22/100
Bootstrap: 23/100
Bootstrap: 24/100
Bootstrap: 25/100
Bootstrap: 26/100
Bootstrap: 27/100
Bootstrap: 28/100
Bootstrap: 29/100
Bootstrap: 30/100
Bootstrap: 31/100
Bootstrap: 32/100
Bootstrap: 33/100
Bootstrap: 34/100
Bootstrap: 35/100
Bootstrap: 36/100
Bootstrap: 37/100
Bootstrap: 38/100
Bootstrap: 39/100
Bootstrap: 40/100
Bootstrap: 41/100
Bootstrap: 42/100
Bootstrap: 43/100
Bootstrap: 44/100
Bootstrap: 45/100
Bootstrap: 46/100
Bootstrap: 47/100
Bootstrap: 48/100
Bootstrap: 49/100
Bootstrap: 50/100
Bootstrap: 51/100
Bootstrap: 52/100
Bootstrap: 53/100
Bootstrap: 54/100
Bootstrap: 55/100
Bootstrap: 56/100
Bootstrap: 57/100
Bootstrap: 58/100
Bootstrap: 59/100
Bootstrap: 60/100
Bootstrap: 61/100
Bootstrap: 62/100
Bootstrap: 63/100
Bootstrap: 64/100
Bootstrap: 65/100
Bootstrap: 66/100
Bootstrap: 67/100
Bootstrap: 68/100
Bootstrap: 69/100
Bootstrap: 70/100
Bootstrap: 71/100
Bootstrap: 72/100
Bootstrap: 73/100
Bootstrap: 74/100
Bootstrap: 75/100
Bootstrap: 76/100
Bootstrap: 77/100
Bootstrap: 78/100
Bootstrap: 79/100
Bootstrap: 80/100
Bootstrap: 81/100
Bootstrap: 82/100
Bootstrap: 83/100
Bootstrap: 84/100
Bootstrap: 85/100
Bootstrap: 86/100
Bootstrap: 87/100
Bootstrap: 88/100
Bootstrap: 89/100
Bootstrap: 90/100
Bootstrap: 91/100
Bootstrap: 92/100
Bootstrap: 93/100
Bootstrap: 94/100
Bootstrap: 95/100
Bootstrap: 96/100
Bootstrap: 97/100
Bootstrap: 98/100
Bootstrap: 99/100
Bootstrap: 100/100
E_expect: [ 12.34663309]  dE_expect: [ 0.06452771]  dE_boot: [ 0.06372971] 

E_expectnew: [ 12.82307808]  dE_expectnew: [ 0.06704542]  dE_bootnew: [ 0.06618451] 

delta_E_expect: [ 0.47644499]  percent_delta_E_expect: [ 3.85890622] 

A_expect: [ 1.09285704]  dA_expect: [ 0.00074904]  dA_boot: [ 0.00077625] 

A_expect_unsamp: [ 1.11772311]  dA_expect_unsamp: [ 0.00780691]  dA_boot_unsamp: [ 0.00748904] 

The mean of the sampled series = [1.0928103401273455] 

The true sampled mean of the observable we're reweighting to = [1.0932717907002394] 

The mean of the energies corresponding to the sampled series = [12.419450353147473] 

The mean of the energies corresponding to the unsampled series = [12.902205254507425] 

Standard deviations away from true sampled observables for E_expect: [ 0.1718264]  E_expectnew: [ 0.1653891]  A_expect: [ 0.14792853] A_expect_unsamp: [ 2.42282649]
Percent shift = -12.9032258065 

Percent of molecule that is [#6X4:1]-[#1:2] = 71.4285714286 

###############################################################################
NEXT LOOP
traj/AlkEthOH_c1266_[#6X4:1]-[#1:2]_k750.nc
No sub-sampling occurred
Sub-sampling...
Sub-sampling...
Sub-sampling...
Bootstrap: 1/100
Bootstrap: 2/100
Bootstrap: 3/100
Bootstrap: 4/100
Bootstrap: 5/100
Bootstrap: 6/100
Bootstrap: 7/100
Bootstrap: 8/100
Bootstrap: 9/100
Bootstrap: 10/100
Bootstrap: 11/100
Bootstrap: 12/100
Bootstrap: 13/100
Bootstrap: 14/100
Bootstrap: 15/100
Bootstrap: 16/100
Bootstrap: 17/100
Bootstrap: 18/100
Bootstrap: 19/100
Bootstrap: 20/100
Bootstrap: 21/100
Bootstrap: 22/100
Bootstrap: 23/100
Bootstrap: 24/100
Bootstrap: 25/100
Bootstrap: 26/100
Bootstrap: 27/100
Bootstrap: 28/100
Bootstrap: 29/100
Bootstrap: 30/100
Bootstrap: 31/100
Bootstrap: 32/100
Bootstrap: 33/100
Bootstrap: 34/100
Bootstrap: 35/100
Bootstrap: 36/100
Bootstrap: 37/100
Bootstrap: 38/100
Bootstrap: 39/100
Bootstrap: 40/100
Bootstrap: 41/100
Bootstrap: 42/100
Bootstrap: 43/100
Bootstrap: 44/100
Bootstrap: 45/100
Bootstrap: 46/100
Bootstrap: 47/100
Bootstrap: 48/100
Bootstrap: 49/100
Bootstrap: 50/100
Bootstrap: 51/100
Bootstrap: 52/100
Bootstrap: 53/100
Bootstrap: 54/100
Bootstrap: 55/100
Bootstrap: 56/100
Bootstrap: 57/100
Bootstrap: 58/100
Bootstrap: 59/100
Bootstrap: 60/100
Bootstrap: 61/100
Bootstrap: 62/100
Bootstrap: 63/100
Bootstrap: 64/100
Bootstrap: 65/100
Bootstrap: 66/100
Bootstrap: 67/100
Bootstrap: 68/100
Bootstrap: 69/100
Bootstrap: 70/100
Bootstrap: 71/100
Bootstrap: 72/100
Bootstrap: 73/100
Bootstrap: 74/100
Bootstrap: 75/100
Bootstrap: 76/100
Bootstrap: 77/100
Bootstrap: 78/100
Bootstrap: 79/100
Bootstrap: 80/100
Bootstrap: 81/100
Bootstrap: 82/100
Bootstrap: 83/100
Bootstrap: 84/100
Bootstrap: 85/100
Bootstrap: 86/100
Bootstrap: 87/100
Bootstrap: 88/100
Bootstrap: 89/100
Bootstrap: 90/100
Bootstrap: 91/100
Bootstrap: 92/100
Bootstrap: 93/100
Bootstrap: 94/100
Bootstrap: 95/100
Bootstrap: 96/100
Bootstrap: 97/100
Bootstrap: 98/100
Bootstrap: 99/100
Bootstrap: 100/100
E_expect: [ 12.49008708]  dE_expect: [ 0.0653987]  dE_boot: [ 0.07051277] 

E_expectnew: [ 13.27126596]  dE_expectnew: [ 0.06983166]  dE_bootnew: [ 0.07513551] 

delta_E_expect: [ 0.78117888]  percent_delta_E_expect: [ 6.25439096] 

A_expect: [ 1.0929011]  dA_expect: [ 0.00075245]  dA_boot: [ 0.00078741] 

A_expect_unsamp: [ 1.10815514]  dA_expect_unsamp: [ 0.00705967]  dA_boot_unsamp: [ 0.00623582] 

The mean of the sampled series = [1.0928103401273455] 

The true sampled mean of the observable we're reweighting to = [1.091887467221081] 

The mean of the energies corresponding to the sampled series = [12.419450353147473] 

The mean of the energies corresponding to the unsampled series = [13.203927067857398] 

Standard deviations away from true sampled observables for E_expect: [ 0.02017375]  E_expectnew: [ 0.01867242]  A_expect: [ 0.16362114] A_expect_unsamp: [ 2.59617551]
Percent shift = -20.9677419355 

Percent of molecule that is [#6X4:1]-[#1:2] = 71.4285714286 

###############################################################################
NEXT LOOP
traj/AlkEthOH_c1266_[#6X4:1]-[#1:2]_k800.nc
No sub-sampling occurred
Sub-sampling...
Sub-sampling...
Sub-sampling...
Bootstrap: 1/100
Bootstrap: 2/100
Bootstrap: 3/100
Bootstrap: 4/100
Bootstrap: 5/100
Bootstrap: 6/100
Bootstrap: 7/100
Bootstrap: 8/100
Bootstrap: 9/100
Bootstrap: 10/100
Bootstrap: 11/100
Bootstrap: 12/100
Bootstrap: 13/100
Bootstrap: 14/100
Bootstrap: 15/100
Bootstrap: 16/100
Bootstrap: 17/100
Bootstrap: 18/100
Bootstrap: 19/100
Bootstrap: 20/100
Bootstrap: 21/100
Bootstrap: 22/100
Bootstrap: 23/100
Bootstrap: 24/100
Bootstrap: 25/100
Bootstrap: 26/100
Bootstrap: 27/100
Bootstrap: 28/100
Bootstrap: 29/100
Bootstrap: 30/100
Bootstrap: 31/100
Bootstrap: 32/100
Bootstrap: 33/100
Bootstrap: 34/100
Bootstrap: 35/100
Bootstrap: 36/100
Bootstrap: 37/100
Bootstrap: 38/100
Bootstrap: 39/100
Bootstrap: 40/100
Bootstrap: 41/100
Bootstrap: 42/100
Bootstrap: 43/100
Bootstrap: 44/100
Bootstrap: 45/100
Bootstrap: 46/100
Bootstrap: 47/100
Bootstrap: 48/100
Bootstrap: 49/100
Bootstrap: 50/100
Bootstrap: 51/100
Bootstrap: 52/100
Bootstrap: 53/100
Bootstrap: 54/100
Bootstrap: 55/100
Bootstrap: 56/100
Bootstrap: 57/100
Bootstrap: 58/100
Bootstrap: 59/100
Bootstrap: 60/100
Bootstrap: 61/100
Bootstrap: 62/100
Bootstrap: 63/100
Bootstrap: 64/100
Bootstrap: 65/100
Bootstrap: 66/100
Bootstrap: 67/100
Bootstrap: 68/100
Bootstrap: 69/100
Bootstrap: 70/100
Bootstrap: 71/100
Bootstrap: 72/100
Bootstrap: 73/100
Bootstrap: 74/100
Bootstrap: 75/100
Bootstrap: 76/100
Bootstrap: 77/100
Bootstrap: 78/100
Bootstrap: 79/100
Bootstrap: 80/100
Bootstrap: 81/100
Bootstrap: 82/100
Bootstrap: 83/100
Bootstrap: 84/100
Bootstrap: 85/100
Bootstrap: 86/100
Bootstrap: 87/100
Bootstrap: 88/100
Bootstrap: 89/100
Bootstrap: 90/100
Bootstrap: 91/100
Bootstrap: 92/100
Bootstrap: 93/100
Bootstrap: 94/100
Bootstrap: 95/100
Bootstrap: 96/100
Bootstrap: 97/100
Bootstrap: 98/100
Bootstrap: 99/100
Bootstrap: 100/100
E_expect: [ 12.58223082]  dE_expect: [ 0.06543584]  dE_boot: [ 0.05771377] 

E_expectnew: [ 13.6645593]  dE_expectnew: [ 0.07154664]  dE_bootnew: [ 0.06284621] 

delta_E_expect: [ 1.08232848]  percent_delta_E_expect: [ 8.60203963] 

A_expect: [ 1.09280129]  dA_expect: [ 0.00074985]  dA_boot: [ 0.00084199] 

A_expect_unsamp: [ 1.10918648]  dA_expect_unsamp: [ 0.00555951]  dA_boot_unsamp: [ 0.0061459] 

The mean of the sampled series = [1.0928103401273455] 

The true sampled mean of the observable we're reweighting to = [1.0906851375690523] 

The mean of the energies corresponding to the sampled series = [12.419450353147473] 

The mean of the energies corresponding to the unsampled series = [13.505648881207369] 

Standard deviations away from true sampled observables for E_expect: [ 0.02454373]  E_expectnew: [ 0.01602495]  A_expect: [ 0.0056487] A_expect_unsamp: [ 3.20670617]
Percent shift = -29.0322580645 

Percent of molecule that is [#6X4:1]-[#1:2] = 71.4285714286 

###############################################################################
NEXT LOOP
traj/AlkEthOH_c1266_[#6X4:1]-[#1:2]_k850.nc
No sub-sampling occurred
Sub-sampling...
Sub-sampling...
No sub-sampling occurred
Bootstrap: 1/100
Bootstrap: 2/100
Bootstrap: 3/100
Bootstrap: 4/100
Bootstrap: 5/100
Bootstrap: 6/100
Bootstrap: 7/100
Bootstrap: 8/100
Bootstrap: 9/100
Bootstrap: 10/100
Bootstrap: 11/100
Bootstrap: 12/100
Bootstrap: 13/100
Bootstrap: 14/100
Bootstrap: 15/100
Bootstrap: 16/100
Bootstrap: 17/100
Bootstrap: 18/100
Bootstrap: 19/100
Bootstrap: 20/100
Bootstrap: 21/100
Bootstrap: 22/100
Bootstrap: 23/100
Bootstrap: 24/100
Bootstrap: 25/100
Bootstrap: 26/100
Bootstrap: 27/100
Bootstrap: 28/100
Bootstrap: 29/100
Bootstrap: 30/100
Bootstrap: 31/100
Bootstrap: 32/100
Bootstrap: 33/100
Bootstrap: 34/100
Bootstrap: 35/100
Bootstrap: 36/100
Bootstrap: 37/100
Bootstrap: 38/100
Bootstrap: 39/100
Bootstrap: 40/100
Bootstrap: 41/100
Bootstrap: 42/100
Bootstrap: 43/100
Bootstrap: 44/100
Bootstrap: 45/100
Bootstrap: 46/100
Bootstrap: 47/100
Bootstrap: 48/100
Bootstrap: 49/100
Bootstrap: 50/100
Bootstrap: 51/100
Bootstrap: 52/100
Bootstrap: 53/100
Bootstrap: 54/100
Bootstrap: 55/100
Bootstrap: 56/100
Bootstrap: 57/100
Bootstrap: 58/100
Bootstrap: 59/100
Bootstrap: 60/100
Bootstrap: 61/100
Bootstrap: 62/100
Bootstrap: 63/100
Bootstrap: 64/100
Bootstrap: 65/100
Bootstrap: 66/100
Bootstrap: 67/100
Bootstrap: 68/100
Bootstrap: 69/100
Bootstrap: 70/100
Bootstrap: 71/100
Bootstrap: 72/100
Bootstrap: 73/100
Bootstrap: 74/100
Bootstrap: 75/100
Bootstrap: 76/100
Bootstrap: 77/100
Bootstrap: 78/100
Bootstrap: 79/100
Bootstrap: 80/100
Bootstrap: 81/100
Bootstrap: 82/100
Bootstrap: 83/100
Bootstrap: 84/100
Bootstrap: 85/100
Bootstrap: 86/100
Bootstrap: 87/100
Bootstrap: 88/100
Bootstrap: 89/100
Bootstrap: 90/100
Bootstrap: 91/100
Bootstrap: 92/100
Bootstrap: 93/100
Bootstrap: 94/100
Bootstrap: 95/100
Bootstrap: 96/100
Bootstrap: 97/100
Bootstrap: 98/100
Bootstrap: 99/100
Bootstrap: 100/100
E_expect: [ 12.46443905]  dE_expect: [ 0.06705983]  dE_boot: [ 0.07212683] 

E_expectnew: [ 13.8458894]  dE_expectnew: [ 0.07511276]  dE_bootnew: [ 0.08242632] 

delta_E_expect: [ 1.38145034]  percent_delta_E_expect: [ 11.08313289] 

A_expect: [ 1.09306549]  dA_expect: [ 0.00074999]  dA_boot: [ 0.00076901] 

A_expect_unsamp: [ 1.11446007]  dA_expect_unsamp: [ 0.00603085]  dA_boot_unsamp: [ 0.00539249] 

The mean of the sampled series = [1.0928103401273455] 

The true sampled mean of the observable we're reweighting to = [1.0917470459090819] 

The mean of the energies corresponding to the sampled series = [12.419450353147473] 

The mean of the energies corresponding to the unsampled series = [13.80737069455734] 

Standard deviations away from true sampled observables for E_expect: [ 0.03910983]  E_expectnew: [ 0.026825]  A_expect: [ 0.02407153] A_expect_unsamp: [ 2.58834056]
Percent shift = -37.0967741935 

Percent of molecule that is [#6X4:1]-[#1:2] = 71.4285714286 

###############################################################################
NEXT LOOP
traj/AlkEthOH_c1266_[#6X4:1]-[#1:2]_k900.nc
No sub-sampling occurred
Sub-sampling...
Sub-sampling...
Sub-sampling...
Bootstrap: 1/100
Bootstrap: 2/100
Bootstrap: 3/100
Bootstrap: 4/100
Bootstrap: 5/100
Bootstrap: 6/100
Bootstrap: 7/100
Bootstrap: 8/100
Bootstrap: 9/100
Bootstrap: 10/100
Bootstrap: 11/100
Bootstrap: 12/100
Bootstrap: 13/100
Bootstrap: 14/100
Bootstrap: 15/100
Bootstrap: 16/100
Bootstrap: 17/100
Bootstrap: 18/100
Bootstrap: 19/100
Bootstrap: 20/100
Bootstrap: 21/100
Bootstrap: 22/100
Bootstrap: 23/100
Bootstrap: 24/100
Bootstrap: 25/100
Bootstrap: 26/100
Bootstrap: 27/100
Bootstrap: 28/100
Bootstrap: 29/100
Bootstrap: 30/100
Bootstrap: 31/100
Bootstrap: 32/100
Bootstrap: 33/100
Bootstrap: 34/100
Bootstrap: 35/100
Bootstrap: 36/100
Bootstrap: 37/100
Bootstrap: 38/100
Bootstrap: 39/100
Bootstrap: 40/100
Bootstrap: 41/100
Bootstrap: 42/100
Bootstrap: 43/100
Bootstrap: 44/100
Bootstrap: 45/100
Bootstrap: 46/100
Bootstrap: 47/100
Bootstrap: 48/100
Bootstrap: 49/100
Bootstrap: 50/100
Bootstrap: 51/100
Bootstrap: 52/100
Bootstrap: 53/100
Bootstrap: 54/100
Bootstrap: 55/100
Bootstrap: 56/100
Bootstrap: 57/100
Bootstrap: 58/100
Bootstrap: 59/100
Bootstrap: 60/100
Bootstrap: 61/100
Bootstrap: 62/100
Bootstrap: 63/100
Bootstrap: 64/100
Bootstrap: 65/100
Bootstrap: 66/100
Bootstrap: 67/100
Bootstrap: 68/100
Bootstrap: 69/100
Bootstrap: 70/100
Bootstrap: 71/100
Bootstrap: 72/100
Bootstrap: 73/100
Bootstrap: 74/100
Bootstrap: 75/100
Bootstrap: 76/100
Bootstrap: 77/100
Bootstrap: 78/100
Bootstrap: 79/100
Bootstrap: 80/100
Bootstrap: 81/100
Bootstrap: 82/100
Bootstrap: 83/100
Bootstrap: 84/100
Bootstrap: 85/100
Bootstrap: 86/100
Bootstrap: 87/100
Bootstrap: 88/100
Bootstrap: 89/100
Bootstrap: 90/100
Bootstrap: 91/100
Bootstrap: 92/100
Bootstrap: 93/100
Bootstrap: 94/100
Bootstrap: 95/100
Bootstrap: 96/100
Bootstrap: 97/100
Bootstrap: 98/100
Bootstrap: 99/100
Bootstrap: 100/100
E_expect: [ 12.46009355]  dE_expect: [ 0.06590162]  dE_boot: [ 0.06028531] 

E_expectnew: [ 14.15840946]  dE_expectnew: [ 0.07632729]  dE_bootnew: [ 0.06830762] 

delta_E_expect: [ 1.69831591]  percent_delta_E_expect: [ 13.6300414] 

A_expect: [ 1.09347398]  dA_expect: [ 0.00075237]  dA_boot: [ 0.00086813] 

A_expect_unsamp: [ 1.09705629]  dA_expect_unsamp: [ 0.00609202]  dA_boot_unsamp: [ 0.00597238] 

The mean of the sampled series = [1.0928103401273455] 

The true sampled mean of the observable we're reweighting to = [1.0914252214361522] 

The mean of the energies corresponding to the sampled series = [12.419450353147473] 

The mean of the energies corresponding to the unsampled series = [14.109092507907313] 

Standard deviations away from true sampled observables for E_expect: [ 0.04149957]  E_expectnew: [ 0.00729947]  A_expect: [ 0.0504952] A_expect_unsamp: [ 2.33547486]
Percent shift = -45.1612903226 

Percent of molecule that is [#6X4:1]-[#1:2] = 71.4285714286 

###############################################################################
NEXT LOOP
traj/AlkEthOH_c1266_[#6X4:1]-[#1:2]_k950.nc
No sub-sampling occurred
Sub-sampling...
Sub-sampling...
No sub-sampling occurred
Bootstrap: 1/100
Bootstrap: 2/100
Bootstrap: 3/100
Bootstrap: 4/100
Bootstrap: 5/100
Bootstrap: 6/100
Bootstrap: 7/100
Bootstrap: 8/100
Bootstrap: 9/100
Bootstrap: 10/100
Bootstrap: 11/100
Bootstrap: 12/100
Bootstrap: 13/100
Bootstrap: 14/100
Bootstrap: 15/100
Bootstrap: 16/100
Bootstrap: 17/100
Bootstrap: 18/100
Bootstrap: 19/100
Bootstrap: 20/100
Bootstrap: 21/100
Bootstrap: 22/100
Bootstrap: 23/100
Bootstrap: 24/100
Bootstrap: 25/100
Bootstrap: 26/100
Bootstrap: 27/100
Bootstrap: 28/100
Bootstrap: 29/100
Bootstrap: 30/100
Bootstrap: 31/100
Bootstrap: 32/100
Bootstrap: 33/100
Bootstrap: 34/100
Bootstrap: 35/100
Bootstrap: 36/100
Bootstrap: 37/100
Bootstrap: 38/100
Bootstrap: 39/100
Bootstrap: 40/100
Bootstrap: 41/100
Bootstrap: 42/100
Bootstrap: 43/100
Bootstrap: 44/100
Bootstrap: 45/100
Bootstrap: 46/100
Bootstrap: 47/100
Bootstrap: 48/100
Bootstrap: 49/100
Bootstrap: 50/100
Bootstrap: 51/100
Bootstrap: 52/100
Bootstrap: 53/100
Bootstrap: 54/100
Bootstrap: 55/100
Bootstrap: 56/100
Bootstrap: 57/100
Bootstrap: 58/100
Bootstrap: 59/100
Bootstrap: 60/100
Bootstrap: 61/100
Bootstrap: 62/100
Bootstrap: 63/100
Bootstrap: 64/100
Bootstrap: 65/100
Bootstrap: 66/100
Bootstrap: 67/100
Bootstrap: 68/100
Bootstrap: 69/100
Bootstrap: 70/100
Bootstrap: 71/100
Bootstrap: 72/100
Bootstrap: 73/100
Bootstrap: 74/100
Bootstrap: 75/100
Bootstrap: 76/100
Bootstrap: 77/100
Bootstrap: 78/100
Bootstrap: 79/100
Bootstrap: 80/100
Bootstrap: 81/100
Bootstrap: 82/100
Bootstrap: 83/100
Bootstrap: 84/100
Bootstrap: 85/100
Bootstrap: 86/100
Bootstrap: 87/100
Bootstrap: 88/100
Bootstrap: 89/100
Bootstrap: 90/100
Bootstrap: 91/100
Bootstrap: 92/100
Bootstrap: 93/100
Bootstrap: 94/100
Bootstrap: 95/100
Bootstrap: 96/100
Bootstrap: 97/100
Bootstrap: 98/100
Bootstrap: 99/100
Bootstrap: 100/100
E_expect: [ 12.40297954]  dE_expect: [ 0.06537713]  dE_boot: [ 0.06436258] 

E_expectnew: [ 14.39673462]  dE_expectnew: [ 0.07792372]  dE_bootnew: [ 0.07638655] 

delta_E_expect: [ 1.99375508]  percent_delta_E_expect: [ 16.07480748] 

A_expect: [ 1.09289981]  dA_expect: [ 0.00074595]  dA_boot: [ 0.0007975] 

A_expect_unsamp: [ 1.10587498]  dA_expect_unsamp: [ 0.00558274]  dA_boot_unsamp: [ 0.005465] 

The mean of the sampled series = [1.0928103401273455] 

The true sampled mean of the observable we're reweighting to = [1.0918366293473747] 

The mean of the energies corresponding to the sampled series = [12.419450353147473] 

The mean of the energies corresponding to the unsampled series = [14.410814321257284] 

Standard deviations away from true sampled observables for E_expect: [ 0.15074954]  E_expectnew: [ 0.16007852]  A_expect: [ 0.08060085] A_expect_unsamp: [ 2.41647246]
Percent shift = -53.2258064516 

Percent of molecule that is [#6X4:1]-[#1:2] = 71.4285714286 

###############################################################################
NEXT LOOP
traj/AlkEthOH_c1266_[#6X4:1]-[#1:2]_k1000.nc
No sub-sampling occurred
Sub-sampling...
Sub-sampling...
No sub-sampling occurred
Bootstrap: 1/100
Bootstrap: 2/100
Bootstrap: 3/100
Bootstrap: 4/100
Bootstrap: 5/100
Bootstrap: 6/100
Bootstrap: 7/100
Bootstrap: 8/100
Bootstrap: 9/100
Bootstrap: 10/100
Bootstrap: 11/100
Bootstrap: 12/100
Bootstrap: 13/100
Bootstrap: 14/100
Bootstrap: 15/100
Bootstrap: 16/100
Bootstrap: 17/100
Bootstrap: 18/100
Bootstrap: 19/100
Bootstrap: 20/100
Bootstrap: 21/100
Bootstrap: 22/100
Bootstrap: 23/100
Bootstrap: 24/100
Bootstrap: 25/100
Bootstrap: 26/100
Bootstrap: 27/100
Bootstrap: 28/100
Bootstrap: 29/100
Bootstrap: 30/100
Bootstrap: 31/100
Bootstrap: 32/100
Bootstrap: 33/100
Bootstrap: 34/100
Bootstrap: 35/100
Bootstrap: 36/100
Bootstrap: 37/100
Bootstrap: 38/100
Bootstrap: 39/100
Bootstrap: 40/100
Bootstrap: 41/100
Bootstrap: 42/100
Bootstrap: 43/100
Bootstrap: 44/100
Bootstrap: 45/100
Bootstrap: 46/100
Bootstrap: 47/100
Bootstrap: 48/100
Bootstrap: 49/100
Bootstrap: 50/100
Bootstrap: 51/100
Bootstrap: 52/100
Bootstrap: 53/100
Bootstrap: 54/100
Bootstrap: 55/100
Bootstrap: 56/100
Bootstrap: 57/100
Bootstrap: 58/100
Bootstrap: 59/100
Bootstrap: 60/100
Bootstrap: 61/100
Bootstrap: 62/100
Bootstrap: 63/100
Bootstrap: 64/100
Bootstrap: 65/100
Bootstrap: 66/100
Bootstrap: 67/100
Bootstrap: 68/100
Bootstrap: 69/100
Bootstrap: 70/100
Bootstrap: 71/100
Bootstrap: 72/100
Bootstrap: 73/100
Bootstrap: 74/100
Bootstrap: 75/100
Bootstrap: 76/100
Bootstrap: 77/100
Bootstrap: 78/100
Bootstrap: 79/100
Bootstrap: 80/100
Bootstrap: 81/100
Bootstrap: 82/100
Bootstrap: 83/100
Bootstrap: 84/100
Bootstrap: 85/100
Bootstrap: 86/100
Bootstrap: 87/100
Bootstrap: 88/100
Bootstrap: 89/100
Bootstrap: 90/100
Bootstrap: 91/100
Bootstrap: 92/100
Bootstrap: 93/100
Bootstrap: 94/100
Bootstrap: 95/100
Bootstrap: 96/100
Bootstrap: 97/100
Bootstrap: 98/100
Bootstrap: 99/100
Bootstrap: 100/100
E_expect: [ 12.48259082]  dE_expect: [ 0.06564727]  dE_boot: [ 0.06149802] 

E_expectnew: [ 14.78416821]  dE_expectnew: [ 0.07943931]  dE_bootnew: [ 0.07536853] 

delta_E_expect: [ 2.30157738]  percent_delta_E_expect: [ 18.43829872] 

A_expect: [ 1.09388806]  dA_expect: [ 0.00074975]  dA_boot: [ 0.00069125] 

A_expect_unsamp: [ 1.10442527]  dA_expect_unsamp: [ 0.00592458]  dA_boot_unsamp: [ 0.00604559] 

The mean of the sampled series = [1.0928103401273455] 

The true sampled mean of the observable we're reweighting to = [1.0906269319493698] 

The mean of the energies corresponding to the sampled series = [12.419450353147473] 

The mean of the energies corresponding to the unsampled series = [14.712536134607257] 

Standard deviations away from true sampled observables for E_expect: [ 0.01110281]  E_expectnew: [ 0.04108298]  A_expect: [ 0.02420059] A_expect_unsamp: [ 2.27297767]
Percent shift = -61.2903225806 

Percent of molecule that is [#6X4:1]-[#1:2] = 71.4285714286 

###############################################################################
NEXT LOOP
traj/AlkEthOH_c1266_[#6X4:1]-[#1:2]_k1050.nc
No sub-sampling occurred
Sub-sampling...
Sub-sampling...
No sub-sampling occurred
Bootstrap: 1/100
Bootstrap: 2/100
Bootstrap: 3/100
Bootstrap: 4/100
Bootstrap: 5/100
Bootstrap: 6/100
Bootstrap: 7/100
Bootstrap: 8/100
Bootstrap: 9/100
Bootstrap: 10/100
Bootstrap: 11/100
Bootstrap: 12/100
Bootstrap: 13/100
Bootstrap: 14/100
Bootstrap: 15/100
Bootstrap: 16/100
Bootstrap: 17/100
Bootstrap: 18/100
Bootstrap: 19/100
Bootstrap: 20/100
Bootstrap: 21/100
Bootstrap: 22/100
Bootstrap: 23/100
Bootstrap: 24/100
Bootstrap: 25/100
Bootstrap: 26/100
Bootstrap: 27/100
Bootstrap: 28/100
Bootstrap: 29/100
Bootstrap: 30/100
Bootstrap: 31/100
Bootstrap: 32/100
Bootstrap: 33/100
Bootstrap: 34/100
Bootstrap: 35/100
Bootstrap: 36/100
Bootstrap: 37/100
Bootstrap: 38/100
Bootstrap: 39/100
Bootstrap: 40/100
Bootstrap: 41/100
Bootstrap: 42/100
Bootstrap: 43/100
Bootstrap: 44/100
Bootstrap: 45/100
Bootstrap: 46/100
Bootstrap: 47/100
Bootstrap: 48/100
Bootstrap: 49/100
Bootstrap: 50/100
Bootstrap: 51/100
Bootstrap: 52/100
Bootstrap: 53/100
Bootstrap: 54/100
Bootstrap: 55/100
Bootstrap: 56/100
Bootstrap: 57/100
Bootstrap: 58/100
Bootstrap: 59/100
Bootstrap: 60/100
Bootstrap: 61/100
Bootstrap: 62/100
Bootstrap: 63/100
Bootstrap: 64/100
Bootstrap: 65/100
Bootstrap: 66/100
Bootstrap: 67/100
Bootstrap: 68/100
Bootstrap: 69/100
Bootstrap: 70/100
Bootstrap: 71/100
Bootstrap: 72/100
Bootstrap: 73/100
Bootstrap: 74/100
Bootstrap: 75/100
Bootstrap: 76/100
Bootstrap: 77/100
Bootstrap: 78/100
Bootstrap: 79/100
Bootstrap: 80/100
Bootstrap: 81/100
Bootstrap: 82/100
Bootstrap: 83/100
Bootstrap: 84/100
Bootstrap: 85/100
Bootstrap: 86/100
Bootstrap: 87/100
Bootstrap: 88/100
Bootstrap: 89/100
Bootstrap: 90/100
Bootstrap: 91/100
Bootstrap: 92/100
Bootstrap: 93/100
Bootstrap: 94/100
Bootstrap: 95/100
Bootstrap: 96/100
Bootstrap: 97/100
Bootstrap: 98/100
Bootstrap: 99/100
Bootstrap: 100/100
E_expect: [ 12.42420546]  dE_expect: [ 0.06520366]  dE_boot: [ 0.05982232] 

E_expectnew: [ 15.00950722]  dE_expectnew: [ 0.08160885]  dE_bootnew: [ 0.07355238] 

delta_E_expect: [ 2.58530176]  percent_delta_E_expect: [ 20.80858829] 

A_expect: [ 1.09253768]  dA_expect: [ 0.00075023]  dA_boot: [ 0.0006351] 

A_expect_unsamp: [ 1.09726595]  dA_expect_unsamp: [ 0.00300939]  dA_boot_unsamp: [ 0.00520478] 

The mean of the sampled series = [1.0928103401273455] 

The true sampled mean of the observable we're reweighting to = [1.0912518461349645] 

The mean of the energies corresponding to the sampled series = [12.419450353147473] 

The mean of the energies corresponding to the unsampled series = [15.014257947957226] 

Standard deviations away from true sampled observables for E_expect: [ 0.03386821]  E_expectnew: [ 0.02668987]  A_expect: [ 0.01788581] A_expect_unsamp: [ 4.28001877]
Percent shift = -69.3548387097 

Percent of molecule that is [#6X4:1]-[#1:2] = 71.4285714286 

###############################################################################
NEXT LOOP
traj/AlkEthOH_c1266_[#6X4:1]-[#1:2]_k1100.nc
No sub-sampling occurred
Sub-sampling...
Sub-sampling...
No sub-sampling occurred
Bootstrap: 1/100
Bootstrap: 2/100
Bootstrap: 3/100
Bootstrap: 4/100
Bootstrap: 5/100
Bootstrap: 6/100
Bootstrap: 7/100
Bootstrap: 8/100
Bootstrap: 9/100
Bootstrap: 10/100
Bootstrap: 11/100
Bootstrap: 12/100
Bootstrap: 13/100
Bootstrap: 14/100
Bootstrap: 15/100
Bootstrap: 16/100
Bootstrap: 17/100
Bootstrap: 18/100
Bootstrap: 19/100
Bootstrap: 20/100
Bootstrap: 21/100
Bootstrap: 22/100
Bootstrap: 23/100
Bootstrap: 24/100
Bootstrap: 25/100
Bootstrap: 26/100
Bootstrap: 27/100
Bootstrap: 28/100
Bootstrap: 29/100
Bootstrap: 30/100
Bootstrap: 31/100
Bootstrap: 32/100
Bootstrap: 33/100
Bootstrap: 34/100
Bootstrap: 35/100
Bootstrap: 36/100
Bootstrap: 37/100
Bootstrap: 38/100
Bootstrap: 39/100
Bootstrap: 40/100
Bootstrap: 41/100
Bootstrap: 42/100
Bootstrap: 43/100
Bootstrap: 44/100
Bootstrap: 45/100
Bootstrap: 46/100
Bootstrap: 47/100
Bootstrap: 48/100
Bootstrap: 49/100
Bootstrap: 50/100
Bootstrap: 51/100
Bootstrap: 52/100
Bootstrap: 53/100
Bootstrap: 54/100
Bootstrap: 55/100
Bootstrap: 56/100
Bootstrap: 57/100
Bootstrap: 58/100
Bootstrap: 59/100
Bootstrap: 60/100
Bootstrap: 61/100
Bootstrap: 62/100
Bootstrap: 63/100
Bootstrap: 64/100
Bootstrap: 65/100
Bootstrap: 66/100
Bootstrap: 67/100
Bootstrap: 68/100
Bootstrap: 69/100
Bootstrap: 70/100
Bootstrap: 71/100
Bootstrap: 72/100
Bootstrap: 73/100
Bootstrap: 74/100
Bootstrap: 75/100
Bootstrap: 76/100
Bootstrap: 77/100
Bootstrap: 78/100
Bootstrap: 79/100
Bootstrap: 80/100
Bootstrap: 81/100
Bootstrap: 82/100
Bootstrap: 83/100
Bootstrap: 84/100
Bootstrap: 85/100
Bootstrap: 86/100
Bootstrap: 87/100
Bootstrap: 88/100
Bootstrap: 89/100
Bootstrap: 90/100
Bootstrap: 91/100
Bootstrap: 92/100
Bootstrap: 93/100
Bootstrap: 94/100
Bootstrap: 95/100
Bootstrap: 96/100
Bootstrap: 97/100
Bootstrap: 98/100
Bootstrap: 99/100
Bootstrap: 100/100
E_expect: [ 12.44395007]  dE_expect: [ 0.06571662]  dE_boot: [ 0.05797179] 

E_expectnew: [ 15.32443812]  dE_expectnew: [ 0.08463144]  dE_bootnew: [ 0.07744018] 

delta_E_expect: [ 2.88048806]  percent_delta_E_expect: [ 23.1476986] 

A_expect: [ 1.09214524]  dA_expect: [ 0.00076843]  dA_boot: [ 0.0006881] 

A_expect_unsamp: [ 1.10858407]  dA_expect_unsamp: [ 0.00432078]  dA_boot_unsamp: [ 0.00522454] 

The mean of the sampled series = [1.0928103401273455] 

The true sampled mean of the observable we're reweighting to = [1.0917243481418708] 

The mean of the energies corresponding to the sampled series = [12.419450353147473] 

The mean of the energies corresponding to the unsampled series = [15.315979761307201] 

Standard deviations away from true sampled observables for E_expect: [ 0.05884061]  E_expectnew: [ 0.05857845]  A_expect: [ 0.1541726] A_expect_unsamp: [ 2.50771425]
Percent shift = -77.4193548387 

Percent of molecule that is [#6X4:1]-[#1:2] = 71.4285714286 

###############################################################################
NEXT LOOP
traj/AlkEthOH_c1266_[#6X4:1]-[#1:2]_k1150.nc
No sub-sampling occurred
Sub-sampling...
Sub-sampling...
No sub-sampling occurred
Bootstrap: 1/100
Bootstrap: 2/100
Bootstrap: 3/100
Bootstrap: 4/100
Bootstrap: 5/100
Bootstrap: 6/100
Bootstrap: 7/100
Bootstrap: 8/100
Bootstrap: 9/100
Bootstrap: 10/100
Bootstrap: 11/100
Bootstrap: 12/100
Bootstrap: 13/100
Bootstrap: 14/100
Bootstrap: 15/100
Bootstrap: 16/100
Bootstrap: 17/100
Bootstrap: 18/100
Bootstrap: 19/100
Bootstrap: 20/100
Bootstrap: 21/100
Bootstrap: 22/100
Bootstrap: 23/100
Bootstrap: 24/100
Bootstrap: 25/100
Bootstrap: 26/100
Bootstrap: 27/100
Bootstrap: 28/100
Bootstrap: 29/100
Bootstrap: 30/100
Bootstrap: 31/100
Bootstrap: 32/100
Bootstrap: 33/100
Bootstrap: 34/100
Bootstrap: 35/100
Bootstrap: 36/100
Bootstrap: 37/100
Bootstrap: 38/100
Bootstrap: 39/100
Bootstrap: 40/100
Bootstrap: 41/100
Bootstrap: 42/100
Bootstrap: 43/100
Bootstrap: 44/100
Bootstrap: 45/100
Bootstrap: 46/100
Bootstrap: 47/100
Bootstrap: 48/100
Bootstrap: 49/100
Bootstrap: 50/100
Bootstrap: 51/100
Bootstrap: 52/100
Bootstrap: 53/100
Bootstrap: 54/100
Bootstrap: 55/100
Bootstrap: 56/100
Bootstrap: 57/100
Bootstrap: 58/100
Bootstrap: 59/100
Bootstrap: 60/100
Bootstrap: 61/100
Bootstrap: 62/100
Bootstrap: 63/100
Bootstrap: 64/100
Bootstrap: 65/100
Bootstrap: 66/100
Bootstrap: 67/100
Bootstrap: 68/100
Bootstrap: 69/100
Bootstrap: 70/100
Bootstrap: 71/100
Bootstrap: 72/100
Bootstrap: 73/100
Bootstrap: 74/100
Bootstrap: 75/100
Bootstrap: 76/100
Bootstrap: 77/100
Bootstrap: 78/100
Bootstrap: 79/100
Bootstrap: 80/100
Bootstrap: 81/100
Bootstrap: 82/100
Bootstrap: 83/100
Bootstrap: 84/100
Bootstrap: 85/100
Bootstrap: 86/100
Bootstrap: 87/100
Bootstrap: 88/100
Bootstrap: 89/100
Bootstrap: 90/100
Bootstrap: 91/100
Bootstrap: 92/100
Bootstrap: 93/100
Bootstrap: 94/100
Bootstrap: 95/100
Bootstrap: 96/100
Bootstrap: 97/100
Bootstrap: 98/100
Bootstrap: 99/100
Bootstrap: 100/100
E_expect: [ 12.43051146]  dE_expect: [ 0.0651114]  dE_boot: [ 0.06949405] 

E_expectnew: [ 15.59893783]  dE_expectnew: [ 0.08499246]  dE_bootnew: [ 0.08846984] 

delta_E_expect: [ 3.16842637]  percent_delta_E_expect: [ 25.48910701] 

A_expect: [ 1.09274223]  dA_expect: [ 0.00076019]  dA_boot: [ 0.00075256] 

A_expect_unsamp: [ 1.10422034]  dA_expect_unsamp: [ 0.00478985]  dA_boot_unsamp: [ 0.00423798] 

The mean of the sampled series = [1.0928103401273455] 

The true sampled mean of the observable we're reweighting to = [1.0918063081047256] 

The mean of the energies corresponding to the sampled series = [12.419450353147473] 

The mean of the energies corresponding to the unsampled series = [15.61770157465717] 

Standard deviations away from true sampled observables for E_expect: [ 0.06009467]  E_expectnew: [ 0.04191454]  A_expect: [ 0.03721307] A_expect_unsamp: [ 2.36560619]
Percent shift = -85.4838709677 

Percent of molecule that is [#6X4:1]-[#1:2] = 71.4285714286 

###############################################################################
NEXT LOOP
